<?xml version="1.0" encoding="UTF-8"?>
<testsuite name="CyclicReferenceTest" tests="1" skipped="0" failures="1" errors="0" timestamp="2016-05-12T19:39:48" hostname="DESKTOP-0AP719J" time="0.063">
  <properties/>
  <testcase name="testSerializeDeserialize" classname="CyclicReferenceTest" time="0.063">
    <failure message="java.lang.StackOverflowError" type="java.lang.StackOverflowError">java.lang.StackOverflowError
	at CyclicTestObject.getInstance(CyclicTestObject.java:9)
	at CyclicTestObject.getInstance(CyclicTestObject.java:9)
	at CyclicTestObject.getInstance(CyclicTestObject.java:9)
	at CyclicTestObject.getInstance(CyclicTestObject.java:9)
	at CyclicTestObject.getInstance(CyclicTestObject.java:9)
	at CyclicTestObject.getInstance(CyclicTestObject.java:9)
	at CyclicTestObject.getInstance(CyclicTestObject.java:9)
	at CyclicTestObject.getInstance(CyclicTestObject.java:9)
	at CyclicTestObject.getInstance(CyclicTestObject.java:9)
	at CyclicTestObject.getInstance(CyclicTestObject.java:9)
	at CyclicTestObject.getInstance(CyclicTestObject.java:9)
	at CyclicTestObject.getInstance(CyclicTestObject.java:9)
	at CyclicTestObject.getInstance(CyclicTestObject.java:9)
	at CyclicTestObject.getInstance(CyclicTestObject.java:9)
	at CyclicTestObject.getInstance(CyclicTestObject.java:9)
	at CyclicTestObject.getInstance(CyclicTestObject.java:9)
	at CyclicTestObject.getInstance(CyclicTestObject.java:9)
	at CyclicTestObject.getInstance(CyclicTestObject.java:9)
	at CyclicTestObject.getInstance(CyclicTestObject.java:9)
	at CyclicTestObject.getInstance(CyclicTestObject.java:9)
	at CyclicTestObject.getInstance(CyclicTestObject.java:9)
	at CyclicTestObject.getInstance(CyclicTestObject.java:9)
	at CyclicTestObject.getInstance(CyclicTestObject.java:9)
	at CyclicTestObject.getInstance(CyclicTestObject.java:9)
	at CyclicTestObject.getInstance(CyclicTestObject.java:9)
	at CyclicTestObject.getInstance(CyclicTestObject.java:9)
	at CyclicTestObject.getInstance(CyclicTestObject.java:9)
	at CyclicTestObject.getInstance(CyclicTestObject.java:9)
	at CyclicTestObject.getInstance(CyclicTestObject.java:9)
	at CyclicTestObject.getInstance(CyclicTestObject.java:9)
	at CyclicTestObject.getInstance(CyclicTestObject.java:9)
	at CyclicTestObject.getInstance(CyclicTestObject.java:9)
	at CyclicTestObject.getInstance(CyclicTestObject.java:9)
	at CyclicTestObject.getInstance(CyclicTestObject.java:9)
	at CyclicTestObject.getInstance(CyclicTestObject.java:9)
	at CyclicTestObject.getInstance(CyclicTestObject.java:9)
	at CyclicTestObject.getInstance(CyclicTestObject.java:9)
	at CyclicTestObject.getInstance(CyclicTestObject.java:9)
	at CyclicTestObject.getInstance(CyclicTestObject.java:9)
	at CyclicTestObject.getInstance(CyclicTestObject.java:9)
	at CyclicTestObject.getInstance(CyclicTestObject.java:9)
	at CyclicTestObject.getInstance(CyclicTestObject.java:9)
	at CyclicTestObject.getInstance(CyclicTestObject.java:9)
	at CyclicTestObject.getInstance(CyclicTestObject.java:9)
	at CyclicTestObject.getInstance(CyclicTestObject.java:9)
	at CyclicTestObject.getInstance(CyclicTestObject.java:9)
	at CyclicTestObject.getInstance(CyclicTestObject.java:9)
	at CyclicTestObject.getInstance(CyclicTestObject.java:9)
	at CyclicTestObject.getInstance(CyclicTestObject.java:9)
	at CyclicTestObject.getInstance(CyclicTestObject.java:9)
	at CyclicTestObject.getInstance(CyclicTestObject.java:9)
	at CyclicTestObject.getInstance(CyclicTestObject.java:9)
	at CyclicTestObject.getInstance(CyclicTestObject.java:9)
	at CyclicTestObject.getInstance(CyclicTestObject.java:9)
	at CyclicTestObject.getInstance(CyclicTestObject.java:9)
	at CyclicTestObject.getInstance(CyclicTestObject.java:9)
	at CyclicTestObject.getInstance(CyclicTestObject.java:9)
	at CyclicTestObject.getInstance(CyclicTestObject.java:9)
	at CyclicTestObject.getInstance(CyclicTestObject.java:9)
	at CyclicTestObject.getInstance(CyclicTestObject.java:9)
	at CyclicTestObject.getInstance(CyclicTestObject.java:9)
	at CyclicTestObject.getInstance(CyclicTestObject.java:9)
	at CyclicTestObject.getInstance(CyclicTestObject.java:9)
	at CyclicTestObject.getInstance(CyclicTestObject.java:9)
	at CyclicTestObject.getInstance(CyclicTestObject.java:9)
	at CyclicTestObject.getInstance(CyclicTestObject.java:9)
	at CyclicTestObject.getInstance(CyclicTestObject.java:9)
	at CyclicTestObject.getInstance(CyclicTestObject.java:9)
	at CyclicTestObject.getInstance(CyclicTestObject.java:9)
	at CyclicTestObject.getInstance(CyclicTestObject.java:9)
	at CyclicTestObject.getInstance(CyclicTestObject.java:9)
	at CyclicTestObject.getInstance(CyclicTestObject.java:9)
	at CyclicTestObject.getInstance(CyclicTestObject.java:9)
	at CyclicTestObject.getInstance(CyclicTestObject.java:9)
	at CyclicTestObject.getInstance(CyclicTestObject.java:9)
	at CyclicTestObject.getInstance(CyclicTestObject.java:9)
	at CyclicTestObject.getInstance(CyclicTestObject.java:9)
	at CyclicTestObject.getInstance(CyclicTestObject.java:9)
	at CyclicTestObject.getInstance(CyclicTestObject.java:9)
	at CyclicTestObject.getInstance(CyclicTestObject.java:9)
	at CyclicTestObject.getInstance(CyclicTestObject.java:9)
	at CyclicTestObject.getInstance(CyclicTestObject.java:9)
	at CyclicTestObject.getInstance(CyclicTestObject.java:9)
	at CyclicTestObject.getInstance(CyclicTestObject.java:9)
	at CyclicTestObject.getInstance(CyclicTestObject.java:9)
	at CyclicTestObject.getInstance(CyclicTestObject.java:9)
	at CyclicTestObject.getInstance(CyclicTestObject.java:9)
	at CyclicTestObject.getInstance(CyclicTestObject.java:9)
	at CyclicTestObject.getInstance(CyclicTestObject.java:9)
	at CyclicTestObject.getInstance(CyclicTestObject.java:9)
	at CyclicTestObject.getInstance(CyclicTestObject.java:9)
	at CyclicTestObject.getInstance(CyclicTestObject.java:9)
	at CyclicTestObject.getInstance(CyclicTestObject.java:9)
	at CyclicTestObject.getInstance(CyclicTestObject.java:9)
	at CyclicTestObject.getInstance(CyclicTestObject.java:9)
	at CyclicTestObject.getInstance(CyclicTestObject.java:9)
	at CyclicTestObject.getInstance(CyclicTestObject.java:9)
	at CyclicTestObject.getInstance(CyclicTestObject.java:9)
	at CyclicTestObject.getInstance(CyclicTestObject.java:9)
	at CyclicTestObject.getInstance(CyclicTestObject.java:9)
	at CyclicTestObject.getInstance(CyclicTestObject.java:9)
	at CyclicTestObject.getInstance(CyclicTestObject.java:9)
	at CyclicTestObject.getInstance(CyclicTestObject.java:9)
	at CyclicTestObject.getInstance(CyclicTestObject.java:9)
	at CyclicTestObject.getInstance(CyclicTestObject.java:9)
	at CyclicTestObject.getInstance(CyclicTestObject.java:9)
	at CyclicTestObject.getInstance(CyclicTestObject.java:9)
	at CyclicTestObject.getInstance(CyclicTestObject.java:9)
	at CyclicTestObject.getInstance(CyclicTestObject.java:9)
	at CyclicTestObject.getInstance(CyclicTestObject.java:9)
	at CyclicTestObject.getInstance(CyclicTestObject.java:9)
	at CyclicTestObject.getInstance(CyclicTestObject.java:9)
	at CyclicTestObject.getInstance(CyclicTestObject.java:9)
	at CyclicTestObject.getInstance(CyclicTestObject.java:9)
	at CyclicTestObject.getInstance(CyclicTestObject.java:9)
	at CyclicTestObject.getInstance(CyclicTestObject.java:9)
	at CyclicTestObject.getInstance(CyclicTestObject.java:9)
	at CyclicTestObject.getInstance(CyclicTestObject.java:9)
	at CyclicTestObject.getInstance(CyclicTestObject.java:9)
	at CyclicTestObject.getInstance(CyclicTestObject.java:9)
	at CyclicTestObject.getInstance(CyclicTestObject.java:9)
	at CyclicTestObject.getInstance(CyclicTestObject.java:9)
	at CyclicTestObject.getInstance(CyclicTestObject.java:9)
	at CyclicTestObject.getInstance(CyclicTestObject.java:9)
	at CyclicTestObject.getInstance(CyclicTestObject.java:9)
	at CyclicTestObject.getInstance(CyclicTestObject.java:9)
	at CyclicTestObject.getInstance(CyclicTestObject.java:9)
	at CyclicTestObject.getInstance(CyclicTestObject.java:9)
	at CyclicTestObject.getInstance(CyclicTestObject.java:9)
	at CyclicTestObject.getInstance(CyclicTestObject.java:9)
	at CyclicTestObject.getInstance(CyclicTestObject.java:9)
	at CyclicTestObject.getInstance(CyclicTestObject.java:9)
	at CyclicTestObject.getInstance(CyclicTestObject.java:9)
	at CyclicTestObject.getInstance(CyclicTestObject.java:9)
	at CyclicTestObject.getInstance(CyclicTestObject.java:9)
	at CyclicTestObject.getInstance(CyclicTestObject.java:9)
	at CyclicTestObject.getInstance(CyclicTestObject.java:9)
	at CyclicTestObject.getInstance(CyclicTestObject.java:9)
	at CyclicTestObject.getInstance(CyclicTestObject.java:9)
	at CyclicTestObject.getInstance(CyclicTestObject.java:9)
	at CyclicTestObject.getInstance(CyclicTestObject.java:9)
	at CyclicTestObject.getInstance(CyclicTestObject.java:9)
	at CyclicTestObject.getInstance(CyclicTestObject.java:9)
	at CyclicTestObject.getInstance(CyclicTestObject.java:9)
	at CyclicTestObject.getInstance(CyclicTestObject.java:9)
	at CyclicTestObject.getInstance(CyclicTestObject.java:9)
	at CyclicTestObject.getInstance(CyclicTestObject.java:9)
	at CyclicTestObject.getInstance(CyclicTestObject.java:9)
	at CyclicTestObject.getInstance(CyclicTestObject.java:9)
	at CyclicTestObject.getInstance(CyclicTestObject.java:9)
	at CyclicTestObject.getInstance(CyclicTestObject.java:9)
	at CyclicTestObject.getInstance(CyclicTestObject.java:9)
	at CyclicTestObject.getInstance(CyclicTestObject.java:9)
	at CyclicTestObject.getInstance(CyclicTestObject.java:9)
	at CyclicTestObject.getInstance(CyclicTestObject.java:9)
	at CyclicTestObject.getInstance(CyclicTestObject.java:9)
	at CyclicTestObject.getInstance(CyclicTestObject.java:9)
	at CyclicTestObject.getInstance(CyclicTestObject.java:9)
	at CyclicTestObject.getInstance(CyclicTestObject.java:9)
	at CyclicTestObject.getInstance(CyclicTestObject.java:9)
	at CyclicTestObject.getInstance(CyclicTestObject.java:9)
	at CyclicTestObject.getInstance(CyclicTestObject.java:9)
	at CyclicTestObject.getInstance(CyclicTestObject.java:9)
	at CyclicTestObject.getInstance(CyclicTestObject.java:9)
	at CyclicTestObject.getInstance(CyclicTestObject.java:9)
	at CyclicTestObject.getInstance(CyclicTestObject.java:9)
	at CyclicTestObject.getInstance(CyclicTestObject.java:9)
	at CyclicTestObject.getInstance(CyclicTestObject.java:9)
	at CyclicTestObject.getInstance(CyclicTestObject.java:9)
	at CyclicTestObject.getInstance(CyclicTestObject.java:9)
	at CyclicTestObject.getInstance(CyclicTestObject.java:9)
	at CyclicTestObject.getInstance(CyclicTestObject.java:9)
	at CyclicTestObject.getInstance(CyclicTestObject.java:9)
	at CyclicTestObject.getInstance(CyclicTestObject.java:9)
	at CyclicTestObject.getInstance(CyclicTestObject.java:9)
	at CyclicTestObject.getInstance(CyclicTestObject.java:9)
	at CyclicTestObject.getInstance(CyclicTestObject.java:9)
	at CyclicTestObject.getInstance(CyclicTestObject.java:9)
	at CyclicTestObject.getInstance(CyclicTestObject.java:9)
	at CyclicTestObject.getInstance(CyclicTestObject.java:9)
	at CyclicTestObject.getInstance(CyclicTestObject.java:9)
	at CyclicTestObject.getInstance(CyclicTestObject.java:9)
	at CyclicTestObject.getInstance(CyclicTestObject.java:9)
	at CyclicTestObject.getInstance(CyclicTestObject.java:9)
	at CyclicTestObject.getInstance(CyclicTestObject.java:9)
	at CyclicTestObject.getInstance(CyclicTestObject.java:9)
	at CyclicTestObject.getInstance(CyclicTestObject.java:9)
	at CyclicTestObject.getInstance(CyclicTestObject.java:9)
	at CyclicTestObject.getInstance(CyclicTestObject.java:9)
	at CyclicTestObject.getInstance(CyclicTestObject.java:9)
	at CyclicTestObject.getInstance(CyclicTestObject.java:9)
	at CyclicTestObject.getInstance(CyclicTestObject.java:9)
	at CyclicTestObject.getInstance(CyclicTestObject.java:9)
	at CyclicTestObject.getInstance(CyclicTestObject.java:9)
	at CyclicTestObject.getInstance(CyclicTestObject.java:9)
	at CyclicTestObject.getInstance(CyclicTestObject.java:9)
	at CyclicTestObject.getInstance(CyclicTestObject.java:9)
	at CyclicTestObject.getInstance(CyclicTestObject.java:9)
	at CyclicTestObject.getInstance(CyclicTestObject.java:9)
	at CyclicTestObject.getInstance(CyclicTestObject.java:9)
	at CyclicTestObject.getInstance(CyclicTestObject.java:9)
	at CyclicTestObject.getInstance(CyclicTestObject.java:9)
	at CyclicTestObject.getInstance(CyclicTestObject.java:9)
	at CyclicTestObject.getInstance(CyclicTestObject.java:9)
	at CyclicTestObject.getInstance(CyclicTestObject.java:9)
	at CyclicTestObject.getInstance(CyclicTestObject.java:9)
	at CyclicTestObject.getInstance(CyclicTestObject.java:9)
	at CyclicTestObject.getInstance(CyclicTestObject.java:9)
	at CyclicTestObject.getInstance(CyclicTestObject.java:9)
	at CyclicTestObject.getInstance(CyclicTestObject.java:9)
	at CyclicTestObject.getInstance(CyclicTestObject.java:9)
	at CyclicTestObject.getInstance(CyclicTestObject.java:9)
	at CyclicTestObject.getInstance(CyclicTestObject.java:9)
	at CyclicTestObject.getInstance(CyclicTestObject.java:9)
	at CyclicTestObject.getInstance(CyclicTestObject.java:9)
	at CyclicTestObject.getInstance(CyclicTestObject.java:9)
	at CyclicTestObject.getInstance(CyclicTestObject.java:9)
	at CyclicTestObject.getInstance(CyclicTestObject.java:9)
	at CyclicTestObject.getInstance(CyclicTestObject.java:9)
	at CyclicTestObject.getInstance(CyclicTestObject.java:9)
	at CyclicTestObject.getInstance(CyclicTestObject.java:9)
	at CyclicTestObject.getInstance(CyclicTestObject.java:9)
	at CyclicTestObject.getInstance(CyclicTestObject.java:9)
	at CyclicTestObject.getInstance(CyclicTestObject.java:9)
	at CyclicTestObject.getInstance(CyclicTestObject.java:9)
	at CyclicTestObject.getInstance(CyclicTestObject.java:9)
	at CyclicTestObject.getInstance(CyclicTestObject.java:9)
	at CyclicTestObject.getInstance(CyclicTestObject.java:9)
	at CyclicTestObject.getInstance(CyclicTestObject.java:9)
	at CyclicTestObject.getInstance(CyclicTestObject.java:9)
	at CyclicTestObject.getInstance(CyclicTestObject.java:9)
	at CyclicTestObject.getInstance(CyclicTestObject.java:9)
	at CyclicTestObject.getInstance(CyclicTestObject.java:9)
	at CyclicTestObject.getInstance(CyclicTestObject.java:9)
	at CyclicTestObject.getInstance(CyclicTestObject.java:9)
	at CyclicTestObject.getInstance(CyclicTestObject.java:9)
	at CyclicTestObject.getInstance(CyclicTestObject.java:9)
	at CyclicTestObject.getInstance(CyclicTestObject.java:9)
	at CyclicTestObject.getInstance(CyclicTestObject.java:9)
	at CyclicTestObject.getInstance(CyclicTestObject.java:9)
	at CyclicTestObject.getInstance(CyclicTestObject.java:9)
	at CyclicTestObject.getInstance(CyclicTestObject.java:9)
	at CyclicTestObject.getInstance(CyclicTestObject.java:9)
	at CyclicTestObject.getInstance(CyclicTestObject.java:9)
	at CyclicTestObject.getInstance(CyclicTestObject.java:9)
	at CyclicTestObject.getInstance(CyclicTestObject.java:9)
	at CyclicTestObject.getInstance(CyclicTestObject.java:9)
	at CyclicTestObject.getInstance(CyclicTestObject.java:9)
	at CyclicTestObject.getInstance(CyclicTestObject.java:9)
	at CyclicTestObject.getInstance(CyclicTestObject.java:9)
	at CyclicTestObject.getInstance(CyclicTestObject.java:9)
	at CyclicTestObject.getInstance(CyclicTestObject.java:9)
	at CyclicTestObject.getInstance(CyclicTestObject.java:9)
	at CyclicTestObject.getInstance(CyclicTestObject.java:9)
	at CyclicTestObject.getInstance(CyclicTestObject.java:9)
	at CyclicTestObject.getInstance(CyclicTestObject.java:9)
	at CyclicTestObject.getInstance(CyclicTestObject.java:9)
	at CyclicTestObject.getInstance(CyclicTestObject.java:9)
	at CyclicTestObject.getInstance(CyclicTestObject.java:9)
	at CyclicTestObject.getInstance(CyclicTestObject.java:9)
	at CyclicTestObject.getInstance(CyclicTestObject.java:9)
	at CyclicTestObject.getInstance(CyclicTestObject.java:9)
	at CyclicTestObject.getInstance(CyclicTestObject.java:9)
	at CyclicTestObject.getInstance(CyclicTestObject.java:9)
	at CyclicTestObject.getInstance(CyclicTestObject.java:9)
	at CyclicTestObject.getInstance(CyclicTestObject.java:9)
	at CyclicTestObject.getInstance(CyclicTestObject.java:9)
	at CyclicTestObject.getInstance(CyclicTestObject.java:9)
	at CyclicTestObject.getInstance(CyclicTestObject.java:9)
	at CyclicTestObject.getInstance(CyclicTestObject.java:9)
	at CyclicTestObject.getInstance(CyclicTestObject.java:9)
	at CyclicTestObject.getInstance(CyclicTestObject.java:9)
	at CyclicTestObject.getInstance(CyclicTestObject.java:9)
	at CyclicTestObject.getInstance(CyclicTestObject.java:9)
	at CyclicTestObject.getInstance(CyclicTestObject.java:9)
	at CyclicTestObject.getInstance(CyclicTestObject.java:9)
	at CyclicTestObject.getInstance(CyclicTestObject.java:9)
	at CyclicTestObject.getInstance(CyclicTestObject.java:9)
	at CyclicTestObject.getInstance(CyclicTestObject.java:9)
	at CyclicTestObject.getInstance(CyclicTestObject.java:9)
	at CyclicTestObject.getInstance(CyclicTestObject.java:9)
	at CyclicTestObject.getInstance(CyclicTestObject.java:9)
	at CyclicTestObject.getInstance(CyclicTestObject.java:9)
	at CyclicTestObject.getInstance(CyclicTestObject.java:9)
	at CyclicTestObject.getInstance(CyclicTestObject.java:9)
	at CyclicTestObject.getInstance(CyclicTestObject.java:9)
	at CyclicTestObject.getInstance(CyclicTestObject.java:9)
	at CyclicTestObject.getInstance(CyclicTestObject.java:9)
	at CyclicTestObject.getInstance(CyclicTestObject.java:9)
	at CyclicTestObject.getInstance(CyclicTestObject.java:9)
	at CyclicTestObject.getInstance(CyclicTestObject.java:9)
	at CyclicTestObject.getInstance(CyclicTestObject.java:9)
	at CyclicTestObject.getInstance(CyclicTestObject.java:9)
	at CyclicTestObject.getInstance(CyclicTestObject.java:9)
	at CyclicTestObject.getInstance(CyclicTestObject.java:9)
	at CyclicTestObject.getInstance(CyclicTestObject.java:9)
	at CyclicTestObject.getInstance(CyclicTestObject.java:9)
	at CyclicTestObject.getInstance(CyclicTestObject.java:9)
	at CyclicTestObject.getInstance(CyclicTestObject.java:9)
	at CyclicTestObject.getInstance(CyclicTestObject.java:9)
	at CyclicTestObject.getInstance(CyclicTestObject.java:9)
	at CyclicTestObject.getInstance(CyclicTestObject.java:9)
	at CyclicTestObject.getInstance(CyclicTestObject.java:9)
	at CyclicTestObject.getInstance(CyclicTestObject.java:9)
	at CyclicTestObject.getInstance(CyclicTestObject.java:9)
	at CyclicTestObject.getInstance(CyclicTestObject.java:9)
	at CyclicTestObject.getInstance(CyclicTestObject.java:9)
	at CyclicTestObject.getInstance(CyclicTestObject.java:9)
	at CyclicTestObject.getInstance(CyclicTestObject.java:9)
	at CyclicTestObject.getInstance(CyclicTestObject.java:9)
	at CyclicTestObject.getInstance(CyclicTestObject.java:9)
	at CyclicTestObject.getInstance(CyclicTestObject.java:9)
	at CyclicTestObject.getInstance(CyclicTestObject.java:9)
	at CyclicTestObject.getInstance(CyclicTestObject.java:9)
	at CyclicTestObject.getInstance(CyclicTestObject.java:9)
	at CyclicTestObject.getInstance(CyclicTestObject.java:9)
	at CyclicTestObject.getInstance(CyclicTestObject.java:9)
	at CyclicTestObject.getInstance(CyclicTestObject.java:9)
	at CyclicTestObject.getInstance(CyclicTestObject.java:9)
	at CyclicTestObject.getInstance(CyclicTestObject.java:9)
	at CyclicTestObject.getInstance(CyclicTestObject.java:9)
	at CyclicTestObject.getInstance(CyclicTestObject.java:9)
	at CyclicTestObject.getInstance(CyclicTestObject.java:9)
	at CyclicTestObject.getInstance(CyclicTestObject.java:9)
	at CyclicTestObject.getInstance(CyclicTestObject.java:9)
	at CyclicTestObject.getInstance(CyclicTestObject.java:9)
	at CyclicTestObject.getInstance(CyclicTestObject.java:9)
	at CyclicTestObject.getInstance(CyclicTestObject.java:9)
	at CyclicTestObject.getInstance(CyclicTestObject.java:9)
	at CyclicTestObject.getInstance(CyclicTestObject.java:9)
	at CyclicTestObject.getInstance(CyclicTestObject.java:9)
	at CyclicTestObject.getInstance(CyclicTestObject.java:9)
	at CyclicTestObject.getInstance(CyclicTestObject.java:9)
	at CyclicTestObject.getInstance(CyclicTestObject.java:9)
	at CyclicTestObject.getInstance(CyclicTestObject.java:9)
	at CyclicTestObject.getInstance(CyclicTestObject.java:9)
	at CyclicTestObject.getInstance(CyclicTestObject.java:9)
	at CyclicTestObject.getInstance(CyclicTestObject.java:9)
	at CyclicTestObject.getInstance(CyclicTestObject.java:9)
	at CyclicTestObject.getInstance(CyclicTestObject.java:9)
	at CyclicTestObject.getInstance(CyclicTestObject.java:9)
	at CyclicTestObject.getInstance(CyclicTestObject.java:9)
	at CyclicTestObject.getInstance(CyclicTestObject.java:9)
	at CyclicTestObject.getInstance(CyclicTestObject.java:9)
	at CyclicTestObject.getInstance(CyclicTestObject.java:9)
	at CyclicTestObject.getInstance(CyclicTestObject.java:9)
	at CyclicTestObject.getInstance(CyclicTestObject.java:9)
	at CyclicTestObject.getInstance(CyclicTestObject.java:9)
	at CyclicTestObject.getInstance(CyclicTestObject.java:9)
	at CyclicTestObject.getInstance(CyclicTestObject.java:9)
	at CyclicTestObject.getInstance(CyclicTestObject.java:9)
	at CyclicTestObject.getInstance(CyclicTestObject.java:9)
	at CyclicTestObject.getInstance(CyclicTestObject.java:9)
	at CyclicTestObject.getInstance(CyclicTestObject.java:9)
	at CyclicTestObject.getInstance(CyclicTestObject.java:9)
	at CyclicTestObject.getInstance(CyclicTestObject.java:9)
	at CyclicTestObject.getInstance(CyclicTestObject.java:9)
	at CyclicTestObject.getInstance(CyclicTestObject.java:9)
	at CyclicTestObject.getInstance(CyclicTestObject.java:9)
	at CyclicTestObject.getInstance(CyclicTestObject.java:9)
	at CyclicTestObject.getInstance(CyclicTestObject.java:9)
	at CyclicTestObject.getInstance(CyclicTestObject.java:9)
	at CyclicTestObject.getInstance(CyclicTestObject.java:9)
	at CyclicTestObject.getInstance(CyclicTestObject.java:9)
	at CyclicTestObject.getInstance(CyclicTestObject.java:9)
	at CyclicTestObject.getInstance(CyclicTestObject.java:9)
	at CyclicTestObject.getInstance(CyclicTestObject.java:9)
	at CyclicTestObject.getInstance(CyclicTestObject.java:9)
	at CyclicTestObject.getInstance(CyclicTestObject.java:9)
	at CyclicTestObject.getInstance(CyclicTestObject.java:9)
	at CyclicTestObject.getInstance(CyclicTestObject.java:9)
	at CyclicTestObject.getInstance(CyclicTestObject.java:9)
	at CyclicTestObject.getInstance(CyclicTestObject.java:9)
	at CyclicTestObject.getInstance(CyclicTestObject.java:9)
	at CyclicTestObject.getInstance(CyclicTestObject.java:9)
	at CyclicTestObject.getInstance(CyclicTestObject.java:9)
	at CyclicTestObject.getInstance(CyclicTestObject.java:9)
	at CyclicTestObject.getInstance(CyclicTestObject.java:9)
	at CyclicTestObject.getInstance(CyclicTestObject.java:9)
	at CyclicTestObject.getInstance(CyclicTestObject.java:9)
	at CyclicTestObject.getInstance(CyclicTestObject.java:9)
	at CyclicTestObject.getInstance(CyclicTestObject.java:9)
	at CyclicTestObject.getInstance(CyclicTestObject.java:9)
	at CyclicTestObject.getInstance(CyclicTestObject.java:9)
	at CyclicTestObject.getInstance(CyclicTestObject.java:9)
	at CyclicTestObject.getInstance(CyclicTestObject.java:9)
	at CyclicTestObject.getInstance(CyclicTestObject.java:9)
	at CyclicTestObject.getInstance(CyclicTestObject.java:9)
	at CyclicTestObject.getInstance(CyclicTestObject.java:9)
	at CyclicTestObject.getInstance(CyclicTestObject.java:9)
	at CyclicTestObject.getInstance(CyclicTestObject.java:9)
	at CyclicTestObject.getInstance(CyclicTestObject.java:9)
	at CyclicTestObject.getInstance(CyclicTestObject.java:9)
	at CyclicTestObject.getInstance(CyclicTestObject.java:9)
	at CyclicTestObject.getInstance(CyclicTestObject.java:9)
	at CyclicTestObject.getInstance(CyclicTestObject.java:9)
	at CyclicTestObject.getInstance(CyclicTestObject.java:9)
	at CyclicTestObject.getInstance(CyclicTestObject.java:9)
	at CyclicTestObject.getInstance(CyclicTestObject.java:9)
	at CyclicTestObject.getInstance(CyclicTestObject.java:9)
	at CyclicTestObject.getInstance(CyclicTestObject.java:9)
	at CyclicTestObject.getInstance(CyclicTestObject.java:9)
	at CyclicTestObject.getInstance(CyclicTestObject.java:9)
	at CyclicTestObject.getInstance(CyclicTestObject.java:9)
	at CyclicTestObject.getInstance(CyclicTestObject.java:9)
	at CyclicTestObject.getInstance(CyclicTestObject.java:9)
	at CyclicTestObject.getInstance(CyclicTestObject.java:9)
	at CyclicTestObject.getInstance(CyclicTestObject.java:9)
	at CyclicTestObject.getInstance(CyclicTestObject.java:9)
	at CyclicTestObject.getInstance(CyclicTestObject.java:9)
	at CyclicTestObject.getInstance(CyclicTestObject.java:9)
	at CyclicTestObject.getInstance(CyclicTestObject.java:9)
	at CyclicTestObject.getInstance(CyclicTestObject.java:9)
	at CyclicTestObject.getInstance(CyclicTestObject.java:9)
	at CyclicTestObject.getInstance(CyclicTestObject.java:9)
	at CyclicTestObject.getInstance(CyclicTestObject.java:9)
	at CyclicTestObject.getInstance(CyclicTestObject.java:9)
	at CyclicTestObject.getInstance(CyclicTestObject.java:9)
	at CyclicTestObject.getInstance(CyclicTestObject.java:9)
	at CyclicTestObject.getInstance(CyclicTestObject.java:9)
	at CyclicTestObject.getInstance(CyclicTestObject.java:9)
	at CyclicTestObject.getInstance(CyclicTestObject.java:9)
	at CyclicTestObject.getInstance(CyclicTestObject.java:9)
	at CyclicTestObject.getInstance(CyclicTestObject.java:9)
	at CyclicTestObject.getInstance(CyclicTestObject.java:9)
	at CyclicTestObject.getInstance(CyclicTestObject.java:9)
	at CyclicTestObject.getInstance(CyclicTestObject.java:9)
	at CyclicTestObject.getInstance(CyclicTestObject.java:9)
	at CyclicTestObject.getInstance(CyclicTestObject.java:9)
	at CyclicTestObject.getInstance(CyclicTestObject.java:9)
	at CyclicTestObject.getInstance(CyclicTestObject.java:9)
	at CyclicTestObject.getInstance(CyclicTestObject.java:9)
	at CyclicTestObject.getInstance(CyclicTestObject.java:9)
	at CyclicTestObject.getInstance(CyclicTestObject.java:9)
	at CyclicTestObject.getInstance(CyclicTestObject.java:9)
	at CyclicTestObject.getInstance(CyclicTestObject.java:9)
	at CyclicTestObject.getInstance(CyclicTestObject.java:9)
	at CyclicTestObject.getInstance(CyclicTestObject.java:9)
	at CyclicTestObject.getInstance(CyclicTestObject.java:9)
	at CyclicTestObject.getInstance(CyclicTestObject.java:9)
	at CyclicTestObject.getInstance(CyclicTestObject.java:9)
	at CyclicTestObject.getInstance(CyclicTestObject.java:9)
	at CyclicTestObject.getInstance(CyclicTestObject.java:9)
	at CyclicTestObject.getInstance(CyclicTestObject.java:9)
	at CyclicTestObject.getInstance(CyclicTestObject.java:9)
	at CyclicTestObject.getInstance(CyclicTestObject.java:9)
	at CyclicTestObject.getInstance(CyclicTestObject.java:9)
	at CyclicTestObject.getInstance(CyclicTestObject.java:9)
	at CyclicTestObject.getInstance(CyclicTestObject.java:9)
	at CyclicTestObject.getInstance(CyclicTestObject.java:9)
	at CyclicTestObject.getInstance(CyclicTestObject.java:9)
	at CyclicTestObject.getInstance(CyclicTestObject.java:9)
	at CyclicTestObject.getInstance(CyclicTestObject.java:9)
	at CyclicTestObject.getInstance(CyclicTestObject.java:9)
	at CyclicTestObject.getInstance(CyclicTestObject.java:9)
	at CyclicTestObject.getInstance(CyclicTestObject.java:9)
	at CyclicTestObject.getInstance(CyclicTestObject.java:9)
	at CyclicTestObject.getInstance(CyclicTestObject.java:9)
	at CyclicTestObject.getInstance(CyclicTestObject.java:9)
	at CyclicTestObject.getInstance(CyclicTestObject.java:9)
	at CyclicTestObject.getInstance(CyclicTestObject.java:9)
	at CyclicTestObject.getInstance(CyclicTestObject.java:9)
	at CyclicTestObject.getInstance(CyclicTestObject.java:9)
	at CyclicTestObject.getInstance(CyclicTestObject.java:9)
	at CyclicTestObject.getInstance(CyclicTestObject.java:9)
	at CyclicTestObject.getInstance(CyclicTestObject.java:9)
	at CyclicTestObject.getInstance(CyclicTestObject.java:9)
	at CyclicTestObject.getInstance(CyclicTestObject.java:9)
	at CyclicTestObject.getInstance(CyclicTestObject.java:9)
	at CyclicTestObject.getInstance(CyclicTestObject.java:9)
	at CyclicTestObject.getInstance(CyclicTestObject.java:9)
	at CyclicTestObject.getInstance(CyclicTestObject.java:9)
	at CyclicTestObject.getInstance(CyclicTestObject.java:9)
	at CyclicTestObject.getInstance(CyclicTestObject.java:9)
	at CyclicTestObject.getInstance(CyclicTestObject.java:9)
	at CyclicTestObject.getInstance(CyclicTestObject.java:9)
	at CyclicTestObject.getInstance(CyclicTestObject.java:9)
	at CyclicTestObject.getInstance(CyclicTestObject.java:9)
	at CyclicTestObject.getInstance(CyclicTestObject.java:9)
	at CyclicTestObject.getInstance(CyclicTestObject.java:9)
	at CyclicTestObject.getInstance(CyclicTestObject.java:9)
	at CyclicTestObject.getInstance(CyclicTestObject.java:9)
	at CyclicTestObject.getInstance(CyclicTestObject.java:9)
	at CyclicTestObject.getInstance(CyclicTestObject.java:9)
	at CyclicTestObject.getInstance(CyclicTestObject.java:9)
	at CyclicTestObject.getInstance(CyclicTestObject.java:9)
	at CyclicTestObject.getInstance(CyclicTestObject.java:9)
	at CyclicTestObject.getInstance(CyclicTestObject.java:9)
	at CyclicTestObject.getInstance(CyclicTestObject.java:9)
	at CyclicTestObject.getInstance(CyclicTestObject.java:9)
	at CyclicTestObject.getInstance(CyclicTestObject.java:9)
	at CyclicTestObject.getInstance(CyclicTestObject.java:9)
	at CyclicTestObject.getInstance(CyclicTestObject.java:9)
	at CyclicTestObject.getInstance(CyclicTestObject.java:9)
	at CyclicTestObject.getInstance(CyclicTestObject.java:9)
	at CyclicTestObject.getInstance(CyclicTestObject.java:9)
	at CyclicTestObject.getInstance(CyclicTestObject.java:9)
	at CyclicTestObject.getInstance(CyclicTestObject.java:9)
	at CyclicTestObject.getInstance(CyclicTestObject.java:9)
	at CyclicTestObject.getInstance(CyclicTestObject.java:9)
	at CyclicTestObject.getInstance(CyclicTestObject.java:9)
	at CyclicTestObject.getInstance(CyclicTestObject.java:9)
	at CyclicTestObject.getInstance(CyclicTestObject.java:9)
	at CyclicTestObject.getInstance(CyclicTestObject.java:9)
	at CyclicTestObject.getInstance(CyclicTestObject.java:9)
	at CyclicTestObject.getInstance(CyclicTestObject.java:9)
	at CyclicTestObject.getInstance(CyclicTestObject.java:9)
	at CyclicTestObject.getInstance(CyclicTestObject.java:9)
	at CyclicTestObject.getInstance(CyclicTestObject.java:9)
	at CyclicTestObject.getInstance(CyclicTestObject.java:9)
	at CyclicTestObject.getInstance(CyclicTestObject.java:9)
	at CyclicTestObject.getInstance(CyclicTestObject.java:9)
	at CyclicTestObject.getInstance(CyclicTestObject.java:9)
	at CyclicTestObject.getInstance(CyclicTestObject.java:9)
	at CyclicTestObject.getInstance(CyclicTestObject.java:9)
	at CyclicTestObject.getInstance(CyclicTestObject.java:9)
	at CyclicTestObject.getInstance(CyclicTestObject.java:9)
	at CyclicTestObject.getInstance(CyclicTestObject.java:9)
	at CyclicTestObject.getInstance(CyclicTestObject.java:9)
	at CyclicTestObject.getInstance(CyclicTestObject.java:9)
	at CyclicTestObject.getInstance(CyclicTestObject.java:9)
	at CyclicTestObject.getInstance(CyclicTestObject.java:9)
	at CyclicTestObject.getInstance(CyclicTestObject.java:9)
	at CyclicTestObject.getInstance(CyclicTestObject.java:9)
	at CyclicTestObject.getInstance(CyclicTestObject.java:9)
	at CyclicTestObject.getInstance(CyclicTestObject.java:9)
	at CyclicTestObject.getInstance(CyclicTestObject.java:9)
	at CyclicTestObject.getInstance(CyclicTestObject.java:9)
	at CyclicTestObject.getInstance(CyclicTestObject.java:9)
	at CyclicTestObject.getInstance(CyclicTestObject.java:9)
	at CyclicTestObject.getInstance(CyclicTestObject.java:9)
	at CyclicTestObject.getInstance(CyclicTestObject.java:9)
	at CyclicTestObject.getInstance(CyclicTestObject.java:9)
	at CyclicTestObject.getInstance(CyclicTestObject.java:9)
	at CyclicTestObject.getInstance(CyclicTestObject.java:9)
	at CyclicTestObject.getInstance(CyclicTestObject.java:9)
	at CyclicTestObject.getInstance(CyclicTestObject.java:9)
	at CyclicTestObject.getInstance(CyclicTestObject.java:9)
	at CyclicTestObject.getInstance(CyclicTestObject.java:9)
	at CyclicTestObject.getInstance(CyclicTestObject.java:9)
	at CyclicTestObject.getInstance(CyclicTestObject.java:9)
	at CyclicTestObject.getInstance(CyclicTestObject.java:9)
	at CyclicTestObject.getInstance(CyclicTestObject.java:9)
	at CyclicTestObject.getInstance(CyclicTestObject.java:9)
	at CyclicTestObject.getInstance(CyclicTestObject.java:9)
	at CyclicTestObject.getInstance(CyclicTestObject.java:9)
	at CyclicTestObject.getInstance(CyclicTestObject.java:9)
	at CyclicTestObject.getInstance(CyclicTestObject.java:9)
	at CyclicTestObject.getInstance(CyclicTestObject.java:9)
	at CyclicTestObject.getInstance(CyclicTestObject.java:9)
	at CyclicTestObject.getInstance(CyclicTestObject.java:9)
	at CyclicTestObject.getInstance(CyclicTestObject.java:9)
	at CyclicTestObject.getInstance(CyclicTestObject.java:9)
	at CyclicTestObject.getInstance(CyclicTestObject.java:9)
	at CyclicTestObject.getInstance(CyclicTestObject.java:9)
	at CyclicTestObject.getInstance(CyclicTestObject.java:9)
	at CyclicTestObject.getInstance(CyclicTestObject.java:9)
	at CyclicTestObject.getInstance(CyclicTestObject.java:9)
	at CyclicTestObject.getInstance(CyclicTestObject.java:9)
	at CyclicTestObject.getInstance(CyclicTestObject.java:9)
	at CyclicTestObject.getInstance(CyclicTestObject.java:9)
	at CyclicTestObject.getInstance(CyclicTestObject.java:9)
	at CyclicTestObject.getInstance(CyclicTestObject.java:9)
	at CyclicTestObject.getInstance(CyclicTestObject.java:9)
	at CyclicTestObject.getInstance(CyclicTestObject.java:9)
	at CyclicTestObject.getInstance(CyclicTestObject.java:9)
	at CyclicTestObject.getInstance(CyclicTestObject.java:9)
	at CyclicTestObject.getInstance(CyclicTestObject.java:9)
	at CyclicTestObject.getInstance(CyclicTestObject.java:9)
	at CyclicTestObject.getInstance(CyclicTestObject.java:9)
	at CyclicTestObject.getInstance(CyclicTestObject.java:9)
	at CyclicTestObject.getInstance(CyclicTestObject.java:9)
	at CyclicTestObject.getInstance(CyclicTestObject.java:9)
	at CyclicTestObject.getInstance(CyclicTestObject.java:9)
	at CyclicTestObject.getInstance(CyclicTestObject.java:9)
	at CyclicTestObject.getInstance(CyclicTestObject.java:9)
	at CyclicTestObject.getInstance(CyclicTestObject.java:9)
	at CyclicTestObject.getInstance(CyclicTestObject.java:9)
	at CyclicTestObject.getInstance(CyclicTestObject.java:9)
	at CyclicTestObject.getInstance(CyclicTestObject.java:9)
	at CyclicTestObject.getInstance(CyclicTestObject.java:9)
	at CyclicTestObject.getInstance(CyclicTestObject.java:9)
	at CyclicTestObject.getInstance(CyclicTestObject.java:9)
	at CyclicTestObject.getInstance(CyclicTestObject.java:9)
	at CyclicTestObject.getInstance(CyclicTestObject.java:9)
	at CyclicTestObject.getInstance(CyclicTestObject.java:9)
	at CyclicTestObject.getInstance(CyclicTestObject.java:9)
	at CyclicTestObject.getInstance(CyclicTestObject.java:9)
	at CyclicTestObject.getInstance(CyclicTestObject.java:9)
	at CyclicTestObject.getInstance(CyclicTestObject.java:9)
	at CyclicTestObject.getInstance(CyclicTestObject.java:9)
	at CyclicTestObject.getInstance(CyclicTestObject.java:9)
	at CyclicTestObject.getInstance(CyclicTestObject.java:9)
	at CyclicTestObject.getInstance(CyclicTestObject.java:9)
	at CyclicTestObject.getInstance(CyclicTestObject.java:9)
	at CyclicTestObject.getInstance(CyclicTestObject.java:9)
	at CyclicTestObject.getInstance(CyclicTestObject.java:9)
	at CyclicTestObject.getInstance(CyclicTestObject.java:9)
	at CyclicTestObject.getInstance(CyclicTestObject.java:9)
	at CyclicTestObject.getInstance(CyclicTestObject.java:9)
	at CyclicTestObject.getInstance(CyclicTestObject.java:9)
	at CyclicTestObject.getInstance(CyclicTestObject.java:9)
	at CyclicTestObject.getInstance(CyclicTestObject.java:9)
	at CyclicTestObject.getInstance(CyclicTestObject.java:9)
	at CyclicTestObject.getInstance(CyclicTestObject.java:9)
	at CyclicTestObject.getInstance(CyclicTestObject.java:9)
	at CyclicTestObject.getInstance(CyclicTestObject.java:9)
	at CyclicTestObject.getInstance(CyclicTestObject.java:9)
	at CyclicTestObject.getInstance(CyclicTestObject.java:9)
	at CyclicTestObject.getInstance(CyclicTestObject.java:9)
	at CyclicTestObject.getInstance(CyclicTestObject.java:9)
	at CyclicTestObject.getInstance(CyclicTestObject.java:9)
	at CyclicTestObject.getInstance(CyclicTestObject.java:9)
	at CyclicTestObject.getInstance(CyclicTestObject.java:9)
	at CyclicTestObject.getInstance(CyclicTestObject.java:9)
	at CyclicTestObject.getInstance(CyclicTestObject.java:9)
	at CyclicTestObject.getInstance(CyclicTestObject.java:9)
	at CyclicTestObject.getInstance(CyclicTestObject.java:9)
	at CyclicTestObject.getInstance(CyclicTestObject.java:9)
	at CyclicTestObject.getInstance(CyclicTestObject.java:9)
	at CyclicTestObject.getInstance(CyclicTestObject.java:9)
	at CyclicTestObject.getInstance(CyclicTestObject.java:9)
	at CyclicTestObject.getInstance(CyclicTestObject.java:9)
	at CyclicTestObject.getInstance(CyclicTestObject.java:9)
	at CyclicTestObject.getInstance(CyclicTestObject.java:9)
	at CyclicTestObject.getInstance(CyclicTestObject.java:9)
	at CyclicTestObject.getInstance(CyclicTestObject.java:9)
	at CyclicTestObject.getInstance(CyclicTestObject.java:9)
	at CyclicTestObject.getInstance(CyclicTestObject.java:9)
	at CyclicTestObject.getInstance(CyclicTestObject.java:9)
	at CyclicTestObject.getInstance(CyclicTestObject.java:9)
	at CyclicTestObject.getInstance(CyclicTestObject.java:9)
	at CyclicTestObject.getInstance(CyclicTestObject.java:9)
	at CyclicTestObject.getInstance(CyclicTestObject.java:9)
	at CyclicTestObject.getInstance(CyclicTestObject.java:9)
	at CyclicTestObject.getInstance(CyclicTestObject.java:9)
	at CyclicTestObject.getInstance(CyclicTestObject.java:9)
	at CyclicTestObject.getInstance(CyclicTestObject.java:9)
	at CyclicTestObject.getInstance(CyclicTestObject.java:9)
	at CyclicTestObject.getInstance(CyclicTestObject.java:9)
	at CyclicTestObject.getInstance(CyclicTestObject.java:9)
	at CyclicTestObject.getInstance(CyclicTestObject.java:9)
	at CyclicTestObject.getInstance(CyclicTestObject.java:9)
	at CyclicTestObject.getInstance(CyclicTestObject.java:9)
	at CyclicTestObject.getInstance(CyclicTestObject.java:9)
	at CyclicTestObject.getInstance(CyclicTestObject.java:9)
	at CyclicTestObject.getInstance(CyclicTestObject.java:9)
	at CyclicTestObject.getInstance(CyclicTestObject.java:9)
	at CyclicTestObject.getInstance(CyclicTestObject.java:9)
	at CyclicTestObject.getInstance(CyclicTestObject.java:9)
	at CyclicTestObject.getInstance(CyclicTestObject.java:9)
	at CyclicTestObject.getInstance(CyclicTestObject.java:9)
	at CyclicTestObject.getInstance(CyclicTestObject.java:9)
	at CyclicTestObject.getInstance(CyclicTestObject.java:9)
	at CyclicTestObject.getInstance(CyclicTestObject.java:9)
	at CyclicTestObject.getInstance(CyclicTestObject.java:9)
	at CyclicTestObject.getInstance(CyclicTestObject.java:9)
	at CyclicTestObject.getInstance(CyclicTestObject.java:9)
	at CyclicTestObject.getInstance(CyclicTestObject.java:9)
	at CyclicTestObject.getInstance(CyclicTestObject.java:9)
	at CyclicTestObject.getInstance(CyclicTestObject.java:9)
	at CyclicTestObject.getInstance(CyclicTestObject.java:9)
	at CyclicTestObject.getInstance(CyclicTestObject.java:9)
	at CyclicTestObject.getInstance(CyclicTestObject.java:9)
	at CyclicTestObject.getInstance(CyclicTestObject.java:9)
	at CyclicTestObject.getInstance(CyclicTestObject.java:9)
	at CyclicTestObject.getInstance(CyclicTestObject.java:9)
	at CyclicTestObject.getInstance(CyclicTestObject.java:9)
	at CyclicTestObject.getInstance(CyclicTestObject.java:9)
	at CyclicTestObject.getInstance(CyclicTestObject.java:9)
	at CyclicTestObject.getInstance(CyclicTestObject.java:9)
	at CyclicTestObject.getInstance(CyclicTestObject.java:9)
	at CyclicTestObject.getInstance(CyclicTestObject.java:9)
	at CyclicTestObject.getInstance(CyclicTestObject.java:9)
	at CyclicTestObject.getInstance(CyclicTestObject.java:9)
	at CyclicTestObject.getInstance(CyclicTestObject.java:9)
	at CyclicTestObject.getInstance(CyclicTestObject.java:9)
	at CyclicTestObject.getInstance(CyclicTestObject.java:9)
	at CyclicTestObject.getInstance(CyclicTestObject.java:9)
	at CyclicTestObject.getInstance(CyclicTestObject.java:9)
	at CyclicTestObject.getInstance(CyclicTestObject.java:9)
	at CyclicTestObject.getInstance(CyclicTestObject.java:9)
	at CyclicTestObject.getInstance(CyclicTestObject.java:9)
	at CyclicTestObject.getInstance(CyclicTestObject.java:9)
	at CyclicTestObject.getInstance(CyclicTestObject.java:9)
	at CyclicTestObject.getInstance(CyclicTestObject.java:9)
	at CyclicTestObject.getInstance(CyclicTestObject.java:9)
	at CyclicTestObject.getInstance(CyclicTestObject.java:9)
	at CyclicTestObject.getInstance(CyclicTestObject.java:9)
	at CyclicTestObject.getInstance(CyclicTestObject.java:9)
	at CyclicTestObject.getInstance(CyclicTestObject.java:9)
	at CyclicTestObject.getInstance(CyclicTestObject.java:9)
	at CyclicTestObject.getInstance(CyclicTestObject.java:9)
	at CyclicTestObject.getInstance(CyclicTestObject.java:9)
	at CyclicTestObject.getInstance(CyclicTestObject.java:9)
	at CyclicTestObject.getInstance(CyclicTestObject.java:9)
	at CyclicTestObject.getInstance(CyclicTestObject.java:9)
	at CyclicTestObject.getInstance(CyclicTestObject.java:9)
	at CyclicTestObject.getInstance(CyclicTestObject.java:9)
	at CyclicTestObject.getInstance(CyclicTestObject.java:9)
	at CyclicTestObject.getInstance(CyclicTestObject.java:9)
	at CyclicTestObject.getInstance(CyclicTestObject.java:9)
	at CyclicTestObject.getInstance(CyclicTestObject.java:9)
	at CyclicTestObject.getInstance(CyclicTestObject.java:9)
	at CyclicTestObject.getInstance(CyclicTestObject.java:9)
	at CyclicTestObject.getInstance(CyclicTestObject.java:9)
	at CyclicTestObject.getInstance(CyclicTestObject.java:9)
	at CyclicTestObject.getInstance(CyclicTestObject.java:9)
	at CyclicTestObject.getInstance(CyclicTestObject.java:9)
	at CyclicTestObject.getInstance(CyclicTestObject.java:9)
	at CyclicTestObject.getInstance(CyclicTestObject.java:9)
	at CyclicTestObject.getInstance(CyclicTestObject.java:9)
	at CyclicTestObject.getInstance(CyclicTestObject.java:9)
	at CyclicTestObject.getInstance(CyclicTestObject.java:9)
	at CyclicTestObject.getInstance(CyclicTestObject.java:9)
	at CyclicTestObject.getInstance(CyclicTestObject.java:9)
	at CyclicTestObject.getInstance(CyclicTestObject.java:9)
	at CyclicTestObject.getInstance(CyclicTestObject.java:9)
	at CyclicTestObject.getInstance(CyclicTestObject.java:9)
	at CyclicTestObject.getInstance(CyclicTestObject.java:9)
	at CyclicTestObject.getInstance(CyclicTestObject.java:9)
	at CyclicTestObject.getInstance(CyclicTestObject.java:9)
	at CyclicTestObject.getInstance(CyclicTestObject.java:9)
	at CyclicTestObject.getInstance(CyclicTestObject.java:9)
	at CyclicTestObject.getInstance(CyclicTestObject.java:9)
	at CyclicTestObject.getInstance(CyclicTestObject.java:9)
	at CyclicTestObject.getInstance(CyclicTestObject.java:9)
	at CyclicTestObject.getInstance(CyclicTestObject.java:9)
	at CyclicTestObject.getInstance(CyclicTestObject.java:9)
	at CyclicTestObject.getInstance(CyclicTestObject.java:9)
	at CyclicTestObject.getInstance(CyclicTestObject.java:9)
	at CyclicTestObject.getInstance(CyclicTestObject.java:9)
	at CyclicTestObject.getInstance(CyclicTestObject.java:9)
	at CyclicTestObject.getInstance(CyclicTestObject.java:9)
	at CyclicTestObject.getInstance(CyclicTestObject.java:9)
	at CyclicTestObject.getInstance(CyclicTestObject.java:9)
	at CyclicTestObject.getInstance(CyclicTestObject.java:9)
	at CyclicTestObject.getInstance(CyclicTestObject.java:9)
	at CyclicTestObject.getInstance(CyclicTestObject.java:9)
	at CyclicTestObject.getInstance(CyclicTestObject.java:9)
	at CyclicTestObject.getInstance(CyclicTestObject.java:9)
	at CyclicTestObject.getInstance(CyclicTestObject.java:9)
	at CyclicTestObject.getInstance(CyclicTestObject.java:9)
	at CyclicTestObject.getInstance(CyclicTestObject.java:9)
	at CyclicTestObject.getInstance(CyclicTestObject.java:9)
	at CyclicTestObject.getInstance(CyclicTestObject.java:9)
	at CyclicTestObject.getInstance(CyclicTestObject.java:9)
	at CyclicTestObject.getInstance(CyclicTestObject.java:9)
	at CyclicTestObject.getInstance(CyclicTestObject.java:9)
	at CyclicTestObject.getInstance(CyclicTestObject.java:9)
	at CyclicTestObject.getInstance(CyclicTestObject.java:9)
	at CyclicTestObject.getInstance(CyclicTestObject.java:9)
	at CyclicTestObject.getInstance(CyclicTestObject.java:9)
	at CyclicTestObject.getInstance(CyclicTestObject.java:9)
	at CyclicTestObject.getInstance(CyclicTestObject.java:9)
	at CyclicTestObject.getInstance(CyclicTestObject.java:9)
	at CyclicTestObject.getInstance(CyclicTestObject.java:9)
	at CyclicTestObject.getInstance(CyclicTestObject.java:9)
	at CyclicTestObject.getInstance(CyclicTestObject.java:9)
	at CyclicTestObject.getInstance(CyclicTestObject.java:9)
	at CyclicTestObject.getInstance(CyclicTestObject.java:9)
	at CyclicTestObject.getInstance(CyclicTestObject.java:9)
	at CyclicTestObject.getInstance(CyclicTestObject.java:9)
	at CyclicTestObject.getInstance(CyclicTestObject.java:9)
	at CyclicTestObject.getInstance(CyclicTestObject.java:9)
	at CyclicTestObject.getInstance(CyclicTestObject.java:9)
	at CyclicTestObject.getInstance(CyclicTestObject.java:9)
	at CyclicTestObject.getInstance(CyclicTestObject.java:9)
	at CyclicTestObject.getInstance(CyclicTestObject.java:9)
	at CyclicTestObject.getInstance(CyclicTestObject.java:9)
	at CyclicTestObject.getInstance(CyclicTestObject.java:9)
	at CyclicTestObject.getInstance(CyclicTestObject.java:9)
	at CyclicTestObject.getInstance(CyclicTestObject.java:9)
	at CyclicTestObject.getInstance(CyclicTestObject.java:9)
	at CyclicTestObject.getInstance(CyclicTestObject.java:9)
	at CyclicTestObject.getInstance(CyclicTestObject.java:9)
	at CyclicTestObject.getInstance(CyclicTestObject.java:9)
	at CyclicTestObject.getInstance(CyclicTestObject.java:9)
	at CyclicTestObject.getInstance(CyclicTestObject.java:9)
	at CyclicTestObject.getInstance(CyclicTestObject.java:9)
	at CyclicTestObject.getInstance(CyclicTestObject.java:9)
	at CyclicTestObject.getInstance(CyclicTestObject.java:9)
	at CyclicTestObject.getInstance(CyclicTestObject.java:9)
	at CyclicTestObject.getInstance(CyclicTestObject.java:9)
	at CyclicTestObject.getInstance(CyclicTestObject.java:9)
	at CyclicTestObject.getInstance(CyclicTestObject.java:9)
	at CyclicTestObject.getInstance(CyclicTestObject.java:9)
	at CyclicTestObject.getInstance(CyclicTestObject.java:9)
	at CyclicTestObject.getInstance(CyclicTestObject.java:9)
	at CyclicTestObject.getInstance(CyclicTestObject.java:9)
	at CyclicTestObject.getInstance(CyclicTestObject.java:9)
	at CyclicTestObject.getInstance(CyclicTestObject.java:9)
	at CyclicTestObject.getInstance(CyclicTestObject.java:9)
	at CyclicTestObject.getInstance(CyclicTestObject.java:9)
	at CyclicTestObject.getInstance(CyclicTestObject.java:9)
	at CyclicTestObject.getInstance(CyclicTestObject.java:9)
	at CyclicTestObject.getInstance(CyclicTestObject.java:9)
	at CyclicTestObject.getInstance(CyclicTestObject.java:9)
	at CyclicTestObject.getInstance(CyclicTestObject.java:9)
	at CyclicTestObject.getInstance(CyclicTestObject.java:9)
	at CyclicTestObject.getInstance(CyclicTestObject.java:9)
	at CyclicTestObject.getInstance(CyclicTestObject.java:9)
	at CyclicTestObject.getInstance(CyclicTestObject.java:9)
	at CyclicTestObject.getInstance(CyclicTestObject.java:9)
	at CyclicTestObject.getInstance(CyclicTestObject.java:9)
	at CyclicTestObject.getInstance(CyclicTestObject.java:9)
	at CyclicTestObject.getInstance(CyclicTestObject.java:9)
	at CyclicTestObject.getInstance(CyclicTestObject.java:9)
	at CyclicTestObject.getInstance(CyclicTestObject.java:9)
	at CyclicTestObject.getInstance(CyclicTestObject.java:9)
	at CyclicTestObject.getInstance(CyclicTestObject.java:9)
	at CyclicTestObject.getInstance(CyclicTestObject.java:9)
	at CyclicTestObject.getInstance(CyclicTestObject.java:9)
	at CyclicTestObject.getInstance(CyclicTestObject.java:9)
	at CyclicTestObject.getInstance(CyclicTestObject.java:9)
	at CyclicTestObject.getInstance(CyclicTestObject.java:9)
	at CyclicTestObject.getInstance(CyclicTestObject.java:9)
	at CyclicTestObject.getInstance(CyclicTestObject.java:9)
	at CyclicTestObject.getInstance(CyclicTestObject.java:9)
	at CyclicTestObject.getInstance(CyclicTestObject.java:9)
	at CyclicTestObject.getInstance(CyclicTestObject.java:9)
	at CyclicTestObject.getInstance(CyclicTestObject.java:9)
	at CyclicTestObject.getInstance(CyclicTestObject.java:9)
	at CyclicTestObject.getInstance(CyclicTestObject.java:9)
	at CyclicTestObject.getInstance(CyclicTestObject.java:9)
	at CyclicTestObject.getInstance(CyclicTestObject.java:9)
	at CyclicTestObject.getInstance(CyclicTestObject.java:9)
	at CyclicTestObject.getInstance(CyclicTestObject.java:9)
	at CyclicTestObject.getInstance(CyclicTestObject.java:9)
	at CyclicTestObject.getInstance(CyclicTestObject.java:9)
	at CyclicTestObject.getInstance(CyclicTestObject.java:9)
	at CyclicTestObject.getInstance(CyclicTestObject.java:9)
	at CyclicTestObject.getInstance(CyclicTestObject.java:9)
	at CyclicTestObject.getInstance(CyclicTestObject.java:9)
	at CyclicTestObject.getInstance(CyclicTestObject.java:9)
	at CyclicTestObject.getInstance(CyclicTestObject.java:9)
	at CyclicTestObject.getInstance(CyclicTestObject.java:9)
	at CyclicTestObject.getInstance(CyclicTestObject.java:9)
	at CyclicTestObject.getInstance(CyclicTestObject.java:9)
	at CyclicTestObject.getInstance(CyclicTestObject.java:9)
	at CyclicTestObject.getInstance(CyclicTestObject.java:9)
	at CyclicTestObject.getInstance(CyclicTestObject.java:9)
	at CyclicTestObject.getInstance(CyclicTestObject.java:9)
	at CyclicTestObject.getInstance(CyclicTestObject.java:9)
	at CyclicTestObject.getInstance(CyclicTestObject.java:9)
	at CyclicTestObject.getInstance(CyclicTestObject.java:9)
	at CyclicTestObject.getInstance(CyclicTestObject.java:9)
	at CyclicTestObject.getInstance(CyclicTestObject.java:9)
	at CyclicTestObject.getInstance(CyclicTestObject.java:9)
	at CyclicTestObject.getInstance(CyclicTestObject.java:9)
	at CyclicTestObject.getInstance(CyclicTestObject.java:9)
	at CyclicTestObject.getInstance(CyclicTestObject.java:9)
	at CyclicTestObject.getInstance(CyclicTestObject.java:9)
	at CyclicTestObject.getInstance(CyclicTestObject.java:9)
	at CyclicTestObject.getInstance(CyclicTestObject.java:9)
	at CyclicTestObject.getInstance(CyclicTestObject.java:9)
	at CyclicTestObject.getInstance(CyclicTestObject.java:9)
	at CyclicTestObject.getInstance(CyclicTestObject.java:9)
	at CyclicTestObject.getInstance(CyclicTestObject.java:9)
	at CyclicTestObject.getInstance(CyclicTestObject.java:9)
	at CyclicTestObject.getInstance(CyclicTestObject.java:9)
	at CyclicTestObject.getInstance(CyclicTestObject.java:9)
	at CyclicTestObject.getInstance(CyclicTestObject.java:9)
	at CyclicTestObject.getInstance(CyclicTestObject.java:9)
	at CyclicTestObject.getInstance(CyclicTestObject.java:9)
	at CyclicTestObject.getInstance(CyclicTestObject.java:9)
	at CyclicTestObject.getInstance(CyclicTestObject.java:9)
	at CyclicTestObject.getInstance(CyclicTestObject.java:9)
	at CyclicTestObject.getInstance(CyclicTestObject.java:9)
	at CyclicTestObject.getInstance(CyclicTestObject.java:9)
	at CyclicTestObject.getInstance(CyclicTestObject.java:9)
	at CyclicTestObject.getInstance(CyclicTestObject.java:9)
	at CyclicTestObject.getInstance(CyclicTestObject.java:9)
	at CyclicTestObject.getInstance(CyclicTestObject.java:9)
	at CyclicTestObject.getInstance(CyclicTestObject.java:9)
	at CyclicTestObject.getInstance(CyclicTestObject.java:9)
	at CyclicTestObject.getInstance(CyclicTestObject.java:9)
	at CyclicTestObject.getInstance(CyclicTestObject.java:9)
	at CyclicTestObject.getInstance(CyclicTestObject.java:9)
	at CyclicTestObject.getInstance(CyclicTestObject.java:9)
	at CyclicTestObject.getInstance(CyclicTestObject.java:9)
	at CyclicTestObject.getInstance(CyclicTestObject.java:9)
	at CyclicTestObject.getInstance(CyclicTestObject.java:9)
	at CyclicTestObject.getInstance(CyclicTestObject.java:9)
	at CyclicTestObject.getInstance(CyclicTestObject.java:9)
	at CyclicTestObject.getInstance(CyclicTestObject.java:9)
	at CyclicTestObject.getInstance(CyclicTestObject.java:9)
	at CyclicTestObject.getInstance(CyclicTestObject.java:9)
	at CyclicTestObject.getInstance(CyclicTestObject.java:9)
	at CyclicTestObject.getInstance(CyclicTestObject.java:9)
	at CyclicTestObject.getInstance(CyclicTestObject.java:9)
	at CyclicTestObject.getInstance(CyclicTestObject.java:9)
	at CyclicTestObject.getInstance(CyclicTestObject.java:9)
	at CyclicTestObject.getInstance(CyclicTestObject.java:9)
	at CyclicTestObject.getInstance(CyclicTestObject.java:9)
	at CyclicTestObject.getInstance(CyclicTestObject.java:9)
	at CyclicTestObject.getInstance(CyclicTestObject.java:9)
	at CyclicTestObject.getInstance(CyclicTestObject.java:9)
	at CyclicTestObject.getInstance(CyclicTestObject.java:9)
	at CyclicTestObject.getInstance(CyclicTestObject.java:9)
	at CyclicTestObject.getInstance(CyclicTestObject.java:9)
	at CyclicTestObject.getInstance(CyclicTestObject.java:9)
	at CyclicTestObject.getInstance(CyclicTestObject.java:9)
	at CyclicTestObject.getInstance(CyclicTestObject.java:9)
	at CyclicTestObject.getInstance(CyclicTestObject.java:9)
	at CyclicTestObject.getInstance(CyclicTestObject.java:9)
	at CyclicTestObject.getInstance(CyclicTestObject.java:9)
	at CyclicTestObject.getInstance(CyclicTestObject.java:9)
	at CyclicTestObject.getInstance(CyclicTestObject.java:9)
	at CyclicTestObject.getInstance(CyclicTestObject.java:9)
	at CyclicTestObject.getInstance(CyclicTestObject.java:9)
	at CyclicTestObject.getInstance(CyclicTestObject.java:9)
	at CyclicTestObject.getInstance(CyclicTestObject.java:9)
	at CyclicTestObject.getInstance(CyclicTestObject.java:9)
	at CyclicTestObject.getInstance(CyclicTestObject.java:9)
	at CyclicTestObject.getInstance(CyclicTestObject.java:9)
	at CyclicTestObject.getInstance(CyclicTestObject.java:9)
	at CyclicTestObject.getInstance(CyclicTestObject.java:9)
	at CyclicTestObject.getInstance(CyclicTestObject.java:9)
	at CyclicTestObject.getInstance(CyclicTestObject.java:9)
	at CyclicTestObject.getInstance(CyclicTestObject.java:9)
	at CyclicTestObject.getInstance(CyclicTestObject.java:9)
	at CyclicTestObject.getInstance(CyclicTestObject.java:9)
	at CyclicTestObject.getInstance(CyclicTestObject.java:9)
	at CyclicTestObject.getInstance(CyclicTestObject.java:9)
	at CyclicTestObject.getInstance(CyclicTestObject.java:9)
	at CyclicTestObject.getInstance(CyclicTestObject.java:9)
	at CyclicTestObject.getInstance(CyclicTestObject.java:9)
	at CyclicTestObject.getInstance(CyclicTestObject.java:9)
	at CyclicTestObject.getInstance(CyclicTestObject.java:9)
	at CyclicTestObject.getInstance(CyclicTestObject.java:9)
	at CyclicTestObject.getInstance(CyclicTestObject.java:9)
	at CyclicTestObject.getInstance(CyclicTestObject.java:9)
	at CyclicTestObject.getInstance(CyclicTestObject.java:9)
	at CyclicTestObject.getInstance(CyclicTestObject.java:9)
	at CyclicTestObject.getInstance(CyclicTestObject.java:9)
	at CyclicTestObject.getInstance(CyclicTestObject.java:9)
	at CyclicTestObject.getInstance(CyclicTestObject.java:9)
	at CyclicTestObject.getInstance(CyclicTestObject.java:9)
	at CyclicTestObject.getInstance(CyclicTestObject.java:9)
	at CyclicTestObject.getInstance(CyclicTestObject.java:9)
	at CyclicTestObject.getInstance(CyclicTestObject.java:9)
	at CyclicTestObject.getInstance(CyclicTestObject.java:9)
	at CyclicTestObject.getInstance(CyclicTestObject.java:9)
	at CyclicTestObject.getInstance(CyclicTestObject.java:9)
	at CyclicTestObject.getInstance(CyclicTestObject.java:9)
	at CyclicTestObject.getInstance(CyclicTestObject.java:9)
	at CyclicTestObject.getInstance(CyclicTestObject.java:9)
	at CyclicTestObject.getInstance(CyclicTestObject.java:9)
	at CyclicTestObject.getInstance(CyclicTestObject.java:9)
	at CyclicTestObject.getInstance(CyclicTestObject.java:9)
	at CyclicTestObject.getInstance(CyclicTestObject.java:9)
	at CyclicTestObject.getInstance(CyclicTestObject.java:9)
	at CyclicTestObject.getInstance(CyclicTestObject.java:9)
	at CyclicTestObject.getInstance(CyclicTestObject.java:9)
	at CyclicTestObject.getInstance(CyclicTestObject.java:9)
	at CyclicTestObject.getInstance(CyclicTestObject.java:9)
	at CyclicTestObject.getInstance(CyclicTestObject.java:9)
	at CyclicTestObject.getInstance(CyclicTestObject.java:9)
	at CyclicTestObject.getInstance(CyclicTestObject.java:9)
	at CyclicTestObject.getInstance(CyclicTestObject.java:9)
	at CyclicTestObject.getInstance(CyclicTestObject.java:9)
	at CyclicTestObject.getInstance(CyclicTestObject.java:9)
	at CyclicTestObject.getInstance(CyclicTestObject.java:9)
	at CyclicTestObject.getInstance(CyclicTestObject.java:9)
	at CyclicTestObject.getInstance(CyclicTestObject.java:9)
	at CyclicTestObject.getInstance(CyclicTestObject.java:9)
	at CyclicTestObject.getInstance(CyclicTestObject.java:9)
	at CyclicTestObject.getInstance(CyclicTestObject.java:9)
	at CyclicTestObject.getInstance(CyclicTestObject.java:9)
	at CyclicTestObject.getInstance(CyclicTestObject.java:9)
	at CyclicTestObject.getInstance(CyclicTestObject.java:9)
	at CyclicTestObject.getInstance(CyclicTestObject.java:9)
	at CyclicTestObject.getInstance(CyclicTestObject.java:9)
	at CyclicTestObject.getInstance(CyclicTestObject.java:9)
	at CyclicTestObject.getInstance(CyclicTestObject.java:9)
	at CyclicTestObject.getInstance(CyclicTestObject.java:9)
	at CyclicTestObject.getInstance(CyclicTestObject.java:9)
	at CyclicTestObject.getInstance(CyclicTestObject.java:9)
	at CyclicTestObject.getInstance(CyclicTestObject.java:9)
	at CyclicTestObject.getInstance(CyclicTestObject.java:9)
	at CyclicTestObject.getInstance(CyclicTestObject.java:9)
	at CyclicTestObject.getInstance(CyclicTestObject.java:9)
	at CyclicTestObject.getInstance(CyclicTestObject.java:9)
	at CyclicTestObject.getInstance(CyclicTestObject.java:9)
	at CyclicTestObject.getInstance(CyclicTestObject.java:9)
	at CyclicTestObject.getInstance(CyclicTestObject.java:9)
	at CyclicTestObject.getInstance(CyclicTestObject.java:9)
	at CyclicTestObject.getInstance(CyclicTestObject.java:9)
	at CyclicTestObject.getInstance(CyclicTestObject.java:9)
	at CyclicTestObject.getInstance(CyclicTestObject.java:9)
	at CyclicTestObject.getInstance(CyclicTestObject.java:9)
	at CyclicTestObject.getInstance(CyclicTestObject.java:9)
	at CyclicTestObject.getInstance(CyclicTestObject.java:9)
	at CyclicTestObject.getInstance(CyclicTestObject.java:9)
	at CyclicTestObject.getInstance(CyclicTestObject.java:9)
	at CyclicTestObject.getInstance(CyclicTestObject.java:9)
	at CyclicTestObject.getInstance(CyclicTestObject.java:9)
	at CyclicTestObject.getInstance(CyclicTestObject.java:9)
	at CyclicTestObject.getInstance(CyclicTestObject.java:9)
	at CyclicTestObject.getInstance(CyclicTestObject.java:9)
	at CyclicTestObject.getInstance(CyclicTestObject.java:9)
	at CyclicTestObject.getInstance(CyclicTestObject.java:9)
	at CyclicTestObject.getInstance(CyclicTestObject.java:9)
	at CyclicTestObject.getInstance(CyclicTestObject.java:9)
	at CyclicTestObject.getInstance(CyclicTestObject.java:9)
	at CyclicTestObject.getInstance(CyclicTestObject.java:9)
	at CyclicTestObject.getInstance(CyclicTestObject.java:9)
	at CyclicTestObject.getInstance(CyclicTestObject.java:9)
	at CyclicTestObject.getInstance(CyclicTestObject.java:9)
	at CyclicTestObject.getInstance(CyclicTestObject.java:9)
	at CyclicTestObject.getInstance(CyclicTestObject.java:9)
	at CyclicTestObject.getInstance(CyclicTestObject.java:9)
	at CyclicTestObject.getInstance(CyclicTestObject.java:9)
	at CyclicTestObject.getInstance(CyclicTestObject.java:9)
	at CyclicTestObject.getInstance(CyclicTestObject.java:9)
	at CyclicTestObject.getInstance(CyclicTestObject.java:9)
	at CyclicTestObject.getInstance(CyclicTestObject.java:9)
	at CyclicTestObject.getInstance(CyclicTestObject.java:9)
	at CyclicTestObject.getInstance(CyclicTestObject.java:9)
	at CyclicTestObject.getInstance(CyclicTestObject.java:9)
	at CyclicTestObject.getInstance(CyclicTestObject.java:9)
	at CyclicTestObject.getInstance(CyclicTestObject.java:9)
	at CyclicTestObject.getInstance(CyclicTestObject.java:9)
</failure>
  </testcase>
  <system-out><![CDATA[]]></system-out>
  <system-err><![CDATA[]]></system-err>
</testsuite>
