<?xml version="1.0" encoding="UTF-8"?>
<testsuite name="SerializeDeserializeTest" tests="1" skipped="0" failures="0" errors="0" timestamp="2016-05-12T18:56:26" hostname="DESKTOP-0AP719J" time="0.898">
  <properties/>
  <testcase name="testSerializeDeserialize" classname="SerializeDeserializeTest" time="0.898"/>
  <system-out><![CDATA[<?xml version="1.0" encoding="UTF-8" standalone="no"?>
<rootObject class="TestObject">
    <PRE_EXISTING_MAP class="java.util.HashMap">
        <entry>
            <key class="java.lang.String">Weather</key>
            <value class="java.lang.String">nice &amp; hot</value>
        </entry>
        <entry>
            <key class="java.lang.String">Hello</key>
            <value class="java.lang.String">World</value>
        </entry>
        <entry>
            <key class="java.lang.String">Drink</key>
            <value class="java.lang.String">Martini on the rocks</value>
        </entry>
    </PRE_EXISTING_MAP>
    <STATIC_STRING class="java.lang.String">This object will be re-constructed upon deserialization,unlike static final fields which are only re-populatedlike the map on the previous line</STATIC_STRING>
    <justAnArray type="TestObject">
        <elem class="TestObject" id="326">
            <justAnArray type="TestObject">
                <elem class="TestObject" id="65">
                    <justAnArray type="TestObject">
                        <elem class="TestObject" id="16">
                            <justAnArray type="TestObject">
                                <elem class="TestObject" id="5">
                                    <justAnArray type="TestObject">
                                        <elem class="TestObject" id="1">
                                            <justAnArray type="TestObject"/>
                                            <listy class="java.util.ArrayList"/>
                                            <mappetyMap class="java.util.LinkedHashMap"/>
                                            <howMuchN>0</howMuchN>
                                            <isSuperCool>true</isSuperCool>
                                            <equity>1000000.0</equity>
                                            <primes type="int">
                                                <elem>2</elem>
                                                <elem>3</elem>
                                                <elem>5</elem>
                                                <elem>7</elem>
                                                <elem>11</elem>
                                                <elem>13</elem>
                                                <elem>17</elem>
                                                <elem>19</elem>
                                                <elem>23</elem>
                                                <elem>29</elem>
                                            </primes>
                                            <objects length="3" type="java.lang.Object">
                                                <elem class="java.lang.Integer" index="1">86.400</elem>
                                            </objects>
                                            <helloWorld class="java.lang.String" id="2">Hello world!</helloWorld>
                                            <date class="java.util.Date">1463079386975</date>
                                            <aNullObject null="true"/>
                                            <url class="java.net.URL">https://www.google.com</url>
                                        </elem>
                                    </justAnArray>
                                    <listy class="java.util.ArrayList">
                                        <elem ref="1"/>
                                    </listy>
                                    <mappetyMap class="java.util.LinkedHashMap">
                                        <entry>
                                            <key class="java.lang.Integer" id="4">0</key>
                                            <value ref="1"/>
                                        </entry>
                                    </mappetyMap>
                                    <howMuchN>1</howMuchN>
                                    <isSuperCool>true</isSuperCool>
                                    <equity>1000000.0</equity>
                                    <primes type="int">
                                        <elem>2</elem>
                                        <elem>3</elem>
                                        <elem>5</elem>
                                        <elem>7</elem>
                                        <elem>11</elem>
                                        <elem>13</elem>
                                        <elem>17</elem>
                                        <elem>19</elem>
                                        <elem>23</elem>
                                        <elem>29</elem>
                                    </primes>
                                    <objects length="3" type="java.lang.Object">
                                        <elem class="java.lang.Integer" index="1">86.400</elem>
                                    </objects>
                                    <helloWorld ref="2"/>
                                    <date class="java.util.Date">1463079386975</date>
                                    <aNullObject null="true"/>
                                    <url class="java.net.URL">https://www.google.com</url>
                                </elem>
                                <elem class="TestObject" id="6">
                                    <justAnArray type="TestObject">
                                        <elem class="TestObject" id="3">
                                            <justAnArray type="TestObject"/>
                                            <listy class="java.util.ArrayList"/>
                                            <mappetyMap class="java.util.LinkedHashMap"/>
                                            <howMuchN>0</howMuchN>
                                            <isSuperCool>true</isSuperCool>
                                            <equity>1000000.0</equity>
                                            <primes type="int">
                                                <elem>2</elem>
                                                <elem>3</elem>
                                                <elem>5</elem>
                                                <elem>7</elem>
                                                <elem>11</elem>
                                                <elem>13</elem>
                                                <elem>17</elem>
                                                <elem>19</elem>
                                                <elem>23</elem>
                                                <elem>29</elem>
                                            </primes>
                                            <objects length="3" type="java.lang.Object">
                                                <elem class="java.lang.Integer" index="1">86.400</elem>
                                            </objects>
                                            <helloWorld ref="2"/>
                                            <date class="java.util.Date">1463079386976</date>
                                            <aNullObject null="true"/>
                                            <url class="java.net.URL">https://www.google.com</url>
                                        </elem>
                                    </justAnArray>
                                    <listy class="java.util.ArrayList">
                                        <elem ref="3"/>
                                    </listy>
                                    <mappetyMap class="java.util.LinkedHashMap">
                                        <entry>
                                            <key ref="4"/>
                                            <value ref="3"/>
                                        </entry>
                                    </mappetyMap>
                                    <howMuchN>1</howMuchN>
                                    <isSuperCool>true</isSuperCool>
                                    <equity>1000000.0</equity>
                                    <primes type="int">
                                        <elem>2</elem>
                                        <elem>3</elem>
                                        <elem>5</elem>
                                        <elem>7</elem>
                                        <elem>11</elem>
                                        <elem>13</elem>
                                        <elem>17</elem>
                                        <elem>19</elem>
                                        <elem>23</elem>
                                        <elem>29</elem>
                                    </primes>
                                    <objects length="3" type="java.lang.Object">
                                        <elem class="java.lang.Integer" index="1">86.400</elem>
                                    </objects>
                                    <helloWorld ref="2"/>
                                    <date class="java.util.Date">1463079386976</date>
                                    <aNullObject null="true"/>
                                    <url class="java.net.URL">https://www.google.com</url>
                                </elem>
                            </justAnArray>
                            <listy class="java.util.ArrayList">
                                <elem ref="5"/>
                                <elem ref="6"/>
                            </listy>
                            <mappetyMap class="java.util.LinkedHashMap">
                                <entry>
                                    <key ref="4"/>
                                    <value ref="5"/>
                                </entry>
                                <entry>
                                    <key class="java.lang.Integer" id="11">1</key>
                                    <value ref="6"/>
                                </entry>
                            </mappetyMap>
                            <howMuchN>2</howMuchN>
                            <isSuperCool>true</isSuperCool>
                            <equity>1000000.0</equity>
                            <primes type="int">
                                <elem>2</elem>
                                <elem>3</elem>
                                <elem>5</elem>
                                <elem>7</elem>
                                <elem>11</elem>
                                <elem>13</elem>
                                <elem>17</elem>
                                <elem>19</elem>
                                <elem>23</elem>
                                <elem>29</elem>
                            </primes>
                            <objects length="3" type="java.lang.Object">
                                <elem class="java.lang.Integer" index="1">86.400</elem>
                            </objects>
                            <helloWorld ref="2"/>
                            <date class="java.util.Date">1463079386975</date>
                            <aNullObject null="true"/>
                            <url class="java.net.URL">https://www.google.com</url>
                        </elem>
                        <elem class="TestObject" id="17">
                            <justAnArray type="TestObject">
                                <elem class="TestObject" id="9">
                                    <justAnArray type="TestObject">
                                        <elem class="TestObject" id="7">
                                            <justAnArray type="TestObject"/>
                                            <listy class="java.util.ArrayList"/>
                                            <mappetyMap class="java.util.LinkedHashMap"/>
                                            <howMuchN>0</howMuchN>
                                            <isSuperCool>true</isSuperCool>
                                            <equity>1000000.0</equity>
                                            <primes type="int">
                                                <elem>2</elem>
                                                <elem>3</elem>
                                                <elem>5</elem>
                                                <elem>7</elem>
                                                <elem>11</elem>
                                                <elem>13</elem>
                                                <elem>17</elem>
                                                <elem>19</elem>
                                                <elem>23</elem>
                                                <elem>29</elem>
                                            </primes>
                                            <objects length="3" type="java.lang.Object">
                                                <elem class="java.lang.Integer" index="1">86.400</elem>
                                            </objects>
                                            <helloWorld ref="2"/>
                                            <date class="java.util.Date">1463079386977</date>
                                            <aNullObject null="true"/>
                                            <url class="java.net.URL">https://www.google.com</url>
                                        </elem>
                                    </justAnArray>
                                    <listy class="java.util.ArrayList">
                                        <elem ref="7"/>
                                    </listy>
                                    <mappetyMap class="java.util.LinkedHashMap">
                                        <entry>
                                            <key ref="4"/>
                                            <value ref="7"/>
                                        </entry>
                                    </mappetyMap>
                                    <howMuchN>1</howMuchN>
                                    <isSuperCool>true</isSuperCool>
                                    <equity>1000000.0</equity>
                                    <primes type="int">
                                        <elem>2</elem>
                                        <elem>3</elem>
                                        <elem>5</elem>
                                        <elem>7</elem>
                                        <elem>11</elem>
                                        <elem>13</elem>
                                        <elem>17</elem>
                                        <elem>19</elem>
                                        <elem>23</elem>
                                        <elem>29</elem>
                                    </primes>
                                    <objects length="3" type="java.lang.Object">
                                        <elem class="java.lang.Integer" index="1">86.400</elem>
                                    </objects>
                                    <helloWorld ref="2"/>
                                    <date class="java.util.Date">1463079386977</date>
                                    <aNullObject null="true"/>
                                    <url class="java.net.URL">https://www.google.com</url>
                                </elem>
                                <elem class="TestObject" id="10">
                                    <justAnArray type="TestObject">
                                        <elem class="TestObject" id="8">
                                            <justAnArray type="TestObject"/>
                                            <listy class="java.util.ArrayList"/>
                                            <mappetyMap class="java.util.LinkedHashMap"/>
                                            <howMuchN>0</howMuchN>
                                            <isSuperCool>true</isSuperCool>
                                            <equity>1000000.0</equity>
                                            <primes type="int">
                                                <elem>2</elem>
                                                <elem>3</elem>
                                                <elem>5</elem>
                                                <elem>7</elem>
                                                <elem>11</elem>
                                                <elem>13</elem>
                                                <elem>17</elem>
                                                <elem>19</elem>
                                                <elem>23</elem>
                                                <elem>29</elem>
                                            </primes>
                                            <objects length="3" type="java.lang.Object">
                                                <elem class="java.lang.Integer" index="1">86.400</elem>
                                            </objects>
                                            <helloWorld ref="2"/>
                                            <date class="java.util.Date">1463079386977</date>
                                            <aNullObject null="true"/>
                                            <url class="java.net.URL">https://www.google.com</url>
                                        </elem>
                                    </justAnArray>
                                    <listy class="java.util.ArrayList">
                                        <elem ref="8"/>
                                    </listy>
                                    <mappetyMap class="java.util.LinkedHashMap">
                                        <entry>
                                            <key ref="4"/>
                                            <value ref="8"/>
                                        </entry>
                                    </mappetyMap>
                                    <howMuchN>1</howMuchN>
                                    <isSuperCool>true</isSuperCool>
                                    <equity>1000000.0</equity>
                                    <primes type="int">
                                        <elem>2</elem>
                                        <elem>3</elem>
                                        <elem>5</elem>
                                        <elem>7</elem>
                                        <elem>11</elem>
                                        <elem>13</elem>
                                        <elem>17</elem>
                                        <elem>19</elem>
                                        <elem>23</elem>
                                        <elem>29</elem>
                                    </primes>
                                    <objects length="3" type="java.lang.Object">
                                        <elem class="java.lang.Integer" index="1">86.400</elem>
                                    </objects>
                                    <helloWorld ref="2"/>
                                    <date class="java.util.Date">1463079386977</date>
                                    <aNullObject null="true"/>
                                    <url class="java.net.URL">https://www.google.com</url>
                                </elem>
                            </justAnArray>
                            <listy class="java.util.ArrayList">
                                <elem ref="9"/>
                                <elem ref="10"/>
                            </listy>
                            <mappetyMap class="java.util.LinkedHashMap">
                                <entry>
                                    <key ref="4"/>
                                    <value ref="9"/>
                                </entry>
                                <entry>
                                    <key ref="11"/>
                                    <value ref="10"/>
                                </entry>
                            </mappetyMap>
                            <howMuchN>2</howMuchN>
                            <isSuperCool>true</isSuperCool>
                            <equity>1000000.0</equity>
                            <primes type="int">
                                <elem>2</elem>
                                <elem>3</elem>
                                <elem>5</elem>
                                <elem>7</elem>
                                <elem>11</elem>
                                <elem>13</elem>
                                <elem>17</elem>
                                <elem>19</elem>
                                <elem>23</elem>
                                <elem>29</elem>
                            </primes>
                            <objects length="3" type="java.lang.Object">
                                <elem class="java.lang.Integer" index="1">86.400</elem>
                            </objects>
                            <helloWorld ref="2"/>
                            <date class="java.util.Date">1463079386977</date>
                            <aNullObject null="true"/>
                            <url class="java.net.URL">https://www.google.com</url>
                        </elem>
                        <elem class="TestObject" id="18">
                            <justAnArray type="TestObject">
                                <elem class="TestObject" id="14">
                                    <justAnArray type="TestObject">
                                        <elem class="TestObject" id="12">
                                            <justAnArray type="TestObject"/>
                                            <listy class="java.util.ArrayList"/>
                                            <mappetyMap class="java.util.LinkedHashMap"/>
                                            <howMuchN>0</howMuchN>
                                            <isSuperCool>true</isSuperCool>
                                            <equity>1000000.0</equity>
                                            <primes type="int">
                                                <elem>2</elem>
                                                <elem>3</elem>
                                                <elem>5</elem>
                                                <elem>7</elem>
                                                <elem>11</elem>
                                                <elem>13</elem>
                                                <elem>17</elem>
                                                <elem>19</elem>
                                                <elem>23</elem>
                                                <elem>29</elem>
                                            </primes>
                                            <objects length="3" type="java.lang.Object">
                                                <elem class="java.lang.Integer" index="1">86.400</elem>
                                            </objects>
                                            <helloWorld ref="2"/>
                                            <date class="java.util.Date">1463079386977</date>
                                            <aNullObject null="true"/>
                                            <url class="java.net.URL">https://www.google.com</url>
                                        </elem>
                                    </justAnArray>
                                    <listy class="java.util.ArrayList">
                                        <elem ref="12"/>
                                    </listy>
                                    <mappetyMap class="java.util.LinkedHashMap">
                                        <entry>
                                            <key ref="4"/>
                                            <value ref="12"/>
                                        </entry>
                                    </mappetyMap>
                                    <howMuchN>1</howMuchN>
                                    <isSuperCool>true</isSuperCool>
                                    <equity>1000000.0</equity>
                                    <primes type="int">
                                        <elem>2</elem>
                                        <elem>3</elem>
                                        <elem>5</elem>
                                        <elem>7</elem>
                                        <elem>11</elem>
                                        <elem>13</elem>
                                        <elem>17</elem>
                                        <elem>19</elem>
                                        <elem>23</elem>
                                        <elem>29</elem>
                                    </primes>
                                    <objects length="3" type="java.lang.Object">
                                        <elem class="java.lang.Integer" index="1">86.400</elem>
                                    </objects>
                                    <helloWorld ref="2"/>
                                    <date class="java.util.Date">1463079386977</date>
                                    <aNullObject null="true"/>
                                    <url class="java.net.URL">https://www.google.com</url>
                                </elem>
                                <elem class="TestObject" id="15">
                                    <justAnArray type="TestObject">
                                        <elem class="TestObject" id="13">
                                            <justAnArray type="TestObject"/>
                                            <listy class="java.util.ArrayList"/>
                                            <mappetyMap class="java.util.LinkedHashMap"/>
                                            <howMuchN>0</howMuchN>
                                            <isSuperCool>true</isSuperCool>
                                            <equity>1000000.0</equity>
                                            <primes type="int">
                                                <elem>2</elem>
                                                <elem>3</elem>
                                                <elem>5</elem>
                                                <elem>7</elem>
                                                <elem>11</elem>
                                                <elem>13</elem>
                                                <elem>17</elem>
                                                <elem>19</elem>
                                                <elem>23</elem>
                                                <elem>29</elem>
                                            </primes>
                                            <objects length="3" type="java.lang.Object">
                                                <elem class="java.lang.Integer" index="1">86.400</elem>
                                            </objects>
                                            <helloWorld ref="2"/>
                                            <date class="java.util.Date">1463079386977</date>
                                            <aNullObject null="true"/>
                                            <url class="java.net.URL">https://www.google.com</url>
                                        </elem>
                                    </justAnArray>
                                    <listy class="java.util.ArrayList">
                                        <elem ref="13"/>
                                    </listy>
                                    <mappetyMap class="java.util.LinkedHashMap">
                                        <entry>
                                            <key ref="4"/>
                                            <value ref="13"/>
                                        </entry>
                                    </mappetyMap>
                                    <howMuchN>1</howMuchN>
                                    <isSuperCool>true</isSuperCool>
                                    <equity>1000000.0</equity>
                                    <primes type="int">
                                        <elem>2</elem>
                                        <elem>3</elem>
                                        <elem>5</elem>
                                        <elem>7</elem>
                                        <elem>11</elem>
                                        <elem>13</elem>
                                        <elem>17</elem>
                                        <elem>19</elem>
                                        <elem>23</elem>
                                        <elem>29</elem>
                                    </primes>
                                    <objects length="3" type="java.lang.Object">
                                        <elem class="java.lang.Integer" index="1">86.400</elem>
                                    </objects>
                                    <helloWorld ref="2"/>
                                    <date class="java.util.Date">1463079386977</date>
                                    <aNullObject null="true"/>
                                    <url class="java.net.URL">https://www.google.com</url>
                                </elem>
                            </justAnArray>
                            <listy class="java.util.ArrayList">
                                <elem ref="14"/>
                                <elem ref="15"/>
                            </listy>
                            <mappetyMap class="java.util.LinkedHashMap">
                                <entry>
                                    <key ref="4"/>
                                    <value ref="14"/>
                                </entry>
                                <entry>
                                    <key ref="11"/>
                                    <value ref="15"/>
                                </entry>
                            </mappetyMap>
                            <howMuchN>2</howMuchN>
                            <isSuperCool>true</isSuperCool>
                            <equity>1000000.0</equity>
                            <primes type="int">
                                <elem>2</elem>
                                <elem>3</elem>
                                <elem>5</elem>
                                <elem>7</elem>
                                <elem>11</elem>
                                <elem>13</elem>
                                <elem>17</elem>
                                <elem>19</elem>
                                <elem>23</elem>
                                <elem>29</elem>
                            </primes>
                            <objects length="3" type="java.lang.Object">
                                <elem class="java.lang.Integer" index="1">86.400</elem>
                            </objects>
                            <helloWorld ref="2"/>
                            <date class="java.util.Date">1463079386977</date>
                            <aNullObject null="true"/>
                            <url class="java.net.URL">https://www.google.com</url>
                        </elem>
                    </justAnArray>
                    <listy class="java.util.ArrayList">
                        <elem ref="16"/>
                        <elem ref="17"/>
                        <elem ref="18"/>
                    </listy>
                    <mappetyMap class="java.util.LinkedHashMap">
                        <entry>
                            <key ref="4"/>
                            <value ref="16"/>
                        </entry>
                        <entry>
                            <key ref="11"/>
                            <value ref="17"/>
                        </entry>
                        <entry>
                            <key class="java.lang.Integer" id="34">2</key>
                            <value ref="18"/>
                        </entry>
                    </mappetyMap>
                    <howMuchN>3</howMuchN>
                    <isSuperCool>true</isSuperCool>
                    <equity>1000000.0</equity>
                    <primes type="int">
                        <elem>2</elem>
                        <elem>3</elem>
                        <elem>5</elem>
                        <elem>7</elem>
                        <elem>11</elem>
                        <elem>13</elem>
                        <elem>17</elem>
                        <elem>19</elem>
                        <elem>23</elem>
                        <elem>29</elem>
                    </primes>
                    <objects length="3" type="java.lang.Object">
                        <elem class="java.lang.Integer" index="1">86.400</elem>
                    </objects>
                    <helloWorld ref="2"/>
                    <date class="java.util.Date">1463079386975</date>
                    <aNullObject null="true"/>
                    <url class="java.net.URL">https://www.google.com</url>
                </elem>
                <elem class="TestObject" id="66">
                    <justAnArray type="TestObject">
                        <elem class="TestObject" id="31">
                            <justAnArray type="TestObject">
                                <elem class="TestObject" id="21">
                                    <justAnArray type="TestObject">
                                        <elem class="TestObject" id="19">
                                            <justAnArray type="TestObject"/>
                                            <listy class="java.util.ArrayList"/>
                                            <mappetyMap class="java.util.LinkedHashMap"/>
                                            <howMuchN>0</howMuchN>
                                            <isSuperCool>true</isSuperCool>
                                            <equity>1000000.0</equity>
                                            <primes type="int">
                                                <elem>2</elem>
                                                <elem>3</elem>
                                                <elem>5</elem>
                                                <elem>7</elem>
                                                <elem>11</elem>
                                                <elem>13</elem>
                                                <elem>17</elem>
                                                <elem>19</elem>
                                                <elem>23</elem>
                                                <elem>29</elem>
                                            </primes>
                                            <objects length="3" type="java.lang.Object">
                                                <elem class="java.lang.Integer" index="1">86.400</elem>
                                            </objects>
                                            <helloWorld ref="2"/>
                                            <date class="java.util.Date">1463079386977</date>
                                            <aNullObject null="true"/>
                                            <url class="java.net.URL">https://www.google.com</url>
                                        </elem>
                                    </justAnArray>
                                    <listy class="java.util.ArrayList">
                                        <elem ref="19"/>
                                    </listy>
                                    <mappetyMap class="java.util.LinkedHashMap">
                                        <entry>
                                            <key ref="4"/>
                                            <value ref="19"/>
                                        </entry>
                                    </mappetyMap>
                                    <howMuchN>1</howMuchN>
                                    <isSuperCool>true</isSuperCool>
                                    <equity>1000000.0</equity>
                                    <primes type="int">
                                        <elem>2</elem>
                                        <elem>3</elem>
                                        <elem>5</elem>
                                        <elem>7</elem>
                                        <elem>11</elem>
                                        <elem>13</elem>
                                        <elem>17</elem>
                                        <elem>19</elem>
                                        <elem>23</elem>
                                        <elem>29</elem>
                                    </primes>
                                    <objects length="3" type="java.lang.Object">
                                        <elem class="java.lang.Integer" index="1">86.400</elem>
                                    </objects>
                                    <helloWorld ref="2"/>
                                    <date class="java.util.Date">1463079386977</date>
                                    <aNullObject null="true"/>
                                    <url class="java.net.URL">https://www.google.com</url>
                                </elem>
                                <elem class="TestObject" id="22">
                                    <justAnArray type="TestObject">
                                        <elem class="TestObject" id="20">
                                            <justAnArray type="TestObject"/>
                                            <listy class="java.util.ArrayList"/>
                                            <mappetyMap class="java.util.LinkedHashMap"/>
                                            <howMuchN>0</howMuchN>
                                            <isSuperCool>true</isSuperCool>
                                            <equity>1000000.0</equity>
                                            <primes type="int">
                                                <elem>2</elem>
                                                <elem>3</elem>
                                                <elem>5</elem>
                                                <elem>7</elem>
                                                <elem>11</elem>
                                                <elem>13</elem>
                                                <elem>17</elem>
                                                <elem>19</elem>
                                                <elem>23</elem>
                                                <elem>29</elem>
                                            </primes>
                                            <objects length="3" type="java.lang.Object">
                                                <elem class="java.lang.Integer" index="1">86.400</elem>
                                            </objects>
                                            <helloWorld ref="2"/>
                                            <date class="java.util.Date">1463079386977</date>
                                            <aNullObject null="true"/>
                                            <url class="java.net.URL">https://www.google.com</url>
                                        </elem>
                                    </justAnArray>
                                    <listy class="java.util.ArrayList">
                                        <elem ref="20"/>
                                    </listy>
                                    <mappetyMap class="java.util.LinkedHashMap">
                                        <entry>
                                            <key ref="4"/>
                                            <value ref="20"/>
                                        </entry>
                                    </mappetyMap>
                                    <howMuchN>1</howMuchN>
                                    <isSuperCool>true</isSuperCool>
                                    <equity>1000000.0</equity>
                                    <primes type="int">
                                        <elem>2</elem>
                                        <elem>3</elem>
                                        <elem>5</elem>
                                        <elem>7</elem>
                                        <elem>11</elem>
                                        <elem>13</elem>
                                        <elem>17</elem>
                                        <elem>19</elem>
                                        <elem>23</elem>
                                        <elem>29</elem>
                                    </primes>
                                    <objects length="3" type="java.lang.Object">
                                        <elem class="java.lang.Integer" index="1">86.400</elem>
                                    </objects>
                                    <helloWorld ref="2"/>
                                    <date class="java.util.Date">1463079386977</date>
                                    <aNullObject null="true"/>
                                    <url class="java.net.URL">https://www.google.com</url>
                                </elem>
                            </justAnArray>
                            <listy class="java.util.ArrayList">
                                <elem ref="21"/>
                                <elem ref="22"/>
                            </listy>
                            <mappetyMap class="java.util.LinkedHashMap">
                                <entry>
                                    <key ref="4"/>
                                    <value ref="21"/>
                                </entry>
                                <entry>
                                    <key ref="11"/>
                                    <value ref="22"/>
                                </entry>
                            </mappetyMap>
                            <howMuchN>2</howMuchN>
                            <isSuperCool>true</isSuperCool>
                            <equity>1000000.0</equity>
                            <primes type="int">
                                <elem>2</elem>
                                <elem>3</elem>
                                <elem>5</elem>
                                <elem>7</elem>
                                <elem>11</elem>
                                <elem>13</elem>
                                <elem>17</elem>
                                <elem>19</elem>
                                <elem>23</elem>
                                <elem>29</elem>
                            </primes>
                            <objects length="3" type="java.lang.Object">
                                <elem class="java.lang.Integer" index="1">86.400</elem>
                            </objects>
                            <helloWorld ref="2"/>
                            <date class="java.util.Date">1463079386977</date>
                            <aNullObject null="true"/>
                            <url class="java.net.URL">https://www.google.com</url>
                        </elem>
                        <elem class="TestObject" id="32">
                            <justAnArray type="TestObject">
                                <elem class="TestObject" id="25">
                                    <justAnArray type="TestObject">
                                        <elem class="TestObject" id="23">
                                            <justAnArray type="TestObject"/>
                                            <listy class="java.util.ArrayList"/>
                                            <mappetyMap class="java.util.LinkedHashMap"/>
                                            <howMuchN>0</howMuchN>
                                            <isSuperCool>true</isSuperCool>
                                            <equity>1000000.0</equity>
                                            <primes type="int">
                                                <elem>2</elem>
                                                <elem>3</elem>
                                                <elem>5</elem>
                                                <elem>7</elem>
                                                <elem>11</elem>
                                                <elem>13</elem>
                                                <elem>17</elem>
                                                <elem>19</elem>
                                                <elem>23</elem>
                                                <elem>29</elem>
                                            </primes>
                                            <objects length="3" type="java.lang.Object">
                                                <elem class="java.lang.Integer" index="1">86.400</elem>
                                            </objects>
                                            <helloWorld ref="2"/>
                                            <date class="java.util.Date">1463079386978</date>
                                            <aNullObject null="true"/>
                                            <url class="java.net.URL">https://www.google.com</url>
                                        </elem>
                                    </justAnArray>
                                    <listy class="java.util.ArrayList">
                                        <elem ref="23"/>
                                    </listy>
                                    <mappetyMap class="java.util.LinkedHashMap">
                                        <entry>
                                            <key ref="4"/>
                                            <value ref="23"/>
                                        </entry>
                                    </mappetyMap>
                                    <howMuchN>1</howMuchN>
                                    <isSuperCool>true</isSuperCool>
                                    <equity>1000000.0</equity>
                                    <primes type="int">
                                        <elem>2</elem>
                                        <elem>3</elem>
                                        <elem>5</elem>
                                        <elem>7</elem>
                                        <elem>11</elem>
                                        <elem>13</elem>
                                        <elem>17</elem>
                                        <elem>19</elem>
                                        <elem>23</elem>
                                        <elem>29</elem>
                                    </primes>
                                    <objects length="3" type="java.lang.Object">
                                        <elem class="java.lang.Integer" index="1">86.400</elem>
                                    </objects>
                                    <helloWorld ref="2"/>
                                    <date class="java.util.Date">1463079386977</date>
                                    <aNullObject null="true"/>
                                    <url class="java.net.URL">https://www.google.com</url>
                                </elem>
                                <elem class="TestObject" id="26">
                                    <justAnArray type="TestObject">
                                        <elem class="TestObject" id="24">
                                            <justAnArray type="TestObject"/>
                                            <listy class="java.util.ArrayList"/>
                                            <mappetyMap class="java.util.LinkedHashMap"/>
                                            <howMuchN>0</howMuchN>
                                            <isSuperCool>true</isSuperCool>
                                            <equity>1000000.0</equity>
                                            <primes type="int">
                                                <elem>2</elem>
                                                <elem>3</elem>
                                                <elem>5</elem>
                                                <elem>7</elem>
                                                <elem>11</elem>
                                                <elem>13</elem>
                                                <elem>17</elem>
                                                <elem>19</elem>
                                                <elem>23</elem>
                                                <elem>29</elem>
                                            </primes>
                                            <objects length="3" type="java.lang.Object">
                                                <elem class="java.lang.Integer" index="1">86.400</elem>
                                            </objects>
                                            <helloWorld ref="2"/>
                                            <date class="java.util.Date">1463079386978</date>
                                            <aNullObject null="true"/>
                                            <url class="java.net.URL">https://www.google.com</url>
                                        </elem>
                                    </justAnArray>
                                    <listy class="java.util.ArrayList">
                                        <elem ref="24"/>
                                    </listy>
                                    <mappetyMap class="java.util.LinkedHashMap">
                                        <entry>
                                            <key ref="4"/>
                                            <value ref="24"/>
                                        </entry>
                                    </mappetyMap>
                                    <howMuchN>1</howMuchN>
                                    <isSuperCool>true</isSuperCool>
                                    <equity>1000000.0</equity>
                                    <primes type="int">
                                        <elem>2</elem>
                                        <elem>3</elem>
                                        <elem>5</elem>
                                        <elem>7</elem>
                                        <elem>11</elem>
                                        <elem>13</elem>
                                        <elem>17</elem>
                                        <elem>19</elem>
                                        <elem>23</elem>
                                        <elem>29</elem>
                                    </primes>
                                    <objects length="3" type="java.lang.Object">
                                        <elem class="java.lang.Integer" index="1">86.400</elem>
                                    </objects>
                                    <helloWorld ref="2"/>
                                    <date class="java.util.Date">1463079386978</date>
                                    <aNullObject null="true"/>
                                    <url class="java.net.URL">https://www.google.com</url>
                                </elem>
                            </justAnArray>
                            <listy class="java.util.ArrayList">
                                <elem ref="25"/>
                                <elem ref="26"/>
                            </listy>
                            <mappetyMap class="java.util.LinkedHashMap">
                                <entry>
                                    <key ref="4"/>
                                    <value ref="25"/>
                                </entry>
                                <entry>
                                    <key ref="11"/>
                                    <value ref="26"/>
                                </entry>
                            </mappetyMap>
                            <howMuchN>2</howMuchN>
                            <isSuperCool>true</isSuperCool>
                            <equity>1000000.0</equity>
                            <primes type="int">
                                <elem>2</elem>
                                <elem>3</elem>
                                <elem>5</elem>
                                <elem>7</elem>
                                <elem>11</elem>
                                <elem>13</elem>
                                <elem>17</elem>
                                <elem>19</elem>
                                <elem>23</elem>
                                <elem>29</elem>
                            </primes>
                            <objects length="3" type="java.lang.Object">
                                <elem class="java.lang.Integer" index="1">86.400</elem>
                            </objects>
                            <helloWorld ref="2"/>
                            <date class="java.util.Date">1463079386977</date>
                            <aNullObject null="true"/>
                            <url class="java.net.URL">https://www.google.com</url>
                        </elem>
                        <elem class="TestObject" id="33">
                            <justAnArray type="TestObject">
                                <elem class="TestObject" id="29">
                                    <justAnArray type="TestObject">
                                        <elem class="TestObject" id="27">
                                            <justAnArray type="TestObject"/>
                                            <listy class="java.util.ArrayList"/>
                                            <mappetyMap class="java.util.LinkedHashMap"/>
                                            <howMuchN>0</howMuchN>
                                            <isSuperCool>true</isSuperCool>
                                            <equity>1000000.0</equity>
                                            <primes type="int">
                                                <elem>2</elem>
                                                <elem>3</elem>
                                                <elem>5</elem>
                                                <elem>7</elem>
                                                <elem>11</elem>
                                                <elem>13</elem>
                                                <elem>17</elem>
                                                <elem>19</elem>
                                                <elem>23</elem>
                                                <elem>29</elem>
                                            </primes>
                                            <objects length="3" type="java.lang.Object">
                                                <elem class="java.lang.Integer" index="1">86.400</elem>
                                            </objects>
                                            <helloWorld ref="2"/>
                                            <date class="java.util.Date">1463079386978</date>
                                            <aNullObject null="true"/>
                                            <url class="java.net.URL">https://www.google.com</url>
                                        </elem>
                                    </justAnArray>
                                    <listy class="java.util.ArrayList">
                                        <elem ref="27"/>
                                    </listy>
                                    <mappetyMap class="java.util.LinkedHashMap">
                                        <entry>
                                            <key ref="4"/>
                                            <value ref="27"/>
                                        </entry>
                                    </mappetyMap>
                                    <howMuchN>1</howMuchN>
                                    <isSuperCool>true</isSuperCool>
                                    <equity>1000000.0</equity>
                                    <primes type="int">
                                        <elem>2</elem>
                                        <elem>3</elem>
                                        <elem>5</elem>
                                        <elem>7</elem>
                                        <elem>11</elem>
                                        <elem>13</elem>
                                        <elem>17</elem>
                                        <elem>19</elem>
                                        <elem>23</elem>
                                        <elem>29</elem>
                                    </primes>
                                    <objects length="3" type="java.lang.Object">
                                        <elem class="java.lang.Integer" index="1">86.400</elem>
                                    </objects>
                                    <helloWorld ref="2"/>
                                    <date class="java.util.Date">1463079386978</date>
                                    <aNullObject null="true"/>
                                    <url class="java.net.URL">https://www.google.com</url>
                                </elem>
                                <elem class="TestObject" id="30">
                                    <justAnArray type="TestObject">
                                        <elem class="TestObject" id="28">
                                            <justAnArray type="TestObject"/>
                                            <listy class="java.util.ArrayList"/>
                                            <mappetyMap class="java.util.LinkedHashMap"/>
                                            <howMuchN>0</howMuchN>
                                            <isSuperCool>true</isSuperCool>
                                            <equity>1000000.0</equity>
                                            <primes type="int">
                                                <elem>2</elem>
                                                <elem>3</elem>
                                                <elem>5</elem>
                                                <elem>7</elem>
                                                <elem>11</elem>
                                                <elem>13</elem>
                                                <elem>17</elem>
                                                <elem>19</elem>
                                                <elem>23</elem>
                                                <elem>29</elem>
                                            </primes>
                                            <objects length="3" type="java.lang.Object">
                                                <elem class="java.lang.Integer" index="1">86.400</elem>
                                            </objects>
                                            <helloWorld ref="2"/>
                                            <date class="java.util.Date">1463079386978</date>
                                            <aNullObject null="true"/>
                                            <url class="java.net.URL">https://www.google.com</url>
                                        </elem>
                                    </justAnArray>
                                    <listy class="java.util.ArrayList">
                                        <elem ref="28"/>
                                    </listy>
                                    <mappetyMap class="java.util.LinkedHashMap">
                                        <entry>
                                            <key ref="4"/>
                                            <value ref="28"/>
                                        </entry>
                                    </mappetyMap>
                                    <howMuchN>1</howMuchN>
                                    <isSuperCool>true</isSuperCool>
                                    <equity>1000000.0</equity>
                                    <primes type="int">
                                        <elem>2</elem>
                                        <elem>3</elem>
                                        <elem>5</elem>
                                        <elem>7</elem>
                                        <elem>11</elem>
                                        <elem>13</elem>
                                        <elem>17</elem>
                                        <elem>19</elem>
                                        <elem>23</elem>
                                        <elem>29</elem>
                                    </primes>
                                    <objects length="3" type="java.lang.Object">
                                        <elem class="java.lang.Integer" index="1">86.400</elem>
                                    </objects>
                                    <helloWorld ref="2"/>
                                    <date class="java.util.Date">1463079386978</date>
                                    <aNullObject null="true"/>
                                    <url class="java.net.URL">https://www.google.com</url>
                                </elem>
                            </justAnArray>
                            <listy class="java.util.ArrayList">
                                <elem ref="29"/>
                                <elem ref="30"/>
                            </listy>
                            <mappetyMap class="java.util.LinkedHashMap">
                                <entry>
                                    <key ref="4"/>
                                    <value ref="29"/>
                                </entry>
                                <entry>
                                    <key ref="11"/>
                                    <value ref="30"/>
                                </entry>
                            </mappetyMap>
                            <howMuchN>2</howMuchN>
                            <isSuperCool>true</isSuperCool>
                            <equity>1000000.0</equity>
                            <primes type="int">
                                <elem>2</elem>
                                <elem>3</elem>
                                <elem>5</elem>
                                <elem>7</elem>
                                <elem>11</elem>
                                <elem>13</elem>
                                <elem>17</elem>
                                <elem>19</elem>
                                <elem>23</elem>
                                <elem>29</elem>
                            </primes>
                            <objects length="3" type="java.lang.Object">
                                <elem class="java.lang.Integer" index="1">86.400</elem>
                            </objects>
                            <helloWorld ref="2"/>
                            <date class="java.util.Date">1463079386978</date>
                            <aNullObject null="true"/>
                            <url class="java.net.URL">https://www.google.com</url>
                        </elem>
                    </justAnArray>
                    <listy class="java.util.ArrayList">
                        <elem ref="31"/>
                        <elem ref="32"/>
                        <elem ref="33"/>
                    </listy>
                    <mappetyMap class="java.util.LinkedHashMap">
                        <entry>
                            <key ref="4"/>
                            <value ref="31"/>
                        </entry>
                        <entry>
                            <key ref="11"/>
                            <value ref="32"/>
                        </entry>
                        <entry>
                            <key ref="34"/>
                            <value ref="33"/>
                        </entry>
                    </mappetyMap>
                    <howMuchN>3</howMuchN>
                    <isSuperCool>true</isSuperCool>
                    <equity>1000000.0</equity>
                    <primes type="int">
                        <elem>2</elem>
                        <elem>3</elem>
                        <elem>5</elem>
                        <elem>7</elem>
                        <elem>11</elem>
                        <elem>13</elem>
                        <elem>17</elem>
                        <elem>19</elem>
                        <elem>23</elem>
                        <elem>29</elem>
                    </primes>
                    <objects length="3" type="java.lang.Object">
                        <elem class="java.lang.Integer" index="1">86.400</elem>
                    </objects>
                    <helloWorld ref="2"/>
                    <date class="java.util.Date">1463079386977</date>
                    <aNullObject null="true"/>
                    <url class="java.net.URL">https://www.google.com</url>
                </elem>
                <elem class="TestObject" id="67">
                    <justAnArray type="TestObject">
                        <elem class="TestObject" id="47">
                            <justAnArray type="TestObject">
                                <elem class="TestObject" id="37">
                                    <justAnArray type="TestObject">
                                        <elem class="TestObject" id="35">
                                            <justAnArray type="TestObject"/>
                                            <listy class="java.util.ArrayList"/>
                                            <mappetyMap class="java.util.LinkedHashMap"/>
                                            <howMuchN>0</howMuchN>
                                            <isSuperCool>true</isSuperCool>
                                            <equity>1000000.0</equity>
                                            <primes type="int">
                                                <elem>2</elem>
                                                <elem>3</elem>
                                                <elem>5</elem>
                                                <elem>7</elem>
                                                <elem>11</elem>
                                                <elem>13</elem>
                                                <elem>17</elem>
                                                <elem>19</elem>
                                                <elem>23</elem>
                                                <elem>29</elem>
                                            </primes>
                                            <objects length="3" type="java.lang.Object">
                                                <elem class="java.lang.Integer" index="1">86.400</elem>
                                            </objects>
                                            <helloWorld ref="2"/>
                                            <date class="java.util.Date">1463079386978</date>
                                            <aNullObject null="true"/>
                                            <url class="java.net.URL">https://www.google.com</url>
                                        </elem>
                                    </justAnArray>
                                    <listy class="java.util.ArrayList">
                                        <elem ref="35"/>
                                    </listy>
                                    <mappetyMap class="java.util.LinkedHashMap">
                                        <entry>
                                            <key ref="4"/>
                                            <value ref="35"/>
                                        </entry>
                                    </mappetyMap>
                                    <howMuchN>1</howMuchN>
                                    <isSuperCool>true</isSuperCool>
                                    <equity>1000000.0</equity>
                                    <primes type="int">
                                        <elem>2</elem>
                                        <elem>3</elem>
                                        <elem>5</elem>
                                        <elem>7</elem>
                                        <elem>11</elem>
                                        <elem>13</elem>
                                        <elem>17</elem>
                                        <elem>19</elem>
                                        <elem>23</elem>
                                        <elem>29</elem>
                                    </primes>
                                    <objects length="3" type="java.lang.Object">
                                        <elem class="java.lang.Integer" index="1">86.400</elem>
                                    </objects>
                                    <helloWorld ref="2"/>
                                    <date class="java.util.Date">1463079386978</date>
                                    <aNullObject null="true"/>
                                    <url class="java.net.URL">https://www.google.com</url>
                                </elem>
                                <elem class="TestObject" id="38">
                                    <justAnArray type="TestObject">
                                        <elem class="TestObject" id="36">
                                            <justAnArray type="TestObject"/>
                                            <listy class="java.util.ArrayList"/>
                                            <mappetyMap class="java.util.LinkedHashMap"/>
                                            <howMuchN>0</howMuchN>
                                            <isSuperCool>true</isSuperCool>
                                            <equity>1000000.0</equity>
                                            <primes type="int">
                                                <elem>2</elem>
                                                <elem>3</elem>
                                                <elem>5</elem>
                                                <elem>7</elem>
                                                <elem>11</elem>
                                                <elem>13</elem>
                                                <elem>17</elem>
                                                <elem>19</elem>
                                                <elem>23</elem>
                                                <elem>29</elem>
                                            </primes>
                                            <objects length="3" type="java.lang.Object">
                                                <elem class="java.lang.Integer" index="1">86.400</elem>
                                            </objects>
                                            <helloWorld ref="2"/>
                                            <date class="java.util.Date">1463079386978</date>
                                            <aNullObject null="true"/>
                                            <url class="java.net.URL">https://www.google.com</url>
                                        </elem>
                                    </justAnArray>
                                    <listy class="java.util.ArrayList">
                                        <elem ref="36"/>
                                    </listy>
                                    <mappetyMap class="java.util.LinkedHashMap">
                                        <entry>
                                            <key ref="4"/>
                                            <value ref="36"/>
                                        </entry>
                                    </mappetyMap>
                                    <howMuchN>1</howMuchN>
                                    <isSuperCool>true</isSuperCool>
                                    <equity>1000000.0</equity>
                                    <primes type="int">
                                        <elem>2</elem>
                                        <elem>3</elem>
                                        <elem>5</elem>
                                        <elem>7</elem>
                                        <elem>11</elem>
                                        <elem>13</elem>
                                        <elem>17</elem>
                                        <elem>19</elem>
                                        <elem>23</elem>
                                        <elem>29</elem>
                                    </primes>
                                    <objects length="3" type="java.lang.Object">
                                        <elem class="java.lang.Integer" index="1">86.400</elem>
                                    </objects>
                                    <helloWorld ref="2"/>
                                    <date class="java.util.Date">1463079386978</date>
                                    <aNullObject null="true"/>
                                    <url class="java.net.URL">https://www.google.com</url>
                                </elem>
                            </justAnArray>
                            <listy class="java.util.ArrayList">
                                <elem ref="37"/>
                                <elem ref="38"/>
                            </listy>
                            <mappetyMap class="java.util.LinkedHashMap">
                                <entry>
                                    <key ref="4"/>
                                    <value ref="37"/>
                                </entry>
                                <entry>
                                    <key ref="11"/>
                                    <value ref="38"/>
                                </entry>
                            </mappetyMap>
                            <howMuchN>2</howMuchN>
                            <isSuperCool>true</isSuperCool>
                            <equity>1000000.0</equity>
                            <primes type="int">
                                <elem>2</elem>
                                <elem>3</elem>
                                <elem>5</elem>
                                <elem>7</elem>
                                <elem>11</elem>
                                <elem>13</elem>
                                <elem>17</elem>
                                <elem>19</elem>
                                <elem>23</elem>
                                <elem>29</elem>
                            </primes>
                            <objects length="3" type="java.lang.Object">
                                <elem class="java.lang.Integer" index="1">86.400</elem>
                            </objects>
                            <helloWorld ref="2"/>
                            <date class="java.util.Date">1463079386978</date>
                            <aNullObject null="true"/>
                            <url class="java.net.URL">https://www.google.com</url>
                        </elem>
                        <elem class="TestObject" id="48">
                            <justAnArray type="TestObject">
                                <elem class="TestObject" id="41">
                                    <justAnArray type="TestObject">
                                        <elem class="TestObject" id="39">
                                            <justAnArray type="TestObject"/>
                                            <listy class="java.util.ArrayList"/>
                                            <mappetyMap class="java.util.LinkedHashMap"/>
                                            <howMuchN>0</howMuchN>
                                            <isSuperCool>true</isSuperCool>
                                            <equity>1000000.0</equity>
                                            <primes type="int">
                                                <elem>2</elem>
                                                <elem>3</elem>
                                                <elem>5</elem>
                                                <elem>7</elem>
                                                <elem>11</elem>
                                                <elem>13</elem>
                                                <elem>17</elem>
                                                <elem>19</elem>
                                                <elem>23</elem>
                                                <elem>29</elem>
                                            </primes>
                                            <objects length="3" type="java.lang.Object">
                                                <elem class="java.lang.Integer" index="1">86.400</elem>
                                            </objects>
                                            <helloWorld ref="2"/>
                                            <date class="java.util.Date">1463079386978</date>
                                            <aNullObject null="true"/>
                                            <url class="java.net.URL">https://www.google.com</url>
                                        </elem>
                                    </justAnArray>
                                    <listy class="java.util.ArrayList">
                                        <elem ref="39"/>
                                    </listy>
                                    <mappetyMap class="java.util.LinkedHashMap">
                                        <entry>
                                            <key ref="4"/>
                                            <value ref="39"/>
                                        </entry>
                                    </mappetyMap>
                                    <howMuchN>1</howMuchN>
                                    <isSuperCool>true</isSuperCool>
                                    <equity>1000000.0</equity>
                                    <primes type="int">
                                        <elem>2</elem>
                                        <elem>3</elem>
                                        <elem>5</elem>
                                        <elem>7</elem>
                                        <elem>11</elem>
                                        <elem>13</elem>
                                        <elem>17</elem>
                                        <elem>19</elem>
                                        <elem>23</elem>
                                        <elem>29</elem>
                                    </primes>
                                    <objects length="3" type="java.lang.Object">
                                        <elem class="java.lang.Integer" index="1">86.400</elem>
                                    </objects>
                                    <helloWorld ref="2"/>
                                    <date class="java.util.Date">1463079386978</date>
                                    <aNullObject null="true"/>
                                    <url class="java.net.URL">https://www.google.com</url>
                                </elem>
                                <elem class="TestObject" id="42">
                                    <justAnArray type="TestObject">
                                        <elem class="TestObject" id="40">
                                            <justAnArray type="TestObject"/>
                                            <listy class="java.util.ArrayList"/>
                                            <mappetyMap class="java.util.LinkedHashMap"/>
                                            <howMuchN>0</howMuchN>
                                            <isSuperCool>true</isSuperCool>
                                            <equity>1000000.0</equity>
                                            <primes type="int">
                                                <elem>2</elem>
                                                <elem>3</elem>
                                                <elem>5</elem>
                                                <elem>7</elem>
                                                <elem>11</elem>
                                                <elem>13</elem>
                                                <elem>17</elem>
                                                <elem>19</elem>
                                                <elem>23</elem>
                                                <elem>29</elem>
                                            </primes>
                                            <objects length="3" type="java.lang.Object">
                                                <elem class="java.lang.Integer" index="1">86.400</elem>
                                            </objects>
                                            <helloWorld ref="2"/>
                                            <date class="java.util.Date">1463079386978</date>
                                            <aNullObject null="true"/>
                                            <url class="java.net.URL">https://www.google.com</url>
                                        </elem>
                                    </justAnArray>
                                    <listy class="java.util.ArrayList">
                                        <elem ref="40"/>
                                    </listy>
                                    <mappetyMap class="java.util.LinkedHashMap">
                                        <entry>
                                            <key ref="4"/>
                                            <value ref="40"/>
                                        </entry>
                                    </mappetyMap>
                                    <howMuchN>1</howMuchN>
                                    <isSuperCool>true</isSuperCool>
                                    <equity>1000000.0</equity>
                                    <primes type="int">
                                        <elem>2</elem>
                                        <elem>3</elem>
                                        <elem>5</elem>
                                        <elem>7</elem>
                                        <elem>11</elem>
                                        <elem>13</elem>
                                        <elem>17</elem>
                                        <elem>19</elem>
                                        <elem>23</elem>
                                        <elem>29</elem>
                                    </primes>
                                    <objects length="3" type="java.lang.Object">
                                        <elem class="java.lang.Integer" index="1">86.400</elem>
                                    </objects>
                                    <helloWorld ref="2"/>
                                    <date class="java.util.Date">1463079386978</date>
                                    <aNullObject null="true"/>
                                    <url class="java.net.URL">https://www.google.com</url>
                                </elem>
                            </justAnArray>
                            <listy class="java.util.ArrayList">
                                <elem ref="41"/>
                                <elem ref="42"/>
                            </listy>
                            <mappetyMap class="java.util.LinkedHashMap">
                                <entry>
                                    <key ref="4"/>
                                    <value ref="41"/>
                                </entry>
                                <entry>
                                    <key ref="11"/>
                                    <value ref="42"/>
                                </entry>
                            </mappetyMap>
                            <howMuchN>2</howMuchN>
                            <isSuperCool>true</isSuperCool>
                            <equity>1000000.0</equity>
                            <primes type="int">
                                <elem>2</elem>
                                <elem>3</elem>
                                <elem>5</elem>
                                <elem>7</elem>
                                <elem>11</elem>
                                <elem>13</elem>
                                <elem>17</elem>
                                <elem>19</elem>
                                <elem>23</elem>
                                <elem>29</elem>
                            </primes>
                            <objects length="3" type="java.lang.Object">
                                <elem class="java.lang.Integer" index="1">86.400</elem>
                            </objects>
                            <helloWorld ref="2"/>
                            <date class="java.util.Date">1463079386978</date>
                            <aNullObject null="true"/>
                            <url class="java.net.URL">https://www.google.com</url>
                        </elem>
                        <elem class="TestObject" id="49">
                            <justAnArray type="TestObject">
                                <elem class="TestObject" id="45">
                                    <justAnArray type="TestObject">
                                        <elem class="TestObject" id="43">
                                            <justAnArray type="TestObject"/>
                                            <listy class="java.util.ArrayList"/>
                                            <mappetyMap class="java.util.LinkedHashMap"/>
                                            <howMuchN>0</howMuchN>
                                            <isSuperCool>true</isSuperCool>
                                            <equity>1000000.0</equity>
                                            <primes type="int">
                                                <elem>2</elem>
                                                <elem>3</elem>
                                                <elem>5</elem>
                                                <elem>7</elem>
                                                <elem>11</elem>
                                                <elem>13</elem>
                                                <elem>17</elem>
                                                <elem>19</elem>
                                                <elem>23</elem>
                                                <elem>29</elem>
                                            </primes>
                                            <objects length="3" type="java.lang.Object">
                                                <elem class="java.lang.Integer" index="1">86.400</elem>
                                            </objects>
                                            <helloWorld ref="2"/>
                                            <date class="java.util.Date">1463079386978</date>
                                            <aNullObject null="true"/>
                                            <url class="java.net.URL">https://www.google.com</url>
                                        </elem>
                                    </justAnArray>
                                    <listy class="java.util.ArrayList">
                                        <elem ref="43"/>
                                    </listy>
                                    <mappetyMap class="java.util.LinkedHashMap">
                                        <entry>
                                            <key ref="4"/>
                                            <value ref="43"/>
                                        </entry>
                                    </mappetyMap>
                                    <howMuchN>1</howMuchN>
                                    <isSuperCool>true</isSuperCool>
                                    <equity>1000000.0</equity>
                                    <primes type="int">
                                        <elem>2</elem>
                                        <elem>3</elem>
                                        <elem>5</elem>
                                        <elem>7</elem>
                                        <elem>11</elem>
                                        <elem>13</elem>
                                        <elem>17</elem>
                                        <elem>19</elem>
                                        <elem>23</elem>
                                        <elem>29</elem>
                                    </primes>
                                    <objects length="3" type="java.lang.Object">
                                        <elem class="java.lang.Integer" index="1">86.400</elem>
                                    </objects>
                                    <helloWorld ref="2"/>
                                    <date class="java.util.Date">1463079386978</date>
                                    <aNullObject null="true"/>
                                    <url class="java.net.URL">https://www.google.com</url>
                                </elem>
                                <elem class="TestObject" id="46">
                                    <justAnArray type="TestObject">
                                        <elem class="TestObject" id="44">
                                            <justAnArray type="TestObject"/>
                                            <listy class="java.util.ArrayList"/>
                                            <mappetyMap class="java.util.LinkedHashMap"/>
                                            <howMuchN>0</howMuchN>
                                            <isSuperCool>true</isSuperCool>
                                            <equity>1000000.0</equity>
                                            <primes type="int">
                                                <elem>2</elem>
                                                <elem>3</elem>
                                                <elem>5</elem>
                                                <elem>7</elem>
                                                <elem>11</elem>
                                                <elem>13</elem>
                                                <elem>17</elem>
                                                <elem>19</elem>
                                                <elem>23</elem>
                                                <elem>29</elem>
                                            </primes>
                                            <objects length="3" type="java.lang.Object">
                                                <elem class="java.lang.Integer" index="1">86.400</elem>
                                            </objects>
                                            <helloWorld ref="2"/>
                                            <date class="java.util.Date">1463079386978</date>
                                            <aNullObject null="true"/>
                                            <url class="java.net.URL">https://www.google.com</url>
                                        </elem>
                                    </justAnArray>
                                    <listy class="java.util.ArrayList">
                                        <elem ref="44"/>
                                    </listy>
                                    <mappetyMap class="java.util.LinkedHashMap">
                                        <entry>
                                            <key ref="4"/>
                                            <value ref="44"/>
                                        </entry>
                                    </mappetyMap>
                                    <howMuchN>1</howMuchN>
                                    <isSuperCool>true</isSuperCool>
                                    <equity>1000000.0</equity>
                                    <primes type="int">
                                        <elem>2</elem>
                                        <elem>3</elem>
                                        <elem>5</elem>
                                        <elem>7</elem>
                                        <elem>11</elem>
                                        <elem>13</elem>
                                        <elem>17</elem>
                                        <elem>19</elem>
                                        <elem>23</elem>
                                        <elem>29</elem>
                                    </primes>
                                    <objects length="3" type="java.lang.Object">
                                        <elem class="java.lang.Integer" index="1">86.400</elem>
                                    </objects>
                                    <helloWorld ref="2"/>
                                    <date class="java.util.Date">1463079386978</date>
                                    <aNullObject null="true"/>
                                    <url class="java.net.URL">https://www.google.com</url>
                                </elem>
                            </justAnArray>
                            <listy class="java.util.ArrayList">
                                <elem ref="45"/>
                                <elem ref="46"/>
                            </listy>
                            <mappetyMap class="java.util.LinkedHashMap">
                                <entry>
                                    <key ref="4"/>
                                    <value ref="45"/>
                                </entry>
                                <entry>
                                    <key ref="11"/>
                                    <value ref="46"/>
                                </entry>
                            </mappetyMap>
                            <howMuchN>2</howMuchN>
                            <isSuperCool>true</isSuperCool>
                            <equity>1000000.0</equity>
                            <primes type="int">
                                <elem>2</elem>
                                <elem>3</elem>
                                <elem>5</elem>
                                <elem>7</elem>
                                <elem>11</elem>
                                <elem>13</elem>
                                <elem>17</elem>
                                <elem>19</elem>
                                <elem>23</elem>
                                <elem>29</elem>
                            </primes>
                            <objects length="3" type="java.lang.Object">
                                <elem class="java.lang.Integer" index="1">86.400</elem>
                            </objects>
                            <helloWorld ref="2"/>
                            <date class="java.util.Date">1463079386978</date>
                            <aNullObject null="true"/>
                            <url class="java.net.URL">https://www.google.com</url>
                        </elem>
                    </justAnArray>
                    <listy class="java.util.ArrayList">
                        <elem ref="47"/>
                        <elem ref="48"/>
                        <elem ref="49"/>
                    </listy>
                    <mappetyMap class="java.util.LinkedHashMap">
                        <entry>
                            <key ref="4"/>
                            <value ref="47"/>
                        </entry>
                        <entry>
                            <key ref="11"/>
                            <value ref="48"/>
                        </entry>
                        <entry>
                            <key ref="34"/>
                            <value ref="49"/>
                        </entry>
                    </mappetyMap>
                    <howMuchN>3</howMuchN>
                    <isSuperCool>true</isSuperCool>
                    <equity>1000000.0</equity>
                    <primes type="int">
                        <elem>2</elem>
                        <elem>3</elem>
                        <elem>5</elem>
                        <elem>7</elem>
                        <elem>11</elem>
                        <elem>13</elem>
                        <elem>17</elem>
                        <elem>19</elem>
                        <elem>23</elem>
                        <elem>29</elem>
                    </primes>
                    <objects length="3" type="java.lang.Object">
                        <elem class="java.lang.Integer" index="1">86.400</elem>
                    </objects>
                    <helloWorld ref="2"/>
                    <date class="java.util.Date">1463079386978</date>
                    <aNullObject null="true"/>
                    <url class="java.net.URL">https://www.google.com</url>
                </elem>
                <elem class="TestObject" id="68">
                    <justAnArray type="TestObject">
                        <elem class="TestObject" id="62">
                            <justAnArray type="TestObject">
                                <elem class="TestObject" id="52">
                                    <justAnArray type="TestObject">
                                        <elem class="TestObject" id="50">
                                            <justAnArray type="TestObject"/>
                                            <listy class="java.util.ArrayList"/>
                                            <mappetyMap class="java.util.LinkedHashMap"/>
                                            <howMuchN>0</howMuchN>
                                            <isSuperCool>true</isSuperCool>
                                            <equity>1000000.0</equity>
                                            <primes type="int">
                                                <elem>2</elem>
                                                <elem>3</elem>
                                                <elem>5</elem>
                                                <elem>7</elem>
                                                <elem>11</elem>
                                                <elem>13</elem>
                                                <elem>17</elem>
                                                <elem>19</elem>
                                                <elem>23</elem>
                                                <elem>29</elem>
                                            </primes>
                                            <objects length="3" type="java.lang.Object">
                                                <elem class="java.lang.Integer" index="1">86.400</elem>
                                            </objects>
                                            <helloWorld ref="2"/>
                                            <date class="java.util.Date">1463079386978</date>
                                            <aNullObject null="true"/>
                                            <url class="java.net.URL">https://www.google.com</url>
                                        </elem>
                                    </justAnArray>
                                    <listy class="java.util.ArrayList">
                                        <elem ref="50"/>
                                    </listy>
                                    <mappetyMap class="java.util.LinkedHashMap">
                                        <entry>
                                            <key ref="4"/>
                                            <value ref="50"/>
                                        </entry>
                                    </mappetyMap>
                                    <howMuchN>1</howMuchN>
                                    <isSuperCool>true</isSuperCool>
                                    <equity>1000000.0</equity>
                                    <primes type="int">
                                        <elem>2</elem>
                                        <elem>3</elem>
                                        <elem>5</elem>
                                        <elem>7</elem>
                                        <elem>11</elem>
                                        <elem>13</elem>
                                        <elem>17</elem>
                                        <elem>19</elem>
                                        <elem>23</elem>
                                        <elem>29</elem>
                                    </primes>
                                    <objects length="3" type="java.lang.Object">
                                        <elem class="java.lang.Integer" index="1">86.400</elem>
                                    </objects>
                                    <helloWorld ref="2"/>
                                    <date class="java.util.Date">1463079386978</date>
                                    <aNullObject null="true"/>
                                    <url class="java.net.URL">https://www.google.com</url>
                                </elem>
                                <elem class="TestObject" id="53">
                                    <justAnArray type="TestObject">
                                        <elem class="TestObject" id="51">
                                            <justAnArray type="TestObject"/>
                                            <listy class="java.util.ArrayList"/>
                                            <mappetyMap class="java.util.LinkedHashMap"/>
                                            <howMuchN>0</howMuchN>
                                            <isSuperCool>true</isSuperCool>
                                            <equity>1000000.0</equity>
                                            <primes type="int">
                                                <elem>2</elem>
                                                <elem>3</elem>
                                                <elem>5</elem>
                                                <elem>7</elem>
                                                <elem>11</elem>
                                                <elem>13</elem>
                                                <elem>17</elem>
                                                <elem>19</elem>
                                                <elem>23</elem>
                                                <elem>29</elem>
                                            </primes>
                                            <objects length="3" type="java.lang.Object">
                                                <elem class="java.lang.Integer" index="1">86.400</elem>
                                            </objects>
                                            <helloWorld ref="2"/>
                                            <date class="java.util.Date">1463079386978</date>
                                            <aNullObject null="true"/>
                                            <url class="java.net.URL">https://www.google.com</url>
                                        </elem>
                                    </justAnArray>
                                    <listy class="java.util.ArrayList">
                                        <elem ref="51"/>
                                    </listy>
                                    <mappetyMap class="java.util.LinkedHashMap">
                                        <entry>
                                            <key ref="4"/>
                                            <value ref="51"/>
                                        </entry>
                                    </mappetyMap>
                                    <howMuchN>1</howMuchN>
                                    <isSuperCool>true</isSuperCool>
                                    <equity>1000000.0</equity>
                                    <primes type="int">
                                        <elem>2</elem>
                                        <elem>3</elem>
                                        <elem>5</elem>
                                        <elem>7</elem>
                                        <elem>11</elem>
                                        <elem>13</elem>
                                        <elem>17</elem>
                                        <elem>19</elem>
                                        <elem>23</elem>
                                        <elem>29</elem>
                                    </primes>
                                    <objects length="3" type="java.lang.Object">
                                        <elem class="java.lang.Integer" index="1">86.400</elem>
                                    </objects>
                                    <helloWorld ref="2"/>
                                    <date class="java.util.Date">1463079386978</date>
                                    <aNullObject null="true"/>
                                    <url class="java.net.URL">https://www.google.com</url>
                                </elem>
                            </justAnArray>
                            <listy class="java.util.ArrayList">
                                <elem ref="52"/>
                                <elem ref="53"/>
                            </listy>
                            <mappetyMap class="java.util.LinkedHashMap">
                                <entry>
                                    <key ref="4"/>
                                    <value ref="52"/>
                                </entry>
                                <entry>
                                    <key ref="11"/>
                                    <value ref="53"/>
                                </entry>
                            </mappetyMap>
                            <howMuchN>2</howMuchN>
                            <isSuperCool>true</isSuperCool>
                            <equity>1000000.0</equity>
                            <primes type="int">
                                <elem>2</elem>
                                <elem>3</elem>
                                <elem>5</elem>
                                <elem>7</elem>
                                <elem>11</elem>
                                <elem>13</elem>
                                <elem>17</elem>
                                <elem>19</elem>
                                <elem>23</elem>
                                <elem>29</elem>
                            </primes>
                            <objects length="3" type="java.lang.Object">
                                <elem class="java.lang.Integer" index="1">86.400</elem>
                            </objects>
                            <helloWorld ref="2"/>
                            <date class="java.util.Date">1463079386978</date>
                            <aNullObject null="true"/>
                            <url class="java.net.URL">https://www.google.com</url>
                        </elem>
                        <elem class="TestObject" id="63">
                            <justAnArray type="TestObject">
                                <elem class="TestObject" id="56">
                                    <justAnArray type="TestObject">
                                        <elem class="TestObject" id="54">
                                            <justAnArray type="TestObject"/>
                                            <listy class="java.util.ArrayList"/>
                                            <mappetyMap class="java.util.LinkedHashMap"/>
                                            <howMuchN>0</howMuchN>
                                            <isSuperCool>true</isSuperCool>
                                            <equity>1000000.0</equity>
                                            <primes type="int">
                                                <elem>2</elem>
                                                <elem>3</elem>
                                                <elem>5</elem>
                                                <elem>7</elem>
                                                <elem>11</elem>
                                                <elem>13</elem>
                                                <elem>17</elem>
                                                <elem>19</elem>
                                                <elem>23</elem>
                                                <elem>29</elem>
                                            </primes>
                                            <objects length="3" type="java.lang.Object">
                                                <elem class="java.lang.Integer" index="1">86.400</elem>
                                            </objects>
                                            <helloWorld ref="2"/>
                                            <date class="java.util.Date">1463079386978</date>
                                            <aNullObject null="true"/>
                                            <url class="java.net.URL">https://www.google.com</url>
                                        </elem>
                                    </justAnArray>
                                    <listy class="java.util.ArrayList">
                                        <elem ref="54"/>
                                    </listy>
                                    <mappetyMap class="java.util.LinkedHashMap">
                                        <entry>
                                            <key ref="4"/>
                                            <value ref="54"/>
                                        </entry>
                                    </mappetyMap>
                                    <howMuchN>1</howMuchN>
                                    <isSuperCool>true</isSuperCool>
                                    <equity>1000000.0</equity>
                                    <primes type="int">
                                        <elem>2</elem>
                                        <elem>3</elem>
                                        <elem>5</elem>
                                        <elem>7</elem>
                                        <elem>11</elem>
                                        <elem>13</elem>
                                        <elem>17</elem>
                                        <elem>19</elem>
                                        <elem>23</elem>
                                        <elem>29</elem>
                                    </primes>
                                    <objects length="3" type="java.lang.Object">
                                        <elem class="java.lang.Integer" index="1">86.400</elem>
                                    </objects>
                                    <helloWorld ref="2"/>
                                    <date class="java.util.Date">1463079386978</date>
                                    <aNullObject null="true"/>
                                    <url class="java.net.URL">https://www.google.com</url>
                                </elem>
                                <elem class="TestObject" id="57">
                                    <justAnArray type="TestObject">
                                        <elem class="TestObject" id="55">
                                            <justAnArray type="TestObject"/>
                                            <listy class="java.util.ArrayList"/>
                                            <mappetyMap class="java.util.LinkedHashMap"/>
                                            <howMuchN>0</howMuchN>
                                            <isSuperCool>true</isSuperCool>
                                            <equity>1000000.0</equity>
                                            <primes type="int">
                                                <elem>2</elem>
                                                <elem>3</elem>
                                                <elem>5</elem>
                                                <elem>7</elem>
                                                <elem>11</elem>
                                                <elem>13</elem>
                                                <elem>17</elem>
                                                <elem>19</elem>
                                                <elem>23</elem>
                                                <elem>29</elem>
                                            </primes>
                                            <objects length="3" type="java.lang.Object">
                                                <elem class="java.lang.Integer" index="1">86.400</elem>
                                            </objects>
                                            <helloWorld ref="2"/>
                                            <date class="java.util.Date">1463079386978</date>
                                            <aNullObject null="true"/>
                                            <url class="java.net.URL">https://www.google.com</url>
                                        </elem>
                                    </justAnArray>
                                    <listy class="java.util.ArrayList">
                                        <elem ref="55"/>
                                    </listy>
                                    <mappetyMap class="java.util.LinkedHashMap">
                                        <entry>
                                            <key ref="4"/>
                                            <value ref="55"/>
                                        </entry>
                                    </mappetyMap>
                                    <howMuchN>1</howMuchN>
                                    <isSuperCool>true</isSuperCool>
                                    <equity>1000000.0</equity>
                                    <primes type="int">
                                        <elem>2</elem>
                                        <elem>3</elem>
                                        <elem>5</elem>
                                        <elem>7</elem>
                                        <elem>11</elem>
                                        <elem>13</elem>
                                        <elem>17</elem>
                                        <elem>19</elem>
                                        <elem>23</elem>
                                        <elem>29</elem>
                                    </primes>
                                    <objects length="3" type="java.lang.Object">
                                        <elem class="java.lang.Integer" index="1">86.400</elem>
                                    </objects>
                                    <helloWorld ref="2"/>
                                    <date class="java.util.Date">1463079386978</date>
                                    <aNullObject null="true"/>
                                    <url class="java.net.URL">https://www.google.com</url>
                                </elem>
                            </justAnArray>
                            <listy class="java.util.ArrayList">
                                <elem ref="56"/>
                                <elem ref="57"/>
                            </listy>
                            <mappetyMap class="java.util.LinkedHashMap">
                                <entry>
                                    <key ref="4"/>
                                    <value ref="56"/>
                                </entry>
                                <entry>
                                    <key ref="11"/>
                                    <value ref="57"/>
                                </entry>
                            </mappetyMap>
                            <howMuchN>2</howMuchN>
                            <isSuperCool>true</isSuperCool>
                            <equity>1000000.0</equity>
                            <primes type="int">
                                <elem>2</elem>
                                <elem>3</elem>
                                <elem>5</elem>
                                <elem>7</elem>
                                <elem>11</elem>
                                <elem>13</elem>
                                <elem>17</elem>
                                <elem>19</elem>
                                <elem>23</elem>
                                <elem>29</elem>
                            </primes>
                            <objects length="3" type="java.lang.Object">
                                <elem class="java.lang.Integer" index="1">86.400</elem>
                            </objects>
                            <helloWorld ref="2"/>
                            <date class="java.util.Date">1463079386978</date>
                            <aNullObject null="true"/>
                            <url class="java.net.URL">https://www.google.com</url>
                        </elem>
                        <elem class="TestObject" id="64">
                            <justAnArray type="TestObject">
                                <elem class="TestObject" id="60">
                                    <justAnArray type="TestObject">
                                        <elem class="TestObject" id="58">
                                            <justAnArray type="TestObject"/>
                                            <listy class="java.util.ArrayList"/>
                                            <mappetyMap class="java.util.LinkedHashMap"/>
                                            <howMuchN>0</howMuchN>
                                            <isSuperCool>true</isSuperCool>
                                            <equity>1000000.0</equity>
                                            <primes type="int">
                                                <elem>2</elem>
                                                <elem>3</elem>
                                                <elem>5</elem>
                                                <elem>7</elem>
                                                <elem>11</elem>
                                                <elem>13</elem>
                                                <elem>17</elem>
                                                <elem>19</elem>
                                                <elem>23</elem>
                                                <elem>29</elem>
                                            </primes>
                                            <objects length="3" type="java.lang.Object">
                                                <elem class="java.lang.Integer" index="1">86.400</elem>
                                            </objects>
                                            <helloWorld ref="2"/>
                                            <date class="java.util.Date">1463079386978</date>
                                            <aNullObject null="true"/>
                                            <url class="java.net.URL">https://www.google.com</url>
                                        </elem>
                                    </justAnArray>
                                    <listy class="java.util.ArrayList">
                                        <elem ref="58"/>
                                    </listy>
                                    <mappetyMap class="java.util.LinkedHashMap">
                                        <entry>
                                            <key ref="4"/>
                                            <value ref="58"/>
                                        </entry>
                                    </mappetyMap>
                                    <howMuchN>1</howMuchN>
                                    <isSuperCool>true</isSuperCool>
                                    <equity>1000000.0</equity>
                                    <primes type="int">
                                        <elem>2</elem>
                                        <elem>3</elem>
                                        <elem>5</elem>
                                        <elem>7</elem>
                                        <elem>11</elem>
                                        <elem>13</elem>
                                        <elem>17</elem>
                                        <elem>19</elem>
                                        <elem>23</elem>
                                        <elem>29</elem>
                                    </primes>
                                    <objects length="3" type="java.lang.Object">
                                        <elem class="java.lang.Integer" index="1">86.400</elem>
                                    </objects>
                                    <helloWorld ref="2"/>
                                    <date class="java.util.Date">1463079386978</date>
                                    <aNullObject null="true"/>
                                    <url class="java.net.URL">https://www.google.com</url>
                                </elem>
                                <elem class="TestObject" id="61">
                                    <justAnArray type="TestObject">
                                        <elem class="TestObject" id="59">
                                            <justAnArray type="TestObject"/>
                                            <listy class="java.util.ArrayList"/>
                                            <mappetyMap class="java.util.LinkedHashMap"/>
                                            <howMuchN>0</howMuchN>
                                            <isSuperCool>true</isSuperCool>
                                            <equity>1000000.0</equity>
                                            <primes type="int">
                                                <elem>2</elem>
                                                <elem>3</elem>
                                                <elem>5</elem>
                                                <elem>7</elem>
                                                <elem>11</elem>
                                                <elem>13</elem>
                                                <elem>17</elem>
                                                <elem>19</elem>
                                                <elem>23</elem>
                                                <elem>29</elem>
                                            </primes>
                                            <objects length="3" type="java.lang.Object">
                                                <elem class="java.lang.Integer" index="1">86.400</elem>
                                            </objects>
                                            <helloWorld ref="2"/>
                                            <date class="java.util.Date">1463079386978</date>
                                            <aNullObject null="true"/>
                                            <url class="java.net.URL">https://www.google.com</url>
                                        </elem>
                                    </justAnArray>
                                    <listy class="java.util.ArrayList">
                                        <elem ref="59"/>
                                    </listy>
                                    <mappetyMap class="java.util.LinkedHashMap">
                                        <entry>
                                            <key ref="4"/>
                                            <value ref="59"/>
                                        </entry>
                                    </mappetyMap>
                                    <howMuchN>1</howMuchN>
                                    <isSuperCool>true</isSuperCool>
                                    <equity>1000000.0</equity>
                                    <primes type="int">
                                        <elem>2</elem>
                                        <elem>3</elem>
                                        <elem>5</elem>
                                        <elem>7</elem>
                                        <elem>11</elem>
                                        <elem>13</elem>
                                        <elem>17</elem>
                                        <elem>19</elem>
                                        <elem>23</elem>
                                        <elem>29</elem>
                                    </primes>
                                    <objects length="3" type="java.lang.Object">
                                        <elem class="java.lang.Integer" index="1">86.400</elem>
                                    </objects>
                                    <helloWorld ref="2"/>
                                    <date class="java.util.Date">1463079386978</date>
                                    <aNullObject null="true"/>
                                    <url class="java.net.URL">https://www.google.com</url>
                                </elem>
                            </justAnArray>
                            <listy class="java.util.ArrayList">
                                <elem ref="60"/>
                                <elem ref="61"/>
                            </listy>
                            <mappetyMap class="java.util.LinkedHashMap">
                                <entry>
                                    <key ref="4"/>
                                    <value ref="60"/>
                                </entry>
                                <entry>
                                    <key ref="11"/>
                                    <value ref="61"/>
                                </entry>
                            </mappetyMap>
                            <howMuchN>2</howMuchN>
                            <isSuperCool>true</isSuperCool>
                            <equity>1000000.0</equity>
                            <primes type="int">
                                <elem>2</elem>
                                <elem>3</elem>
                                <elem>5</elem>
                                <elem>7</elem>
                                <elem>11</elem>
                                <elem>13</elem>
                                <elem>17</elem>
                                <elem>19</elem>
                                <elem>23</elem>
                                <elem>29</elem>
                            </primes>
                            <objects length="3" type="java.lang.Object">
                                <elem class="java.lang.Integer" index="1">86.400</elem>
                            </objects>
                            <helloWorld ref="2"/>
                            <date class="java.util.Date">1463079386978</date>
                            <aNullObject null="true"/>
                            <url class="java.net.URL">https://www.google.com</url>
                        </elem>
                    </justAnArray>
                    <listy class="java.util.ArrayList">
                        <elem ref="62"/>
                        <elem ref="63"/>
                        <elem ref="64"/>
                    </listy>
                    <mappetyMap class="java.util.LinkedHashMap">
                        <entry>
                            <key ref="4"/>
                            <value ref="62"/>
                        </entry>
                        <entry>
                            <key ref="11"/>
                            <value ref="63"/>
                        </entry>
                        <entry>
                            <key ref="34"/>
                            <value ref="64"/>
                        </entry>
                    </mappetyMap>
                    <howMuchN>3</howMuchN>
                    <isSuperCool>true</isSuperCool>
                    <equity>1000000.0</equity>
                    <primes type="int">
                        <elem>2</elem>
                        <elem>3</elem>
                        <elem>5</elem>
                        <elem>7</elem>
                        <elem>11</elem>
                        <elem>13</elem>
                        <elem>17</elem>
                        <elem>19</elem>
                        <elem>23</elem>
                        <elem>29</elem>
                    </primes>
                    <objects length="3" type="java.lang.Object">
                        <elem class="java.lang.Integer" index="1">86.400</elem>
                    </objects>
                    <helloWorld ref="2"/>
                    <date class="java.util.Date">1463079386978</date>
                    <aNullObject null="true"/>
                    <url class="java.net.URL">https://www.google.com</url>
                </elem>
            </justAnArray>
            <listy class="java.util.ArrayList">
                <elem ref="65"/>
                <elem ref="66"/>
                <elem ref="67"/>
                <elem ref="68"/>
            </listy>
            <mappetyMap class="java.util.LinkedHashMap">
                <entry>
                    <key ref="4"/>
                    <value ref="65"/>
                </entry>
                <entry>
                    <key ref="11"/>
                    <value ref="66"/>
                </entry>
                <entry>
                    <key ref="34"/>
                    <value ref="67"/>
                </entry>
                <entry>
                    <key class="java.lang.Integer" id="133">3</key>
                    <value ref="68"/>
                </entry>
            </mappetyMap>
            <howMuchN>4</howMuchN>
            <isSuperCool>true</isSuperCool>
            <equity>1000000.0</equity>
            <primes type="int">
                <elem>2</elem>
                <elem>3</elem>
                <elem>5</elem>
                <elem>7</elem>
                <elem>11</elem>
                <elem>13</elem>
                <elem>17</elem>
                <elem>19</elem>
                <elem>23</elem>
                <elem>29</elem>
            </primes>
            <objects length="3" type="java.lang.Object">
                <elem class="java.lang.Integer" index="1">86.400</elem>
            </objects>
            <helloWorld ref="2"/>
            <date class="java.util.Date">1463079386975</date>
            <aNullObject null="true"/>
            <url class="java.net.URL">https://www.google.com</url>
        </elem>
        <elem class="TestObject" id="327">
            <justAnArray type="TestObject">
                <elem class="TestObject" id="129">
                    <justAnArray type="TestObject">
                        <elem class="TestObject" id="81">
                            <justAnArray type="TestObject">
                                <elem class="TestObject" id="71">
                                    <justAnArray type="TestObject">
                                        <elem class="TestObject" id="69">
                                            <justAnArray type="TestObject"/>
                                            <listy class="java.util.ArrayList"/>
                                            <mappetyMap class="java.util.LinkedHashMap"/>
                                            <howMuchN>0</howMuchN>
                                            <isSuperCool>true</isSuperCool>
                                            <equity>1000000.0</equity>
                                            <primes type="int">
                                                <elem>2</elem>
                                                <elem>3</elem>
                                                <elem>5</elem>
                                                <elem>7</elem>
                                                <elem>11</elem>
                                                <elem>13</elem>
                                                <elem>17</elem>
                                                <elem>19</elem>
                                                <elem>23</elem>
                                                <elem>29</elem>
                                            </primes>
                                            <objects length="3" type="java.lang.Object">
                                                <elem class="java.lang.Integer" index="1">86.400</elem>
                                            </objects>
                                            <helloWorld ref="2"/>
                                            <date class="java.util.Date">1463079386978</date>
                                            <aNullObject null="true"/>
                                            <url class="java.net.URL">https://www.google.com</url>
                                        </elem>
                                    </justAnArray>
                                    <listy class="java.util.ArrayList">
                                        <elem ref="69"/>
                                    </listy>
                                    <mappetyMap class="java.util.LinkedHashMap">
                                        <entry>
                                            <key ref="4"/>
                                            <value ref="69"/>
                                        </entry>
                                    </mappetyMap>
                                    <howMuchN>1</howMuchN>
                                    <isSuperCool>true</isSuperCool>
                                    <equity>1000000.0</equity>
                                    <primes type="int">
                                        <elem>2</elem>
                                        <elem>3</elem>
                                        <elem>5</elem>
                                        <elem>7</elem>
                                        <elem>11</elem>
                                        <elem>13</elem>
                                        <elem>17</elem>
                                        <elem>19</elem>
                                        <elem>23</elem>
                                        <elem>29</elem>
                                    </primes>
                                    <objects length="3" type="java.lang.Object">
                                        <elem class="java.lang.Integer" index="1">86.400</elem>
                                    </objects>
                                    <helloWorld ref="2"/>
                                    <date class="java.util.Date">1463079386978</date>
                                    <aNullObject null="true"/>
                                    <url class="java.net.URL">https://www.google.com</url>
                                </elem>
                                <elem class="TestObject" id="72">
                                    <justAnArray type="TestObject">
                                        <elem class="TestObject" id="70">
                                            <justAnArray type="TestObject"/>
                                            <listy class="java.util.ArrayList"/>
                                            <mappetyMap class="java.util.LinkedHashMap"/>
                                            <howMuchN>0</howMuchN>
                                            <isSuperCool>true</isSuperCool>
                                            <equity>1000000.0</equity>
                                            <primes type="int">
                                                <elem>2</elem>
                                                <elem>3</elem>
                                                <elem>5</elem>
                                                <elem>7</elem>
                                                <elem>11</elem>
                                                <elem>13</elem>
                                                <elem>17</elem>
                                                <elem>19</elem>
                                                <elem>23</elem>
                                                <elem>29</elem>
                                            </primes>
                                            <objects length="3" type="java.lang.Object">
                                                <elem class="java.lang.Integer" index="1">86.400</elem>
                                            </objects>
                                            <helloWorld ref="2"/>
                                            <date class="java.util.Date">1463079386979</date>
                                            <aNullObject null="true"/>
                                            <url class="java.net.URL">https://www.google.com</url>
                                        </elem>
                                    </justAnArray>
                                    <listy class="java.util.ArrayList">
                                        <elem ref="70"/>
                                    </listy>
                                    <mappetyMap class="java.util.LinkedHashMap">
                                        <entry>
                                            <key ref="4"/>
                                            <value ref="70"/>
                                        </entry>
                                    </mappetyMap>
                                    <howMuchN>1</howMuchN>
                                    <isSuperCool>true</isSuperCool>
                                    <equity>1000000.0</equity>
                                    <primes type="int">
                                        <elem>2</elem>
                                        <elem>3</elem>
                                        <elem>5</elem>
                                        <elem>7</elem>
                                        <elem>11</elem>
                                        <elem>13</elem>
                                        <elem>17</elem>
                                        <elem>19</elem>
                                        <elem>23</elem>
                                        <elem>29</elem>
                                    </primes>
                                    <objects length="3" type="java.lang.Object">
                                        <elem class="java.lang.Integer" index="1">86.400</elem>
                                    </objects>
                                    <helloWorld ref="2"/>
                                    <date class="java.util.Date">1463079386979</date>
                                    <aNullObject null="true"/>
                                    <url class="java.net.URL">https://www.google.com</url>
                                </elem>
                            </justAnArray>
                            <listy class="java.util.ArrayList">
                                <elem ref="71"/>
                                <elem ref="72"/>
                            </listy>
                            <mappetyMap class="java.util.LinkedHashMap">
                                <entry>
                                    <key ref="4"/>
                                    <value ref="71"/>
                                </entry>
                                <entry>
                                    <key ref="11"/>
                                    <value ref="72"/>
                                </entry>
                            </mappetyMap>
                            <howMuchN>2</howMuchN>
                            <isSuperCool>true</isSuperCool>
                            <equity>1000000.0</equity>
                            <primes type="int">
                                <elem>2</elem>
                                <elem>3</elem>
                                <elem>5</elem>
                                <elem>7</elem>
                                <elem>11</elem>
                                <elem>13</elem>
                                <elem>17</elem>
                                <elem>19</elem>
                                <elem>23</elem>
                                <elem>29</elem>
                            </primes>
                            <objects length="3" type="java.lang.Object">
                                <elem class="java.lang.Integer" index="1">86.400</elem>
                            </objects>
                            <helloWorld ref="2"/>
                            <date class="java.util.Date">1463079386978</date>
                            <aNullObject null="true"/>
                            <url class="java.net.URL">https://www.google.com</url>
                        </elem>
                        <elem class="TestObject" id="82">
                            <justAnArray type="TestObject">
                                <elem class="TestObject" id="75">
                                    <justAnArray type="TestObject">
                                        <elem class="TestObject" id="73">
                                            <justAnArray type="TestObject"/>
                                            <listy class="java.util.ArrayList"/>
                                            <mappetyMap class="java.util.LinkedHashMap"/>
                                            <howMuchN>0</howMuchN>
                                            <isSuperCool>true</isSuperCool>
                                            <equity>1000000.0</equity>
                                            <primes type="int">
                                                <elem>2</elem>
                                                <elem>3</elem>
                                                <elem>5</elem>
                                                <elem>7</elem>
                                                <elem>11</elem>
                                                <elem>13</elem>
                                                <elem>17</elem>
                                                <elem>19</elem>
                                                <elem>23</elem>
                                                <elem>29</elem>
                                            </primes>
                                            <objects length="3" type="java.lang.Object">
                                                <elem class="java.lang.Integer" index="1">86.400</elem>
                                            </objects>
                                            <helloWorld ref="2"/>
                                            <date class="java.util.Date">1463079386979</date>
                                            <aNullObject null="true"/>
                                            <url class="java.net.URL">https://www.google.com</url>
                                        </elem>
                                    </justAnArray>
                                    <listy class="java.util.ArrayList">
                                        <elem ref="73"/>
                                    </listy>
                                    <mappetyMap class="java.util.LinkedHashMap">
                                        <entry>
                                            <key ref="4"/>
                                            <value ref="73"/>
                                        </entry>
                                    </mappetyMap>
                                    <howMuchN>1</howMuchN>
                                    <isSuperCool>true</isSuperCool>
                                    <equity>1000000.0</equity>
                                    <primes type="int">
                                        <elem>2</elem>
                                        <elem>3</elem>
                                        <elem>5</elem>
                                        <elem>7</elem>
                                        <elem>11</elem>
                                        <elem>13</elem>
                                        <elem>17</elem>
                                        <elem>19</elem>
                                        <elem>23</elem>
                                        <elem>29</elem>
                                    </primes>
                                    <objects length="3" type="java.lang.Object">
                                        <elem class="java.lang.Integer" index="1">86.400</elem>
                                    </objects>
                                    <helloWorld ref="2"/>
                                    <date class="java.util.Date">1463079386979</date>
                                    <aNullObject null="true"/>
                                    <url class="java.net.URL">https://www.google.com</url>
                                </elem>
                                <elem class="TestObject" id="76">
                                    <justAnArray type="TestObject">
                                        <elem class="TestObject" id="74">
                                            <justAnArray type="TestObject"/>
                                            <listy class="java.util.ArrayList"/>
                                            <mappetyMap class="java.util.LinkedHashMap"/>
                                            <howMuchN>0</howMuchN>
                                            <isSuperCool>true</isSuperCool>
                                            <equity>1000000.0</equity>
                                            <primes type="int">
                                                <elem>2</elem>
                                                <elem>3</elem>
                                                <elem>5</elem>
                                                <elem>7</elem>
                                                <elem>11</elem>
                                                <elem>13</elem>
                                                <elem>17</elem>
                                                <elem>19</elem>
                                                <elem>23</elem>
                                                <elem>29</elem>
                                            </primes>
                                            <objects length="3" type="java.lang.Object">
                                                <elem class="java.lang.Integer" index="1">86.400</elem>
                                            </objects>
                                            <helloWorld ref="2"/>
                                            <date class="java.util.Date">1463079386979</date>
                                            <aNullObject null="true"/>
                                            <url class="java.net.URL">https://www.google.com</url>
                                        </elem>
                                    </justAnArray>
                                    <listy class="java.util.ArrayList">
                                        <elem ref="74"/>
                                    </listy>
                                    <mappetyMap class="java.util.LinkedHashMap">
                                        <entry>
                                            <key ref="4"/>
                                            <value ref="74"/>
                                        </entry>
                                    </mappetyMap>
                                    <howMuchN>1</howMuchN>
                                    <isSuperCool>true</isSuperCool>
                                    <equity>1000000.0</equity>
                                    <primes type="int">
                                        <elem>2</elem>
                                        <elem>3</elem>
                                        <elem>5</elem>
                                        <elem>7</elem>
                                        <elem>11</elem>
                                        <elem>13</elem>
                                        <elem>17</elem>
                                        <elem>19</elem>
                                        <elem>23</elem>
                                        <elem>29</elem>
                                    </primes>
                                    <objects length="3" type="java.lang.Object">
                                        <elem class="java.lang.Integer" index="1">86.400</elem>
                                    </objects>
                                    <helloWorld ref="2"/>
                                    <date class="java.util.Date">1463079386979</date>
                                    <aNullObject null="true"/>
                                    <url class="java.net.URL">https://www.google.com</url>
                                </elem>
                            </justAnArray>
                            <listy class="java.util.ArrayList">
                                <elem ref="75"/>
                                <elem ref="76"/>
                            </listy>
                            <mappetyMap class="java.util.LinkedHashMap">
                                <entry>
                                    <key ref="4"/>
                                    <value ref="75"/>
                                </entry>
                                <entry>
                                    <key ref="11"/>
                                    <value ref="76"/>
                                </entry>
                            </mappetyMap>
                            <howMuchN>2</howMuchN>
                            <isSuperCool>true</isSuperCool>
                            <equity>1000000.0</equity>
                            <primes type="int">
                                <elem>2</elem>
                                <elem>3</elem>
                                <elem>5</elem>
                                <elem>7</elem>
                                <elem>11</elem>
                                <elem>13</elem>
                                <elem>17</elem>
                                <elem>19</elem>
                                <elem>23</elem>
                                <elem>29</elem>
                            </primes>
                            <objects length="3" type="java.lang.Object">
                                <elem class="java.lang.Integer" index="1">86.400</elem>
                            </objects>
                            <helloWorld ref="2"/>
                            <date class="java.util.Date">1463079386979</date>
                            <aNullObject null="true"/>
                            <url class="java.net.URL">https://www.google.com</url>
                        </elem>
                        <elem class="TestObject" id="83">
                            <justAnArray type="TestObject">
                                <elem class="TestObject" id="79">
                                    <justAnArray type="TestObject">
                                        <elem class="TestObject" id="77">
                                            <justAnArray type="TestObject"/>
                                            <listy class="java.util.ArrayList"/>
                                            <mappetyMap class="java.util.LinkedHashMap"/>
                                            <howMuchN>0</howMuchN>
                                            <isSuperCool>true</isSuperCool>
                                            <equity>1000000.0</equity>
                                            <primes type="int">
                                                <elem>2</elem>
                                                <elem>3</elem>
                                                <elem>5</elem>
                                                <elem>7</elem>
                                                <elem>11</elem>
                                                <elem>13</elem>
                                                <elem>17</elem>
                                                <elem>19</elem>
                                                <elem>23</elem>
                                                <elem>29</elem>
                                            </primes>
                                            <objects length="3" type="java.lang.Object">
                                                <elem class="java.lang.Integer" index="1">86.400</elem>
                                            </objects>
                                            <helloWorld ref="2"/>
                                            <date class="java.util.Date">1463079386979</date>
                                            <aNullObject null="true"/>
                                            <url class="java.net.URL">https://www.google.com</url>
                                        </elem>
                                    </justAnArray>
                                    <listy class="java.util.ArrayList">
                                        <elem ref="77"/>
                                    </listy>
                                    <mappetyMap class="java.util.LinkedHashMap">
                                        <entry>
                                            <key ref="4"/>
                                            <value ref="77"/>
                                        </entry>
                                    </mappetyMap>
                                    <howMuchN>1</howMuchN>
                                    <isSuperCool>true</isSuperCool>
                                    <equity>1000000.0</equity>
                                    <primes type="int">
                                        <elem>2</elem>
                                        <elem>3</elem>
                                        <elem>5</elem>
                                        <elem>7</elem>
                                        <elem>11</elem>
                                        <elem>13</elem>
                                        <elem>17</elem>
                                        <elem>19</elem>
                                        <elem>23</elem>
                                        <elem>29</elem>
                                    </primes>
                                    <objects length="3" type="java.lang.Object">
                                        <elem class="java.lang.Integer" index="1">86.400</elem>
                                    </objects>
                                    <helloWorld ref="2"/>
                                    <date class="java.util.Date">1463079386979</date>
                                    <aNullObject null="true"/>
                                    <url class="java.net.URL">https://www.google.com</url>
                                </elem>
                                <elem class="TestObject" id="80">
                                    <justAnArray type="TestObject">
                                        <elem class="TestObject" id="78">
                                            <justAnArray type="TestObject"/>
                                            <listy class="java.util.ArrayList"/>
                                            <mappetyMap class="java.util.LinkedHashMap"/>
                                            <howMuchN>0</howMuchN>
                                            <isSuperCool>true</isSuperCool>
                                            <equity>1000000.0</equity>
                                            <primes type="int">
                                                <elem>2</elem>
                                                <elem>3</elem>
                                                <elem>5</elem>
                                                <elem>7</elem>
                                                <elem>11</elem>
                                                <elem>13</elem>
                                                <elem>17</elem>
                                                <elem>19</elem>
                                                <elem>23</elem>
                                                <elem>29</elem>
                                            </primes>
                                            <objects length="3" type="java.lang.Object">
                                                <elem class="java.lang.Integer" index="1">86.400</elem>
                                            </objects>
                                            <helloWorld ref="2"/>
                                            <date class="java.util.Date">1463079386979</date>
                                            <aNullObject null="true"/>
                                            <url class="java.net.URL">https://www.google.com</url>
                                        </elem>
                                    </justAnArray>
                                    <listy class="java.util.ArrayList">
                                        <elem ref="78"/>
                                    </listy>
                                    <mappetyMap class="java.util.LinkedHashMap">
                                        <entry>
                                            <key ref="4"/>
                                            <value ref="78"/>
                                        </entry>
                                    </mappetyMap>
                                    <howMuchN>1</howMuchN>
                                    <isSuperCool>true</isSuperCool>
                                    <equity>1000000.0</equity>
                                    <primes type="int">
                                        <elem>2</elem>
                                        <elem>3</elem>
                                        <elem>5</elem>
                                        <elem>7</elem>
                                        <elem>11</elem>
                                        <elem>13</elem>
                                        <elem>17</elem>
                                        <elem>19</elem>
                                        <elem>23</elem>
                                        <elem>29</elem>
                                    </primes>
                                    <objects length="3" type="java.lang.Object">
                                        <elem class="java.lang.Integer" index="1">86.400</elem>
                                    </objects>
                                    <helloWorld ref="2"/>
                                    <date class="java.util.Date">1463079386979</date>
                                    <aNullObject null="true"/>
                                    <url class="java.net.URL">https://www.google.com</url>
                                </elem>
                            </justAnArray>
                            <listy class="java.util.ArrayList">
                                <elem ref="79"/>
                                <elem ref="80"/>
                            </listy>
                            <mappetyMap class="java.util.LinkedHashMap">
                                <entry>
                                    <key ref="4"/>
                                    <value ref="79"/>
                                </entry>
                                <entry>
                                    <key ref="11"/>
                                    <value ref="80"/>
                                </entry>
                            </mappetyMap>
                            <howMuchN>2</howMuchN>
                            <isSuperCool>true</isSuperCool>
                            <equity>1000000.0</equity>
                            <primes type="int">
                                <elem>2</elem>
                                <elem>3</elem>
                                <elem>5</elem>
                                <elem>7</elem>
                                <elem>11</elem>
                                <elem>13</elem>
                                <elem>17</elem>
                                <elem>19</elem>
                                <elem>23</elem>
                                <elem>29</elem>
                            </primes>
                            <objects length="3" type="java.lang.Object">
                                <elem class="java.lang.Integer" index="1">86.400</elem>
                            </objects>
                            <helloWorld ref="2"/>
                            <date class="java.util.Date">1463079386979</date>
                            <aNullObject null="true"/>
                            <url class="java.net.URL">https://www.google.com</url>
                        </elem>
                    </justAnArray>
                    <listy class="java.util.ArrayList">
                        <elem ref="81"/>
                        <elem ref="82"/>
                        <elem ref="83"/>
                    </listy>
                    <mappetyMap class="java.util.LinkedHashMap">
                        <entry>
                            <key ref="4"/>
                            <value ref="81"/>
                        </entry>
                        <entry>
                            <key ref="11"/>
                            <value ref="82"/>
                        </entry>
                        <entry>
                            <key ref="34"/>
                            <value ref="83"/>
                        </entry>
                    </mappetyMap>
                    <howMuchN>3</howMuchN>
                    <isSuperCool>true</isSuperCool>
                    <equity>1000000.0</equity>
                    <primes type="int">
                        <elem>2</elem>
                        <elem>3</elem>
                        <elem>5</elem>
                        <elem>7</elem>
                        <elem>11</elem>
                        <elem>13</elem>
                        <elem>17</elem>
                        <elem>19</elem>
                        <elem>23</elem>
                        <elem>29</elem>
                    </primes>
                    <objects length="3" type="java.lang.Object">
                        <elem class="java.lang.Integer" index="1">86.400</elem>
                    </objects>
                    <helloWorld ref="2"/>
                    <date class="java.util.Date">1463079386978</date>
                    <aNullObject null="true"/>
                    <url class="java.net.URL">https://www.google.com</url>
                </elem>
                <elem class="TestObject" id="130">
                    <justAnArray type="TestObject">
                        <elem class="TestObject" id="96">
                            <justAnArray type="TestObject">
                                <elem class="TestObject" id="86">
                                    <justAnArray type="TestObject">
                                        <elem class="TestObject" id="84">
                                            <justAnArray type="TestObject"/>
                                            <listy class="java.util.ArrayList"/>
                                            <mappetyMap class="java.util.LinkedHashMap"/>
                                            <howMuchN>0</howMuchN>
                                            <isSuperCool>true</isSuperCool>
                                            <equity>1000000.0</equity>
                                            <primes type="int">
                                                <elem>2</elem>
                                                <elem>3</elem>
                                                <elem>5</elem>
                                                <elem>7</elem>
                                                <elem>11</elem>
                                                <elem>13</elem>
                                                <elem>17</elem>
                                                <elem>19</elem>
                                                <elem>23</elem>
                                                <elem>29</elem>
                                            </primes>
                                            <objects length="3" type="java.lang.Object">
                                                <elem class="java.lang.Integer" index="1">86.400</elem>
                                            </objects>
                                            <helloWorld ref="2"/>
                                            <date class="java.util.Date">1463079386979</date>
                                            <aNullObject null="true"/>
                                            <url class="java.net.URL">https://www.google.com</url>
                                        </elem>
                                    </justAnArray>
                                    <listy class="java.util.ArrayList">
                                        <elem ref="84"/>
                                    </listy>
                                    <mappetyMap class="java.util.LinkedHashMap">
                                        <entry>
                                            <key ref="4"/>
                                            <value ref="84"/>
                                        </entry>
                                    </mappetyMap>
                                    <howMuchN>1</howMuchN>
                                    <isSuperCool>true</isSuperCool>
                                    <equity>1000000.0</equity>
                                    <primes type="int">
                                        <elem>2</elem>
                                        <elem>3</elem>
                                        <elem>5</elem>
                                        <elem>7</elem>
                                        <elem>11</elem>
                                        <elem>13</elem>
                                        <elem>17</elem>
                                        <elem>19</elem>
                                        <elem>23</elem>
                                        <elem>29</elem>
                                    </primes>
                                    <objects length="3" type="java.lang.Object">
                                        <elem class="java.lang.Integer" index="1">86.400</elem>
                                    </objects>
                                    <helloWorld ref="2"/>
                                    <date class="java.util.Date">1463079386979</date>
                                    <aNullObject null="true"/>
                                    <url class="java.net.URL">https://www.google.com</url>
                                </elem>
                                <elem class="TestObject" id="87">
                                    <justAnArray type="TestObject">
                                        <elem class="TestObject" id="85">
                                            <justAnArray type="TestObject"/>
                                            <listy class="java.util.ArrayList"/>
                                            <mappetyMap class="java.util.LinkedHashMap"/>
                                            <howMuchN>0</howMuchN>
                                            <isSuperCool>true</isSuperCool>
                                            <equity>1000000.0</equity>
                                            <primes type="int">
                                                <elem>2</elem>
                                                <elem>3</elem>
                                                <elem>5</elem>
                                                <elem>7</elem>
                                                <elem>11</elem>
                                                <elem>13</elem>
                                                <elem>17</elem>
                                                <elem>19</elem>
                                                <elem>23</elem>
                                                <elem>29</elem>
                                            </primes>
                                            <objects length="3" type="java.lang.Object">
                                                <elem class="java.lang.Integer" index="1">86.400</elem>
                                            </objects>
                                            <helloWorld ref="2"/>
                                            <date class="java.util.Date">1463079386979</date>
                                            <aNullObject null="true"/>
                                            <url class="java.net.URL">https://www.google.com</url>
                                        </elem>
                                    </justAnArray>
                                    <listy class="java.util.ArrayList">
                                        <elem ref="85"/>
                                    </listy>
                                    <mappetyMap class="java.util.LinkedHashMap">
                                        <entry>
                                            <key ref="4"/>
                                            <value ref="85"/>
                                        </entry>
                                    </mappetyMap>
                                    <howMuchN>1</howMuchN>
                                    <isSuperCool>true</isSuperCool>
                                    <equity>1000000.0</equity>
                                    <primes type="int">
                                        <elem>2</elem>
                                        <elem>3</elem>
                                        <elem>5</elem>
                                        <elem>7</elem>
                                        <elem>11</elem>
                                        <elem>13</elem>
                                        <elem>17</elem>
                                        <elem>19</elem>
                                        <elem>23</elem>
                                        <elem>29</elem>
                                    </primes>
                                    <objects length="3" type="java.lang.Object">
                                        <elem class="java.lang.Integer" index="1">86.400</elem>
                                    </objects>
                                    <helloWorld ref="2"/>
                                    <date class="java.util.Date">1463079386979</date>
                                    <aNullObject null="true"/>
                                    <url class="java.net.URL">https://www.google.com</url>
                                </elem>
                            </justAnArray>
                            <listy class="java.util.ArrayList">
                                <elem ref="86"/>
                                <elem ref="87"/>
                            </listy>
                            <mappetyMap class="java.util.LinkedHashMap">
                                <entry>
                                    <key ref="4"/>
                                    <value ref="86"/>
                                </entry>
                                <entry>
                                    <key ref="11"/>
                                    <value ref="87"/>
                                </entry>
                            </mappetyMap>
                            <howMuchN>2</howMuchN>
                            <isSuperCool>true</isSuperCool>
                            <equity>1000000.0</equity>
                            <primes type="int">
                                <elem>2</elem>
                                <elem>3</elem>
                                <elem>5</elem>
                                <elem>7</elem>
                                <elem>11</elem>
                                <elem>13</elem>
                                <elem>17</elem>
                                <elem>19</elem>
                                <elem>23</elem>
                                <elem>29</elem>
                            </primes>
                            <objects length="3" type="java.lang.Object">
                                <elem class="java.lang.Integer" index="1">86.400</elem>
                            </objects>
                            <helloWorld ref="2"/>
                            <date class="java.util.Date">1463079386979</date>
                            <aNullObject null="true"/>
                            <url class="java.net.URL">https://www.google.com</url>
                        </elem>
                        <elem class="TestObject" id="97">
                            <justAnArray type="TestObject">
                                <elem class="TestObject" id="90">
                                    <justAnArray type="TestObject">
                                        <elem class="TestObject" id="88">
                                            <justAnArray type="TestObject"/>
                                            <listy class="java.util.ArrayList"/>
                                            <mappetyMap class="java.util.LinkedHashMap"/>
                                            <howMuchN>0</howMuchN>
                                            <isSuperCool>true</isSuperCool>
                                            <equity>1000000.0</equity>
                                            <primes type="int">
                                                <elem>2</elem>
                                                <elem>3</elem>
                                                <elem>5</elem>
                                                <elem>7</elem>
                                                <elem>11</elem>
                                                <elem>13</elem>
                                                <elem>17</elem>
                                                <elem>19</elem>
                                                <elem>23</elem>
                                                <elem>29</elem>
                                            </primes>
                                            <objects length="3" type="java.lang.Object">
                                                <elem class="java.lang.Integer" index="1">86.400</elem>
                                            </objects>
                                            <helloWorld ref="2"/>
                                            <date class="java.util.Date">1463079386979</date>
                                            <aNullObject null="true"/>
                                            <url class="java.net.URL">https://www.google.com</url>
                                        </elem>
                                    </justAnArray>
                                    <listy class="java.util.ArrayList">
                                        <elem ref="88"/>
                                    </listy>
                                    <mappetyMap class="java.util.LinkedHashMap">
                                        <entry>
                                            <key ref="4"/>
                                            <value ref="88"/>
                                        </entry>
                                    </mappetyMap>
                                    <howMuchN>1</howMuchN>
                                    <isSuperCool>true</isSuperCool>
                                    <equity>1000000.0</equity>
                                    <primes type="int">
                                        <elem>2</elem>
                                        <elem>3</elem>
                                        <elem>5</elem>
                                        <elem>7</elem>
                                        <elem>11</elem>
                                        <elem>13</elem>
                                        <elem>17</elem>
                                        <elem>19</elem>
                                        <elem>23</elem>
                                        <elem>29</elem>
                                    </primes>
                                    <objects length="3" type="java.lang.Object">
                                        <elem class="java.lang.Integer" index="1">86.400</elem>
                                    </objects>
                                    <helloWorld ref="2"/>
                                    <date class="java.util.Date">1463079386979</date>
                                    <aNullObject null="true"/>
                                    <url class="java.net.URL">https://www.google.com</url>
                                </elem>
                                <elem class="TestObject" id="91">
                                    <justAnArray type="TestObject">
                                        <elem class="TestObject" id="89">
                                            <justAnArray type="TestObject"/>
                                            <listy class="java.util.ArrayList"/>
                                            <mappetyMap class="java.util.LinkedHashMap"/>
                                            <howMuchN>0</howMuchN>
                                            <isSuperCool>true</isSuperCool>
                                            <equity>1000000.0</equity>
                                            <primes type="int">
                                                <elem>2</elem>
                                                <elem>3</elem>
                                                <elem>5</elem>
                                                <elem>7</elem>
                                                <elem>11</elem>
                                                <elem>13</elem>
                                                <elem>17</elem>
                                                <elem>19</elem>
                                                <elem>23</elem>
                                                <elem>29</elem>
                                            </primes>
                                            <objects length="3" type="java.lang.Object">
                                                <elem class="java.lang.Integer" index="1">86.400</elem>
                                            </objects>
                                            <helloWorld ref="2"/>
                                            <date class="java.util.Date">1463079386979</date>
                                            <aNullObject null="true"/>
                                            <url class="java.net.URL">https://www.google.com</url>
                                        </elem>
                                    </justAnArray>
                                    <listy class="java.util.ArrayList">
                                        <elem ref="89"/>
                                    </listy>
                                    <mappetyMap class="java.util.LinkedHashMap">
                                        <entry>
                                            <key ref="4"/>
                                            <value ref="89"/>
                                        </entry>
                                    </mappetyMap>
                                    <howMuchN>1</howMuchN>
                                    <isSuperCool>true</isSuperCool>
                                    <equity>1000000.0</equity>
                                    <primes type="int">
                                        <elem>2</elem>
                                        <elem>3</elem>
                                        <elem>5</elem>
                                        <elem>7</elem>
                                        <elem>11</elem>
                                        <elem>13</elem>
                                        <elem>17</elem>
                                        <elem>19</elem>
                                        <elem>23</elem>
                                        <elem>29</elem>
                                    </primes>
                                    <objects length="3" type="java.lang.Object">
                                        <elem class="java.lang.Integer" index="1">86.400</elem>
                                    </objects>
                                    <helloWorld ref="2"/>
                                    <date class="java.util.Date">1463079386979</date>
                                    <aNullObject null="true"/>
                                    <url class="java.net.URL">https://www.google.com</url>
                                </elem>
                            </justAnArray>
                            <listy class="java.util.ArrayList">
                                <elem ref="90"/>
                                <elem ref="91"/>
                            </listy>
                            <mappetyMap class="java.util.LinkedHashMap">
                                <entry>
                                    <key ref="4"/>
                                    <value ref="90"/>
                                </entry>
                                <entry>
                                    <key ref="11"/>
                                    <value ref="91"/>
                                </entry>
                            </mappetyMap>
                            <howMuchN>2</howMuchN>
                            <isSuperCool>true</isSuperCool>
                            <equity>1000000.0</equity>
                            <primes type="int">
                                <elem>2</elem>
                                <elem>3</elem>
                                <elem>5</elem>
                                <elem>7</elem>
                                <elem>11</elem>
                                <elem>13</elem>
                                <elem>17</elem>
                                <elem>19</elem>
                                <elem>23</elem>
                                <elem>29</elem>
                            </primes>
                            <objects length="3" type="java.lang.Object">
                                <elem class="java.lang.Integer" index="1">86.400</elem>
                            </objects>
                            <helloWorld ref="2"/>
                            <date class="java.util.Date">1463079386979</date>
                            <aNullObject null="true"/>
                            <url class="java.net.URL">https://www.google.com</url>
                        </elem>
                        <elem class="TestObject" id="98">
                            <justAnArray type="TestObject">
                                <elem class="TestObject" id="94">
                                    <justAnArray type="TestObject">
                                        <elem class="TestObject" id="92">
                                            <justAnArray type="TestObject"/>
                                            <listy class="java.util.ArrayList"/>
                                            <mappetyMap class="java.util.LinkedHashMap"/>
                                            <howMuchN>0</howMuchN>
                                            <isSuperCool>true</isSuperCool>
                                            <equity>1000000.0</equity>
                                            <primes type="int">
                                                <elem>2</elem>
                                                <elem>3</elem>
                                                <elem>5</elem>
                                                <elem>7</elem>
                                                <elem>11</elem>
                                                <elem>13</elem>
                                                <elem>17</elem>
                                                <elem>19</elem>
                                                <elem>23</elem>
                                                <elem>29</elem>
                                            </primes>
                                            <objects length="3" type="java.lang.Object">
                                                <elem class="java.lang.Integer" index="1">86.400</elem>
                                            </objects>
                                            <helloWorld ref="2"/>
                                            <date class="java.util.Date">1463079386979</date>
                                            <aNullObject null="true"/>
                                            <url class="java.net.URL">https://www.google.com</url>
                                        </elem>
                                    </justAnArray>
                                    <listy class="java.util.ArrayList">
                                        <elem ref="92"/>
                                    </listy>
                                    <mappetyMap class="java.util.LinkedHashMap">
                                        <entry>
                                            <key ref="4"/>
                                            <value ref="92"/>
                                        </entry>
                                    </mappetyMap>
                                    <howMuchN>1</howMuchN>
                                    <isSuperCool>true</isSuperCool>
                                    <equity>1000000.0</equity>
                                    <primes type="int">
                                        <elem>2</elem>
                                        <elem>3</elem>
                                        <elem>5</elem>
                                        <elem>7</elem>
                                        <elem>11</elem>
                                        <elem>13</elem>
                                        <elem>17</elem>
                                        <elem>19</elem>
                                        <elem>23</elem>
                                        <elem>29</elem>
                                    </primes>
                                    <objects length="3" type="java.lang.Object">
                                        <elem class="java.lang.Integer" index="1">86.400</elem>
                                    </objects>
                                    <helloWorld ref="2"/>
                                    <date class="java.util.Date">1463079386979</date>
                                    <aNullObject null="true"/>
                                    <url class="java.net.URL">https://www.google.com</url>
                                </elem>
                                <elem class="TestObject" id="95">
                                    <justAnArray type="TestObject">
                                        <elem class="TestObject" id="93">
                                            <justAnArray type="TestObject"/>
                                            <listy class="java.util.ArrayList"/>
                                            <mappetyMap class="java.util.LinkedHashMap"/>
                                            <howMuchN>0</howMuchN>
                                            <isSuperCool>true</isSuperCool>
                                            <equity>1000000.0</equity>
                                            <primes type="int">
                                                <elem>2</elem>
                                                <elem>3</elem>
                                                <elem>5</elem>
                                                <elem>7</elem>
                                                <elem>11</elem>
                                                <elem>13</elem>
                                                <elem>17</elem>
                                                <elem>19</elem>
                                                <elem>23</elem>
                                                <elem>29</elem>
                                            </primes>
                                            <objects length="3" type="java.lang.Object">
                                                <elem class="java.lang.Integer" index="1">86.400</elem>
                                            </objects>
                                            <helloWorld ref="2"/>
                                            <date class="java.util.Date">1463079386979</date>
                                            <aNullObject null="true"/>
                                            <url class="java.net.URL">https://www.google.com</url>
                                        </elem>
                                    </justAnArray>
                                    <listy class="java.util.ArrayList">
                                        <elem ref="93"/>
                                    </listy>
                                    <mappetyMap class="java.util.LinkedHashMap">
                                        <entry>
                                            <key ref="4"/>
                                            <value ref="93"/>
                                        </entry>
                                    </mappetyMap>
                                    <howMuchN>1</howMuchN>
                                    <isSuperCool>true</isSuperCool>
                                    <equity>1000000.0</equity>
                                    <primes type="int">
                                        <elem>2</elem>
                                        <elem>3</elem>
                                        <elem>5</elem>
                                        <elem>7</elem>
                                        <elem>11</elem>
                                        <elem>13</elem>
                                        <elem>17</elem>
                                        <elem>19</elem>
                                        <elem>23</elem>
                                        <elem>29</elem>
                                    </primes>
                                    <objects length="3" type="java.lang.Object">
                                        <elem class="java.lang.Integer" index="1">86.400</elem>
                                    </objects>
                                    <helloWorld ref="2"/>
                                    <date class="java.util.Date">1463079386979</date>
                                    <aNullObject null="true"/>
                                    <url class="java.net.URL">https://www.google.com</url>
                                </elem>
                            </justAnArray>
                            <listy class="java.util.ArrayList">
                                <elem ref="94"/>
                                <elem ref="95"/>
                            </listy>
                            <mappetyMap class="java.util.LinkedHashMap">
                                <entry>
                                    <key ref="4"/>
                                    <value ref="94"/>
                                </entry>
                                <entry>
                                    <key ref="11"/>
                                    <value ref="95"/>
                                </entry>
                            </mappetyMap>
                            <howMuchN>2</howMuchN>
                            <isSuperCool>true</isSuperCool>
                            <equity>1000000.0</equity>
                            <primes type="int">
                                <elem>2</elem>
                                <elem>3</elem>
                                <elem>5</elem>
                                <elem>7</elem>
                                <elem>11</elem>
                                <elem>13</elem>
                                <elem>17</elem>
                                <elem>19</elem>
                                <elem>23</elem>
                                <elem>29</elem>
                            </primes>
                            <objects length="3" type="java.lang.Object">
                                <elem class="java.lang.Integer" index="1">86.400</elem>
                            </objects>
                            <helloWorld ref="2"/>
                            <date class="java.util.Date">1463079386979</date>
                            <aNullObject null="true"/>
                            <url class="java.net.URL">https://www.google.com</url>
                        </elem>
                    </justAnArray>
                    <listy class="java.util.ArrayList">
                        <elem ref="96"/>
                        <elem ref="97"/>
                        <elem ref="98"/>
                    </listy>
                    <mappetyMap class="java.util.LinkedHashMap">
                        <entry>
                            <key ref="4"/>
                            <value ref="96"/>
                        </entry>
                        <entry>
                            <key ref="11"/>
                            <value ref="97"/>
                        </entry>
                        <entry>
                            <key ref="34"/>
                            <value ref="98"/>
                        </entry>
                    </mappetyMap>
                    <howMuchN>3</howMuchN>
                    <isSuperCool>true</isSuperCool>
                    <equity>1000000.0</equity>
                    <primes type="int">
                        <elem>2</elem>
                        <elem>3</elem>
                        <elem>5</elem>
                        <elem>7</elem>
                        <elem>11</elem>
                        <elem>13</elem>
                        <elem>17</elem>
                        <elem>19</elem>
                        <elem>23</elem>
                        <elem>29</elem>
                    </primes>
                    <objects length="3" type="java.lang.Object">
                        <elem class="java.lang.Integer" index="1">86.400</elem>
                    </objects>
                    <helloWorld ref="2"/>
                    <date class="java.util.Date">1463079386979</date>
                    <aNullObject null="true"/>
                    <url class="java.net.URL">https://www.google.com</url>
                </elem>
                <elem class="TestObject" id="131">
                    <justAnArray type="TestObject">
                        <elem class="TestObject" id="111">
                            <justAnArray type="TestObject">
                                <elem class="TestObject" id="101">
                                    <justAnArray type="TestObject">
                                        <elem class="TestObject" id="99">
                                            <justAnArray type="TestObject"/>
                                            <listy class="java.util.ArrayList"/>
                                            <mappetyMap class="java.util.LinkedHashMap"/>
                                            <howMuchN>0</howMuchN>
                                            <isSuperCool>true</isSuperCool>
                                            <equity>1000000.0</equity>
                                            <primes type="int">
                                                <elem>2</elem>
                                                <elem>3</elem>
                                                <elem>5</elem>
                                                <elem>7</elem>
                                                <elem>11</elem>
                                                <elem>13</elem>
                                                <elem>17</elem>
                                                <elem>19</elem>
                                                <elem>23</elem>
                                                <elem>29</elem>
                                            </primes>
                                            <objects length="3" type="java.lang.Object">
                                                <elem class="java.lang.Integer" index="1">86.400</elem>
                                            </objects>
                                            <helloWorld ref="2"/>
                                            <date class="java.util.Date">1463079386979</date>
                                            <aNullObject null="true"/>
                                            <url class="java.net.URL">https://www.google.com</url>
                                        </elem>
                                    </justAnArray>
                                    <listy class="java.util.ArrayList">
                                        <elem ref="99"/>
                                    </listy>
                                    <mappetyMap class="java.util.LinkedHashMap">
                                        <entry>
                                            <key ref="4"/>
                                            <value ref="99"/>
                                        </entry>
                                    </mappetyMap>
                                    <howMuchN>1</howMuchN>
                                    <isSuperCool>true</isSuperCool>
                                    <equity>1000000.0</equity>
                                    <primes type="int">
                                        <elem>2</elem>
                                        <elem>3</elem>
                                        <elem>5</elem>
                                        <elem>7</elem>
                                        <elem>11</elem>
                                        <elem>13</elem>
                                        <elem>17</elem>
                                        <elem>19</elem>
                                        <elem>23</elem>
                                        <elem>29</elem>
                                    </primes>
                                    <objects length="3" type="java.lang.Object">
                                        <elem class="java.lang.Integer" index="1">86.400</elem>
                                    </objects>
                                    <helloWorld ref="2"/>
                                    <date class="java.util.Date">1463079386979</date>
                                    <aNullObject null="true"/>
                                    <url class="java.net.URL">https://www.google.com</url>
                                </elem>
                                <elem class="TestObject" id="102">
                                    <justAnArray type="TestObject">
                                        <elem class="TestObject" id="100">
                                            <justAnArray type="TestObject"/>
                                            <listy class="java.util.ArrayList"/>
                                            <mappetyMap class="java.util.LinkedHashMap"/>
                                            <howMuchN>0</howMuchN>
                                            <isSuperCool>true</isSuperCool>
                                            <equity>1000000.0</equity>
                                            <primes type="int">
                                                <elem>2</elem>
                                                <elem>3</elem>
                                                <elem>5</elem>
                                                <elem>7</elem>
                                                <elem>11</elem>
                                                <elem>13</elem>
                                                <elem>17</elem>
                                                <elem>19</elem>
                                                <elem>23</elem>
                                                <elem>29</elem>
                                            </primes>
                                            <objects length="3" type="java.lang.Object">
                                                <elem class="java.lang.Integer" index="1">86.400</elem>
                                            </objects>
                                            <helloWorld ref="2"/>
                                            <date class="java.util.Date">1463079386979</date>
                                            <aNullObject null="true"/>
                                            <url class="java.net.URL">https://www.google.com</url>
                                        </elem>
                                    </justAnArray>
                                    <listy class="java.util.ArrayList">
                                        <elem ref="100"/>
                                    </listy>
                                    <mappetyMap class="java.util.LinkedHashMap">
                                        <entry>
                                            <key ref="4"/>
                                            <value ref="100"/>
                                        </entry>
                                    </mappetyMap>
                                    <howMuchN>1</howMuchN>
                                    <isSuperCool>true</isSuperCool>
                                    <equity>1000000.0</equity>
                                    <primes type="int">
                                        <elem>2</elem>
                                        <elem>3</elem>
                                        <elem>5</elem>
                                        <elem>7</elem>
                                        <elem>11</elem>
                                        <elem>13</elem>
                                        <elem>17</elem>
                                        <elem>19</elem>
                                        <elem>23</elem>
                                        <elem>29</elem>
                                    </primes>
                                    <objects length="3" type="java.lang.Object">
                                        <elem class="java.lang.Integer" index="1">86.400</elem>
                                    </objects>
                                    <helloWorld ref="2"/>
                                    <date class="java.util.Date">1463079386979</date>
                                    <aNullObject null="true"/>
                                    <url class="java.net.URL">https://www.google.com</url>
                                </elem>
                            </justAnArray>
                            <listy class="java.util.ArrayList">
                                <elem ref="101"/>
                                <elem ref="102"/>
                            </listy>
                            <mappetyMap class="java.util.LinkedHashMap">
                                <entry>
                                    <key ref="4"/>
                                    <value ref="101"/>
                                </entry>
                                <entry>
                                    <key ref="11"/>
                                    <value ref="102"/>
                                </entry>
                            </mappetyMap>
                            <howMuchN>2</howMuchN>
                            <isSuperCool>true</isSuperCool>
                            <equity>1000000.0</equity>
                            <primes type="int">
                                <elem>2</elem>
                                <elem>3</elem>
                                <elem>5</elem>
                                <elem>7</elem>
                                <elem>11</elem>
                                <elem>13</elem>
                                <elem>17</elem>
                                <elem>19</elem>
                                <elem>23</elem>
                                <elem>29</elem>
                            </primes>
                            <objects length="3" type="java.lang.Object">
                                <elem class="java.lang.Integer" index="1">86.400</elem>
                            </objects>
                            <helloWorld ref="2"/>
                            <date class="java.util.Date">1463079386979</date>
                            <aNullObject null="true"/>
                            <url class="java.net.URL">https://www.google.com</url>
                        </elem>
                        <elem class="TestObject" id="112">
                            <justAnArray type="TestObject">
                                <elem class="TestObject" id="105">
                                    <justAnArray type="TestObject">
                                        <elem class="TestObject" id="103">
                                            <justAnArray type="TestObject"/>
                                            <listy class="java.util.ArrayList"/>
                                            <mappetyMap class="java.util.LinkedHashMap"/>
                                            <howMuchN>0</howMuchN>
                                            <isSuperCool>true</isSuperCool>
                                            <equity>1000000.0</equity>
                                            <primes type="int">
                                                <elem>2</elem>
                                                <elem>3</elem>
                                                <elem>5</elem>
                                                <elem>7</elem>
                                                <elem>11</elem>
                                                <elem>13</elem>
                                                <elem>17</elem>
                                                <elem>19</elem>
                                                <elem>23</elem>
                                                <elem>29</elem>
                                            </primes>
                                            <objects length="3" type="java.lang.Object">
                                                <elem class="java.lang.Integer" index="1">86.400</elem>
                                            </objects>
                                            <helloWorld ref="2"/>
                                            <date class="java.util.Date">1463079386979</date>
                                            <aNullObject null="true"/>
                                            <url class="java.net.URL">https://www.google.com</url>
                                        </elem>
                                    </justAnArray>
                                    <listy class="java.util.ArrayList">
                                        <elem ref="103"/>
                                    </listy>
                                    <mappetyMap class="java.util.LinkedHashMap">
                                        <entry>
                                            <key ref="4"/>
                                            <value ref="103"/>
                                        </entry>
                                    </mappetyMap>
                                    <howMuchN>1</howMuchN>
                                    <isSuperCool>true</isSuperCool>
                                    <equity>1000000.0</equity>
                                    <primes type="int">
                                        <elem>2</elem>
                                        <elem>3</elem>
                                        <elem>5</elem>
                                        <elem>7</elem>
                                        <elem>11</elem>
                                        <elem>13</elem>
                                        <elem>17</elem>
                                        <elem>19</elem>
                                        <elem>23</elem>
                                        <elem>29</elem>
                                    </primes>
                                    <objects length="3" type="java.lang.Object">
                                        <elem class="java.lang.Integer" index="1">86.400</elem>
                                    </objects>
                                    <helloWorld ref="2"/>
                                    <date class="java.util.Date">1463079386979</date>
                                    <aNullObject null="true"/>
                                    <url class="java.net.URL">https://www.google.com</url>
                                </elem>
                                <elem class="TestObject" id="106">
                                    <justAnArray type="TestObject">
                                        <elem class="TestObject" id="104">
                                            <justAnArray type="TestObject"/>
                                            <listy class="java.util.ArrayList"/>
                                            <mappetyMap class="java.util.LinkedHashMap"/>
                                            <howMuchN>0</howMuchN>
                                            <isSuperCool>true</isSuperCool>
                                            <equity>1000000.0</equity>
                                            <primes type="int">
                                                <elem>2</elem>
                                                <elem>3</elem>
                                                <elem>5</elem>
                                                <elem>7</elem>
                                                <elem>11</elem>
                                                <elem>13</elem>
                                                <elem>17</elem>
                                                <elem>19</elem>
                                                <elem>23</elem>
                                                <elem>29</elem>
                                            </primes>
                                            <objects length="3" type="java.lang.Object">
                                                <elem class="java.lang.Integer" index="1">86.400</elem>
                                            </objects>
                                            <helloWorld ref="2"/>
                                            <date class="java.util.Date">1463079386979</date>
                                            <aNullObject null="true"/>
                                            <url class="java.net.URL">https://www.google.com</url>
                                        </elem>
                                    </justAnArray>
                                    <listy class="java.util.ArrayList">
                                        <elem ref="104"/>
                                    </listy>
                                    <mappetyMap class="java.util.LinkedHashMap">
                                        <entry>
                                            <key ref="4"/>
                                            <value ref="104"/>
                                        </entry>
                                    </mappetyMap>
                                    <howMuchN>1</howMuchN>
                                    <isSuperCool>true</isSuperCool>
                                    <equity>1000000.0</equity>
                                    <primes type="int">
                                        <elem>2</elem>
                                        <elem>3</elem>
                                        <elem>5</elem>
                                        <elem>7</elem>
                                        <elem>11</elem>
                                        <elem>13</elem>
                                        <elem>17</elem>
                                        <elem>19</elem>
                                        <elem>23</elem>
                                        <elem>29</elem>
                                    </primes>
                                    <objects length="3" type="java.lang.Object">
                                        <elem class="java.lang.Integer" index="1">86.400</elem>
                                    </objects>
                                    <helloWorld ref="2"/>
                                    <date class="java.util.Date">1463079386979</date>
                                    <aNullObject null="true"/>
                                    <url class="java.net.URL">https://www.google.com</url>
                                </elem>
                            </justAnArray>
                            <listy class="java.util.ArrayList">
                                <elem ref="105"/>
                                <elem ref="106"/>
                            </listy>
                            <mappetyMap class="java.util.LinkedHashMap">
                                <entry>
                                    <key ref="4"/>
                                    <value ref="105"/>
                                </entry>
                                <entry>
                                    <key ref="11"/>
                                    <value ref="106"/>
                                </entry>
                            </mappetyMap>
                            <howMuchN>2</howMuchN>
                            <isSuperCool>true</isSuperCool>
                            <equity>1000000.0</equity>
                            <primes type="int">
                                <elem>2</elem>
                                <elem>3</elem>
                                <elem>5</elem>
                                <elem>7</elem>
                                <elem>11</elem>
                                <elem>13</elem>
                                <elem>17</elem>
                                <elem>19</elem>
                                <elem>23</elem>
                                <elem>29</elem>
                            </primes>
                            <objects length="3" type="java.lang.Object">
                                <elem class="java.lang.Integer" index="1">86.400</elem>
                            </objects>
                            <helloWorld ref="2"/>
                            <date class="java.util.Date">1463079386979</date>
                            <aNullObject null="true"/>
                            <url class="java.net.URL">https://www.google.com</url>
                        </elem>
                        <elem class="TestObject" id="113">
                            <justAnArray type="TestObject">
                                <elem class="TestObject" id="109">
                                    <justAnArray type="TestObject">
                                        <elem class="TestObject" id="107">
                                            <justAnArray type="TestObject"/>
                                            <listy class="java.util.ArrayList"/>
                                            <mappetyMap class="java.util.LinkedHashMap"/>
                                            <howMuchN>0</howMuchN>
                                            <isSuperCool>true</isSuperCool>
                                            <equity>1000000.0</equity>
                                            <primes type="int">
                                                <elem>2</elem>
                                                <elem>3</elem>
                                                <elem>5</elem>
                                                <elem>7</elem>
                                                <elem>11</elem>
                                                <elem>13</elem>
                                                <elem>17</elem>
                                                <elem>19</elem>
                                                <elem>23</elem>
                                                <elem>29</elem>
                                            </primes>
                                            <objects length="3" type="java.lang.Object">
                                                <elem class="java.lang.Integer" index="1">86.400</elem>
                                            </objects>
                                            <helloWorld ref="2"/>
                                            <date class="java.util.Date">1463079386979</date>
                                            <aNullObject null="true"/>
                                            <url class="java.net.URL">https://www.google.com</url>
                                        </elem>
                                    </justAnArray>
                                    <listy class="java.util.ArrayList">
                                        <elem ref="107"/>
                                    </listy>
                                    <mappetyMap class="java.util.LinkedHashMap">
                                        <entry>
                                            <key ref="4"/>
                                            <value ref="107"/>
                                        </entry>
                                    </mappetyMap>
                                    <howMuchN>1</howMuchN>
                                    <isSuperCool>true</isSuperCool>
                                    <equity>1000000.0</equity>
                                    <primes type="int">
                                        <elem>2</elem>
                                        <elem>3</elem>
                                        <elem>5</elem>
                                        <elem>7</elem>
                                        <elem>11</elem>
                                        <elem>13</elem>
                                        <elem>17</elem>
                                        <elem>19</elem>
                                        <elem>23</elem>
                                        <elem>29</elem>
                                    </primes>
                                    <objects length="3" type="java.lang.Object">
                                        <elem class="java.lang.Integer" index="1">86.400</elem>
                                    </objects>
                                    <helloWorld ref="2"/>
                                    <date class="java.util.Date">1463079386979</date>
                                    <aNullObject null="true"/>
                                    <url class="java.net.URL">https://www.google.com</url>
                                </elem>
                                <elem class="TestObject" id="110">
                                    <justAnArray type="TestObject">
                                        <elem class="TestObject" id="108">
                                            <justAnArray type="TestObject"/>
                                            <listy class="java.util.ArrayList"/>
                                            <mappetyMap class="java.util.LinkedHashMap"/>
                                            <howMuchN>0</howMuchN>
                                            <isSuperCool>true</isSuperCool>
                                            <equity>1000000.0</equity>
                                            <primes type="int">
                                                <elem>2</elem>
                                                <elem>3</elem>
                                                <elem>5</elem>
                                                <elem>7</elem>
                                                <elem>11</elem>
                                                <elem>13</elem>
                                                <elem>17</elem>
                                                <elem>19</elem>
                                                <elem>23</elem>
                                                <elem>29</elem>
                                            </primes>
                                            <objects length="3" type="java.lang.Object">
                                                <elem class="java.lang.Integer" index="1">86.400</elem>
                                            </objects>
                                            <helloWorld ref="2"/>
                                            <date class="java.util.Date">1463079386979</date>
                                            <aNullObject null="true"/>
                                            <url class="java.net.URL">https://www.google.com</url>
                                        </elem>
                                    </justAnArray>
                                    <listy class="java.util.ArrayList">
                                        <elem ref="108"/>
                                    </listy>
                                    <mappetyMap class="java.util.LinkedHashMap">
                                        <entry>
                                            <key ref="4"/>
                                            <value ref="108"/>
                                        </entry>
                                    </mappetyMap>
                                    <howMuchN>1</howMuchN>
                                    <isSuperCool>true</isSuperCool>
                                    <equity>1000000.0</equity>
                                    <primes type="int">
                                        <elem>2</elem>
                                        <elem>3</elem>
                                        <elem>5</elem>
                                        <elem>7</elem>
                                        <elem>11</elem>
                                        <elem>13</elem>
                                        <elem>17</elem>
                                        <elem>19</elem>
                                        <elem>23</elem>
                                        <elem>29</elem>
                                    </primes>
                                    <objects length="3" type="java.lang.Object">
                                        <elem class="java.lang.Integer" index="1">86.400</elem>
                                    </objects>
                                    <helloWorld ref="2"/>
                                    <date class="java.util.Date">1463079386979</date>
                                    <aNullObject null="true"/>
                                    <url class="java.net.URL">https://www.google.com</url>
                                </elem>
                            </justAnArray>
                            <listy class="java.util.ArrayList">
                                <elem ref="109"/>
                                <elem ref="110"/>
                            </listy>
                            <mappetyMap class="java.util.LinkedHashMap">
                                <entry>
                                    <key ref="4"/>
                                    <value ref="109"/>
                                </entry>
                                <entry>
                                    <key ref="11"/>
                                    <value ref="110"/>
                                </entry>
                            </mappetyMap>
                            <howMuchN>2</howMuchN>
                            <isSuperCool>true</isSuperCool>
                            <equity>1000000.0</equity>
                            <primes type="int">
                                <elem>2</elem>
                                <elem>3</elem>
                                <elem>5</elem>
                                <elem>7</elem>
                                <elem>11</elem>
                                <elem>13</elem>
                                <elem>17</elem>
                                <elem>19</elem>
                                <elem>23</elem>
                                <elem>29</elem>
                            </primes>
                            <objects length="3" type="java.lang.Object">
                                <elem class="java.lang.Integer" index="1">86.400</elem>
                            </objects>
                            <helloWorld ref="2"/>
                            <date class="java.util.Date">1463079386979</date>
                            <aNullObject null="true"/>
                            <url class="java.net.URL">https://www.google.com</url>
                        </elem>
                    </justAnArray>
                    <listy class="java.util.ArrayList">
                        <elem ref="111"/>
                        <elem ref="112"/>
                        <elem ref="113"/>
                    </listy>
                    <mappetyMap class="java.util.LinkedHashMap">
                        <entry>
                            <key ref="4"/>
                            <value ref="111"/>
                        </entry>
                        <entry>
                            <key ref="11"/>
                            <value ref="112"/>
                        </entry>
                        <entry>
                            <key ref="34"/>
                            <value ref="113"/>
                        </entry>
                    </mappetyMap>
                    <howMuchN>3</howMuchN>
                    <isSuperCool>true</isSuperCool>
                    <equity>1000000.0</equity>
                    <primes type="int">
                        <elem>2</elem>
                        <elem>3</elem>
                        <elem>5</elem>
                        <elem>7</elem>
                        <elem>11</elem>
                        <elem>13</elem>
                        <elem>17</elem>
                        <elem>19</elem>
                        <elem>23</elem>
                        <elem>29</elem>
                    </primes>
                    <objects length="3" type="java.lang.Object">
                        <elem class="java.lang.Integer" index="1">86.400</elem>
                    </objects>
                    <helloWorld ref="2"/>
                    <date class="java.util.Date">1463079386979</date>
                    <aNullObject null="true"/>
                    <url class="java.net.URL">https://www.google.com</url>
                </elem>
                <elem class="TestObject" id="132">
                    <justAnArray type="TestObject">
                        <elem class="TestObject" id="126">
                            <justAnArray type="TestObject">
                                <elem class="TestObject" id="116">
                                    <justAnArray type="TestObject">
                                        <elem class="TestObject" id="114">
                                            <justAnArray type="TestObject"/>
                                            <listy class="java.util.ArrayList"/>
                                            <mappetyMap class="java.util.LinkedHashMap"/>
                                            <howMuchN>0</howMuchN>
                                            <isSuperCool>true</isSuperCool>
                                            <equity>1000000.0</equity>
                                            <primes type="int">
                                                <elem>2</elem>
                                                <elem>3</elem>
                                                <elem>5</elem>
                                                <elem>7</elem>
                                                <elem>11</elem>
                                                <elem>13</elem>
                                                <elem>17</elem>
                                                <elem>19</elem>
                                                <elem>23</elem>
                                                <elem>29</elem>
                                            </primes>
                                            <objects length="3" type="java.lang.Object">
                                                <elem class="java.lang.Integer" index="1">86.400</elem>
                                            </objects>
                                            <helloWorld ref="2"/>
                                            <date class="java.util.Date">1463079386979</date>
                                            <aNullObject null="true"/>
                                            <url class="java.net.URL">https://www.google.com</url>
                                        </elem>
                                    </justAnArray>
                                    <listy class="java.util.ArrayList">
                                        <elem ref="114"/>
                                    </listy>
                                    <mappetyMap class="java.util.LinkedHashMap">
                                        <entry>
                                            <key ref="4"/>
                                            <value ref="114"/>
                                        </entry>
                                    </mappetyMap>
                                    <howMuchN>1</howMuchN>
                                    <isSuperCool>true</isSuperCool>
                                    <equity>1000000.0</equity>
                                    <primes type="int">
                                        <elem>2</elem>
                                        <elem>3</elem>
                                        <elem>5</elem>
                                        <elem>7</elem>
                                        <elem>11</elem>
                                        <elem>13</elem>
                                        <elem>17</elem>
                                        <elem>19</elem>
                                        <elem>23</elem>
                                        <elem>29</elem>
                                    </primes>
                                    <objects length="3" type="java.lang.Object">
                                        <elem class="java.lang.Integer" index="1">86.400</elem>
                                    </objects>
                                    <helloWorld ref="2"/>
                                    <date class="java.util.Date">1463079386979</date>
                                    <aNullObject null="true"/>
                                    <url class="java.net.URL">https://www.google.com</url>
                                </elem>
                                <elem class="TestObject" id="117">
                                    <justAnArray type="TestObject">
                                        <elem class="TestObject" id="115">
                                            <justAnArray type="TestObject"/>
                                            <listy class="java.util.ArrayList"/>
                                            <mappetyMap class="java.util.LinkedHashMap"/>
                                            <howMuchN>0</howMuchN>
                                            <isSuperCool>true</isSuperCool>
                                            <equity>1000000.0</equity>
                                            <primes type="int">
                                                <elem>2</elem>
                                                <elem>3</elem>
                                                <elem>5</elem>
                                                <elem>7</elem>
                                                <elem>11</elem>
                                                <elem>13</elem>
                                                <elem>17</elem>
                                                <elem>19</elem>
                                                <elem>23</elem>
                                                <elem>29</elem>
                                            </primes>
                                            <objects length="3" type="java.lang.Object">
                                                <elem class="java.lang.Integer" index="1">86.400</elem>
                                            </objects>
                                            <helloWorld ref="2"/>
                                            <date class="java.util.Date">1463079386979</date>
                                            <aNullObject null="true"/>
                                            <url class="java.net.URL">https://www.google.com</url>
                                        </elem>
                                    </justAnArray>
                                    <listy class="java.util.ArrayList">
                                        <elem ref="115"/>
                                    </listy>
                                    <mappetyMap class="java.util.LinkedHashMap">
                                        <entry>
                                            <key ref="4"/>
                                            <value ref="115"/>
                                        </entry>
                                    </mappetyMap>
                                    <howMuchN>1</howMuchN>
                                    <isSuperCool>true</isSuperCool>
                                    <equity>1000000.0</equity>
                                    <primes type="int">
                                        <elem>2</elem>
                                        <elem>3</elem>
                                        <elem>5</elem>
                                        <elem>7</elem>
                                        <elem>11</elem>
                                        <elem>13</elem>
                                        <elem>17</elem>
                                        <elem>19</elem>
                                        <elem>23</elem>
                                        <elem>29</elem>
                                    </primes>
                                    <objects length="3" type="java.lang.Object">
                                        <elem class="java.lang.Integer" index="1">86.400</elem>
                                    </objects>
                                    <helloWorld ref="2"/>
                                    <date class="java.util.Date">1463079386979</date>
                                    <aNullObject null="true"/>
                                    <url class="java.net.URL">https://www.google.com</url>
                                </elem>
                            </justAnArray>
                            <listy class="java.util.ArrayList">
                                <elem ref="116"/>
                                <elem ref="117"/>
                            </listy>
                            <mappetyMap class="java.util.LinkedHashMap">
                                <entry>
                                    <key ref="4"/>
                                    <value ref="116"/>
                                </entry>
                                <entry>
                                    <key ref="11"/>
                                    <value ref="117"/>
                                </entry>
                            </mappetyMap>
                            <howMuchN>2</howMuchN>
                            <isSuperCool>true</isSuperCool>
                            <equity>1000000.0</equity>
                            <primes type="int">
                                <elem>2</elem>
                                <elem>3</elem>
                                <elem>5</elem>
                                <elem>7</elem>
                                <elem>11</elem>
                                <elem>13</elem>
                                <elem>17</elem>
                                <elem>19</elem>
                                <elem>23</elem>
                                <elem>29</elem>
                            </primes>
                            <objects length="3" type="java.lang.Object">
                                <elem class="java.lang.Integer" index="1">86.400</elem>
                            </objects>
                            <helloWorld ref="2"/>
                            <date class="java.util.Date">1463079386979</date>
                            <aNullObject null="true"/>
                            <url class="java.net.URL">https://www.google.com</url>
                        </elem>
                        <elem class="TestObject" id="127">
                            <justAnArray type="TestObject">
                                <elem class="TestObject" id="120">
                                    <justAnArray type="TestObject">
                                        <elem class="TestObject" id="118">
                                            <justAnArray type="TestObject"/>
                                            <listy class="java.util.ArrayList"/>
                                            <mappetyMap class="java.util.LinkedHashMap"/>
                                            <howMuchN>0</howMuchN>
                                            <isSuperCool>true</isSuperCool>
                                            <equity>1000000.0</equity>
                                            <primes type="int">
                                                <elem>2</elem>
                                                <elem>3</elem>
                                                <elem>5</elem>
                                                <elem>7</elem>
                                                <elem>11</elem>
                                                <elem>13</elem>
                                                <elem>17</elem>
                                                <elem>19</elem>
                                                <elem>23</elem>
                                                <elem>29</elem>
                                            </primes>
                                            <objects length="3" type="java.lang.Object">
                                                <elem class="java.lang.Integer" index="1">86.400</elem>
                                            </objects>
                                            <helloWorld ref="2"/>
                                            <date class="java.util.Date">1463079386979</date>
                                            <aNullObject null="true"/>
                                            <url class="java.net.URL">https://www.google.com</url>
                                        </elem>
                                    </justAnArray>
                                    <listy class="java.util.ArrayList">
                                        <elem ref="118"/>
                                    </listy>
                                    <mappetyMap class="java.util.LinkedHashMap">
                                        <entry>
                                            <key ref="4"/>
                                            <value ref="118"/>
                                        </entry>
                                    </mappetyMap>
                                    <howMuchN>1</howMuchN>
                                    <isSuperCool>true</isSuperCool>
                                    <equity>1000000.0</equity>
                                    <primes type="int">
                                        <elem>2</elem>
                                        <elem>3</elem>
                                        <elem>5</elem>
                                        <elem>7</elem>
                                        <elem>11</elem>
                                        <elem>13</elem>
                                        <elem>17</elem>
                                        <elem>19</elem>
                                        <elem>23</elem>
                                        <elem>29</elem>
                                    </primes>
                                    <objects length="3" type="java.lang.Object">
                                        <elem class="java.lang.Integer" index="1">86.400</elem>
                                    </objects>
                                    <helloWorld ref="2"/>
                                    <date class="java.util.Date">1463079386979</date>
                                    <aNullObject null="true"/>
                                    <url class="java.net.URL">https://www.google.com</url>
                                </elem>
                                <elem class="TestObject" id="121">
                                    <justAnArray type="TestObject">
                                        <elem class="TestObject" id="119">
                                            <justAnArray type="TestObject"/>
                                            <listy class="java.util.ArrayList"/>
                                            <mappetyMap class="java.util.LinkedHashMap"/>
                                            <howMuchN>0</howMuchN>
                                            <isSuperCool>true</isSuperCool>
                                            <equity>1000000.0</equity>
                                            <primes type="int">
                                                <elem>2</elem>
                                                <elem>3</elem>
                                                <elem>5</elem>
                                                <elem>7</elem>
                                                <elem>11</elem>
                                                <elem>13</elem>
                                                <elem>17</elem>
                                                <elem>19</elem>
                                                <elem>23</elem>
                                                <elem>29</elem>
                                            </primes>
                                            <objects length="3" type="java.lang.Object">
                                                <elem class="java.lang.Integer" index="1">86.400</elem>
                                            </objects>
                                            <helloWorld ref="2"/>
                                            <date class="java.util.Date">1463079386979</date>
                                            <aNullObject null="true"/>
                                            <url class="java.net.URL">https://www.google.com</url>
                                        </elem>
                                    </justAnArray>
                                    <listy class="java.util.ArrayList">
                                        <elem ref="119"/>
                                    </listy>
                                    <mappetyMap class="java.util.LinkedHashMap">
                                        <entry>
                                            <key ref="4"/>
                                            <value ref="119"/>
                                        </entry>
                                    </mappetyMap>
                                    <howMuchN>1</howMuchN>
                                    <isSuperCool>true</isSuperCool>
                                    <equity>1000000.0</equity>
                                    <primes type="int">
                                        <elem>2</elem>
                                        <elem>3</elem>
                                        <elem>5</elem>
                                        <elem>7</elem>
                                        <elem>11</elem>
                                        <elem>13</elem>
                                        <elem>17</elem>
                                        <elem>19</elem>
                                        <elem>23</elem>
                                        <elem>29</elem>
                                    </primes>
                                    <objects length="3" type="java.lang.Object">
                                        <elem class="java.lang.Integer" index="1">86.400</elem>
                                    </objects>
                                    <helloWorld ref="2"/>
                                    <date class="java.util.Date">1463079386979</date>
                                    <aNullObject null="true"/>
                                    <url class="java.net.URL">https://www.google.com</url>
                                </elem>
                            </justAnArray>
                            <listy class="java.util.ArrayList">
                                <elem ref="120"/>
                                <elem ref="121"/>
                            </listy>
                            <mappetyMap class="java.util.LinkedHashMap">
                                <entry>
                                    <key ref="4"/>
                                    <value ref="120"/>
                                </entry>
                                <entry>
                                    <key ref="11"/>
                                    <value ref="121"/>
                                </entry>
                            </mappetyMap>
                            <howMuchN>2</howMuchN>
                            <isSuperCool>true</isSuperCool>
                            <equity>1000000.0</equity>
                            <primes type="int">
                                <elem>2</elem>
                                <elem>3</elem>
                                <elem>5</elem>
                                <elem>7</elem>
                                <elem>11</elem>
                                <elem>13</elem>
                                <elem>17</elem>
                                <elem>19</elem>
                                <elem>23</elem>
                                <elem>29</elem>
                            </primes>
                            <objects length="3" type="java.lang.Object">
                                <elem class="java.lang.Integer" index="1">86.400</elem>
                            </objects>
                            <helloWorld ref="2"/>
                            <date class="java.util.Date">1463079386979</date>
                            <aNullObject null="true"/>
                            <url class="java.net.URL">https://www.google.com</url>
                        </elem>
                        <elem class="TestObject" id="128">
                            <justAnArray type="TestObject">
                                <elem class="TestObject" id="124">
                                    <justAnArray type="TestObject">
                                        <elem class="TestObject" id="122">
                                            <justAnArray type="TestObject"/>
                                            <listy class="java.util.ArrayList"/>
                                            <mappetyMap class="java.util.LinkedHashMap"/>
                                            <howMuchN>0</howMuchN>
                                            <isSuperCool>true</isSuperCool>
                                            <equity>1000000.0</equity>
                                            <primes type="int">
                                                <elem>2</elem>
                                                <elem>3</elem>
                                                <elem>5</elem>
                                                <elem>7</elem>
                                                <elem>11</elem>
                                                <elem>13</elem>
                                                <elem>17</elem>
                                                <elem>19</elem>
                                                <elem>23</elem>
                                                <elem>29</elem>
                                            </primes>
                                            <objects length="3" type="java.lang.Object">
                                                <elem class="java.lang.Integer" index="1">86.400</elem>
                                            </objects>
                                            <helloWorld ref="2"/>
                                            <date class="java.util.Date">1463079386979</date>
                                            <aNullObject null="true"/>
                                            <url class="java.net.URL">https://www.google.com</url>
                                        </elem>
                                    </justAnArray>
                                    <listy class="java.util.ArrayList">
                                        <elem ref="122"/>
                                    </listy>
                                    <mappetyMap class="java.util.LinkedHashMap">
                                        <entry>
                                            <key ref="4"/>
                                            <value ref="122"/>
                                        </entry>
                                    </mappetyMap>
                                    <howMuchN>1</howMuchN>
                                    <isSuperCool>true</isSuperCool>
                                    <equity>1000000.0</equity>
                                    <primes type="int">
                                        <elem>2</elem>
                                        <elem>3</elem>
                                        <elem>5</elem>
                                        <elem>7</elem>
                                        <elem>11</elem>
                                        <elem>13</elem>
                                        <elem>17</elem>
                                        <elem>19</elem>
                                        <elem>23</elem>
                                        <elem>29</elem>
                                    </primes>
                                    <objects length="3" type="java.lang.Object">
                                        <elem class="java.lang.Integer" index="1">86.400</elem>
                                    </objects>
                                    <helloWorld ref="2"/>
                                    <date class="java.util.Date">1463079386979</date>
                                    <aNullObject null="true"/>
                                    <url class="java.net.URL">https://www.google.com</url>
                                </elem>
                                <elem class="TestObject" id="125">
                                    <justAnArray type="TestObject">
                                        <elem class="TestObject" id="123">
                                            <justAnArray type="TestObject"/>
                                            <listy class="java.util.ArrayList"/>
                                            <mappetyMap class="java.util.LinkedHashMap"/>
                                            <howMuchN>0</howMuchN>
                                            <isSuperCool>true</isSuperCool>
                                            <equity>1000000.0</equity>
                                            <primes type="int">
                                                <elem>2</elem>
                                                <elem>3</elem>
                                                <elem>5</elem>
                                                <elem>7</elem>
                                                <elem>11</elem>
                                                <elem>13</elem>
                                                <elem>17</elem>
                                                <elem>19</elem>
                                                <elem>23</elem>
                                                <elem>29</elem>
                                            </primes>
                                            <objects length="3" type="java.lang.Object">
                                                <elem class="java.lang.Integer" index="1">86.400</elem>
                                            </objects>
                                            <helloWorld ref="2"/>
                                            <date class="java.util.Date">1463079386979</date>
                                            <aNullObject null="true"/>
                                            <url class="java.net.URL">https://www.google.com</url>
                                        </elem>
                                    </justAnArray>
                                    <listy class="java.util.ArrayList">
                                        <elem ref="123"/>
                                    </listy>
                                    <mappetyMap class="java.util.LinkedHashMap">
                                        <entry>
                                            <key ref="4"/>
                                            <value ref="123"/>
                                        </entry>
                                    </mappetyMap>
                                    <howMuchN>1</howMuchN>
                                    <isSuperCool>true</isSuperCool>
                                    <equity>1000000.0</equity>
                                    <primes type="int">
                                        <elem>2</elem>
                                        <elem>3</elem>
                                        <elem>5</elem>
                                        <elem>7</elem>
                                        <elem>11</elem>
                                        <elem>13</elem>
                                        <elem>17</elem>
                                        <elem>19</elem>
                                        <elem>23</elem>
                                        <elem>29</elem>
                                    </primes>
                                    <objects length="3" type="java.lang.Object">
                                        <elem class="java.lang.Integer" index="1">86.400</elem>
                                    </objects>
                                    <helloWorld ref="2"/>
                                    <date class="java.util.Date">1463079386979</date>
                                    <aNullObject null="true"/>
                                    <url class="java.net.URL">https://www.google.com</url>
                                </elem>
                            </justAnArray>
                            <listy class="java.util.ArrayList">
                                <elem ref="124"/>
                                <elem ref="125"/>
                            </listy>
                            <mappetyMap class="java.util.LinkedHashMap">
                                <entry>
                                    <key ref="4"/>
                                    <value ref="124"/>
                                </entry>
                                <entry>
                                    <key ref="11"/>
                                    <value ref="125"/>
                                </entry>
                            </mappetyMap>
                            <howMuchN>2</howMuchN>
                            <isSuperCool>true</isSuperCool>
                            <equity>1000000.0</equity>
                            <primes type="int">
                                <elem>2</elem>
                                <elem>3</elem>
                                <elem>5</elem>
                                <elem>7</elem>
                                <elem>11</elem>
                                <elem>13</elem>
                                <elem>17</elem>
                                <elem>19</elem>
                                <elem>23</elem>
                                <elem>29</elem>
                            </primes>
                            <objects length="3" type="java.lang.Object">
                                <elem class="java.lang.Integer" index="1">86.400</elem>
                            </objects>
                            <helloWorld ref="2"/>
                            <date class="java.util.Date">1463079386979</date>
                            <aNullObject null="true"/>
                            <url class="java.net.URL">https://www.google.com</url>
                        </elem>
                    </justAnArray>
                    <listy class="java.util.ArrayList">
                        <elem ref="126"/>
                        <elem ref="127"/>
                        <elem ref="128"/>
                    </listy>
                    <mappetyMap class="java.util.LinkedHashMap">
                        <entry>
                            <key ref="4"/>
                            <value ref="126"/>
                        </entry>
                        <entry>
                            <key ref="11"/>
                            <value ref="127"/>
                        </entry>
                        <entry>
                            <key ref="34"/>
                            <value ref="128"/>
                        </entry>
                    </mappetyMap>
                    <howMuchN>3</howMuchN>
                    <isSuperCool>true</isSuperCool>
                    <equity>1000000.0</equity>
                    <primes type="int">
                        <elem>2</elem>
                        <elem>3</elem>
                        <elem>5</elem>
                        <elem>7</elem>
                        <elem>11</elem>
                        <elem>13</elem>
                        <elem>17</elem>
                        <elem>19</elem>
                        <elem>23</elem>
                        <elem>29</elem>
                    </primes>
                    <objects length="3" type="java.lang.Object">
                        <elem class="java.lang.Integer" index="1">86.400</elem>
                    </objects>
                    <helloWorld ref="2"/>
                    <date class="java.util.Date">1463079386979</date>
                    <aNullObject null="true"/>
                    <url class="java.net.URL">https://www.google.com</url>
                </elem>
            </justAnArray>
            <listy class="java.util.ArrayList">
                <elem ref="129"/>
                <elem ref="130"/>
                <elem ref="131"/>
                <elem ref="132"/>
            </listy>
            <mappetyMap class="java.util.LinkedHashMap">
                <entry>
                    <key ref="4"/>
                    <value ref="129"/>
                </entry>
                <entry>
                    <key ref="11"/>
                    <value ref="130"/>
                </entry>
                <entry>
                    <key ref="34"/>
                    <value ref="131"/>
                </entry>
                <entry>
                    <key ref="133"/>
                    <value ref="132"/>
                </entry>
            </mappetyMap>
            <howMuchN>4</howMuchN>
            <isSuperCool>true</isSuperCool>
            <equity>1000000.0</equity>
            <primes type="int">
                <elem>2</elem>
                <elem>3</elem>
                <elem>5</elem>
                <elem>7</elem>
                <elem>11</elem>
                <elem>13</elem>
                <elem>17</elem>
                <elem>19</elem>
                <elem>23</elem>
                <elem>29</elem>
            </primes>
            <objects length="3" type="java.lang.Object">
                <elem class="java.lang.Integer" index="1">86.400</elem>
            </objects>
            <helloWorld ref="2"/>
            <date class="java.util.Date">1463079386978</date>
            <aNullObject null="true"/>
            <url class="java.net.URL">https://www.google.com</url>
        </elem>
        <elem class="TestObject" id="328">
            <justAnArray type="TestObject">
                <elem class="TestObject" id="194">
                    <justAnArray type="TestObject">
                        <elem class="TestObject" id="146">
                            <justAnArray type="TestObject">
                                <elem class="TestObject" id="136">
                                    <justAnArray type="TestObject">
                                        <elem class="TestObject" id="134">
                                            <justAnArray type="TestObject"/>
                                            <listy class="java.util.ArrayList"/>
                                            <mappetyMap class="java.util.LinkedHashMap"/>
                                            <howMuchN>0</howMuchN>
                                            <isSuperCool>true</isSuperCool>
                                            <equity>1000000.0</equity>
                                            <primes type="int">
                                                <elem>2</elem>
                                                <elem>3</elem>
                                                <elem>5</elem>
                                                <elem>7</elem>
                                                <elem>11</elem>
                                                <elem>13</elem>
                                                <elem>17</elem>
                                                <elem>19</elem>
                                                <elem>23</elem>
                                                <elem>29</elem>
                                            </primes>
                                            <objects length="3" type="java.lang.Object">
                                                <elem class="java.lang.Integer" index="1">86.400</elem>
                                            </objects>
                                            <helloWorld ref="2"/>
                                            <date class="java.util.Date">1463079386979</date>
                                            <aNullObject null="true"/>
                                            <url class="java.net.URL">https://www.google.com</url>
                                        </elem>
                                    </justAnArray>
                                    <listy class="java.util.ArrayList">
                                        <elem ref="134"/>
                                    </listy>
                                    <mappetyMap class="java.util.LinkedHashMap">
                                        <entry>
                                            <key ref="4"/>
                                            <value ref="134"/>
                                        </entry>
                                    </mappetyMap>
                                    <howMuchN>1</howMuchN>
                                    <isSuperCool>true</isSuperCool>
                                    <equity>1000000.0</equity>
                                    <primes type="int">
                                        <elem>2</elem>
                                        <elem>3</elem>
                                        <elem>5</elem>
                                        <elem>7</elem>
                                        <elem>11</elem>
                                        <elem>13</elem>
                                        <elem>17</elem>
                                        <elem>19</elem>
                                        <elem>23</elem>
                                        <elem>29</elem>
                                    </primes>
                                    <objects length="3" type="java.lang.Object">
                                        <elem class="java.lang.Integer" index="1">86.400</elem>
                                    </objects>
                                    <helloWorld ref="2"/>
                                    <date class="java.util.Date">1463079386979</date>
                                    <aNullObject null="true"/>
                                    <url class="java.net.URL">https://www.google.com</url>
                                </elem>
                                <elem class="TestObject" id="137">
                                    <justAnArray type="TestObject">
                                        <elem class="TestObject" id="135">
                                            <justAnArray type="TestObject"/>
                                            <listy class="java.util.ArrayList"/>
                                            <mappetyMap class="java.util.LinkedHashMap"/>
                                            <howMuchN>0</howMuchN>
                                            <isSuperCool>true</isSuperCool>
                                            <equity>1000000.0</equity>
                                            <primes type="int">
                                                <elem>2</elem>
                                                <elem>3</elem>
                                                <elem>5</elem>
                                                <elem>7</elem>
                                                <elem>11</elem>
                                                <elem>13</elem>
                                                <elem>17</elem>
                                                <elem>19</elem>
                                                <elem>23</elem>
                                                <elem>29</elem>
                                            </primes>
                                            <objects length="3" type="java.lang.Object">
                                                <elem class="java.lang.Integer" index="1">86.400</elem>
                                            </objects>
                                            <helloWorld ref="2"/>
                                            <date class="java.util.Date">1463079386979</date>
                                            <aNullObject null="true"/>
                                            <url class="java.net.URL">https://www.google.com</url>
                                        </elem>
                                    </justAnArray>
                                    <listy class="java.util.ArrayList">
                                        <elem ref="135"/>
                                    </listy>
                                    <mappetyMap class="java.util.LinkedHashMap">
                                        <entry>
                                            <key ref="4"/>
                                            <value ref="135"/>
                                        </entry>
                                    </mappetyMap>
                                    <howMuchN>1</howMuchN>
                                    <isSuperCool>true</isSuperCool>
                                    <equity>1000000.0</equity>
                                    <primes type="int">
                                        <elem>2</elem>
                                        <elem>3</elem>
                                        <elem>5</elem>
                                        <elem>7</elem>
                                        <elem>11</elem>
                                        <elem>13</elem>
                                        <elem>17</elem>
                                        <elem>19</elem>
                                        <elem>23</elem>
                                        <elem>29</elem>
                                    </primes>
                                    <objects length="3" type="java.lang.Object">
                                        <elem class="java.lang.Integer" index="1">86.400</elem>
                                    </objects>
                                    <helloWorld ref="2"/>
                                    <date class="java.util.Date">1463079386979</date>
                                    <aNullObject null="true"/>
                                    <url class="java.net.URL">https://www.google.com</url>
                                </elem>
                            </justAnArray>
                            <listy class="java.util.ArrayList">
                                <elem ref="136"/>
                                <elem ref="137"/>
                            </listy>
                            <mappetyMap class="java.util.LinkedHashMap">
                                <entry>
                                    <key ref="4"/>
                                    <value ref="136"/>
                                </entry>
                                <entry>
                                    <key ref="11"/>
                                    <value ref="137"/>
                                </entry>
                            </mappetyMap>
                            <howMuchN>2</howMuchN>
                            <isSuperCool>true</isSuperCool>
                            <equity>1000000.0</equity>
                            <primes type="int">
                                <elem>2</elem>
                                <elem>3</elem>
                                <elem>5</elem>
                                <elem>7</elem>
                                <elem>11</elem>
                                <elem>13</elem>
                                <elem>17</elem>
                                <elem>19</elem>
                                <elem>23</elem>
                                <elem>29</elem>
                            </primes>
                            <objects length="3" type="java.lang.Object">
                                <elem class="java.lang.Integer" index="1">86.400</elem>
                            </objects>
                            <helloWorld ref="2"/>
                            <date class="java.util.Date">1463079386979</date>
                            <aNullObject null="true"/>
                            <url class="java.net.URL">https://www.google.com</url>
                        </elem>
                        <elem class="TestObject" id="147">
                            <justAnArray type="TestObject">
                                <elem class="TestObject" id="140">
                                    <justAnArray type="TestObject">
                                        <elem class="TestObject" id="138">
                                            <justAnArray type="TestObject"/>
                                            <listy class="java.util.ArrayList"/>
                                            <mappetyMap class="java.util.LinkedHashMap"/>
                                            <howMuchN>0</howMuchN>
                                            <isSuperCool>true</isSuperCool>
                                            <equity>1000000.0</equity>
                                            <primes type="int">
                                                <elem>2</elem>
                                                <elem>3</elem>
                                                <elem>5</elem>
                                                <elem>7</elem>
                                                <elem>11</elem>
                                                <elem>13</elem>
                                                <elem>17</elem>
                                                <elem>19</elem>
                                                <elem>23</elem>
                                                <elem>29</elem>
                                            </primes>
                                            <objects length="3" type="java.lang.Object">
                                                <elem class="java.lang.Integer" index="1">86.400</elem>
                                            </objects>
                                            <helloWorld ref="2"/>
                                            <date class="java.util.Date">1463079386979</date>
                                            <aNullObject null="true"/>
                                            <url class="java.net.URL">https://www.google.com</url>
                                        </elem>
                                    </justAnArray>
                                    <listy class="java.util.ArrayList">
                                        <elem ref="138"/>
                                    </listy>
                                    <mappetyMap class="java.util.LinkedHashMap">
                                        <entry>
                                            <key ref="4"/>
                                            <value ref="138"/>
                                        </entry>
                                    </mappetyMap>
                                    <howMuchN>1</howMuchN>
                                    <isSuperCool>true</isSuperCool>
                                    <equity>1000000.0</equity>
                                    <primes type="int">
                                        <elem>2</elem>
                                        <elem>3</elem>
                                        <elem>5</elem>
                                        <elem>7</elem>
                                        <elem>11</elem>
                                        <elem>13</elem>
                                        <elem>17</elem>
                                        <elem>19</elem>
                                        <elem>23</elem>
                                        <elem>29</elem>
                                    </primes>
                                    <objects length="3" type="java.lang.Object">
                                        <elem class="java.lang.Integer" index="1">86.400</elem>
                                    </objects>
                                    <helloWorld ref="2"/>
                                    <date class="java.util.Date">1463079386979</date>
                                    <aNullObject null="true"/>
                                    <url class="java.net.URL">https://www.google.com</url>
                                </elem>
                                <elem class="TestObject" id="141">
                                    <justAnArray type="TestObject">
                                        <elem class="TestObject" id="139">
                                            <justAnArray type="TestObject"/>
                                            <listy class="java.util.ArrayList"/>
                                            <mappetyMap class="java.util.LinkedHashMap"/>
                                            <howMuchN>0</howMuchN>
                                            <isSuperCool>true</isSuperCool>
                                            <equity>1000000.0</equity>
                                            <primes type="int">
                                                <elem>2</elem>
                                                <elem>3</elem>
                                                <elem>5</elem>
                                                <elem>7</elem>
                                                <elem>11</elem>
                                                <elem>13</elem>
                                                <elem>17</elem>
                                                <elem>19</elem>
                                                <elem>23</elem>
                                                <elem>29</elem>
                                            </primes>
                                            <objects length="3" type="java.lang.Object">
                                                <elem class="java.lang.Integer" index="1">86.400</elem>
                                            </objects>
                                            <helloWorld ref="2"/>
                                            <date class="java.util.Date">1463079386979</date>
                                            <aNullObject null="true"/>
                                            <url class="java.net.URL">https://www.google.com</url>
                                        </elem>
                                    </justAnArray>
                                    <listy class="java.util.ArrayList">
                                        <elem ref="139"/>
                                    </listy>
                                    <mappetyMap class="java.util.LinkedHashMap">
                                        <entry>
                                            <key ref="4"/>
                                            <value ref="139"/>
                                        </entry>
                                    </mappetyMap>
                                    <howMuchN>1</howMuchN>
                                    <isSuperCool>true</isSuperCool>
                                    <equity>1000000.0</equity>
                                    <primes type="int">
                                        <elem>2</elem>
                                        <elem>3</elem>
                                        <elem>5</elem>
                                        <elem>7</elem>
                                        <elem>11</elem>
                                        <elem>13</elem>
                                        <elem>17</elem>
                                        <elem>19</elem>
                                        <elem>23</elem>
                                        <elem>29</elem>
                                    </primes>
                                    <objects length="3" type="java.lang.Object">
                                        <elem class="java.lang.Integer" index="1">86.400</elem>
                                    </objects>
                                    <helloWorld ref="2"/>
                                    <date class="java.util.Date">1463079386979</date>
                                    <aNullObject null="true"/>
                                    <url class="java.net.URL">https://www.google.com</url>
                                </elem>
                            </justAnArray>
                            <listy class="java.util.ArrayList">
                                <elem ref="140"/>
                                <elem ref="141"/>
                            </listy>
                            <mappetyMap class="java.util.LinkedHashMap">
                                <entry>
                                    <key ref="4"/>
                                    <value ref="140"/>
                                </entry>
                                <entry>
                                    <key ref="11"/>
                                    <value ref="141"/>
                                </entry>
                            </mappetyMap>
                            <howMuchN>2</howMuchN>
                            <isSuperCool>true</isSuperCool>
                            <equity>1000000.0</equity>
                            <primes type="int">
                                <elem>2</elem>
                                <elem>3</elem>
                                <elem>5</elem>
                                <elem>7</elem>
                                <elem>11</elem>
                                <elem>13</elem>
                                <elem>17</elem>
                                <elem>19</elem>
                                <elem>23</elem>
                                <elem>29</elem>
                            </primes>
                            <objects length="3" type="java.lang.Object">
                                <elem class="java.lang.Integer" index="1">86.400</elem>
                            </objects>
                            <helloWorld ref="2"/>
                            <date class="java.util.Date">1463079386979</date>
                            <aNullObject null="true"/>
                            <url class="java.net.URL">https://www.google.com</url>
                        </elem>
                        <elem class="TestObject" id="148">
                            <justAnArray type="TestObject">
                                <elem class="TestObject" id="144">
                                    <justAnArray type="TestObject">
                                        <elem class="TestObject" id="142">
                                            <justAnArray type="TestObject"/>
                                            <listy class="java.util.ArrayList"/>
                                            <mappetyMap class="java.util.LinkedHashMap"/>
                                            <howMuchN>0</howMuchN>
                                            <isSuperCool>true</isSuperCool>
                                            <equity>1000000.0</equity>
                                            <primes type="int">
                                                <elem>2</elem>
                                                <elem>3</elem>
                                                <elem>5</elem>
                                                <elem>7</elem>
                                                <elem>11</elem>
                                                <elem>13</elem>
                                                <elem>17</elem>
                                                <elem>19</elem>
                                                <elem>23</elem>
                                                <elem>29</elem>
                                            </primes>
                                            <objects length="3" type="java.lang.Object">
                                                <elem class="java.lang.Integer" index="1">86.400</elem>
                                            </objects>
                                            <helloWorld ref="2"/>
                                            <date class="java.util.Date">1463079386979</date>
                                            <aNullObject null="true"/>
                                            <url class="java.net.URL">https://www.google.com</url>
                                        </elem>
                                    </justAnArray>
                                    <listy class="java.util.ArrayList">
                                        <elem ref="142"/>
                                    </listy>
                                    <mappetyMap class="java.util.LinkedHashMap">
                                        <entry>
                                            <key ref="4"/>
                                            <value ref="142"/>
                                        </entry>
                                    </mappetyMap>
                                    <howMuchN>1</howMuchN>
                                    <isSuperCool>true</isSuperCool>
                                    <equity>1000000.0</equity>
                                    <primes type="int">
                                        <elem>2</elem>
                                        <elem>3</elem>
                                        <elem>5</elem>
                                        <elem>7</elem>
                                        <elem>11</elem>
                                        <elem>13</elem>
                                        <elem>17</elem>
                                        <elem>19</elem>
                                        <elem>23</elem>
                                        <elem>29</elem>
                                    </primes>
                                    <objects length="3" type="java.lang.Object">
                                        <elem class="java.lang.Integer" index="1">86.400</elem>
                                    </objects>
                                    <helloWorld ref="2"/>
                                    <date class="java.util.Date">1463079386979</date>
                                    <aNullObject null="true"/>
                                    <url class="java.net.URL">https://www.google.com</url>
                                </elem>
                                <elem class="TestObject" id="145">
                                    <justAnArray type="TestObject">
                                        <elem class="TestObject" id="143">
                                            <justAnArray type="TestObject"/>
                                            <listy class="java.util.ArrayList"/>
                                            <mappetyMap class="java.util.LinkedHashMap"/>
                                            <howMuchN>0</howMuchN>
                                            <isSuperCool>true</isSuperCool>
                                            <equity>1000000.0</equity>
                                            <primes type="int">
                                                <elem>2</elem>
                                                <elem>3</elem>
                                                <elem>5</elem>
                                                <elem>7</elem>
                                                <elem>11</elem>
                                                <elem>13</elem>
                                                <elem>17</elem>
                                                <elem>19</elem>
                                                <elem>23</elem>
                                                <elem>29</elem>
                                            </primes>
                                            <objects length="3" type="java.lang.Object">
                                                <elem class="java.lang.Integer" index="1">86.400</elem>
                                            </objects>
                                            <helloWorld ref="2"/>
                                            <date class="java.util.Date">1463079386979</date>
                                            <aNullObject null="true"/>
                                            <url class="java.net.URL">https://www.google.com</url>
                                        </elem>
                                    </justAnArray>
                                    <listy class="java.util.ArrayList">
                                        <elem ref="143"/>
                                    </listy>
                                    <mappetyMap class="java.util.LinkedHashMap">
                                        <entry>
                                            <key ref="4"/>
                                            <value ref="143"/>
                                        </entry>
                                    </mappetyMap>
                                    <howMuchN>1</howMuchN>
                                    <isSuperCool>true</isSuperCool>
                                    <equity>1000000.0</equity>
                                    <primes type="int">
                                        <elem>2</elem>
                                        <elem>3</elem>
                                        <elem>5</elem>
                                        <elem>7</elem>
                                        <elem>11</elem>
                                        <elem>13</elem>
                                        <elem>17</elem>
                                        <elem>19</elem>
                                        <elem>23</elem>
                                        <elem>29</elem>
                                    </primes>
                                    <objects length="3" type="java.lang.Object">
                                        <elem class="java.lang.Integer" index="1">86.400</elem>
                                    </objects>
                                    <helloWorld ref="2"/>
                                    <date class="java.util.Date">1463079386979</date>
                                    <aNullObject null="true"/>
                                    <url class="java.net.URL">https://www.google.com</url>
                                </elem>
                            </justAnArray>
                            <listy class="java.util.ArrayList">
                                <elem ref="144"/>
                                <elem ref="145"/>
                            </listy>
                            <mappetyMap class="java.util.LinkedHashMap">
                                <entry>
                                    <key ref="4"/>
                                    <value ref="144"/>
                                </entry>
                                <entry>
                                    <key ref="11"/>
                                    <value ref="145"/>
                                </entry>
                            </mappetyMap>
                            <howMuchN>2</howMuchN>
                            <isSuperCool>true</isSuperCool>
                            <equity>1000000.0</equity>
                            <primes type="int">
                                <elem>2</elem>
                                <elem>3</elem>
                                <elem>5</elem>
                                <elem>7</elem>
                                <elem>11</elem>
                                <elem>13</elem>
                                <elem>17</elem>
                                <elem>19</elem>
                                <elem>23</elem>
                                <elem>29</elem>
                            </primes>
                            <objects length="3" type="java.lang.Object">
                                <elem class="java.lang.Integer" index="1">86.400</elem>
                            </objects>
                            <helloWorld ref="2"/>
                            <date class="java.util.Date">1463079386979</date>
                            <aNullObject null="true"/>
                            <url class="java.net.URL">https://www.google.com</url>
                        </elem>
                    </justAnArray>
                    <listy class="java.util.ArrayList">
                        <elem ref="146"/>
                        <elem ref="147"/>
                        <elem ref="148"/>
                    </listy>
                    <mappetyMap class="java.util.LinkedHashMap">
                        <entry>
                            <key ref="4"/>
                            <value ref="146"/>
                        </entry>
                        <entry>
                            <key ref="11"/>
                            <value ref="147"/>
                        </entry>
                        <entry>
                            <key ref="34"/>
                            <value ref="148"/>
                        </entry>
                    </mappetyMap>
                    <howMuchN>3</howMuchN>
                    <isSuperCool>true</isSuperCool>
                    <equity>1000000.0</equity>
                    <primes type="int">
                        <elem>2</elem>
                        <elem>3</elem>
                        <elem>5</elem>
                        <elem>7</elem>
                        <elem>11</elem>
                        <elem>13</elem>
                        <elem>17</elem>
                        <elem>19</elem>
                        <elem>23</elem>
                        <elem>29</elem>
                    </primes>
                    <objects length="3" type="java.lang.Object">
                        <elem class="java.lang.Integer" index="1">86.400</elem>
                    </objects>
                    <helloWorld ref="2"/>
                    <date class="java.util.Date">1463079386979</date>
                    <aNullObject null="true"/>
                    <url class="java.net.URL">https://www.google.com</url>
                </elem>
                <elem class="TestObject" id="195">
                    <justAnArray type="TestObject">
                        <elem class="TestObject" id="161">
                            <justAnArray type="TestObject">
                                <elem class="TestObject" id="151">
                                    <justAnArray type="TestObject">
                                        <elem class="TestObject" id="149">
                                            <justAnArray type="TestObject"/>
                                            <listy class="java.util.ArrayList"/>
                                            <mappetyMap class="java.util.LinkedHashMap"/>
                                            <howMuchN>0</howMuchN>
                                            <isSuperCool>true</isSuperCool>
                                            <equity>1000000.0</equity>
                                            <primes type="int">
                                                <elem>2</elem>
                                                <elem>3</elem>
                                                <elem>5</elem>
                                                <elem>7</elem>
                                                <elem>11</elem>
                                                <elem>13</elem>
                                                <elem>17</elem>
                                                <elem>19</elem>
                                                <elem>23</elem>
                                                <elem>29</elem>
                                            </primes>
                                            <objects length="3" type="java.lang.Object">
                                                <elem class="java.lang.Integer" index="1">86.400</elem>
                                            </objects>
                                            <helloWorld ref="2"/>
                                            <date class="java.util.Date">1463079386979</date>
                                            <aNullObject null="true"/>
                                            <url class="java.net.URL">https://www.google.com</url>
                                        </elem>
                                    </justAnArray>
                                    <listy class="java.util.ArrayList">
                                        <elem ref="149"/>
                                    </listy>
                                    <mappetyMap class="java.util.LinkedHashMap">
                                        <entry>
                                            <key ref="4"/>
                                            <value ref="149"/>
                                        </entry>
                                    </mappetyMap>
                                    <howMuchN>1</howMuchN>
                                    <isSuperCool>true</isSuperCool>
                                    <equity>1000000.0</equity>
                                    <primes type="int">
                                        <elem>2</elem>
                                        <elem>3</elem>
                                        <elem>5</elem>
                                        <elem>7</elem>
                                        <elem>11</elem>
                                        <elem>13</elem>
                                        <elem>17</elem>
                                        <elem>19</elem>
                                        <elem>23</elem>
                                        <elem>29</elem>
                                    </primes>
                                    <objects length="3" type="java.lang.Object">
                                        <elem class="java.lang.Integer" index="1">86.400</elem>
                                    </objects>
                                    <helloWorld ref="2"/>
                                    <date class="java.util.Date">1463079386979</date>
                                    <aNullObject null="true"/>
                                    <url class="java.net.URL">https://www.google.com</url>
                                </elem>
                                <elem class="TestObject" id="152">
                                    <justAnArray type="TestObject">
                                        <elem class="TestObject" id="150">
                                            <justAnArray type="TestObject"/>
                                            <listy class="java.util.ArrayList"/>
                                            <mappetyMap class="java.util.LinkedHashMap"/>
                                            <howMuchN>0</howMuchN>
                                            <isSuperCool>true</isSuperCool>
                                            <equity>1000000.0</equity>
                                            <primes type="int">
                                                <elem>2</elem>
                                                <elem>3</elem>
                                                <elem>5</elem>
                                                <elem>7</elem>
                                                <elem>11</elem>
                                                <elem>13</elem>
                                                <elem>17</elem>
                                                <elem>19</elem>
                                                <elem>23</elem>
                                                <elem>29</elem>
                                            </primes>
                                            <objects length="3" type="java.lang.Object">
                                                <elem class="java.lang.Integer" index="1">86.400</elem>
                                            </objects>
                                            <helloWorld ref="2"/>
                                            <date class="java.util.Date">1463079386979</date>
                                            <aNullObject null="true"/>
                                            <url class="java.net.URL">https://www.google.com</url>
                                        </elem>
                                    </justAnArray>
                                    <listy class="java.util.ArrayList">
                                        <elem ref="150"/>
                                    </listy>
                                    <mappetyMap class="java.util.LinkedHashMap">
                                        <entry>
                                            <key ref="4"/>
                                            <value ref="150"/>
                                        </entry>
                                    </mappetyMap>
                                    <howMuchN>1</howMuchN>
                                    <isSuperCool>true</isSuperCool>
                                    <equity>1000000.0</equity>
                                    <primes type="int">
                                        <elem>2</elem>
                                        <elem>3</elem>
                                        <elem>5</elem>
                                        <elem>7</elem>
                                        <elem>11</elem>
                                        <elem>13</elem>
                                        <elem>17</elem>
                                        <elem>19</elem>
                                        <elem>23</elem>
                                        <elem>29</elem>
                                    </primes>
                                    <objects length="3" type="java.lang.Object">
                                        <elem class="java.lang.Integer" index="1">86.400</elem>
                                    </objects>
                                    <helloWorld ref="2"/>
                                    <date class="java.util.Date">1463079386979</date>
                                    <aNullObject null="true"/>
                                    <url class="java.net.URL">https://www.google.com</url>
                                </elem>
                            </justAnArray>
                            <listy class="java.util.ArrayList">
                                <elem ref="151"/>
                                <elem ref="152"/>
                            </listy>
                            <mappetyMap class="java.util.LinkedHashMap">
                                <entry>
                                    <key ref="4"/>
                                    <value ref="151"/>
                                </entry>
                                <entry>
                                    <key ref="11"/>
                                    <value ref="152"/>
                                </entry>
                            </mappetyMap>
                            <howMuchN>2</howMuchN>
                            <isSuperCool>true</isSuperCool>
                            <equity>1000000.0</equity>
                            <primes type="int">
                                <elem>2</elem>
                                <elem>3</elem>
                                <elem>5</elem>
                                <elem>7</elem>
                                <elem>11</elem>
                                <elem>13</elem>
                                <elem>17</elem>
                                <elem>19</elem>
                                <elem>23</elem>
                                <elem>29</elem>
                            </primes>
                            <objects length="3" type="java.lang.Object">
                                <elem class="java.lang.Integer" index="1">86.400</elem>
                            </objects>
                            <helloWorld ref="2"/>
                            <date class="java.util.Date">1463079386979</date>
                            <aNullObject null="true"/>
                            <url class="java.net.URL">https://www.google.com</url>
                        </elem>
                        <elem class="TestObject" id="162">
                            <justAnArray type="TestObject">
                                <elem class="TestObject" id="155">
                                    <justAnArray type="TestObject">
                                        <elem class="TestObject" id="153">
                                            <justAnArray type="TestObject"/>
                                            <listy class="java.util.ArrayList"/>
                                            <mappetyMap class="java.util.LinkedHashMap"/>
                                            <howMuchN>0</howMuchN>
                                            <isSuperCool>true</isSuperCool>
                                            <equity>1000000.0</equity>
                                            <primes type="int">
                                                <elem>2</elem>
                                                <elem>3</elem>
                                                <elem>5</elem>
                                                <elem>7</elem>
                                                <elem>11</elem>
                                                <elem>13</elem>
                                                <elem>17</elem>
                                                <elem>19</elem>
                                                <elem>23</elem>
                                                <elem>29</elem>
                                            </primes>
                                            <objects length="3" type="java.lang.Object">
                                                <elem class="java.lang.Integer" index="1">86.400</elem>
                                            </objects>
                                            <helloWorld ref="2"/>
                                            <date class="java.util.Date">1463079386979</date>
                                            <aNullObject null="true"/>
                                            <url class="java.net.URL">https://www.google.com</url>
                                        </elem>
                                    </justAnArray>
                                    <listy class="java.util.ArrayList">
                                        <elem ref="153"/>
                                    </listy>
                                    <mappetyMap class="java.util.LinkedHashMap">
                                        <entry>
                                            <key ref="4"/>
                                            <value ref="153"/>
                                        </entry>
                                    </mappetyMap>
                                    <howMuchN>1</howMuchN>
                                    <isSuperCool>true</isSuperCool>
                                    <equity>1000000.0</equity>
                                    <primes type="int">
                                        <elem>2</elem>
                                        <elem>3</elem>
                                        <elem>5</elem>
                                        <elem>7</elem>
                                        <elem>11</elem>
                                        <elem>13</elem>
                                        <elem>17</elem>
                                        <elem>19</elem>
                                        <elem>23</elem>
                                        <elem>29</elem>
                                    </primes>
                                    <objects length="3" type="java.lang.Object">
                                        <elem class="java.lang.Integer" index="1">86.400</elem>
                                    </objects>
                                    <helloWorld ref="2"/>
                                    <date class="java.util.Date">1463079386979</date>
                                    <aNullObject null="true"/>
                                    <url class="java.net.URL">https://www.google.com</url>
                                </elem>
                                <elem class="TestObject" id="156">
                                    <justAnArray type="TestObject">
                                        <elem class="TestObject" id="154">
                                            <justAnArray type="TestObject"/>
                                            <listy class="java.util.ArrayList"/>
                                            <mappetyMap class="java.util.LinkedHashMap"/>
                                            <howMuchN>0</howMuchN>
                                            <isSuperCool>true</isSuperCool>
                                            <equity>1000000.0</equity>
                                            <primes type="int">
                                                <elem>2</elem>
                                                <elem>3</elem>
                                                <elem>5</elem>
                                                <elem>7</elem>
                                                <elem>11</elem>
                                                <elem>13</elem>
                                                <elem>17</elem>
                                                <elem>19</elem>
                                                <elem>23</elem>
                                                <elem>29</elem>
                                            </primes>
                                            <objects length="3" type="java.lang.Object">
                                                <elem class="java.lang.Integer" index="1">86.400</elem>
                                            </objects>
                                            <helloWorld ref="2"/>
                                            <date class="java.util.Date">1463079386979</date>
                                            <aNullObject null="true"/>
                                            <url class="java.net.URL">https://www.google.com</url>
                                        </elem>
                                    </justAnArray>
                                    <listy class="java.util.ArrayList">
                                        <elem ref="154"/>
                                    </listy>
                                    <mappetyMap class="java.util.LinkedHashMap">
                                        <entry>
                                            <key ref="4"/>
                                            <value ref="154"/>
                                        </entry>
                                    </mappetyMap>
                                    <howMuchN>1</howMuchN>
                                    <isSuperCool>true</isSuperCool>
                                    <equity>1000000.0</equity>
                                    <primes type="int">
                                        <elem>2</elem>
                                        <elem>3</elem>
                                        <elem>5</elem>
                                        <elem>7</elem>
                                        <elem>11</elem>
                                        <elem>13</elem>
                                        <elem>17</elem>
                                        <elem>19</elem>
                                        <elem>23</elem>
                                        <elem>29</elem>
                                    </primes>
                                    <objects length="3" type="java.lang.Object">
                                        <elem class="java.lang.Integer" index="1">86.400</elem>
                                    </objects>
                                    <helloWorld ref="2"/>
                                    <date class="java.util.Date">1463079386979</date>
                                    <aNullObject null="true"/>
                                    <url class="java.net.URL">https://www.google.com</url>
                                </elem>
                            </justAnArray>
                            <listy class="java.util.ArrayList">
                                <elem ref="155"/>
                                <elem ref="156"/>
                            </listy>
                            <mappetyMap class="java.util.LinkedHashMap">
                                <entry>
                                    <key ref="4"/>
                                    <value ref="155"/>
                                </entry>
                                <entry>
                                    <key ref="11"/>
                                    <value ref="156"/>
                                </entry>
                            </mappetyMap>
                            <howMuchN>2</howMuchN>
                            <isSuperCool>true</isSuperCool>
                            <equity>1000000.0</equity>
                            <primes type="int">
                                <elem>2</elem>
                                <elem>3</elem>
                                <elem>5</elem>
                                <elem>7</elem>
                                <elem>11</elem>
                                <elem>13</elem>
                                <elem>17</elem>
                                <elem>19</elem>
                                <elem>23</elem>
                                <elem>29</elem>
                            </primes>
                            <objects length="3" type="java.lang.Object">
                                <elem class="java.lang.Integer" index="1">86.400</elem>
                            </objects>
                            <helloWorld ref="2"/>
                            <date class="java.util.Date">1463079386979</date>
                            <aNullObject null="true"/>
                            <url class="java.net.URL">https://www.google.com</url>
                        </elem>
                        <elem class="TestObject" id="163">
                            <justAnArray type="TestObject">
                                <elem class="TestObject" id="159">
                                    <justAnArray type="TestObject">
                                        <elem class="TestObject" id="157">
                                            <justAnArray type="TestObject"/>
                                            <listy class="java.util.ArrayList"/>
                                            <mappetyMap class="java.util.LinkedHashMap"/>
                                            <howMuchN>0</howMuchN>
                                            <isSuperCool>true</isSuperCool>
                                            <equity>1000000.0</equity>
                                            <primes type="int">
                                                <elem>2</elem>
                                                <elem>3</elem>
                                                <elem>5</elem>
                                                <elem>7</elem>
                                                <elem>11</elem>
                                                <elem>13</elem>
                                                <elem>17</elem>
                                                <elem>19</elem>
                                                <elem>23</elem>
                                                <elem>29</elem>
                                            </primes>
                                            <objects length="3" type="java.lang.Object">
                                                <elem class="java.lang.Integer" index="1">86.400</elem>
                                            </objects>
                                            <helloWorld ref="2"/>
                                            <date class="java.util.Date">1463079386979</date>
                                            <aNullObject null="true"/>
                                            <url class="java.net.URL">https://www.google.com</url>
                                        </elem>
                                    </justAnArray>
                                    <listy class="java.util.ArrayList">
                                        <elem ref="157"/>
                                    </listy>
                                    <mappetyMap class="java.util.LinkedHashMap">
                                        <entry>
                                            <key ref="4"/>
                                            <value ref="157"/>
                                        </entry>
                                    </mappetyMap>
                                    <howMuchN>1</howMuchN>
                                    <isSuperCool>true</isSuperCool>
                                    <equity>1000000.0</equity>
                                    <primes type="int">
                                        <elem>2</elem>
                                        <elem>3</elem>
                                        <elem>5</elem>
                                        <elem>7</elem>
                                        <elem>11</elem>
                                        <elem>13</elem>
                                        <elem>17</elem>
                                        <elem>19</elem>
                                        <elem>23</elem>
                                        <elem>29</elem>
                                    </primes>
                                    <objects length="3" type="java.lang.Object">
                                        <elem class="java.lang.Integer" index="1">86.400</elem>
                                    </objects>
                                    <helloWorld ref="2"/>
                                    <date class="java.util.Date">1463079386979</date>
                                    <aNullObject null="true"/>
                                    <url class="java.net.URL">https://www.google.com</url>
                                </elem>
                                <elem class="TestObject" id="160">
                                    <justAnArray type="TestObject">
                                        <elem class="TestObject" id="158">
                                            <justAnArray type="TestObject"/>
                                            <listy class="java.util.ArrayList"/>
                                            <mappetyMap class="java.util.LinkedHashMap"/>
                                            <howMuchN>0</howMuchN>
                                            <isSuperCool>true</isSuperCool>
                                            <equity>1000000.0</equity>
                                            <primes type="int">
                                                <elem>2</elem>
                                                <elem>3</elem>
                                                <elem>5</elem>
                                                <elem>7</elem>
                                                <elem>11</elem>
                                                <elem>13</elem>
                                                <elem>17</elem>
                                                <elem>19</elem>
                                                <elem>23</elem>
                                                <elem>29</elem>
                                            </primes>
                                            <objects length="3" type="java.lang.Object">
                                                <elem class="java.lang.Integer" index="1">86.400</elem>
                                            </objects>
                                            <helloWorld ref="2"/>
                                            <date class="java.util.Date">1463079386979</date>
                                            <aNullObject null="true"/>
                                            <url class="java.net.URL">https://www.google.com</url>
                                        </elem>
                                    </justAnArray>
                                    <listy class="java.util.ArrayList">
                                        <elem ref="158"/>
                                    </listy>
                                    <mappetyMap class="java.util.LinkedHashMap">
                                        <entry>
                                            <key ref="4"/>
                                            <value ref="158"/>
                                        </entry>
                                    </mappetyMap>
                                    <howMuchN>1</howMuchN>
                                    <isSuperCool>true</isSuperCool>
                                    <equity>1000000.0</equity>
                                    <primes type="int">
                                        <elem>2</elem>
                                        <elem>3</elem>
                                        <elem>5</elem>
                                        <elem>7</elem>
                                        <elem>11</elem>
                                        <elem>13</elem>
                                        <elem>17</elem>
                                        <elem>19</elem>
                                        <elem>23</elem>
                                        <elem>29</elem>
                                    </primes>
                                    <objects length="3" type="java.lang.Object">
                                        <elem class="java.lang.Integer" index="1">86.400</elem>
                                    </objects>
                                    <helloWorld ref="2"/>
                                    <date class="java.util.Date">1463079386979</date>
                                    <aNullObject null="true"/>
                                    <url class="java.net.URL">https://www.google.com</url>
                                </elem>
                            </justAnArray>
                            <listy class="java.util.ArrayList">
                                <elem ref="159"/>
                                <elem ref="160"/>
                            </listy>
                            <mappetyMap class="java.util.LinkedHashMap">
                                <entry>
                                    <key ref="4"/>
                                    <value ref="159"/>
                                </entry>
                                <entry>
                                    <key ref="11"/>
                                    <value ref="160"/>
                                </entry>
                            </mappetyMap>
                            <howMuchN>2</howMuchN>
                            <isSuperCool>true</isSuperCool>
                            <equity>1000000.0</equity>
                            <primes type="int">
                                <elem>2</elem>
                                <elem>3</elem>
                                <elem>5</elem>
                                <elem>7</elem>
                                <elem>11</elem>
                                <elem>13</elem>
                                <elem>17</elem>
                                <elem>19</elem>
                                <elem>23</elem>
                                <elem>29</elem>
                            </primes>
                            <objects length="3" type="java.lang.Object">
                                <elem class="java.lang.Integer" index="1">86.400</elem>
                            </objects>
                            <helloWorld ref="2"/>
                            <date class="java.util.Date">1463079386979</date>
                            <aNullObject null="true"/>
                            <url class="java.net.URL">https://www.google.com</url>
                        </elem>
                    </justAnArray>
                    <listy class="java.util.ArrayList">
                        <elem ref="161"/>
                        <elem ref="162"/>
                        <elem ref="163"/>
                    </listy>
                    <mappetyMap class="java.util.LinkedHashMap">
                        <entry>
                            <key ref="4"/>
                            <value ref="161"/>
                        </entry>
                        <entry>
                            <key ref="11"/>
                            <value ref="162"/>
                        </entry>
                        <entry>
                            <key ref="34"/>
                            <value ref="163"/>
                        </entry>
                    </mappetyMap>
                    <howMuchN>3</howMuchN>
                    <isSuperCool>true</isSuperCool>
                    <equity>1000000.0</equity>
                    <primes type="int">
                        <elem>2</elem>
                        <elem>3</elem>
                        <elem>5</elem>
                        <elem>7</elem>
                        <elem>11</elem>
                        <elem>13</elem>
                        <elem>17</elem>
                        <elem>19</elem>
                        <elem>23</elem>
                        <elem>29</elem>
                    </primes>
                    <objects length="3" type="java.lang.Object">
                        <elem class="java.lang.Integer" index="1">86.400</elem>
                    </objects>
                    <helloWorld ref="2"/>
                    <date class="java.util.Date">1463079386979</date>
                    <aNullObject null="true"/>
                    <url class="java.net.URL">https://www.google.com</url>
                </elem>
                <elem class="TestObject" id="196">
                    <justAnArray type="TestObject">
                        <elem class="TestObject" id="176">
                            <justAnArray type="TestObject">
                                <elem class="TestObject" id="166">
                                    <justAnArray type="TestObject">
                                        <elem class="TestObject" id="164">
                                            <justAnArray type="TestObject"/>
                                            <listy class="java.util.ArrayList"/>
                                            <mappetyMap class="java.util.LinkedHashMap"/>
                                            <howMuchN>0</howMuchN>
                                            <isSuperCool>true</isSuperCool>
                                            <equity>1000000.0</equity>
                                            <primes type="int">
                                                <elem>2</elem>
                                                <elem>3</elem>
                                                <elem>5</elem>
                                                <elem>7</elem>
                                                <elem>11</elem>
                                                <elem>13</elem>
                                                <elem>17</elem>
                                                <elem>19</elem>
                                                <elem>23</elem>
                                                <elem>29</elem>
                                            </primes>
                                            <objects length="3" type="java.lang.Object">
                                                <elem class="java.lang.Integer" index="1">86.400</elem>
                                            </objects>
                                            <helloWorld ref="2"/>
                                            <date class="java.util.Date">1463079386980</date>
                                            <aNullObject null="true"/>
                                            <url class="java.net.URL">https://www.google.com</url>
                                        </elem>
                                    </justAnArray>
                                    <listy class="java.util.ArrayList">
                                        <elem ref="164"/>
                                    </listy>
                                    <mappetyMap class="java.util.LinkedHashMap">
                                        <entry>
                                            <key ref="4"/>
                                            <value ref="164"/>
                                        </entry>
                                    </mappetyMap>
                                    <howMuchN>1</howMuchN>
                                    <isSuperCool>true</isSuperCool>
                                    <equity>1000000.0</equity>
                                    <primes type="int">
                                        <elem>2</elem>
                                        <elem>3</elem>
                                        <elem>5</elem>
                                        <elem>7</elem>
                                        <elem>11</elem>
                                        <elem>13</elem>
                                        <elem>17</elem>
                                        <elem>19</elem>
                                        <elem>23</elem>
                                        <elem>29</elem>
                                    </primes>
                                    <objects length="3" type="java.lang.Object">
                                        <elem class="java.lang.Integer" index="1">86.400</elem>
                                    </objects>
                                    <helloWorld ref="2"/>
                                    <date class="java.util.Date">1463079386980</date>
                                    <aNullObject null="true"/>
                                    <url class="java.net.URL">https://www.google.com</url>
                                </elem>
                                <elem class="TestObject" id="167">
                                    <justAnArray type="TestObject">
                                        <elem class="TestObject" id="165">
                                            <justAnArray type="TestObject"/>
                                            <listy class="java.util.ArrayList"/>
                                            <mappetyMap class="java.util.LinkedHashMap"/>
                                            <howMuchN>0</howMuchN>
                                            <isSuperCool>true</isSuperCool>
                                            <equity>1000000.0</equity>
                                            <primes type="int">
                                                <elem>2</elem>
                                                <elem>3</elem>
                                                <elem>5</elem>
                                                <elem>7</elem>
                                                <elem>11</elem>
                                                <elem>13</elem>
                                                <elem>17</elem>
                                                <elem>19</elem>
                                                <elem>23</elem>
                                                <elem>29</elem>
                                            </primes>
                                            <objects length="3" type="java.lang.Object">
                                                <elem class="java.lang.Integer" index="1">86.400</elem>
                                            </objects>
                                            <helloWorld ref="2"/>
                                            <date class="java.util.Date">1463079386980</date>
                                            <aNullObject null="true"/>
                                            <url class="java.net.URL">https://www.google.com</url>
                                        </elem>
                                    </justAnArray>
                                    <listy class="java.util.ArrayList">
                                        <elem ref="165"/>
                                    </listy>
                                    <mappetyMap class="java.util.LinkedHashMap">
                                        <entry>
                                            <key ref="4"/>
                                            <value ref="165"/>
                                        </entry>
                                    </mappetyMap>
                                    <howMuchN>1</howMuchN>
                                    <isSuperCool>true</isSuperCool>
                                    <equity>1000000.0</equity>
                                    <primes type="int">
                                        <elem>2</elem>
                                        <elem>3</elem>
                                        <elem>5</elem>
                                        <elem>7</elem>
                                        <elem>11</elem>
                                        <elem>13</elem>
                                        <elem>17</elem>
                                        <elem>19</elem>
                                        <elem>23</elem>
                                        <elem>29</elem>
                                    </primes>
                                    <objects length="3" type="java.lang.Object">
                                        <elem class="java.lang.Integer" index="1">86.400</elem>
                                    </objects>
                                    <helloWorld ref="2"/>
                                    <date class="java.util.Date">1463079386980</date>
                                    <aNullObject null="true"/>
                                    <url class="java.net.URL">https://www.google.com</url>
                                </elem>
                            </justAnArray>
                            <listy class="java.util.ArrayList">
                                <elem ref="166"/>
                                <elem ref="167"/>
                            </listy>
                            <mappetyMap class="java.util.LinkedHashMap">
                                <entry>
                                    <key ref="4"/>
                                    <value ref="166"/>
                                </entry>
                                <entry>
                                    <key ref="11"/>
                                    <value ref="167"/>
                                </entry>
                            </mappetyMap>
                            <howMuchN>2</howMuchN>
                            <isSuperCool>true</isSuperCool>
                            <equity>1000000.0</equity>
                            <primes type="int">
                                <elem>2</elem>
                                <elem>3</elem>
                                <elem>5</elem>
                                <elem>7</elem>
                                <elem>11</elem>
                                <elem>13</elem>
                                <elem>17</elem>
                                <elem>19</elem>
                                <elem>23</elem>
                                <elem>29</elem>
                            </primes>
                            <objects length="3" type="java.lang.Object">
                                <elem class="java.lang.Integer" index="1">86.400</elem>
                            </objects>
                            <helloWorld ref="2"/>
                            <date class="java.util.Date">1463079386980</date>
                            <aNullObject null="true"/>
                            <url class="java.net.URL">https://www.google.com</url>
                        </elem>
                        <elem class="TestObject" id="177">
                            <justAnArray type="TestObject">
                                <elem class="TestObject" id="170">
                                    <justAnArray type="TestObject">
                                        <elem class="TestObject" id="168">
                                            <justAnArray type="TestObject"/>
                                            <listy class="java.util.ArrayList"/>
                                            <mappetyMap class="java.util.LinkedHashMap"/>
                                            <howMuchN>0</howMuchN>
                                            <isSuperCool>true</isSuperCool>
                                            <equity>1000000.0</equity>
                                            <primes type="int">
                                                <elem>2</elem>
                                                <elem>3</elem>
                                                <elem>5</elem>
                                                <elem>7</elem>
                                                <elem>11</elem>
                                                <elem>13</elem>
                                                <elem>17</elem>
                                                <elem>19</elem>
                                                <elem>23</elem>
                                                <elem>29</elem>
                                            </primes>
                                            <objects length="3" type="java.lang.Object">
                                                <elem class="java.lang.Integer" index="1">86.400</elem>
                                            </objects>
                                            <helloWorld ref="2"/>
                                            <date class="java.util.Date">1463079386980</date>
                                            <aNullObject null="true"/>
                                            <url class="java.net.URL">https://www.google.com</url>
                                        </elem>
                                    </justAnArray>
                                    <listy class="java.util.ArrayList">
                                        <elem ref="168"/>
                                    </listy>
                                    <mappetyMap class="java.util.LinkedHashMap">
                                        <entry>
                                            <key ref="4"/>
                                            <value ref="168"/>
                                        </entry>
                                    </mappetyMap>
                                    <howMuchN>1</howMuchN>
                                    <isSuperCool>true</isSuperCool>
                                    <equity>1000000.0</equity>
                                    <primes type="int">
                                        <elem>2</elem>
                                        <elem>3</elem>
                                        <elem>5</elem>
                                        <elem>7</elem>
                                        <elem>11</elem>
                                        <elem>13</elem>
                                        <elem>17</elem>
                                        <elem>19</elem>
                                        <elem>23</elem>
                                        <elem>29</elem>
                                    </primes>
                                    <objects length="3" type="java.lang.Object">
                                        <elem class="java.lang.Integer" index="1">86.400</elem>
                                    </objects>
                                    <helloWorld ref="2"/>
                                    <date class="java.util.Date">1463079386980</date>
                                    <aNullObject null="true"/>
                                    <url class="java.net.URL">https://www.google.com</url>
                                </elem>
                                <elem class="TestObject" id="171">
                                    <justAnArray type="TestObject">
                                        <elem class="TestObject" id="169">
                                            <justAnArray type="TestObject"/>
                                            <listy class="java.util.ArrayList"/>
                                            <mappetyMap class="java.util.LinkedHashMap"/>
                                            <howMuchN>0</howMuchN>
                                            <isSuperCool>true</isSuperCool>
                                            <equity>1000000.0</equity>
                                            <primes type="int">
                                                <elem>2</elem>
                                                <elem>3</elem>
                                                <elem>5</elem>
                                                <elem>7</elem>
                                                <elem>11</elem>
                                                <elem>13</elem>
                                                <elem>17</elem>
                                                <elem>19</elem>
                                                <elem>23</elem>
                                                <elem>29</elem>
                                            </primes>
                                            <objects length="3" type="java.lang.Object">
                                                <elem class="java.lang.Integer" index="1">86.400</elem>
                                            </objects>
                                            <helloWorld ref="2"/>
                                            <date class="java.util.Date">1463079386980</date>
                                            <aNullObject null="true"/>
                                            <url class="java.net.URL">https://www.google.com</url>
                                        </elem>
                                    </justAnArray>
                                    <listy class="java.util.ArrayList">
                                        <elem ref="169"/>
                                    </listy>
                                    <mappetyMap class="java.util.LinkedHashMap">
                                        <entry>
                                            <key ref="4"/>
                                            <value ref="169"/>
                                        </entry>
                                    </mappetyMap>
                                    <howMuchN>1</howMuchN>
                                    <isSuperCool>true</isSuperCool>
                                    <equity>1000000.0</equity>
                                    <primes type="int">
                                        <elem>2</elem>
                                        <elem>3</elem>
                                        <elem>5</elem>
                                        <elem>7</elem>
                                        <elem>11</elem>
                                        <elem>13</elem>
                                        <elem>17</elem>
                                        <elem>19</elem>
                                        <elem>23</elem>
                                        <elem>29</elem>
                                    </primes>
                                    <objects length="3" type="java.lang.Object">
                                        <elem class="java.lang.Integer" index="1">86.400</elem>
                                    </objects>
                                    <helloWorld ref="2"/>
                                    <date class="java.util.Date">1463079386980</date>
                                    <aNullObject null="true"/>
                                    <url class="java.net.URL">https://www.google.com</url>
                                </elem>
                            </justAnArray>
                            <listy class="java.util.ArrayList">
                                <elem ref="170"/>
                                <elem ref="171"/>
                            </listy>
                            <mappetyMap class="java.util.LinkedHashMap">
                                <entry>
                                    <key ref="4"/>
                                    <value ref="170"/>
                                </entry>
                                <entry>
                                    <key ref="11"/>
                                    <value ref="171"/>
                                </entry>
                            </mappetyMap>
                            <howMuchN>2</howMuchN>
                            <isSuperCool>true</isSuperCool>
                            <equity>1000000.0</equity>
                            <primes type="int">
                                <elem>2</elem>
                                <elem>3</elem>
                                <elem>5</elem>
                                <elem>7</elem>
                                <elem>11</elem>
                                <elem>13</elem>
                                <elem>17</elem>
                                <elem>19</elem>
                                <elem>23</elem>
                                <elem>29</elem>
                            </primes>
                            <objects length="3" type="java.lang.Object">
                                <elem class="java.lang.Integer" index="1">86.400</elem>
                            </objects>
                            <helloWorld ref="2"/>
                            <date class="java.util.Date">1463079386980</date>
                            <aNullObject null="true"/>
                            <url class="java.net.URL">https://www.google.com</url>
                        </elem>
                        <elem class="TestObject" id="178">
                            <justAnArray type="TestObject">
                                <elem class="TestObject" id="174">
                                    <justAnArray type="TestObject">
                                        <elem class="TestObject" id="172">
                                            <justAnArray type="TestObject"/>
                                            <listy class="java.util.ArrayList"/>
                                            <mappetyMap class="java.util.LinkedHashMap"/>
                                            <howMuchN>0</howMuchN>
                                            <isSuperCool>true</isSuperCool>
                                            <equity>1000000.0</equity>
                                            <primes type="int">
                                                <elem>2</elem>
                                                <elem>3</elem>
                                                <elem>5</elem>
                                                <elem>7</elem>
                                                <elem>11</elem>
                                                <elem>13</elem>
                                                <elem>17</elem>
                                                <elem>19</elem>
                                                <elem>23</elem>
                                                <elem>29</elem>
                                            </primes>
                                            <objects length="3" type="java.lang.Object">
                                                <elem class="java.lang.Integer" index="1">86.400</elem>
                                            </objects>
                                            <helloWorld ref="2"/>
                                            <date class="java.util.Date">1463079386980</date>
                                            <aNullObject null="true"/>
                                            <url class="java.net.URL">https://www.google.com</url>
                                        </elem>
                                    </justAnArray>
                                    <listy class="java.util.ArrayList">
                                        <elem ref="172"/>
                                    </listy>
                                    <mappetyMap class="java.util.LinkedHashMap">
                                        <entry>
                                            <key ref="4"/>
                                            <value ref="172"/>
                                        </entry>
                                    </mappetyMap>
                                    <howMuchN>1</howMuchN>
                                    <isSuperCool>true</isSuperCool>
                                    <equity>1000000.0</equity>
                                    <primes type="int">
                                        <elem>2</elem>
                                        <elem>3</elem>
                                        <elem>5</elem>
                                        <elem>7</elem>
                                        <elem>11</elem>
                                        <elem>13</elem>
                                        <elem>17</elem>
                                        <elem>19</elem>
                                        <elem>23</elem>
                                        <elem>29</elem>
                                    </primes>
                                    <objects length="3" type="java.lang.Object">
                                        <elem class="java.lang.Integer" index="1">86.400</elem>
                                    </objects>
                                    <helloWorld ref="2"/>
                                    <date class="java.util.Date">1463079386980</date>
                                    <aNullObject null="true"/>
                                    <url class="java.net.URL">https://www.google.com</url>
                                </elem>
                                <elem class="TestObject" id="175">
                                    <justAnArray type="TestObject">
                                        <elem class="TestObject" id="173">
                                            <justAnArray type="TestObject"/>
                                            <listy class="java.util.ArrayList"/>
                                            <mappetyMap class="java.util.LinkedHashMap"/>
                                            <howMuchN>0</howMuchN>
                                            <isSuperCool>true</isSuperCool>
                                            <equity>1000000.0</equity>
                                            <primes type="int">
                                                <elem>2</elem>
                                                <elem>3</elem>
                                                <elem>5</elem>
                                                <elem>7</elem>
                                                <elem>11</elem>
                                                <elem>13</elem>
                                                <elem>17</elem>
                                                <elem>19</elem>
                                                <elem>23</elem>
                                                <elem>29</elem>
                                            </primes>
                                            <objects length="3" type="java.lang.Object">
                                                <elem class="java.lang.Integer" index="1">86.400</elem>
                                            </objects>
                                            <helloWorld ref="2"/>
                                            <date class="java.util.Date">1463079386980</date>
                                            <aNullObject null="true"/>
                                            <url class="java.net.URL">https://www.google.com</url>
                                        </elem>
                                    </justAnArray>
                                    <listy class="java.util.ArrayList">
                                        <elem ref="173"/>
                                    </listy>
                                    <mappetyMap class="java.util.LinkedHashMap">
                                        <entry>
                                            <key ref="4"/>
                                            <value ref="173"/>
                                        </entry>
                                    </mappetyMap>
                                    <howMuchN>1</howMuchN>
                                    <isSuperCool>true</isSuperCool>
                                    <equity>1000000.0</equity>
                                    <primes type="int">
                                        <elem>2</elem>
                                        <elem>3</elem>
                                        <elem>5</elem>
                                        <elem>7</elem>
                                        <elem>11</elem>
                                        <elem>13</elem>
                                        <elem>17</elem>
                                        <elem>19</elem>
                                        <elem>23</elem>
                                        <elem>29</elem>
                                    </primes>
                                    <objects length="3" type="java.lang.Object">
                                        <elem class="java.lang.Integer" index="1">86.400</elem>
                                    </objects>
                                    <helloWorld ref="2"/>
                                    <date class="java.util.Date">1463079386980</date>
                                    <aNullObject null="true"/>
                                    <url class="java.net.URL">https://www.google.com</url>
                                </elem>
                            </justAnArray>
                            <listy class="java.util.ArrayList">
                                <elem ref="174"/>
                                <elem ref="175"/>
                            </listy>
                            <mappetyMap class="java.util.LinkedHashMap">
                                <entry>
                                    <key ref="4"/>
                                    <value ref="174"/>
                                </entry>
                                <entry>
                                    <key ref="11"/>
                                    <value ref="175"/>
                                </entry>
                            </mappetyMap>
                            <howMuchN>2</howMuchN>
                            <isSuperCool>true</isSuperCool>
                            <equity>1000000.0</equity>
                            <primes type="int">
                                <elem>2</elem>
                                <elem>3</elem>
                                <elem>5</elem>
                                <elem>7</elem>
                                <elem>11</elem>
                                <elem>13</elem>
                                <elem>17</elem>
                                <elem>19</elem>
                                <elem>23</elem>
                                <elem>29</elem>
                            </primes>
                            <objects length="3" type="java.lang.Object">
                                <elem class="java.lang.Integer" index="1">86.400</elem>
                            </objects>
                            <helloWorld ref="2"/>
                            <date class="java.util.Date">1463079386980</date>
                            <aNullObject null="true"/>
                            <url class="java.net.URL">https://www.google.com</url>
                        </elem>
                    </justAnArray>
                    <listy class="java.util.ArrayList">
                        <elem ref="176"/>
                        <elem ref="177"/>
                        <elem ref="178"/>
                    </listy>
                    <mappetyMap class="java.util.LinkedHashMap">
                        <entry>
                            <key ref="4"/>
                            <value ref="176"/>
                        </entry>
                        <entry>
                            <key ref="11"/>
                            <value ref="177"/>
                        </entry>
                        <entry>
                            <key ref="34"/>
                            <value ref="178"/>
                        </entry>
                    </mappetyMap>
                    <howMuchN>3</howMuchN>
                    <isSuperCool>true</isSuperCool>
                    <equity>1000000.0</equity>
                    <primes type="int">
                        <elem>2</elem>
                        <elem>3</elem>
                        <elem>5</elem>
                        <elem>7</elem>
                        <elem>11</elem>
                        <elem>13</elem>
                        <elem>17</elem>
                        <elem>19</elem>
                        <elem>23</elem>
                        <elem>29</elem>
                    </primes>
                    <objects length="3" type="java.lang.Object">
                        <elem class="java.lang.Integer" index="1">86.400</elem>
                    </objects>
                    <helloWorld ref="2"/>
                    <date class="java.util.Date">1463079386980</date>
                    <aNullObject null="true"/>
                    <url class="java.net.URL">https://www.google.com</url>
                </elem>
                <elem class="TestObject" id="197">
                    <justAnArray type="TestObject">
                        <elem class="TestObject" id="191">
                            <justAnArray type="TestObject">
                                <elem class="TestObject" id="181">
                                    <justAnArray type="TestObject">
                                        <elem class="TestObject" id="179">
                                            <justAnArray type="TestObject"/>
                                            <listy class="java.util.ArrayList"/>
                                            <mappetyMap class="java.util.LinkedHashMap"/>
                                            <howMuchN>0</howMuchN>
                                            <isSuperCool>true</isSuperCool>
                                            <equity>1000000.0</equity>
                                            <primes type="int">
                                                <elem>2</elem>
                                                <elem>3</elem>
                                                <elem>5</elem>
                                                <elem>7</elem>
                                                <elem>11</elem>
                                                <elem>13</elem>
                                                <elem>17</elem>
                                                <elem>19</elem>
                                                <elem>23</elem>
                                                <elem>29</elem>
                                            </primes>
                                            <objects length="3" type="java.lang.Object">
                                                <elem class="java.lang.Integer" index="1">86.400</elem>
                                            </objects>
                                            <helloWorld ref="2"/>
                                            <date class="java.util.Date">1463079386980</date>
                                            <aNullObject null="true"/>
                                            <url class="java.net.URL">https://www.google.com</url>
                                        </elem>
                                    </justAnArray>
                                    <listy class="java.util.ArrayList">
                                        <elem ref="179"/>
                                    </listy>
                                    <mappetyMap class="java.util.LinkedHashMap">
                                        <entry>
                                            <key ref="4"/>
                                            <value ref="179"/>
                                        </entry>
                                    </mappetyMap>
                                    <howMuchN>1</howMuchN>
                                    <isSuperCool>true</isSuperCool>
                                    <equity>1000000.0</equity>
                                    <primes type="int">
                                        <elem>2</elem>
                                        <elem>3</elem>
                                        <elem>5</elem>
                                        <elem>7</elem>
                                        <elem>11</elem>
                                        <elem>13</elem>
                                        <elem>17</elem>
                                        <elem>19</elem>
                                        <elem>23</elem>
                                        <elem>29</elem>
                                    </primes>
                                    <objects length="3" type="java.lang.Object">
                                        <elem class="java.lang.Integer" index="1">86.400</elem>
                                    </objects>
                                    <helloWorld ref="2"/>
                                    <date class="java.util.Date">1463079386980</date>
                                    <aNullObject null="true"/>
                                    <url class="java.net.URL">https://www.google.com</url>
                                </elem>
                                <elem class="TestObject" id="182">
                                    <justAnArray type="TestObject">
                                        <elem class="TestObject" id="180">
                                            <justAnArray type="TestObject"/>
                                            <listy class="java.util.ArrayList"/>
                                            <mappetyMap class="java.util.LinkedHashMap"/>
                                            <howMuchN>0</howMuchN>
                                            <isSuperCool>true</isSuperCool>
                                            <equity>1000000.0</equity>
                                            <primes type="int">
                                                <elem>2</elem>
                                                <elem>3</elem>
                                                <elem>5</elem>
                                                <elem>7</elem>
                                                <elem>11</elem>
                                                <elem>13</elem>
                                                <elem>17</elem>
                                                <elem>19</elem>
                                                <elem>23</elem>
                                                <elem>29</elem>
                                            </primes>
                                            <objects length="3" type="java.lang.Object">
                                                <elem class="java.lang.Integer" index="1">86.400</elem>
                                            </objects>
                                            <helloWorld ref="2"/>
                                            <date class="java.util.Date">1463079386980</date>
                                            <aNullObject null="true"/>
                                            <url class="java.net.URL">https://www.google.com</url>
                                        </elem>
                                    </justAnArray>
                                    <listy class="java.util.ArrayList">
                                        <elem ref="180"/>
                                    </listy>
                                    <mappetyMap class="java.util.LinkedHashMap">
                                        <entry>
                                            <key ref="4"/>
                                            <value ref="180"/>
                                        </entry>
                                    </mappetyMap>
                                    <howMuchN>1</howMuchN>
                                    <isSuperCool>true</isSuperCool>
                                    <equity>1000000.0</equity>
                                    <primes type="int">
                                        <elem>2</elem>
                                        <elem>3</elem>
                                        <elem>5</elem>
                                        <elem>7</elem>
                                        <elem>11</elem>
                                        <elem>13</elem>
                                        <elem>17</elem>
                                        <elem>19</elem>
                                        <elem>23</elem>
                                        <elem>29</elem>
                                    </primes>
                                    <objects length="3" type="java.lang.Object">
                                        <elem class="java.lang.Integer" index="1">86.400</elem>
                                    </objects>
                                    <helloWorld ref="2"/>
                                    <date class="java.util.Date">1463079386980</date>
                                    <aNullObject null="true"/>
                                    <url class="java.net.URL">https://www.google.com</url>
                                </elem>
                            </justAnArray>
                            <listy class="java.util.ArrayList">
                                <elem ref="181"/>
                                <elem ref="182"/>
                            </listy>
                            <mappetyMap class="java.util.LinkedHashMap">
                                <entry>
                                    <key ref="4"/>
                                    <value ref="181"/>
                                </entry>
                                <entry>
                                    <key ref="11"/>
                                    <value ref="182"/>
                                </entry>
                            </mappetyMap>
                            <howMuchN>2</howMuchN>
                            <isSuperCool>true</isSuperCool>
                            <equity>1000000.0</equity>
                            <primes type="int">
                                <elem>2</elem>
                                <elem>3</elem>
                                <elem>5</elem>
                                <elem>7</elem>
                                <elem>11</elem>
                                <elem>13</elem>
                                <elem>17</elem>
                                <elem>19</elem>
                                <elem>23</elem>
                                <elem>29</elem>
                            </primes>
                            <objects length="3" type="java.lang.Object">
                                <elem class="java.lang.Integer" index="1">86.400</elem>
                            </objects>
                            <helloWorld ref="2"/>
                            <date class="java.util.Date">1463079386980</date>
                            <aNullObject null="true"/>
                            <url class="java.net.URL">https://www.google.com</url>
                        </elem>
                        <elem class="TestObject" id="192">
                            <justAnArray type="TestObject">
                                <elem class="TestObject" id="185">
                                    <justAnArray type="TestObject">
                                        <elem class="TestObject" id="183">
                                            <justAnArray type="TestObject"/>
                                            <listy class="java.util.ArrayList"/>
                                            <mappetyMap class="java.util.LinkedHashMap"/>
                                            <howMuchN>0</howMuchN>
                                            <isSuperCool>true</isSuperCool>
                                            <equity>1000000.0</equity>
                                            <primes type="int">
                                                <elem>2</elem>
                                                <elem>3</elem>
                                                <elem>5</elem>
                                                <elem>7</elem>
                                                <elem>11</elem>
                                                <elem>13</elem>
                                                <elem>17</elem>
                                                <elem>19</elem>
                                                <elem>23</elem>
                                                <elem>29</elem>
                                            </primes>
                                            <objects length="3" type="java.lang.Object">
                                                <elem class="java.lang.Integer" index="1">86.400</elem>
                                            </objects>
                                            <helloWorld ref="2"/>
                                            <date class="java.util.Date">1463079386980</date>
                                            <aNullObject null="true"/>
                                            <url class="java.net.URL">https://www.google.com</url>
                                        </elem>
                                    </justAnArray>
                                    <listy class="java.util.ArrayList">
                                        <elem ref="183"/>
                                    </listy>
                                    <mappetyMap class="java.util.LinkedHashMap">
                                        <entry>
                                            <key ref="4"/>
                                            <value ref="183"/>
                                        </entry>
                                    </mappetyMap>
                                    <howMuchN>1</howMuchN>
                                    <isSuperCool>true</isSuperCool>
                                    <equity>1000000.0</equity>
                                    <primes type="int">
                                        <elem>2</elem>
                                        <elem>3</elem>
                                        <elem>5</elem>
                                        <elem>7</elem>
                                        <elem>11</elem>
                                        <elem>13</elem>
                                        <elem>17</elem>
                                        <elem>19</elem>
                                        <elem>23</elem>
                                        <elem>29</elem>
                                    </primes>
                                    <objects length="3" type="java.lang.Object">
                                        <elem class="java.lang.Integer" index="1">86.400</elem>
                                    </objects>
                                    <helloWorld ref="2"/>
                                    <date class="java.util.Date">1463079386980</date>
                                    <aNullObject null="true"/>
                                    <url class="java.net.URL">https://www.google.com</url>
                                </elem>
                                <elem class="TestObject" id="186">
                                    <justAnArray type="TestObject">
                                        <elem class="TestObject" id="184">
                                            <justAnArray type="TestObject"/>
                                            <listy class="java.util.ArrayList"/>
                                            <mappetyMap class="java.util.LinkedHashMap"/>
                                            <howMuchN>0</howMuchN>
                                            <isSuperCool>true</isSuperCool>
                                            <equity>1000000.0</equity>
                                            <primes type="int">
                                                <elem>2</elem>
                                                <elem>3</elem>
                                                <elem>5</elem>
                                                <elem>7</elem>
                                                <elem>11</elem>
                                                <elem>13</elem>
                                                <elem>17</elem>
                                                <elem>19</elem>
                                                <elem>23</elem>
                                                <elem>29</elem>
                                            </primes>
                                            <objects length="3" type="java.lang.Object">
                                                <elem class="java.lang.Integer" index="1">86.400</elem>
                                            </objects>
                                            <helloWorld ref="2"/>
                                            <date class="java.util.Date">1463079386980</date>
                                            <aNullObject null="true"/>
                                            <url class="java.net.URL">https://www.google.com</url>
                                        </elem>
                                    </justAnArray>
                                    <listy class="java.util.ArrayList">
                                        <elem ref="184"/>
                                    </listy>
                                    <mappetyMap class="java.util.LinkedHashMap">
                                        <entry>
                                            <key ref="4"/>
                                            <value ref="184"/>
                                        </entry>
                                    </mappetyMap>
                                    <howMuchN>1</howMuchN>
                                    <isSuperCool>true</isSuperCool>
                                    <equity>1000000.0</equity>
                                    <primes type="int">
                                        <elem>2</elem>
                                        <elem>3</elem>
                                        <elem>5</elem>
                                        <elem>7</elem>
                                        <elem>11</elem>
                                        <elem>13</elem>
                                        <elem>17</elem>
                                        <elem>19</elem>
                                        <elem>23</elem>
                                        <elem>29</elem>
                                    </primes>
                                    <objects length="3" type="java.lang.Object">
                                        <elem class="java.lang.Integer" index="1">86.400</elem>
                                    </objects>
                                    <helloWorld ref="2"/>
                                    <date class="java.util.Date">1463079386980</date>
                                    <aNullObject null="true"/>
                                    <url class="java.net.URL">https://www.google.com</url>
                                </elem>
                            </justAnArray>
                            <listy class="java.util.ArrayList">
                                <elem ref="185"/>
                                <elem ref="186"/>
                            </listy>
                            <mappetyMap class="java.util.LinkedHashMap">
                                <entry>
                                    <key ref="4"/>
                                    <value ref="185"/>
                                </entry>
                                <entry>
                                    <key ref="11"/>
                                    <value ref="186"/>
                                </entry>
                            </mappetyMap>
                            <howMuchN>2</howMuchN>
                            <isSuperCool>true</isSuperCool>
                            <equity>1000000.0</equity>
                            <primes type="int">
                                <elem>2</elem>
                                <elem>3</elem>
                                <elem>5</elem>
                                <elem>7</elem>
                                <elem>11</elem>
                                <elem>13</elem>
                                <elem>17</elem>
                                <elem>19</elem>
                                <elem>23</elem>
                                <elem>29</elem>
                            </primes>
                            <objects length="3" type="java.lang.Object">
                                <elem class="java.lang.Integer" index="1">86.400</elem>
                            </objects>
                            <helloWorld ref="2"/>
                            <date class="java.util.Date">1463079386980</date>
                            <aNullObject null="true"/>
                            <url class="java.net.URL">https://www.google.com</url>
                        </elem>
                        <elem class="TestObject" id="193">
                            <justAnArray type="TestObject">
                                <elem class="TestObject" id="189">
                                    <justAnArray type="TestObject">
                                        <elem class="TestObject" id="187">
                                            <justAnArray type="TestObject"/>
                                            <listy class="java.util.ArrayList"/>
                                            <mappetyMap class="java.util.LinkedHashMap"/>
                                            <howMuchN>0</howMuchN>
                                            <isSuperCool>true</isSuperCool>
                                            <equity>1000000.0</equity>
                                            <primes type="int">
                                                <elem>2</elem>
                                                <elem>3</elem>
                                                <elem>5</elem>
                                                <elem>7</elem>
                                                <elem>11</elem>
                                                <elem>13</elem>
                                                <elem>17</elem>
                                                <elem>19</elem>
                                                <elem>23</elem>
                                                <elem>29</elem>
                                            </primes>
                                            <objects length="3" type="java.lang.Object">
                                                <elem class="java.lang.Integer" index="1">86.400</elem>
                                            </objects>
                                            <helloWorld ref="2"/>
                                            <date class="java.util.Date">1463079386980</date>
                                            <aNullObject null="true"/>
                                            <url class="java.net.URL">https://www.google.com</url>
                                        </elem>
                                    </justAnArray>
                                    <listy class="java.util.ArrayList">
                                        <elem ref="187"/>
                                    </listy>
                                    <mappetyMap class="java.util.LinkedHashMap">
                                        <entry>
                                            <key ref="4"/>
                                            <value ref="187"/>
                                        </entry>
                                    </mappetyMap>
                                    <howMuchN>1</howMuchN>
                                    <isSuperCool>true</isSuperCool>
                                    <equity>1000000.0</equity>
                                    <primes type="int">
                                        <elem>2</elem>
                                        <elem>3</elem>
                                        <elem>5</elem>
                                        <elem>7</elem>
                                        <elem>11</elem>
                                        <elem>13</elem>
                                        <elem>17</elem>
                                        <elem>19</elem>
                                        <elem>23</elem>
                                        <elem>29</elem>
                                    </primes>
                                    <objects length="3" type="java.lang.Object">
                                        <elem class="java.lang.Integer" index="1">86.400</elem>
                                    </objects>
                                    <helloWorld ref="2"/>
                                    <date class="java.util.Date">1463079386980</date>
                                    <aNullObject null="true"/>
                                    <url class="java.net.URL">https://www.google.com</url>
                                </elem>
                                <elem class="TestObject" id="190">
                                    <justAnArray type="TestObject">
                                        <elem class="TestObject" id="188">
                                            <justAnArray type="TestObject"/>
                                            <listy class="java.util.ArrayList"/>
                                            <mappetyMap class="java.util.LinkedHashMap"/>
                                            <howMuchN>0</howMuchN>
                                            <isSuperCool>true</isSuperCool>
                                            <equity>1000000.0</equity>
                                            <primes type="int">
                                                <elem>2</elem>
                                                <elem>3</elem>
                                                <elem>5</elem>
                                                <elem>7</elem>
                                                <elem>11</elem>
                                                <elem>13</elem>
                                                <elem>17</elem>
                                                <elem>19</elem>
                                                <elem>23</elem>
                                                <elem>29</elem>
                                            </primes>
                                            <objects length="3" type="java.lang.Object">
                                                <elem class="java.lang.Integer" index="1">86.400</elem>
                                            </objects>
                                            <helloWorld ref="2"/>
                                            <date class="java.util.Date">1463079386980</date>
                                            <aNullObject null="true"/>
                                            <url class="java.net.URL">https://www.google.com</url>
                                        </elem>
                                    </justAnArray>
                                    <listy class="java.util.ArrayList">
                                        <elem ref="188"/>
                                    </listy>
                                    <mappetyMap class="java.util.LinkedHashMap">
                                        <entry>
                                            <key ref="4"/>
                                            <value ref="188"/>
                                        </entry>
                                    </mappetyMap>
                                    <howMuchN>1</howMuchN>
                                    <isSuperCool>true</isSuperCool>
                                    <equity>1000000.0</equity>
                                    <primes type="int">
                                        <elem>2</elem>
                                        <elem>3</elem>
                                        <elem>5</elem>
                                        <elem>7</elem>
                                        <elem>11</elem>
                                        <elem>13</elem>
                                        <elem>17</elem>
                                        <elem>19</elem>
                                        <elem>23</elem>
                                        <elem>29</elem>
                                    </primes>
                                    <objects length="3" type="java.lang.Object">
                                        <elem class="java.lang.Integer" index="1">86.400</elem>
                                    </objects>
                                    <helloWorld ref="2"/>
                                    <date class="java.util.Date">1463079386980</date>
                                    <aNullObject null="true"/>
                                    <url class="java.net.URL">https://www.google.com</url>
                                </elem>
                            </justAnArray>
                            <listy class="java.util.ArrayList">
                                <elem ref="189"/>
                                <elem ref="190"/>
                            </listy>
                            <mappetyMap class="java.util.LinkedHashMap">
                                <entry>
                                    <key ref="4"/>
                                    <value ref="189"/>
                                </entry>
                                <entry>
                                    <key ref="11"/>
                                    <value ref="190"/>
                                </entry>
                            </mappetyMap>
                            <howMuchN>2</howMuchN>
                            <isSuperCool>true</isSuperCool>
                            <equity>1000000.0</equity>
                            <primes type="int">
                                <elem>2</elem>
                                <elem>3</elem>
                                <elem>5</elem>
                                <elem>7</elem>
                                <elem>11</elem>
                                <elem>13</elem>
                                <elem>17</elem>
                                <elem>19</elem>
                                <elem>23</elem>
                                <elem>29</elem>
                            </primes>
                            <objects length="3" type="java.lang.Object">
                                <elem class="java.lang.Integer" index="1">86.400</elem>
                            </objects>
                            <helloWorld ref="2"/>
                            <date class="java.util.Date">1463079386980</date>
                            <aNullObject null="true"/>
                            <url class="java.net.URL">https://www.google.com</url>
                        </elem>
                    </justAnArray>
                    <listy class="java.util.ArrayList">
                        <elem ref="191"/>
                        <elem ref="192"/>
                        <elem ref="193"/>
                    </listy>
                    <mappetyMap class="java.util.LinkedHashMap">
                        <entry>
                            <key ref="4"/>
                            <value ref="191"/>
                        </entry>
                        <entry>
                            <key ref="11"/>
                            <value ref="192"/>
                        </entry>
                        <entry>
                            <key ref="34"/>
                            <value ref="193"/>
                        </entry>
                    </mappetyMap>
                    <howMuchN>3</howMuchN>
                    <isSuperCool>true</isSuperCool>
                    <equity>1000000.0</equity>
                    <primes type="int">
                        <elem>2</elem>
                        <elem>3</elem>
                        <elem>5</elem>
                        <elem>7</elem>
                        <elem>11</elem>
                        <elem>13</elem>
                        <elem>17</elem>
                        <elem>19</elem>
                        <elem>23</elem>
                        <elem>29</elem>
                    </primes>
                    <objects length="3" type="java.lang.Object">
                        <elem class="java.lang.Integer" index="1">86.400</elem>
                    </objects>
                    <helloWorld ref="2"/>
                    <date class="java.util.Date">1463079386980</date>
                    <aNullObject null="true"/>
                    <url class="java.net.URL">https://www.google.com</url>
                </elem>
            </justAnArray>
            <listy class="java.util.ArrayList">
                <elem ref="194"/>
                <elem ref="195"/>
                <elem ref="196"/>
                <elem ref="197"/>
            </listy>
            <mappetyMap class="java.util.LinkedHashMap">
                <entry>
                    <key ref="4"/>
                    <value ref="194"/>
                </entry>
                <entry>
                    <key ref="11"/>
                    <value ref="195"/>
                </entry>
                <entry>
                    <key ref="34"/>
                    <value ref="196"/>
                </entry>
                <entry>
                    <key ref="133"/>
                    <value ref="197"/>
                </entry>
            </mappetyMap>
            <howMuchN>4</howMuchN>
            <isSuperCool>true</isSuperCool>
            <equity>1000000.0</equity>
            <primes type="int">
                <elem>2</elem>
                <elem>3</elem>
                <elem>5</elem>
                <elem>7</elem>
                <elem>11</elem>
                <elem>13</elem>
                <elem>17</elem>
                <elem>19</elem>
                <elem>23</elem>
                <elem>29</elem>
            </primes>
            <objects length="3" type="java.lang.Object">
                <elem class="java.lang.Integer" index="1">86.400</elem>
            </objects>
            <helloWorld ref="2"/>
            <date class="java.util.Date">1463079386979</date>
            <aNullObject null="true"/>
            <url class="java.net.URL">https://www.google.com</url>
        </elem>
        <elem class="TestObject" id="329">
            <justAnArray type="TestObject">
                <elem class="TestObject" id="258">
                    <justAnArray type="TestObject">
                        <elem class="TestObject" id="210">
                            <justAnArray type="TestObject">
                                <elem class="TestObject" id="200">
                                    <justAnArray type="TestObject">
                                        <elem class="TestObject" id="198">
                                            <justAnArray type="TestObject"/>
                                            <listy class="java.util.ArrayList"/>
                                            <mappetyMap class="java.util.LinkedHashMap"/>
                                            <howMuchN>0</howMuchN>
                                            <isSuperCool>true</isSuperCool>
                                            <equity>1000000.0</equity>
                                            <primes type="int">
                                                <elem>2</elem>
                                                <elem>3</elem>
                                                <elem>5</elem>
                                                <elem>7</elem>
                                                <elem>11</elem>
                                                <elem>13</elem>
                                                <elem>17</elem>
                                                <elem>19</elem>
                                                <elem>23</elem>
                                                <elem>29</elem>
                                            </primes>
                                            <objects length="3" type="java.lang.Object">
                                                <elem class="java.lang.Integer" index="1">86.400</elem>
                                            </objects>
                                            <helloWorld ref="2"/>
                                            <date class="java.util.Date">1463079386980</date>
                                            <aNullObject null="true"/>
                                            <url class="java.net.URL">https://www.google.com</url>
                                        </elem>
                                    </justAnArray>
                                    <listy class="java.util.ArrayList">
                                        <elem ref="198"/>
                                    </listy>
                                    <mappetyMap class="java.util.LinkedHashMap">
                                        <entry>
                                            <key ref="4"/>
                                            <value ref="198"/>
                                        </entry>
                                    </mappetyMap>
                                    <howMuchN>1</howMuchN>
                                    <isSuperCool>true</isSuperCool>
                                    <equity>1000000.0</equity>
                                    <primes type="int">
                                        <elem>2</elem>
                                        <elem>3</elem>
                                        <elem>5</elem>
                                        <elem>7</elem>
                                        <elem>11</elem>
                                        <elem>13</elem>
                                        <elem>17</elem>
                                        <elem>19</elem>
                                        <elem>23</elem>
                                        <elem>29</elem>
                                    </primes>
                                    <objects length="3" type="java.lang.Object">
                                        <elem class="java.lang.Integer" index="1">86.400</elem>
                                    </objects>
                                    <helloWorld ref="2"/>
                                    <date class="java.util.Date">1463079386980</date>
                                    <aNullObject null="true"/>
                                    <url class="java.net.URL">https://www.google.com</url>
                                </elem>
                                <elem class="TestObject" id="201">
                                    <justAnArray type="TestObject">
                                        <elem class="TestObject" id="199">
                                            <justAnArray type="TestObject"/>
                                            <listy class="java.util.ArrayList"/>
                                            <mappetyMap class="java.util.LinkedHashMap"/>
                                            <howMuchN>0</howMuchN>
                                            <isSuperCool>true</isSuperCool>
                                            <equity>1000000.0</equity>
                                            <primes type="int">
                                                <elem>2</elem>
                                                <elem>3</elem>
                                                <elem>5</elem>
                                                <elem>7</elem>
                                                <elem>11</elem>
                                                <elem>13</elem>
                                                <elem>17</elem>
                                                <elem>19</elem>
                                                <elem>23</elem>
                                                <elem>29</elem>
                                            </primes>
                                            <objects length="3" type="java.lang.Object">
                                                <elem class="java.lang.Integer" index="1">86.400</elem>
                                            </objects>
                                            <helloWorld ref="2"/>
                                            <date class="java.util.Date">1463079386980</date>
                                            <aNullObject null="true"/>
                                            <url class="java.net.URL">https://www.google.com</url>
                                        </elem>
                                    </justAnArray>
                                    <listy class="java.util.ArrayList">
                                        <elem ref="199"/>
                                    </listy>
                                    <mappetyMap class="java.util.LinkedHashMap">
                                        <entry>
                                            <key ref="4"/>
                                            <value ref="199"/>
                                        </entry>
                                    </mappetyMap>
                                    <howMuchN>1</howMuchN>
                                    <isSuperCool>true</isSuperCool>
                                    <equity>1000000.0</equity>
                                    <primes type="int">
                                        <elem>2</elem>
                                        <elem>3</elem>
                                        <elem>5</elem>
                                        <elem>7</elem>
                                        <elem>11</elem>
                                        <elem>13</elem>
                                        <elem>17</elem>
                                        <elem>19</elem>
                                        <elem>23</elem>
                                        <elem>29</elem>
                                    </primes>
                                    <objects length="3" type="java.lang.Object">
                                        <elem class="java.lang.Integer" index="1">86.400</elem>
                                    </objects>
                                    <helloWorld ref="2"/>
                                    <date class="java.util.Date">1463079386980</date>
                                    <aNullObject null="true"/>
                                    <url class="java.net.URL">https://www.google.com</url>
                                </elem>
                            </justAnArray>
                            <listy class="java.util.ArrayList">
                                <elem ref="200"/>
                                <elem ref="201"/>
                            </listy>
                            <mappetyMap class="java.util.LinkedHashMap">
                                <entry>
                                    <key ref="4"/>
                                    <value ref="200"/>
                                </entry>
                                <entry>
                                    <key ref="11"/>
                                    <value ref="201"/>
                                </entry>
                            </mappetyMap>
                            <howMuchN>2</howMuchN>
                            <isSuperCool>true</isSuperCool>
                            <equity>1000000.0</equity>
                            <primes type="int">
                                <elem>2</elem>
                                <elem>3</elem>
                                <elem>5</elem>
                                <elem>7</elem>
                                <elem>11</elem>
                                <elem>13</elem>
                                <elem>17</elem>
                                <elem>19</elem>
                                <elem>23</elem>
                                <elem>29</elem>
                            </primes>
                            <objects length="3" type="java.lang.Object">
                                <elem class="java.lang.Integer" index="1">86.400</elem>
                            </objects>
                            <helloWorld ref="2"/>
                            <date class="java.util.Date">1463079386980</date>
                            <aNullObject null="true"/>
                            <url class="java.net.URL">https://www.google.com</url>
                        </elem>
                        <elem class="TestObject" id="211">
                            <justAnArray type="TestObject">
                                <elem class="TestObject" id="204">
                                    <justAnArray type="TestObject">
                                        <elem class="TestObject" id="202">
                                            <justAnArray type="TestObject"/>
                                            <listy class="java.util.ArrayList"/>
                                            <mappetyMap class="java.util.LinkedHashMap"/>
                                            <howMuchN>0</howMuchN>
                                            <isSuperCool>true</isSuperCool>
                                            <equity>1000000.0</equity>
                                            <primes type="int">
                                                <elem>2</elem>
                                                <elem>3</elem>
                                                <elem>5</elem>
                                                <elem>7</elem>
                                                <elem>11</elem>
                                                <elem>13</elem>
                                                <elem>17</elem>
                                                <elem>19</elem>
                                                <elem>23</elem>
                                                <elem>29</elem>
                                            </primes>
                                            <objects length="3" type="java.lang.Object">
                                                <elem class="java.lang.Integer" index="1">86.400</elem>
                                            </objects>
                                            <helloWorld ref="2"/>
                                            <date class="java.util.Date">1463079386980</date>
                                            <aNullObject null="true"/>
                                            <url class="java.net.URL">https://www.google.com</url>
                                        </elem>
                                    </justAnArray>
                                    <listy class="java.util.ArrayList">
                                        <elem ref="202"/>
                                    </listy>
                                    <mappetyMap class="java.util.LinkedHashMap">
                                        <entry>
                                            <key ref="4"/>
                                            <value ref="202"/>
                                        </entry>
                                    </mappetyMap>
                                    <howMuchN>1</howMuchN>
                                    <isSuperCool>true</isSuperCool>
                                    <equity>1000000.0</equity>
                                    <primes type="int">
                                        <elem>2</elem>
                                        <elem>3</elem>
                                        <elem>5</elem>
                                        <elem>7</elem>
                                        <elem>11</elem>
                                        <elem>13</elem>
                                        <elem>17</elem>
                                        <elem>19</elem>
                                        <elem>23</elem>
                                        <elem>29</elem>
                                    </primes>
                                    <objects length="3" type="java.lang.Object">
                                        <elem class="java.lang.Integer" index="1">86.400</elem>
                                    </objects>
                                    <helloWorld ref="2"/>
                                    <date class="java.util.Date">1463079386980</date>
                                    <aNullObject null="true"/>
                                    <url class="java.net.URL">https://www.google.com</url>
                                </elem>
                                <elem class="TestObject" id="205">
                                    <justAnArray type="TestObject">
                                        <elem class="TestObject" id="203">
                                            <justAnArray type="TestObject"/>
                                            <listy class="java.util.ArrayList"/>
                                            <mappetyMap class="java.util.LinkedHashMap"/>
                                            <howMuchN>0</howMuchN>
                                            <isSuperCool>true</isSuperCool>
                                            <equity>1000000.0</equity>
                                            <primes type="int">
                                                <elem>2</elem>
                                                <elem>3</elem>
                                                <elem>5</elem>
                                                <elem>7</elem>
                                                <elem>11</elem>
                                                <elem>13</elem>
                                                <elem>17</elem>
                                                <elem>19</elem>
                                                <elem>23</elem>
                                                <elem>29</elem>
                                            </primes>
                                            <objects length="3" type="java.lang.Object">
                                                <elem class="java.lang.Integer" index="1">86.400</elem>
                                            </objects>
                                            <helloWorld ref="2"/>
                                            <date class="java.util.Date">1463079386980</date>
                                            <aNullObject null="true"/>
                                            <url class="java.net.URL">https://www.google.com</url>
                                        </elem>
                                    </justAnArray>
                                    <listy class="java.util.ArrayList">
                                        <elem ref="203"/>
                                    </listy>
                                    <mappetyMap class="java.util.LinkedHashMap">
                                        <entry>
                                            <key ref="4"/>
                                            <value ref="203"/>
                                        </entry>
                                    </mappetyMap>
                                    <howMuchN>1</howMuchN>
                                    <isSuperCool>true</isSuperCool>
                                    <equity>1000000.0</equity>
                                    <primes type="int">
                                        <elem>2</elem>
                                        <elem>3</elem>
                                        <elem>5</elem>
                                        <elem>7</elem>
                                        <elem>11</elem>
                                        <elem>13</elem>
                                        <elem>17</elem>
                                        <elem>19</elem>
                                        <elem>23</elem>
                                        <elem>29</elem>
                                    </primes>
                                    <objects length="3" type="java.lang.Object">
                                        <elem class="java.lang.Integer" index="1">86.400</elem>
                                    </objects>
                                    <helloWorld ref="2"/>
                                    <date class="java.util.Date">1463079386980</date>
                                    <aNullObject null="true"/>
                                    <url class="java.net.URL">https://www.google.com</url>
                                </elem>
                            </justAnArray>
                            <listy class="java.util.ArrayList">
                                <elem ref="204"/>
                                <elem ref="205"/>
                            </listy>
                            <mappetyMap class="java.util.LinkedHashMap">
                                <entry>
                                    <key ref="4"/>
                                    <value ref="204"/>
                                </entry>
                                <entry>
                                    <key ref="11"/>
                                    <value ref="205"/>
                                </entry>
                            </mappetyMap>
                            <howMuchN>2</howMuchN>
                            <isSuperCool>true</isSuperCool>
                            <equity>1000000.0</equity>
                            <primes type="int">
                                <elem>2</elem>
                                <elem>3</elem>
                                <elem>5</elem>
                                <elem>7</elem>
                                <elem>11</elem>
                                <elem>13</elem>
                                <elem>17</elem>
                                <elem>19</elem>
                                <elem>23</elem>
                                <elem>29</elem>
                            </primes>
                            <objects length="3" type="java.lang.Object">
                                <elem class="java.lang.Integer" index="1">86.400</elem>
                            </objects>
                            <helloWorld ref="2"/>
                            <date class="java.util.Date">1463079386980</date>
                            <aNullObject null="true"/>
                            <url class="java.net.URL">https://www.google.com</url>
                        </elem>
                        <elem class="TestObject" id="212">
                            <justAnArray type="TestObject">
                                <elem class="TestObject" id="208">
                                    <justAnArray type="TestObject">
                                        <elem class="TestObject" id="206">
                                            <justAnArray type="TestObject"/>
                                            <listy class="java.util.ArrayList"/>
                                            <mappetyMap class="java.util.LinkedHashMap"/>
                                            <howMuchN>0</howMuchN>
                                            <isSuperCool>true</isSuperCool>
                                            <equity>1000000.0</equity>
                                            <primes type="int">
                                                <elem>2</elem>
                                                <elem>3</elem>
                                                <elem>5</elem>
                                                <elem>7</elem>
                                                <elem>11</elem>
                                                <elem>13</elem>
                                                <elem>17</elem>
                                                <elem>19</elem>
                                                <elem>23</elem>
                                                <elem>29</elem>
                                            </primes>
                                            <objects length="3" type="java.lang.Object">
                                                <elem class="java.lang.Integer" index="1">86.400</elem>
                                            </objects>
                                            <helloWorld ref="2"/>
                                            <date class="java.util.Date">1463079386980</date>
                                            <aNullObject null="true"/>
                                            <url class="java.net.URL">https://www.google.com</url>
                                        </elem>
                                    </justAnArray>
                                    <listy class="java.util.ArrayList">
                                        <elem ref="206"/>
                                    </listy>
                                    <mappetyMap class="java.util.LinkedHashMap">
                                        <entry>
                                            <key ref="4"/>
                                            <value ref="206"/>
                                        </entry>
                                    </mappetyMap>
                                    <howMuchN>1</howMuchN>
                                    <isSuperCool>true</isSuperCool>
                                    <equity>1000000.0</equity>
                                    <primes type="int">
                                        <elem>2</elem>
                                        <elem>3</elem>
                                        <elem>5</elem>
                                        <elem>7</elem>
                                        <elem>11</elem>
                                        <elem>13</elem>
                                        <elem>17</elem>
                                        <elem>19</elem>
                                        <elem>23</elem>
                                        <elem>29</elem>
                                    </primes>
                                    <objects length="3" type="java.lang.Object">
                                        <elem class="java.lang.Integer" index="1">86.400</elem>
                                    </objects>
                                    <helloWorld ref="2"/>
                                    <date class="java.util.Date">1463079386980</date>
                                    <aNullObject null="true"/>
                                    <url class="java.net.URL">https://www.google.com</url>
                                </elem>
                                <elem class="TestObject" id="209">
                                    <justAnArray type="TestObject">
                                        <elem class="TestObject" id="207">
                                            <justAnArray type="TestObject"/>
                                            <listy class="java.util.ArrayList"/>
                                            <mappetyMap class="java.util.LinkedHashMap"/>
                                            <howMuchN>0</howMuchN>
                                            <isSuperCool>true</isSuperCool>
                                            <equity>1000000.0</equity>
                                            <primes type="int">
                                                <elem>2</elem>
                                                <elem>3</elem>
                                                <elem>5</elem>
                                                <elem>7</elem>
                                                <elem>11</elem>
                                                <elem>13</elem>
                                                <elem>17</elem>
                                                <elem>19</elem>
                                                <elem>23</elem>
                                                <elem>29</elem>
                                            </primes>
                                            <objects length="3" type="java.lang.Object">
                                                <elem class="java.lang.Integer" index="1">86.400</elem>
                                            </objects>
                                            <helloWorld ref="2"/>
                                            <date class="java.util.Date">1463079386980</date>
                                            <aNullObject null="true"/>
                                            <url class="java.net.URL">https://www.google.com</url>
                                        </elem>
                                    </justAnArray>
                                    <listy class="java.util.ArrayList">
                                        <elem ref="207"/>
                                    </listy>
                                    <mappetyMap class="java.util.LinkedHashMap">
                                        <entry>
                                            <key ref="4"/>
                                            <value ref="207"/>
                                        </entry>
                                    </mappetyMap>
                                    <howMuchN>1</howMuchN>
                                    <isSuperCool>true</isSuperCool>
                                    <equity>1000000.0</equity>
                                    <primes type="int">
                                        <elem>2</elem>
                                        <elem>3</elem>
                                        <elem>5</elem>
                                        <elem>7</elem>
                                        <elem>11</elem>
                                        <elem>13</elem>
                                        <elem>17</elem>
                                        <elem>19</elem>
                                        <elem>23</elem>
                                        <elem>29</elem>
                                    </primes>
                                    <objects length="3" type="java.lang.Object">
                                        <elem class="java.lang.Integer" index="1">86.400</elem>
                                    </objects>
                                    <helloWorld ref="2"/>
                                    <date class="java.util.Date">1463079386980</date>
                                    <aNullObject null="true"/>
                                    <url class="java.net.URL">https://www.google.com</url>
                                </elem>
                            </justAnArray>
                            <listy class="java.util.ArrayList">
                                <elem ref="208"/>
                                <elem ref="209"/>
                            </listy>
                            <mappetyMap class="java.util.LinkedHashMap">
                                <entry>
                                    <key ref="4"/>
                                    <value ref="208"/>
                                </entry>
                                <entry>
                                    <key ref="11"/>
                                    <value ref="209"/>
                                </entry>
                            </mappetyMap>
                            <howMuchN>2</howMuchN>
                            <isSuperCool>true</isSuperCool>
                            <equity>1000000.0</equity>
                            <primes type="int">
                                <elem>2</elem>
                                <elem>3</elem>
                                <elem>5</elem>
                                <elem>7</elem>
                                <elem>11</elem>
                                <elem>13</elem>
                                <elem>17</elem>
                                <elem>19</elem>
                                <elem>23</elem>
                                <elem>29</elem>
                            </primes>
                            <objects length="3" type="java.lang.Object">
                                <elem class="java.lang.Integer" index="1">86.400</elem>
                            </objects>
                            <helloWorld ref="2"/>
                            <date class="java.util.Date">1463079386980</date>
                            <aNullObject null="true"/>
                            <url class="java.net.URL">https://www.google.com</url>
                        </elem>
                    </justAnArray>
                    <listy class="java.util.ArrayList">
                        <elem ref="210"/>
                        <elem ref="211"/>
                        <elem ref="212"/>
                    </listy>
                    <mappetyMap class="java.util.LinkedHashMap">
                        <entry>
                            <key ref="4"/>
                            <value ref="210"/>
                        </entry>
                        <entry>
                            <key ref="11"/>
                            <value ref="211"/>
                        </entry>
                        <entry>
                            <key ref="34"/>
                            <value ref="212"/>
                        </entry>
                    </mappetyMap>
                    <howMuchN>3</howMuchN>
                    <isSuperCool>true</isSuperCool>
                    <equity>1000000.0</equity>
                    <primes type="int">
                        <elem>2</elem>
                        <elem>3</elem>
                        <elem>5</elem>
                        <elem>7</elem>
                        <elem>11</elem>
                        <elem>13</elem>
                        <elem>17</elem>
                        <elem>19</elem>
                        <elem>23</elem>
                        <elem>29</elem>
                    </primes>
                    <objects length="3" type="java.lang.Object">
                        <elem class="java.lang.Integer" index="1">86.400</elem>
                    </objects>
                    <helloWorld ref="2"/>
                    <date class="java.util.Date">1463079386980</date>
                    <aNullObject null="true"/>
                    <url class="java.net.URL">https://www.google.com</url>
                </elem>
                <elem class="TestObject" id="259">
                    <justAnArray type="TestObject">
                        <elem class="TestObject" id="225">
                            <justAnArray type="TestObject">
                                <elem class="TestObject" id="215">
                                    <justAnArray type="TestObject">
                                        <elem class="TestObject" id="213">
                                            <justAnArray type="TestObject"/>
                                            <listy class="java.util.ArrayList"/>
                                            <mappetyMap class="java.util.LinkedHashMap"/>
                                            <howMuchN>0</howMuchN>
                                            <isSuperCool>true</isSuperCool>
                                            <equity>1000000.0</equity>
                                            <primes type="int">
                                                <elem>2</elem>
                                                <elem>3</elem>
                                                <elem>5</elem>
                                                <elem>7</elem>
                                                <elem>11</elem>
                                                <elem>13</elem>
                                                <elem>17</elem>
                                                <elem>19</elem>
                                                <elem>23</elem>
                                                <elem>29</elem>
                                            </primes>
                                            <objects length="3" type="java.lang.Object">
                                                <elem class="java.lang.Integer" index="1">86.400</elem>
                                            </objects>
                                            <helloWorld ref="2"/>
                                            <date class="java.util.Date">1463079386980</date>
                                            <aNullObject null="true"/>
                                            <url class="java.net.URL">https://www.google.com</url>
                                        </elem>
                                    </justAnArray>
                                    <listy class="java.util.ArrayList">
                                        <elem ref="213"/>
                                    </listy>
                                    <mappetyMap class="java.util.LinkedHashMap">
                                        <entry>
                                            <key ref="4"/>
                                            <value ref="213"/>
                                        </entry>
                                    </mappetyMap>
                                    <howMuchN>1</howMuchN>
                                    <isSuperCool>true</isSuperCool>
                                    <equity>1000000.0</equity>
                                    <primes type="int">
                                        <elem>2</elem>
                                        <elem>3</elem>
                                        <elem>5</elem>
                                        <elem>7</elem>
                                        <elem>11</elem>
                                        <elem>13</elem>
                                        <elem>17</elem>
                                        <elem>19</elem>
                                        <elem>23</elem>
                                        <elem>29</elem>
                                    </primes>
                                    <objects length="3" type="java.lang.Object">
                                        <elem class="java.lang.Integer" index="1">86.400</elem>
                                    </objects>
                                    <helloWorld ref="2"/>
                                    <date class="java.util.Date">1463079386980</date>
                                    <aNullObject null="true"/>
                                    <url class="java.net.URL">https://www.google.com</url>
                                </elem>
                                <elem class="TestObject" id="216">
                                    <justAnArray type="TestObject">
                                        <elem class="TestObject" id="214">
                                            <justAnArray type="TestObject"/>
                                            <listy class="java.util.ArrayList"/>
                                            <mappetyMap class="java.util.LinkedHashMap"/>
                                            <howMuchN>0</howMuchN>
                                            <isSuperCool>true</isSuperCool>
                                            <equity>1000000.0</equity>
                                            <primes type="int">
                                                <elem>2</elem>
                                                <elem>3</elem>
                                                <elem>5</elem>
                                                <elem>7</elem>
                                                <elem>11</elem>
                                                <elem>13</elem>
                                                <elem>17</elem>
                                                <elem>19</elem>
                                                <elem>23</elem>
                                                <elem>29</elem>
                                            </primes>
                                            <objects length="3" type="java.lang.Object">
                                                <elem class="java.lang.Integer" index="1">86.400</elem>
                                            </objects>
                                            <helloWorld ref="2"/>
                                            <date class="java.util.Date">1463079386980</date>
                                            <aNullObject null="true"/>
                                            <url class="java.net.URL">https://www.google.com</url>
                                        </elem>
                                    </justAnArray>
                                    <listy class="java.util.ArrayList">
                                        <elem ref="214"/>
                                    </listy>
                                    <mappetyMap class="java.util.LinkedHashMap">
                                        <entry>
                                            <key ref="4"/>
                                            <value ref="214"/>
                                        </entry>
                                    </mappetyMap>
                                    <howMuchN>1</howMuchN>
                                    <isSuperCool>true</isSuperCool>
                                    <equity>1000000.0</equity>
                                    <primes type="int">
                                        <elem>2</elem>
                                        <elem>3</elem>
                                        <elem>5</elem>
                                        <elem>7</elem>
                                        <elem>11</elem>
                                        <elem>13</elem>
                                        <elem>17</elem>
                                        <elem>19</elem>
                                        <elem>23</elem>
                                        <elem>29</elem>
                                    </primes>
                                    <objects length="3" type="java.lang.Object">
                                        <elem class="java.lang.Integer" index="1">86.400</elem>
                                    </objects>
                                    <helloWorld ref="2"/>
                                    <date class="java.util.Date">1463079386980</date>
                                    <aNullObject null="true"/>
                                    <url class="java.net.URL">https://www.google.com</url>
                                </elem>
                            </justAnArray>
                            <listy class="java.util.ArrayList">
                                <elem ref="215"/>
                                <elem ref="216"/>
                            </listy>
                            <mappetyMap class="java.util.LinkedHashMap">
                                <entry>
                                    <key ref="4"/>
                                    <value ref="215"/>
                                </entry>
                                <entry>
                                    <key ref="11"/>
                                    <value ref="216"/>
                                </entry>
                            </mappetyMap>
                            <howMuchN>2</howMuchN>
                            <isSuperCool>true</isSuperCool>
                            <equity>1000000.0</equity>
                            <primes type="int">
                                <elem>2</elem>
                                <elem>3</elem>
                                <elem>5</elem>
                                <elem>7</elem>
                                <elem>11</elem>
                                <elem>13</elem>
                                <elem>17</elem>
                                <elem>19</elem>
                                <elem>23</elem>
                                <elem>29</elem>
                            </primes>
                            <objects length="3" type="java.lang.Object">
                                <elem class="java.lang.Integer" index="1">86.400</elem>
                            </objects>
                            <helloWorld ref="2"/>
                            <date class="java.util.Date">1463079386980</date>
                            <aNullObject null="true"/>
                            <url class="java.net.URL">https://www.google.com</url>
                        </elem>
                        <elem class="TestObject" id="226">
                            <justAnArray type="TestObject">
                                <elem class="TestObject" id="219">
                                    <justAnArray type="TestObject">
                                        <elem class="TestObject" id="217">
                                            <justAnArray type="TestObject"/>
                                            <listy class="java.util.ArrayList"/>
                                            <mappetyMap class="java.util.LinkedHashMap"/>
                                            <howMuchN>0</howMuchN>
                                            <isSuperCool>true</isSuperCool>
                                            <equity>1000000.0</equity>
                                            <primes type="int">
                                                <elem>2</elem>
                                                <elem>3</elem>
                                                <elem>5</elem>
                                                <elem>7</elem>
                                                <elem>11</elem>
                                                <elem>13</elem>
                                                <elem>17</elem>
                                                <elem>19</elem>
                                                <elem>23</elem>
                                                <elem>29</elem>
                                            </primes>
                                            <objects length="3" type="java.lang.Object">
                                                <elem class="java.lang.Integer" index="1">86.400</elem>
                                            </objects>
                                            <helloWorld ref="2"/>
                                            <date class="java.util.Date">1463079386980</date>
                                            <aNullObject null="true"/>
                                            <url class="java.net.URL">https://www.google.com</url>
                                        </elem>
                                    </justAnArray>
                                    <listy class="java.util.ArrayList">
                                        <elem ref="217"/>
                                    </listy>
                                    <mappetyMap class="java.util.LinkedHashMap">
                                        <entry>
                                            <key ref="4"/>
                                            <value ref="217"/>
                                        </entry>
                                    </mappetyMap>
                                    <howMuchN>1</howMuchN>
                                    <isSuperCool>true</isSuperCool>
                                    <equity>1000000.0</equity>
                                    <primes type="int">
                                        <elem>2</elem>
                                        <elem>3</elem>
                                        <elem>5</elem>
                                        <elem>7</elem>
                                        <elem>11</elem>
                                        <elem>13</elem>
                                        <elem>17</elem>
                                        <elem>19</elem>
                                        <elem>23</elem>
                                        <elem>29</elem>
                                    </primes>
                                    <objects length="3" type="java.lang.Object">
                                        <elem class="java.lang.Integer" index="1">86.400</elem>
                                    </objects>
                                    <helloWorld ref="2"/>
                                    <date class="java.util.Date">1463079386980</date>
                                    <aNullObject null="true"/>
                                    <url class="java.net.URL">https://www.google.com</url>
                                </elem>
                                <elem class="TestObject" id="220">
                                    <justAnArray type="TestObject">
                                        <elem class="TestObject" id="218">
                                            <justAnArray type="TestObject"/>
                                            <listy class="java.util.ArrayList"/>
                                            <mappetyMap class="java.util.LinkedHashMap"/>
                                            <howMuchN>0</howMuchN>
                                            <isSuperCool>true</isSuperCool>
                                            <equity>1000000.0</equity>
                                            <primes type="int">
                                                <elem>2</elem>
                                                <elem>3</elem>
                                                <elem>5</elem>
                                                <elem>7</elem>
                                                <elem>11</elem>
                                                <elem>13</elem>
                                                <elem>17</elem>
                                                <elem>19</elem>
                                                <elem>23</elem>
                                                <elem>29</elem>
                                            </primes>
                                            <objects length="3" type="java.lang.Object">
                                                <elem class="java.lang.Integer" index="1">86.400</elem>
                                            </objects>
                                            <helloWorld ref="2"/>
                                            <date class="java.util.Date">1463079386980</date>
                                            <aNullObject null="true"/>
                                            <url class="java.net.URL">https://www.google.com</url>
                                        </elem>
                                    </justAnArray>
                                    <listy class="java.util.ArrayList">
                                        <elem ref="218"/>
                                    </listy>
                                    <mappetyMap class="java.util.LinkedHashMap">
                                        <entry>
                                            <key ref="4"/>
                                            <value ref="218"/>
                                        </entry>
                                    </mappetyMap>
                                    <howMuchN>1</howMuchN>
                                    <isSuperCool>true</isSuperCool>
                                    <equity>1000000.0</equity>
                                    <primes type="int">
                                        <elem>2</elem>
                                        <elem>3</elem>
                                        <elem>5</elem>
                                        <elem>7</elem>
                                        <elem>11</elem>
                                        <elem>13</elem>
                                        <elem>17</elem>
                                        <elem>19</elem>
                                        <elem>23</elem>
                                        <elem>29</elem>
                                    </primes>
                                    <objects length="3" type="java.lang.Object">
                                        <elem class="java.lang.Integer" index="1">86.400</elem>
                                    </objects>
                                    <helloWorld ref="2"/>
                                    <date class="java.util.Date">1463079386980</date>
                                    <aNullObject null="true"/>
                                    <url class="java.net.URL">https://www.google.com</url>
                                </elem>
                            </justAnArray>
                            <listy class="java.util.ArrayList">
                                <elem ref="219"/>
                                <elem ref="220"/>
                            </listy>
                            <mappetyMap class="java.util.LinkedHashMap">
                                <entry>
                                    <key ref="4"/>
                                    <value ref="219"/>
                                </entry>
                                <entry>
                                    <key ref="11"/>
                                    <value ref="220"/>
                                </entry>
                            </mappetyMap>
                            <howMuchN>2</howMuchN>
                            <isSuperCool>true</isSuperCool>
                            <equity>1000000.0</equity>
                            <primes type="int">
                                <elem>2</elem>
                                <elem>3</elem>
                                <elem>5</elem>
                                <elem>7</elem>
                                <elem>11</elem>
                                <elem>13</elem>
                                <elem>17</elem>
                                <elem>19</elem>
                                <elem>23</elem>
                                <elem>29</elem>
                            </primes>
                            <objects length="3" type="java.lang.Object">
                                <elem class="java.lang.Integer" index="1">86.400</elem>
                            </objects>
                            <helloWorld ref="2"/>
                            <date class="java.util.Date">1463079386980</date>
                            <aNullObject null="true"/>
                            <url class="java.net.URL">https://www.google.com</url>
                        </elem>
                        <elem class="TestObject" id="227">
                            <justAnArray type="TestObject">
                                <elem class="TestObject" id="223">
                                    <justAnArray type="TestObject">
                                        <elem class="TestObject" id="221">
                                            <justAnArray type="TestObject"/>
                                            <listy class="java.util.ArrayList"/>
                                            <mappetyMap class="java.util.LinkedHashMap"/>
                                            <howMuchN>0</howMuchN>
                                            <isSuperCool>true</isSuperCool>
                                            <equity>1000000.0</equity>
                                            <primes type="int">
                                                <elem>2</elem>
                                                <elem>3</elem>
                                                <elem>5</elem>
                                                <elem>7</elem>
                                                <elem>11</elem>
                                                <elem>13</elem>
                                                <elem>17</elem>
                                                <elem>19</elem>
                                                <elem>23</elem>
                                                <elem>29</elem>
                                            </primes>
                                            <objects length="3" type="java.lang.Object">
                                                <elem class="java.lang.Integer" index="1">86.400</elem>
                                            </objects>
                                            <helloWorld ref="2"/>
                                            <date class="java.util.Date">1463079386980</date>
                                            <aNullObject null="true"/>
                                            <url class="java.net.URL">https://www.google.com</url>
                                        </elem>
                                    </justAnArray>
                                    <listy class="java.util.ArrayList">
                                        <elem ref="221"/>
                                    </listy>
                                    <mappetyMap class="java.util.LinkedHashMap">
                                        <entry>
                                            <key ref="4"/>
                                            <value ref="221"/>
                                        </entry>
                                    </mappetyMap>
                                    <howMuchN>1</howMuchN>
                                    <isSuperCool>true</isSuperCool>
                                    <equity>1000000.0</equity>
                                    <primes type="int">
                                        <elem>2</elem>
                                        <elem>3</elem>
                                        <elem>5</elem>
                                        <elem>7</elem>
                                        <elem>11</elem>
                                        <elem>13</elem>
                                        <elem>17</elem>
                                        <elem>19</elem>
                                        <elem>23</elem>
                                        <elem>29</elem>
                                    </primes>
                                    <objects length="3" type="java.lang.Object">
                                        <elem class="java.lang.Integer" index="1">86.400</elem>
                                    </objects>
                                    <helloWorld ref="2"/>
                                    <date class="java.util.Date">1463079386980</date>
                                    <aNullObject null="true"/>
                                    <url class="java.net.URL">https://www.google.com</url>
                                </elem>
                                <elem class="TestObject" id="224">
                                    <justAnArray type="TestObject">
                                        <elem class="TestObject" id="222">
                                            <justAnArray type="TestObject"/>
                                            <listy class="java.util.ArrayList"/>
                                            <mappetyMap class="java.util.LinkedHashMap"/>
                                            <howMuchN>0</howMuchN>
                                            <isSuperCool>true</isSuperCool>
                                            <equity>1000000.0</equity>
                                            <primes type="int">
                                                <elem>2</elem>
                                                <elem>3</elem>
                                                <elem>5</elem>
                                                <elem>7</elem>
                                                <elem>11</elem>
                                                <elem>13</elem>
                                                <elem>17</elem>
                                                <elem>19</elem>
                                                <elem>23</elem>
                                                <elem>29</elem>
                                            </primes>
                                            <objects length="3" type="java.lang.Object">
                                                <elem class="java.lang.Integer" index="1">86.400</elem>
                                            </objects>
                                            <helloWorld ref="2"/>
                                            <date class="java.util.Date">1463079386980</date>
                                            <aNullObject null="true"/>
                                            <url class="java.net.URL">https://www.google.com</url>
                                        </elem>
                                    </justAnArray>
                                    <listy class="java.util.ArrayList">
                                        <elem ref="222"/>
                                    </listy>
                                    <mappetyMap class="java.util.LinkedHashMap">
                                        <entry>
                                            <key ref="4"/>
                                            <value ref="222"/>
                                        </entry>
                                    </mappetyMap>
                                    <howMuchN>1</howMuchN>
                                    <isSuperCool>true</isSuperCool>
                                    <equity>1000000.0</equity>
                                    <primes type="int">
                                        <elem>2</elem>
                                        <elem>3</elem>
                                        <elem>5</elem>
                                        <elem>7</elem>
                                        <elem>11</elem>
                                        <elem>13</elem>
                                        <elem>17</elem>
                                        <elem>19</elem>
                                        <elem>23</elem>
                                        <elem>29</elem>
                                    </primes>
                                    <objects length="3" type="java.lang.Object">
                                        <elem class="java.lang.Integer" index="1">86.400</elem>
                                    </objects>
                                    <helloWorld ref="2"/>
                                    <date class="java.util.Date">1463079386980</date>
                                    <aNullObject null="true"/>
                                    <url class="java.net.URL">https://www.google.com</url>
                                </elem>
                            </justAnArray>
                            <listy class="java.util.ArrayList">
                                <elem ref="223"/>
                                <elem ref="224"/>
                            </listy>
                            <mappetyMap class="java.util.LinkedHashMap">
                                <entry>
                                    <key ref="4"/>
                                    <value ref="223"/>
                                </entry>
                                <entry>
                                    <key ref="11"/>
                                    <value ref="224"/>
                                </entry>
                            </mappetyMap>
                            <howMuchN>2</howMuchN>
                            <isSuperCool>true</isSuperCool>
                            <equity>1000000.0</equity>
                            <primes type="int">
                                <elem>2</elem>
                                <elem>3</elem>
                                <elem>5</elem>
                                <elem>7</elem>
                                <elem>11</elem>
                                <elem>13</elem>
                                <elem>17</elem>
                                <elem>19</elem>
                                <elem>23</elem>
                                <elem>29</elem>
                            </primes>
                            <objects length="3" type="java.lang.Object">
                                <elem class="java.lang.Integer" index="1">86.400</elem>
                            </objects>
                            <helloWorld ref="2"/>
                            <date class="java.util.Date">1463079386980</date>
                            <aNullObject null="true"/>
                            <url class="java.net.URL">https://www.google.com</url>
                        </elem>
                    </justAnArray>
                    <listy class="java.util.ArrayList">
                        <elem ref="225"/>
                        <elem ref="226"/>
                        <elem ref="227"/>
                    </listy>
                    <mappetyMap class="java.util.LinkedHashMap">
                        <entry>
                            <key ref="4"/>
                            <value ref="225"/>
                        </entry>
                        <entry>
                            <key ref="11"/>
                            <value ref="226"/>
                        </entry>
                        <entry>
                            <key ref="34"/>
                            <value ref="227"/>
                        </entry>
                    </mappetyMap>
                    <howMuchN>3</howMuchN>
                    <isSuperCool>true</isSuperCool>
                    <equity>1000000.0</equity>
                    <primes type="int">
                        <elem>2</elem>
                        <elem>3</elem>
                        <elem>5</elem>
                        <elem>7</elem>
                        <elem>11</elem>
                        <elem>13</elem>
                        <elem>17</elem>
                        <elem>19</elem>
                        <elem>23</elem>
                        <elem>29</elem>
                    </primes>
                    <objects length="3" type="java.lang.Object">
                        <elem class="java.lang.Integer" index="1">86.400</elem>
                    </objects>
                    <helloWorld ref="2"/>
                    <date class="java.util.Date">1463079386980</date>
                    <aNullObject null="true"/>
                    <url class="java.net.URL">https://www.google.com</url>
                </elem>
                <elem class="TestObject" id="260">
                    <justAnArray type="TestObject">
                        <elem class="TestObject" id="240">
                            <justAnArray type="TestObject">
                                <elem class="TestObject" id="230">
                                    <justAnArray type="TestObject">
                                        <elem class="TestObject" id="228">
                                            <justAnArray type="TestObject"/>
                                            <listy class="java.util.ArrayList"/>
                                            <mappetyMap class="java.util.LinkedHashMap"/>
                                            <howMuchN>0</howMuchN>
                                            <isSuperCool>true</isSuperCool>
                                            <equity>1000000.0</equity>
                                            <primes type="int">
                                                <elem>2</elem>
                                                <elem>3</elem>
                                                <elem>5</elem>
                                                <elem>7</elem>
                                                <elem>11</elem>
                                                <elem>13</elem>
                                                <elem>17</elem>
                                                <elem>19</elem>
                                                <elem>23</elem>
                                                <elem>29</elem>
                                            </primes>
                                            <objects length="3" type="java.lang.Object">
                                                <elem class="java.lang.Integer" index="1">86.400</elem>
                                            </objects>
                                            <helloWorld ref="2"/>
                                            <date class="java.util.Date">1463079386980</date>
                                            <aNullObject null="true"/>
                                            <url class="java.net.URL">https://www.google.com</url>
                                        </elem>
                                    </justAnArray>
                                    <listy class="java.util.ArrayList">
                                        <elem ref="228"/>
                                    </listy>
                                    <mappetyMap class="java.util.LinkedHashMap">
                                        <entry>
                                            <key ref="4"/>
                                            <value ref="228"/>
                                        </entry>
                                    </mappetyMap>
                                    <howMuchN>1</howMuchN>
                                    <isSuperCool>true</isSuperCool>
                                    <equity>1000000.0</equity>
                                    <primes type="int">
                                        <elem>2</elem>
                                        <elem>3</elem>
                                        <elem>5</elem>
                                        <elem>7</elem>
                                        <elem>11</elem>
                                        <elem>13</elem>
                                        <elem>17</elem>
                                        <elem>19</elem>
                                        <elem>23</elem>
                                        <elem>29</elem>
                                    </primes>
                                    <objects length="3" type="java.lang.Object">
                                        <elem class="java.lang.Integer" index="1">86.400</elem>
                                    </objects>
                                    <helloWorld ref="2"/>
                                    <date class="java.util.Date">1463079386980</date>
                                    <aNullObject null="true"/>
                                    <url class="java.net.URL">https://www.google.com</url>
                                </elem>
                                <elem class="TestObject" id="231">
                                    <justAnArray type="TestObject">
                                        <elem class="TestObject" id="229">
                                            <justAnArray type="TestObject"/>
                                            <listy class="java.util.ArrayList"/>
                                            <mappetyMap class="java.util.LinkedHashMap"/>
                                            <howMuchN>0</howMuchN>
                                            <isSuperCool>true</isSuperCool>
                                            <equity>1000000.0</equity>
                                            <primes type="int">
                                                <elem>2</elem>
                                                <elem>3</elem>
                                                <elem>5</elem>
                                                <elem>7</elem>
                                                <elem>11</elem>
                                                <elem>13</elem>
                                                <elem>17</elem>
                                                <elem>19</elem>
                                                <elem>23</elem>
                                                <elem>29</elem>
                                            </primes>
                                            <objects length="3" type="java.lang.Object">
                                                <elem class="java.lang.Integer" index="1">86.400</elem>
                                            </objects>
                                            <helloWorld ref="2"/>
                                            <date class="java.util.Date">1463079386980</date>
                                            <aNullObject null="true"/>
                                            <url class="java.net.URL">https://www.google.com</url>
                                        </elem>
                                    </justAnArray>
                                    <listy class="java.util.ArrayList">
                                        <elem ref="229"/>
                                    </listy>
                                    <mappetyMap class="java.util.LinkedHashMap">
                                        <entry>
                                            <key ref="4"/>
                                            <value ref="229"/>
                                        </entry>
                                    </mappetyMap>
                                    <howMuchN>1</howMuchN>
                                    <isSuperCool>true</isSuperCool>
                                    <equity>1000000.0</equity>
                                    <primes type="int">
                                        <elem>2</elem>
                                        <elem>3</elem>
                                        <elem>5</elem>
                                        <elem>7</elem>
                                        <elem>11</elem>
                                        <elem>13</elem>
                                        <elem>17</elem>
                                        <elem>19</elem>
                                        <elem>23</elem>
                                        <elem>29</elem>
                                    </primes>
                                    <objects length="3" type="java.lang.Object">
                                        <elem class="java.lang.Integer" index="1">86.400</elem>
                                    </objects>
                                    <helloWorld ref="2"/>
                                    <date class="java.util.Date">1463079386980</date>
                                    <aNullObject null="true"/>
                                    <url class="java.net.URL">https://www.google.com</url>
                                </elem>
                            </justAnArray>
                            <listy class="java.util.ArrayList">
                                <elem ref="230"/>
                                <elem ref="231"/>
                            </listy>
                            <mappetyMap class="java.util.LinkedHashMap">
                                <entry>
                                    <key ref="4"/>
                                    <value ref="230"/>
                                </entry>
                                <entry>
                                    <key ref="11"/>
                                    <value ref="231"/>
                                </entry>
                            </mappetyMap>
                            <howMuchN>2</howMuchN>
                            <isSuperCool>true</isSuperCool>
                            <equity>1000000.0</equity>
                            <primes type="int">
                                <elem>2</elem>
                                <elem>3</elem>
                                <elem>5</elem>
                                <elem>7</elem>
                                <elem>11</elem>
                                <elem>13</elem>
                                <elem>17</elem>
                                <elem>19</elem>
                                <elem>23</elem>
                                <elem>29</elem>
                            </primes>
                            <objects length="3" type="java.lang.Object">
                                <elem class="java.lang.Integer" index="1">86.400</elem>
                            </objects>
                            <helloWorld ref="2"/>
                            <date class="java.util.Date">1463079386980</date>
                            <aNullObject null="true"/>
                            <url class="java.net.URL">https://www.google.com</url>
                        </elem>
                        <elem class="TestObject" id="241">
                            <justAnArray type="TestObject">
                                <elem class="TestObject" id="234">
                                    <justAnArray type="TestObject">
                                        <elem class="TestObject" id="232">
                                            <justAnArray type="TestObject"/>
                                            <listy class="java.util.ArrayList"/>
                                            <mappetyMap class="java.util.LinkedHashMap"/>
                                            <howMuchN>0</howMuchN>
                                            <isSuperCool>true</isSuperCool>
                                            <equity>1000000.0</equity>
                                            <primes type="int">
                                                <elem>2</elem>
                                                <elem>3</elem>
                                                <elem>5</elem>
                                                <elem>7</elem>
                                                <elem>11</elem>
                                                <elem>13</elem>
                                                <elem>17</elem>
                                                <elem>19</elem>
                                                <elem>23</elem>
                                                <elem>29</elem>
                                            </primes>
                                            <objects length="3" type="java.lang.Object">
                                                <elem class="java.lang.Integer" index="1">86.400</elem>
                                            </objects>
                                            <helloWorld ref="2"/>
                                            <date class="java.util.Date">1463079386981</date>
                                            <aNullObject null="true"/>
                                            <url class="java.net.URL">https://www.google.com</url>
                                        </elem>
                                    </justAnArray>
                                    <listy class="java.util.ArrayList">
                                        <elem ref="232"/>
                                    </listy>
                                    <mappetyMap class="java.util.LinkedHashMap">
                                        <entry>
                                            <key ref="4"/>
                                            <value ref="232"/>
                                        </entry>
                                    </mappetyMap>
                                    <howMuchN>1</howMuchN>
                                    <isSuperCool>true</isSuperCool>
                                    <equity>1000000.0</equity>
                                    <primes type="int">
                                        <elem>2</elem>
                                        <elem>3</elem>
                                        <elem>5</elem>
                                        <elem>7</elem>
                                        <elem>11</elem>
                                        <elem>13</elem>
                                        <elem>17</elem>
                                        <elem>19</elem>
                                        <elem>23</elem>
                                        <elem>29</elem>
                                    </primes>
                                    <objects length="3" type="java.lang.Object">
                                        <elem class="java.lang.Integer" index="1">86.400</elem>
                                    </objects>
                                    <helloWorld ref="2"/>
                                    <date class="java.util.Date">1463079386981</date>
                                    <aNullObject null="true"/>
                                    <url class="java.net.URL">https://www.google.com</url>
                                </elem>
                                <elem class="TestObject" id="235">
                                    <justAnArray type="TestObject">
                                        <elem class="TestObject" id="233">
                                            <justAnArray type="TestObject"/>
                                            <listy class="java.util.ArrayList"/>
                                            <mappetyMap class="java.util.LinkedHashMap"/>
                                            <howMuchN>0</howMuchN>
                                            <isSuperCool>true</isSuperCool>
                                            <equity>1000000.0</equity>
                                            <primes type="int">
                                                <elem>2</elem>
                                                <elem>3</elem>
                                                <elem>5</elem>
                                                <elem>7</elem>
                                                <elem>11</elem>
                                                <elem>13</elem>
                                                <elem>17</elem>
                                                <elem>19</elem>
                                                <elem>23</elem>
                                                <elem>29</elem>
                                            </primes>
                                            <objects length="3" type="java.lang.Object">
                                                <elem class="java.lang.Integer" index="1">86.400</elem>
                                            </objects>
                                            <helloWorld ref="2"/>
                                            <date class="java.util.Date">1463079386981</date>
                                            <aNullObject null="true"/>
                                            <url class="java.net.URL">https://www.google.com</url>
                                        </elem>
                                    </justAnArray>
                                    <listy class="java.util.ArrayList">
                                        <elem ref="233"/>
                                    </listy>
                                    <mappetyMap class="java.util.LinkedHashMap">
                                        <entry>
                                            <key ref="4"/>
                                            <value ref="233"/>
                                        </entry>
                                    </mappetyMap>
                                    <howMuchN>1</howMuchN>
                                    <isSuperCool>true</isSuperCool>
                                    <equity>1000000.0</equity>
                                    <primes type="int">
                                        <elem>2</elem>
                                        <elem>3</elem>
                                        <elem>5</elem>
                                        <elem>7</elem>
                                        <elem>11</elem>
                                        <elem>13</elem>
                                        <elem>17</elem>
                                        <elem>19</elem>
                                        <elem>23</elem>
                                        <elem>29</elem>
                                    </primes>
                                    <objects length="3" type="java.lang.Object">
                                        <elem class="java.lang.Integer" index="1">86.400</elem>
                                    </objects>
                                    <helloWorld ref="2"/>
                                    <date class="java.util.Date">1463079386981</date>
                                    <aNullObject null="true"/>
                                    <url class="java.net.URL">https://www.google.com</url>
                                </elem>
                            </justAnArray>
                            <listy class="java.util.ArrayList">
                                <elem ref="234"/>
                                <elem ref="235"/>
                            </listy>
                            <mappetyMap class="java.util.LinkedHashMap">
                                <entry>
                                    <key ref="4"/>
                                    <value ref="234"/>
                                </entry>
                                <entry>
                                    <key ref="11"/>
                                    <value ref="235"/>
                                </entry>
                            </mappetyMap>
                            <howMuchN>2</howMuchN>
                            <isSuperCool>true</isSuperCool>
                            <equity>1000000.0</equity>
                            <primes type="int">
                                <elem>2</elem>
                                <elem>3</elem>
                                <elem>5</elem>
                                <elem>7</elem>
                                <elem>11</elem>
                                <elem>13</elem>
                                <elem>17</elem>
                                <elem>19</elem>
                                <elem>23</elem>
                                <elem>29</elem>
                            </primes>
                            <objects length="3" type="java.lang.Object">
                                <elem class="java.lang.Integer" index="1">86.400</elem>
                            </objects>
                            <helloWorld ref="2"/>
                            <date class="java.util.Date">1463079386981</date>
                            <aNullObject null="true"/>
                            <url class="java.net.URL">https://www.google.com</url>
                        </elem>
                        <elem class="TestObject" id="242">
                            <justAnArray type="TestObject">
                                <elem class="TestObject" id="238">
                                    <justAnArray type="TestObject">
                                        <elem class="TestObject" id="236">
                                            <justAnArray type="TestObject"/>
                                            <listy class="java.util.ArrayList"/>
                                            <mappetyMap class="java.util.LinkedHashMap"/>
                                            <howMuchN>0</howMuchN>
                                            <isSuperCool>true</isSuperCool>
                                            <equity>1000000.0</equity>
                                            <primes type="int">
                                                <elem>2</elem>
                                                <elem>3</elem>
                                                <elem>5</elem>
                                                <elem>7</elem>
                                                <elem>11</elem>
                                                <elem>13</elem>
                                                <elem>17</elem>
                                                <elem>19</elem>
                                                <elem>23</elem>
                                                <elem>29</elem>
                                            </primes>
                                            <objects length="3" type="java.lang.Object">
                                                <elem class="java.lang.Integer" index="1">86.400</elem>
                                            </objects>
                                            <helloWorld ref="2"/>
                                            <date class="java.util.Date">1463079386981</date>
                                            <aNullObject null="true"/>
                                            <url class="java.net.URL">https://www.google.com</url>
                                        </elem>
                                    </justAnArray>
                                    <listy class="java.util.ArrayList">
                                        <elem ref="236"/>
                                    </listy>
                                    <mappetyMap class="java.util.LinkedHashMap">
                                        <entry>
                                            <key ref="4"/>
                                            <value ref="236"/>
                                        </entry>
                                    </mappetyMap>
                                    <howMuchN>1</howMuchN>
                                    <isSuperCool>true</isSuperCool>
                                    <equity>1000000.0</equity>
                                    <primes type="int">
                                        <elem>2</elem>
                                        <elem>3</elem>
                                        <elem>5</elem>
                                        <elem>7</elem>
                                        <elem>11</elem>
                                        <elem>13</elem>
                                        <elem>17</elem>
                                        <elem>19</elem>
                                        <elem>23</elem>
                                        <elem>29</elem>
                                    </primes>
                                    <objects length="3" type="java.lang.Object">
                                        <elem class="java.lang.Integer" index="1">86.400</elem>
                                    </objects>
                                    <helloWorld ref="2"/>
                                    <date class="java.util.Date">1463079386981</date>
                                    <aNullObject null="true"/>
                                    <url class="java.net.URL">https://www.google.com</url>
                                </elem>
                                <elem class="TestObject" id="239">
                                    <justAnArray type="TestObject">
                                        <elem class="TestObject" id="237">
                                            <justAnArray type="TestObject"/>
                                            <listy class="java.util.ArrayList"/>
                                            <mappetyMap class="java.util.LinkedHashMap"/>
                                            <howMuchN>0</howMuchN>
                                            <isSuperCool>true</isSuperCool>
                                            <equity>1000000.0</equity>
                                            <primes type="int">
                                                <elem>2</elem>
                                                <elem>3</elem>
                                                <elem>5</elem>
                                                <elem>7</elem>
                                                <elem>11</elem>
                                                <elem>13</elem>
                                                <elem>17</elem>
                                                <elem>19</elem>
                                                <elem>23</elem>
                                                <elem>29</elem>
                                            </primes>
                                            <objects length="3" type="java.lang.Object">
                                                <elem class="java.lang.Integer" index="1">86.400</elem>
                                            </objects>
                                            <helloWorld ref="2"/>
                                            <date class="java.util.Date">1463079386981</date>
                                            <aNullObject null="true"/>
                                            <url class="java.net.URL">https://www.google.com</url>
                                        </elem>
                                    </justAnArray>
                                    <listy class="java.util.ArrayList">
                                        <elem ref="237"/>
                                    </listy>
                                    <mappetyMap class="java.util.LinkedHashMap">
                                        <entry>
                                            <key ref="4"/>
                                            <value ref="237"/>
                                        </entry>
                                    </mappetyMap>
                                    <howMuchN>1</howMuchN>
                                    <isSuperCool>true</isSuperCool>
                                    <equity>1000000.0</equity>
                                    <primes type="int">
                                        <elem>2</elem>
                                        <elem>3</elem>
                                        <elem>5</elem>
                                        <elem>7</elem>
                                        <elem>11</elem>
                                        <elem>13</elem>
                                        <elem>17</elem>
                                        <elem>19</elem>
                                        <elem>23</elem>
                                        <elem>29</elem>
                                    </primes>
                                    <objects length="3" type="java.lang.Object">
                                        <elem class="java.lang.Integer" index="1">86.400</elem>
                                    </objects>
                                    <helloWorld ref="2"/>
                                    <date class="java.util.Date">1463079386981</date>
                                    <aNullObject null="true"/>
                                    <url class="java.net.URL">https://www.google.com</url>
                                </elem>
                            </justAnArray>
                            <listy class="java.util.ArrayList">
                                <elem ref="238"/>
                                <elem ref="239"/>
                            </listy>
                            <mappetyMap class="java.util.LinkedHashMap">
                                <entry>
                                    <key ref="4"/>
                                    <value ref="238"/>
                                </entry>
                                <entry>
                                    <key ref="11"/>
                                    <value ref="239"/>
                                </entry>
                            </mappetyMap>
                            <howMuchN>2</howMuchN>
                            <isSuperCool>true</isSuperCool>
                            <equity>1000000.0</equity>
                            <primes type="int">
                                <elem>2</elem>
                                <elem>3</elem>
                                <elem>5</elem>
                                <elem>7</elem>
                                <elem>11</elem>
                                <elem>13</elem>
                                <elem>17</elem>
                                <elem>19</elem>
                                <elem>23</elem>
                                <elem>29</elem>
                            </primes>
                            <objects length="3" type="java.lang.Object">
                                <elem class="java.lang.Integer" index="1">86.400</elem>
                            </objects>
                            <helloWorld ref="2"/>
                            <date class="java.util.Date">1463079386981</date>
                            <aNullObject null="true"/>
                            <url class="java.net.URL">https://www.google.com</url>
                        </elem>
                    </justAnArray>
                    <listy class="java.util.ArrayList">
                        <elem ref="240"/>
                        <elem ref="241"/>
                        <elem ref="242"/>
                    </listy>
                    <mappetyMap class="java.util.LinkedHashMap">
                        <entry>
                            <key ref="4"/>
                            <value ref="240"/>
                        </entry>
                        <entry>
                            <key ref="11"/>
                            <value ref="241"/>
                        </entry>
                        <entry>
                            <key ref="34"/>
                            <value ref="242"/>
                        </entry>
                    </mappetyMap>
                    <howMuchN>3</howMuchN>
                    <isSuperCool>true</isSuperCool>
                    <equity>1000000.0</equity>
                    <primes type="int">
                        <elem>2</elem>
                        <elem>3</elem>
                        <elem>5</elem>
                        <elem>7</elem>
                        <elem>11</elem>
                        <elem>13</elem>
                        <elem>17</elem>
                        <elem>19</elem>
                        <elem>23</elem>
                        <elem>29</elem>
                    </primes>
                    <objects length="3" type="java.lang.Object">
                        <elem class="java.lang.Integer" index="1">86.400</elem>
                    </objects>
                    <helloWorld ref="2"/>
                    <date class="java.util.Date">1463079386980</date>
                    <aNullObject null="true"/>
                    <url class="java.net.URL">https://www.google.com</url>
                </elem>
                <elem class="TestObject" id="261">
                    <justAnArray type="TestObject">
                        <elem class="TestObject" id="255">
                            <justAnArray type="TestObject">
                                <elem class="TestObject" id="245">
                                    <justAnArray type="TestObject">
                                        <elem class="TestObject" id="243">
                                            <justAnArray type="TestObject"/>
                                            <listy class="java.util.ArrayList"/>
                                            <mappetyMap class="java.util.LinkedHashMap"/>
                                            <howMuchN>0</howMuchN>
                                            <isSuperCool>true</isSuperCool>
                                            <equity>1000000.0</equity>
                                            <primes type="int">
                                                <elem>2</elem>
                                                <elem>3</elem>
                                                <elem>5</elem>
                                                <elem>7</elem>
                                                <elem>11</elem>
                                                <elem>13</elem>
                                                <elem>17</elem>
                                                <elem>19</elem>
                                                <elem>23</elem>
                                                <elem>29</elem>
                                            </primes>
                                            <objects length="3" type="java.lang.Object">
                                                <elem class="java.lang.Integer" index="1">86.400</elem>
                                            </objects>
                                            <helloWorld ref="2"/>
                                            <date class="java.util.Date">1463079386981</date>
                                            <aNullObject null="true"/>
                                            <url class="java.net.URL">https://www.google.com</url>
                                        </elem>
                                    </justAnArray>
                                    <listy class="java.util.ArrayList">
                                        <elem ref="243"/>
                                    </listy>
                                    <mappetyMap class="java.util.LinkedHashMap">
                                        <entry>
                                            <key ref="4"/>
                                            <value ref="243"/>
                                        </entry>
                                    </mappetyMap>
                                    <howMuchN>1</howMuchN>
                                    <isSuperCool>true</isSuperCool>
                                    <equity>1000000.0</equity>
                                    <primes type="int">
                                        <elem>2</elem>
                                        <elem>3</elem>
                                        <elem>5</elem>
                                        <elem>7</elem>
                                        <elem>11</elem>
                                        <elem>13</elem>
                                        <elem>17</elem>
                                        <elem>19</elem>
                                        <elem>23</elem>
                                        <elem>29</elem>
                                    </primes>
                                    <objects length="3" type="java.lang.Object">
                                        <elem class="java.lang.Integer" index="1">86.400</elem>
                                    </objects>
                                    <helloWorld ref="2"/>
                                    <date class="java.util.Date">1463079386981</date>
                                    <aNullObject null="true"/>
                                    <url class="java.net.URL">https://www.google.com</url>
                                </elem>
                                <elem class="TestObject" id="246">
                                    <justAnArray type="TestObject">
                                        <elem class="TestObject" id="244">
                                            <justAnArray type="TestObject"/>
                                            <listy class="java.util.ArrayList"/>
                                            <mappetyMap class="java.util.LinkedHashMap"/>
                                            <howMuchN>0</howMuchN>
                                            <isSuperCool>true</isSuperCool>
                                            <equity>1000000.0</equity>
                                            <primes type="int">
                                                <elem>2</elem>
                                                <elem>3</elem>
                                                <elem>5</elem>
                                                <elem>7</elem>
                                                <elem>11</elem>
                                                <elem>13</elem>
                                                <elem>17</elem>
                                                <elem>19</elem>
                                                <elem>23</elem>
                                                <elem>29</elem>
                                            </primes>
                                            <objects length="3" type="java.lang.Object">
                                                <elem class="java.lang.Integer" index="1">86.400</elem>
                                            </objects>
                                            <helloWorld ref="2"/>
                                            <date class="java.util.Date">1463079386981</date>
                                            <aNullObject null="true"/>
                                            <url class="java.net.URL">https://www.google.com</url>
                                        </elem>
                                    </justAnArray>
                                    <listy class="java.util.ArrayList">
                                        <elem ref="244"/>
                                    </listy>
                                    <mappetyMap class="java.util.LinkedHashMap">
                                        <entry>
                                            <key ref="4"/>
                                            <value ref="244"/>
                                        </entry>
                                    </mappetyMap>
                                    <howMuchN>1</howMuchN>
                                    <isSuperCool>true</isSuperCool>
                                    <equity>1000000.0</equity>
                                    <primes type="int">
                                        <elem>2</elem>
                                        <elem>3</elem>
                                        <elem>5</elem>
                                        <elem>7</elem>
                                        <elem>11</elem>
                                        <elem>13</elem>
                                        <elem>17</elem>
                                        <elem>19</elem>
                                        <elem>23</elem>
                                        <elem>29</elem>
                                    </primes>
                                    <objects length="3" type="java.lang.Object">
                                        <elem class="java.lang.Integer" index="1">86.400</elem>
                                    </objects>
                                    <helloWorld ref="2"/>
                                    <date class="java.util.Date">1463079386981</date>
                                    <aNullObject null="true"/>
                                    <url class="java.net.URL">https://www.google.com</url>
                                </elem>
                            </justAnArray>
                            <listy class="java.util.ArrayList">
                                <elem ref="245"/>
                                <elem ref="246"/>
                            </listy>
                            <mappetyMap class="java.util.LinkedHashMap">
                                <entry>
                                    <key ref="4"/>
                                    <value ref="245"/>
                                </entry>
                                <entry>
                                    <key ref="11"/>
                                    <value ref="246"/>
                                </entry>
                            </mappetyMap>
                            <howMuchN>2</howMuchN>
                            <isSuperCool>true</isSuperCool>
                            <equity>1000000.0</equity>
                            <primes type="int">
                                <elem>2</elem>
                                <elem>3</elem>
                                <elem>5</elem>
                                <elem>7</elem>
                                <elem>11</elem>
                                <elem>13</elem>
                                <elem>17</elem>
                                <elem>19</elem>
                                <elem>23</elem>
                                <elem>29</elem>
                            </primes>
                            <objects length="3" type="java.lang.Object">
                                <elem class="java.lang.Integer" index="1">86.400</elem>
                            </objects>
                            <helloWorld ref="2"/>
                            <date class="java.util.Date">1463079386981</date>
                            <aNullObject null="true"/>
                            <url class="java.net.URL">https://www.google.com</url>
                        </elem>
                        <elem class="TestObject" id="256">
                            <justAnArray type="TestObject">
                                <elem class="TestObject" id="249">
                                    <justAnArray type="TestObject">
                                        <elem class="TestObject" id="247">
                                            <justAnArray type="TestObject"/>
                                            <listy class="java.util.ArrayList"/>
                                            <mappetyMap class="java.util.LinkedHashMap"/>
                                            <howMuchN>0</howMuchN>
                                            <isSuperCool>true</isSuperCool>
                                            <equity>1000000.0</equity>
                                            <primes type="int">
                                                <elem>2</elem>
                                                <elem>3</elem>
                                                <elem>5</elem>
                                                <elem>7</elem>
                                                <elem>11</elem>
                                                <elem>13</elem>
                                                <elem>17</elem>
                                                <elem>19</elem>
                                                <elem>23</elem>
                                                <elem>29</elem>
                                            </primes>
                                            <objects length="3" type="java.lang.Object">
                                                <elem class="java.lang.Integer" index="1">86.400</elem>
                                            </objects>
                                            <helloWorld ref="2"/>
                                            <date class="java.util.Date">1463079386981</date>
                                            <aNullObject null="true"/>
                                            <url class="java.net.URL">https://www.google.com</url>
                                        </elem>
                                    </justAnArray>
                                    <listy class="java.util.ArrayList">
                                        <elem ref="247"/>
                                    </listy>
                                    <mappetyMap class="java.util.LinkedHashMap">
                                        <entry>
                                            <key ref="4"/>
                                            <value ref="247"/>
                                        </entry>
                                    </mappetyMap>
                                    <howMuchN>1</howMuchN>
                                    <isSuperCool>true</isSuperCool>
                                    <equity>1000000.0</equity>
                                    <primes type="int">
                                        <elem>2</elem>
                                        <elem>3</elem>
                                        <elem>5</elem>
                                        <elem>7</elem>
                                        <elem>11</elem>
                                        <elem>13</elem>
                                        <elem>17</elem>
                                        <elem>19</elem>
                                        <elem>23</elem>
                                        <elem>29</elem>
                                    </primes>
                                    <objects length="3" type="java.lang.Object">
                                        <elem class="java.lang.Integer" index="1">86.400</elem>
                                    </objects>
                                    <helloWorld ref="2"/>
                                    <date class="java.util.Date">1463079386981</date>
                                    <aNullObject null="true"/>
                                    <url class="java.net.URL">https://www.google.com</url>
                                </elem>
                                <elem class="TestObject" id="250">
                                    <justAnArray type="TestObject">
                                        <elem class="TestObject" id="248">
                                            <justAnArray type="TestObject"/>
                                            <listy class="java.util.ArrayList"/>
                                            <mappetyMap class="java.util.LinkedHashMap"/>
                                            <howMuchN>0</howMuchN>
                                            <isSuperCool>true</isSuperCool>
                                            <equity>1000000.0</equity>
                                            <primes type="int">
                                                <elem>2</elem>
                                                <elem>3</elem>
                                                <elem>5</elem>
                                                <elem>7</elem>
                                                <elem>11</elem>
                                                <elem>13</elem>
                                                <elem>17</elem>
                                                <elem>19</elem>
                                                <elem>23</elem>
                                                <elem>29</elem>
                                            </primes>
                                            <objects length="3" type="java.lang.Object">
                                                <elem class="java.lang.Integer" index="1">86.400</elem>
                                            </objects>
                                            <helloWorld ref="2"/>
                                            <date class="java.util.Date">1463079386981</date>
                                            <aNullObject null="true"/>
                                            <url class="java.net.URL">https://www.google.com</url>
                                        </elem>
                                    </justAnArray>
                                    <listy class="java.util.ArrayList">
                                        <elem ref="248"/>
                                    </listy>
                                    <mappetyMap class="java.util.LinkedHashMap">
                                        <entry>
                                            <key ref="4"/>
                                            <value ref="248"/>
                                        </entry>
                                    </mappetyMap>
                                    <howMuchN>1</howMuchN>
                                    <isSuperCool>true</isSuperCool>
                                    <equity>1000000.0</equity>
                                    <primes type="int">
                                        <elem>2</elem>
                                        <elem>3</elem>
                                        <elem>5</elem>
                                        <elem>7</elem>
                                        <elem>11</elem>
                                        <elem>13</elem>
                                        <elem>17</elem>
                                        <elem>19</elem>
                                        <elem>23</elem>
                                        <elem>29</elem>
                                    </primes>
                                    <objects length="3" type="java.lang.Object">
                                        <elem class="java.lang.Integer" index="1">86.400</elem>
                                    </objects>
                                    <helloWorld ref="2"/>
                                    <date class="java.util.Date">1463079386981</date>
                                    <aNullObject null="true"/>
                                    <url class="java.net.URL">https://www.google.com</url>
                                </elem>
                            </justAnArray>
                            <listy class="java.util.ArrayList">
                                <elem ref="249"/>
                                <elem ref="250"/>
                            </listy>
                            <mappetyMap class="java.util.LinkedHashMap">
                                <entry>
                                    <key ref="4"/>
                                    <value ref="249"/>
                                </entry>
                                <entry>
                                    <key ref="11"/>
                                    <value ref="250"/>
                                </entry>
                            </mappetyMap>
                            <howMuchN>2</howMuchN>
                            <isSuperCool>true</isSuperCool>
                            <equity>1000000.0</equity>
                            <primes type="int">
                                <elem>2</elem>
                                <elem>3</elem>
                                <elem>5</elem>
                                <elem>7</elem>
                                <elem>11</elem>
                                <elem>13</elem>
                                <elem>17</elem>
                                <elem>19</elem>
                                <elem>23</elem>
                                <elem>29</elem>
                            </primes>
                            <objects length="3" type="java.lang.Object">
                                <elem class="java.lang.Integer" index="1">86.400</elem>
                            </objects>
                            <helloWorld ref="2"/>
                            <date class="java.util.Date">1463079386981</date>
                            <aNullObject null="true"/>
                            <url class="java.net.URL">https://www.google.com</url>
                        </elem>
                        <elem class="TestObject" id="257">
                            <justAnArray type="TestObject">
                                <elem class="TestObject" id="253">
                                    <justAnArray type="TestObject">
                                        <elem class="TestObject" id="251">
                                            <justAnArray type="TestObject"/>
                                            <listy class="java.util.ArrayList"/>
                                            <mappetyMap class="java.util.LinkedHashMap"/>
                                            <howMuchN>0</howMuchN>
                                            <isSuperCool>true</isSuperCool>
                                            <equity>1000000.0</equity>
                                            <primes type="int">
                                                <elem>2</elem>
                                                <elem>3</elem>
                                                <elem>5</elem>
                                                <elem>7</elem>
                                                <elem>11</elem>
                                                <elem>13</elem>
                                                <elem>17</elem>
                                                <elem>19</elem>
                                                <elem>23</elem>
                                                <elem>29</elem>
                                            </primes>
                                            <objects length="3" type="java.lang.Object">
                                                <elem class="java.lang.Integer" index="1">86.400</elem>
                                            </objects>
                                            <helloWorld ref="2"/>
                                            <date class="java.util.Date">1463079386981</date>
                                            <aNullObject null="true"/>
                                            <url class="java.net.URL">https://www.google.com</url>
                                        </elem>
                                    </justAnArray>
                                    <listy class="java.util.ArrayList">
                                        <elem ref="251"/>
                                    </listy>
                                    <mappetyMap class="java.util.LinkedHashMap">
                                        <entry>
                                            <key ref="4"/>
                                            <value ref="251"/>
                                        </entry>
                                    </mappetyMap>
                                    <howMuchN>1</howMuchN>
                                    <isSuperCool>true</isSuperCool>
                                    <equity>1000000.0</equity>
                                    <primes type="int">
                                        <elem>2</elem>
                                        <elem>3</elem>
                                        <elem>5</elem>
                                        <elem>7</elem>
                                        <elem>11</elem>
                                        <elem>13</elem>
                                        <elem>17</elem>
                                        <elem>19</elem>
                                        <elem>23</elem>
                                        <elem>29</elem>
                                    </primes>
                                    <objects length="3" type="java.lang.Object">
                                        <elem class="java.lang.Integer" index="1">86.400</elem>
                                    </objects>
                                    <helloWorld ref="2"/>
                                    <date class="java.util.Date">1463079386981</date>
                                    <aNullObject null="true"/>
                                    <url class="java.net.URL">https://www.google.com</url>
                                </elem>
                                <elem class="TestObject" id="254">
                                    <justAnArray type="TestObject">
                                        <elem class="TestObject" id="252">
                                            <justAnArray type="TestObject"/>
                                            <listy class="java.util.ArrayList"/>
                                            <mappetyMap class="java.util.LinkedHashMap"/>
                                            <howMuchN>0</howMuchN>
                                            <isSuperCool>true</isSuperCool>
                                            <equity>1000000.0</equity>
                                            <primes type="int">
                                                <elem>2</elem>
                                                <elem>3</elem>
                                                <elem>5</elem>
                                                <elem>7</elem>
                                                <elem>11</elem>
                                                <elem>13</elem>
                                                <elem>17</elem>
                                                <elem>19</elem>
                                                <elem>23</elem>
                                                <elem>29</elem>
                                            </primes>
                                            <objects length="3" type="java.lang.Object">
                                                <elem class="java.lang.Integer" index="1">86.400</elem>
                                            </objects>
                                            <helloWorld ref="2"/>
                                            <date class="java.util.Date">1463079386981</date>
                                            <aNullObject null="true"/>
                                            <url class="java.net.URL">https://www.google.com</url>
                                        </elem>
                                    </justAnArray>
                                    <listy class="java.util.ArrayList">
                                        <elem ref="252"/>
                                    </listy>
                                    <mappetyMap class="java.util.LinkedHashMap">
                                        <entry>
                                            <key ref="4"/>
                                            <value ref="252"/>
                                        </entry>
                                    </mappetyMap>
                                    <howMuchN>1</howMuchN>
                                    <isSuperCool>true</isSuperCool>
                                    <equity>1000000.0</equity>
                                    <primes type="int">
                                        <elem>2</elem>
                                        <elem>3</elem>
                                        <elem>5</elem>
                                        <elem>7</elem>
                                        <elem>11</elem>
                                        <elem>13</elem>
                                        <elem>17</elem>
                                        <elem>19</elem>
                                        <elem>23</elem>
                                        <elem>29</elem>
                                    </primes>
                                    <objects length="3" type="java.lang.Object">
                                        <elem class="java.lang.Integer" index="1">86.400</elem>
                                    </objects>
                                    <helloWorld ref="2"/>
                                    <date class="java.util.Date">1463079386981</date>
                                    <aNullObject null="true"/>
                                    <url class="java.net.URL">https://www.google.com</url>
                                </elem>
                            </justAnArray>
                            <listy class="java.util.ArrayList">
                                <elem ref="253"/>
                                <elem ref="254"/>
                            </listy>
                            <mappetyMap class="java.util.LinkedHashMap">
                                <entry>
                                    <key ref="4"/>
                                    <value ref="253"/>
                                </entry>
                                <entry>
                                    <key ref="11"/>
                                    <value ref="254"/>
                                </entry>
                            </mappetyMap>
                            <howMuchN>2</howMuchN>
                            <isSuperCool>true</isSuperCool>
                            <equity>1000000.0</equity>
                            <primes type="int">
                                <elem>2</elem>
                                <elem>3</elem>
                                <elem>5</elem>
                                <elem>7</elem>
                                <elem>11</elem>
                                <elem>13</elem>
                                <elem>17</elem>
                                <elem>19</elem>
                                <elem>23</elem>
                                <elem>29</elem>
                            </primes>
                            <objects length="3" type="java.lang.Object">
                                <elem class="java.lang.Integer" index="1">86.400</elem>
                            </objects>
                            <helloWorld ref="2"/>
                            <date class="java.util.Date">1463079386981</date>
                            <aNullObject null="true"/>
                            <url class="java.net.URL">https://www.google.com</url>
                        </elem>
                    </justAnArray>
                    <listy class="java.util.ArrayList">
                        <elem ref="255"/>
                        <elem ref="256"/>
                        <elem ref="257"/>
                    </listy>
                    <mappetyMap class="java.util.LinkedHashMap">
                        <entry>
                            <key ref="4"/>
                            <value ref="255"/>
                        </entry>
                        <entry>
                            <key ref="11"/>
                            <value ref="256"/>
                        </entry>
                        <entry>
                            <key ref="34"/>
                            <value ref="257"/>
                        </entry>
                    </mappetyMap>
                    <howMuchN>3</howMuchN>
                    <isSuperCool>true</isSuperCool>
                    <equity>1000000.0</equity>
                    <primes type="int">
                        <elem>2</elem>
                        <elem>3</elem>
                        <elem>5</elem>
                        <elem>7</elem>
                        <elem>11</elem>
                        <elem>13</elem>
                        <elem>17</elem>
                        <elem>19</elem>
                        <elem>23</elem>
                        <elem>29</elem>
                    </primes>
                    <objects length="3" type="java.lang.Object">
                        <elem class="java.lang.Integer" index="1">86.400</elem>
                    </objects>
                    <helloWorld ref="2"/>
                    <date class="java.util.Date">1463079386981</date>
                    <aNullObject null="true"/>
                    <url class="java.net.URL">https://www.google.com</url>
                </elem>
            </justAnArray>
            <listy class="java.util.ArrayList">
                <elem ref="258"/>
                <elem ref="259"/>
                <elem ref="260"/>
                <elem ref="261"/>
            </listy>
            <mappetyMap class="java.util.LinkedHashMap">
                <entry>
                    <key ref="4"/>
                    <value ref="258"/>
                </entry>
                <entry>
                    <key ref="11"/>
                    <value ref="259"/>
                </entry>
                <entry>
                    <key ref="34"/>
                    <value ref="260"/>
                </entry>
                <entry>
                    <key ref="133"/>
                    <value ref="261"/>
                </entry>
            </mappetyMap>
            <howMuchN>4</howMuchN>
            <isSuperCool>true</isSuperCool>
            <equity>1000000.0</equity>
            <primes type="int">
                <elem>2</elem>
                <elem>3</elem>
                <elem>5</elem>
                <elem>7</elem>
                <elem>11</elem>
                <elem>13</elem>
                <elem>17</elem>
                <elem>19</elem>
                <elem>23</elem>
                <elem>29</elem>
            </primes>
            <objects length="3" type="java.lang.Object">
                <elem class="java.lang.Integer" index="1">86.400</elem>
            </objects>
            <helloWorld ref="2"/>
            <date class="java.util.Date">1463079386980</date>
            <aNullObject null="true"/>
            <url class="java.net.URL">https://www.google.com</url>
        </elem>
        <elem class="TestObject" id="330">
            <justAnArray type="TestObject">
                <elem class="TestObject" id="322">
                    <justAnArray type="TestObject">
                        <elem class="TestObject" id="274">
                            <justAnArray type="TestObject">
                                <elem class="TestObject" id="264">
                                    <justAnArray type="TestObject">
                                        <elem class="TestObject" id="262">
                                            <justAnArray type="TestObject"/>
                                            <listy class="java.util.ArrayList"/>
                                            <mappetyMap class="java.util.LinkedHashMap"/>
                                            <howMuchN>0</howMuchN>
                                            <isSuperCool>true</isSuperCool>
                                            <equity>1000000.0</equity>
                                            <primes type="int">
                                                <elem>2</elem>
                                                <elem>3</elem>
                                                <elem>5</elem>
                                                <elem>7</elem>
                                                <elem>11</elem>
                                                <elem>13</elem>
                                                <elem>17</elem>
                                                <elem>19</elem>
                                                <elem>23</elem>
                                                <elem>29</elem>
                                            </primes>
                                            <objects length="3" type="java.lang.Object">
                                                <elem class="java.lang.Integer" index="1">86.400</elem>
                                            </objects>
                                            <helloWorld ref="2"/>
                                            <date class="java.util.Date">1463079386981</date>
                                            <aNullObject null="true"/>
                                            <url class="java.net.URL">https://www.google.com</url>
                                        </elem>
                                    </justAnArray>
                                    <listy class="java.util.ArrayList">
                                        <elem ref="262"/>
                                    </listy>
                                    <mappetyMap class="java.util.LinkedHashMap">
                                        <entry>
                                            <key ref="4"/>
                                            <value ref="262"/>
                                        </entry>
                                    </mappetyMap>
                                    <howMuchN>1</howMuchN>
                                    <isSuperCool>true</isSuperCool>
                                    <equity>1000000.0</equity>
                                    <primes type="int">
                                        <elem>2</elem>
                                        <elem>3</elem>
                                        <elem>5</elem>
                                        <elem>7</elem>
                                        <elem>11</elem>
                                        <elem>13</elem>
                                        <elem>17</elem>
                                        <elem>19</elem>
                                        <elem>23</elem>
                                        <elem>29</elem>
                                    </primes>
                                    <objects length="3" type="java.lang.Object">
                                        <elem class="java.lang.Integer" index="1">86.400</elem>
                                    </objects>
                                    <helloWorld ref="2"/>
                                    <date class="java.util.Date">1463079386981</date>
                                    <aNullObject null="true"/>
                                    <url class="java.net.URL">https://www.google.com</url>
                                </elem>
                                <elem class="TestObject" id="265">
                                    <justAnArray type="TestObject">
                                        <elem class="TestObject" id="263">
                                            <justAnArray type="TestObject"/>
                                            <listy class="java.util.ArrayList"/>
                                            <mappetyMap class="java.util.LinkedHashMap"/>
                                            <howMuchN>0</howMuchN>
                                            <isSuperCool>true</isSuperCool>
                                            <equity>1000000.0</equity>
                                            <primes type="int">
                                                <elem>2</elem>
                                                <elem>3</elem>
                                                <elem>5</elem>
                                                <elem>7</elem>
                                                <elem>11</elem>
                                                <elem>13</elem>
                                                <elem>17</elem>
                                                <elem>19</elem>
                                                <elem>23</elem>
                                                <elem>29</elem>
                                            </primes>
                                            <objects length="3" type="java.lang.Object">
                                                <elem class="java.lang.Integer" index="1">86.400</elem>
                                            </objects>
                                            <helloWorld ref="2"/>
                                            <date class="java.util.Date">1463079386981</date>
                                            <aNullObject null="true"/>
                                            <url class="java.net.URL">https://www.google.com</url>
                                        </elem>
                                    </justAnArray>
                                    <listy class="java.util.ArrayList">
                                        <elem ref="263"/>
                                    </listy>
                                    <mappetyMap class="java.util.LinkedHashMap">
                                        <entry>
                                            <key ref="4"/>
                                            <value ref="263"/>
                                        </entry>
                                    </mappetyMap>
                                    <howMuchN>1</howMuchN>
                                    <isSuperCool>true</isSuperCool>
                                    <equity>1000000.0</equity>
                                    <primes type="int">
                                        <elem>2</elem>
                                        <elem>3</elem>
                                        <elem>5</elem>
                                        <elem>7</elem>
                                        <elem>11</elem>
                                        <elem>13</elem>
                                        <elem>17</elem>
                                        <elem>19</elem>
                                        <elem>23</elem>
                                        <elem>29</elem>
                                    </primes>
                                    <objects length="3" type="java.lang.Object">
                                        <elem class="java.lang.Integer" index="1">86.400</elem>
                                    </objects>
                                    <helloWorld ref="2"/>
                                    <date class="java.util.Date">1463079386981</date>
                                    <aNullObject null="true"/>
                                    <url class="java.net.URL">https://www.google.com</url>
                                </elem>
                            </justAnArray>
                            <listy class="java.util.ArrayList">
                                <elem ref="264"/>
                                <elem ref="265"/>
                            </listy>
                            <mappetyMap class="java.util.LinkedHashMap">
                                <entry>
                                    <key ref="4"/>
                                    <value ref="264"/>
                                </entry>
                                <entry>
                                    <key ref="11"/>
                                    <value ref="265"/>
                                </entry>
                            </mappetyMap>
                            <howMuchN>2</howMuchN>
                            <isSuperCool>true</isSuperCool>
                            <equity>1000000.0</equity>
                            <primes type="int">
                                <elem>2</elem>
                                <elem>3</elem>
                                <elem>5</elem>
                                <elem>7</elem>
                                <elem>11</elem>
                                <elem>13</elem>
                                <elem>17</elem>
                                <elem>19</elem>
                                <elem>23</elem>
                                <elem>29</elem>
                            </primes>
                            <objects length="3" type="java.lang.Object">
                                <elem class="java.lang.Integer" index="1">86.400</elem>
                            </objects>
                            <helloWorld ref="2"/>
                            <date class="java.util.Date">1463079386981</date>
                            <aNullObject null="true"/>
                            <url class="java.net.URL">https://www.google.com</url>
                        </elem>
                        <elem class="TestObject" id="275">
                            <justAnArray type="TestObject">
                                <elem class="TestObject" id="268">
                                    <justAnArray type="TestObject">
                                        <elem class="TestObject" id="266">
                                            <justAnArray type="TestObject"/>
                                            <listy class="java.util.ArrayList"/>
                                            <mappetyMap class="java.util.LinkedHashMap"/>
                                            <howMuchN>0</howMuchN>
                                            <isSuperCool>true</isSuperCool>
                                            <equity>1000000.0</equity>
                                            <primes type="int">
                                                <elem>2</elem>
                                                <elem>3</elem>
                                                <elem>5</elem>
                                                <elem>7</elem>
                                                <elem>11</elem>
                                                <elem>13</elem>
                                                <elem>17</elem>
                                                <elem>19</elem>
                                                <elem>23</elem>
                                                <elem>29</elem>
                                            </primes>
                                            <objects length="3" type="java.lang.Object">
                                                <elem class="java.lang.Integer" index="1">86.400</elem>
                                            </objects>
                                            <helloWorld ref="2"/>
                                            <date class="java.util.Date">1463079386981</date>
                                            <aNullObject null="true"/>
                                            <url class="java.net.URL">https://www.google.com</url>
                                        </elem>
                                    </justAnArray>
                                    <listy class="java.util.ArrayList">
                                        <elem ref="266"/>
                                    </listy>
                                    <mappetyMap class="java.util.LinkedHashMap">
                                        <entry>
                                            <key ref="4"/>
                                            <value ref="266"/>
                                        </entry>
                                    </mappetyMap>
                                    <howMuchN>1</howMuchN>
                                    <isSuperCool>true</isSuperCool>
                                    <equity>1000000.0</equity>
                                    <primes type="int">
                                        <elem>2</elem>
                                        <elem>3</elem>
                                        <elem>5</elem>
                                        <elem>7</elem>
                                        <elem>11</elem>
                                        <elem>13</elem>
                                        <elem>17</elem>
                                        <elem>19</elem>
                                        <elem>23</elem>
                                        <elem>29</elem>
                                    </primes>
                                    <objects length="3" type="java.lang.Object">
                                        <elem class="java.lang.Integer" index="1">86.400</elem>
                                    </objects>
                                    <helloWorld ref="2"/>
                                    <date class="java.util.Date">1463079386981</date>
                                    <aNullObject null="true"/>
                                    <url class="java.net.URL">https://www.google.com</url>
                                </elem>
                                <elem class="TestObject" id="269">
                                    <justAnArray type="TestObject">
                                        <elem class="TestObject" id="267">
                                            <justAnArray type="TestObject"/>
                                            <listy class="java.util.ArrayList"/>
                                            <mappetyMap class="java.util.LinkedHashMap"/>
                                            <howMuchN>0</howMuchN>
                                            <isSuperCool>true</isSuperCool>
                                            <equity>1000000.0</equity>
                                            <primes type="int">
                                                <elem>2</elem>
                                                <elem>3</elem>
                                                <elem>5</elem>
                                                <elem>7</elem>
                                                <elem>11</elem>
                                                <elem>13</elem>
                                                <elem>17</elem>
                                                <elem>19</elem>
                                                <elem>23</elem>
                                                <elem>29</elem>
                                            </primes>
                                            <objects length="3" type="java.lang.Object">
                                                <elem class="java.lang.Integer" index="1">86.400</elem>
                                            </objects>
                                            <helloWorld ref="2"/>
                                            <date class="java.util.Date">1463079386981</date>
                                            <aNullObject null="true"/>
                                            <url class="java.net.URL">https://www.google.com</url>
                                        </elem>
                                    </justAnArray>
                                    <listy class="java.util.ArrayList">
                                        <elem ref="267"/>
                                    </listy>
                                    <mappetyMap class="java.util.LinkedHashMap">
                                        <entry>
                                            <key ref="4"/>
                                            <value ref="267"/>
                                        </entry>
                                    </mappetyMap>
                                    <howMuchN>1</howMuchN>
                                    <isSuperCool>true</isSuperCool>
                                    <equity>1000000.0</equity>
                                    <primes type="int">
                                        <elem>2</elem>
                                        <elem>3</elem>
                                        <elem>5</elem>
                                        <elem>7</elem>
                                        <elem>11</elem>
                                        <elem>13</elem>
                                        <elem>17</elem>
                                        <elem>19</elem>
                                        <elem>23</elem>
                                        <elem>29</elem>
                                    </primes>
                                    <objects length="3" type="java.lang.Object">
                                        <elem class="java.lang.Integer" index="1">86.400</elem>
                                    </objects>
                                    <helloWorld ref="2"/>
                                    <date class="java.util.Date">1463079386981</date>
                                    <aNullObject null="true"/>
                                    <url class="java.net.URL">https://www.google.com</url>
                                </elem>
                            </justAnArray>
                            <listy class="java.util.ArrayList">
                                <elem ref="268"/>
                                <elem ref="269"/>
                            </listy>
                            <mappetyMap class="java.util.LinkedHashMap">
                                <entry>
                                    <key ref="4"/>
                                    <value ref="268"/>
                                </entry>
                                <entry>
                                    <key ref="11"/>
                                    <value ref="269"/>
                                </entry>
                            </mappetyMap>
                            <howMuchN>2</howMuchN>
                            <isSuperCool>true</isSuperCool>
                            <equity>1000000.0</equity>
                            <primes type="int">
                                <elem>2</elem>
                                <elem>3</elem>
                                <elem>5</elem>
                                <elem>7</elem>
                                <elem>11</elem>
                                <elem>13</elem>
                                <elem>17</elem>
                                <elem>19</elem>
                                <elem>23</elem>
                                <elem>29</elem>
                            </primes>
                            <objects length="3" type="java.lang.Object">
                                <elem class="java.lang.Integer" index="1">86.400</elem>
                            </objects>
                            <helloWorld ref="2"/>
                            <date class="java.util.Date">1463079386981</date>
                            <aNullObject null="true"/>
                            <url class="java.net.URL">https://www.google.com</url>
                        </elem>
                        <elem class="TestObject" id="276">
                            <justAnArray type="TestObject">
                                <elem class="TestObject" id="272">
                                    <justAnArray type="TestObject">
                                        <elem class="TestObject" id="270">
                                            <justAnArray type="TestObject"/>
                                            <listy class="java.util.ArrayList"/>
                                            <mappetyMap class="java.util.LinkedHashMap"/>
                                            <howMuchN>0</howMuchN>
                                            <isSuperCool>true</isSuperCool>
                                            <equity>1000000.0</equity>
                                            <primes type="int">
                                                <elem>2</elem>
                                                <elem>3</elem>
                                                <elem>5</elem>
                                                <elem>7</elem>
                                                <elem>11</elem>
                                                <elem>13</elem>
                                                <elem>17</elem>
                                                <elem>19</elem>
                                                <elem>23</elem>
                                                <elem>29</elem>
                                            </primes>
                                            <objects length="3" type="java.lang.Object">
                                                <elem class="java.lang.Integer" index="1">86.400</elem>
                                            </objects>
                                            <helloWorld ref="2"/>
                                            <date class="java.util.Date">1463079386982</date>
                                            <aNullObject null="true"/>
                                            <url class="java.net.URL">https://www.google.com</url>
                                        </elem>
                                    </justAnArray>
                                    <listy class="java.util.ArrayList">
                                        <elem ref="270"/>
                                    </listy>
                                    <mappetyMap class="java.util.LinkedHashMap">
                                        <entry>
                                            <key ref="4"/>
                                            <value ref="270"/>
                                        </entry>
                                    </mappetyMap>
                                    <howMuchN>1</howMuchN>
                                    <isSuperCool>true</isSuperCool>
                                    <equity>1000000.0</equity>
                                    <primes type="int">
                                        <elem>2</elem>
                                        <elem>3</elem>
                                        <elem>5</elem>
                                        <elem>7</elem>
                                        <elem>11</elem>
                                        <elem>13</elem>
                                        <elem>17</elem>
                                        <elem>19</elem>
                                        <elem>23</elem>
                                        <elem>29</elem>
                                    </primes>
                                    <objects length="3" type="java.lang.Object">
                                        <elem class="java.lang.Integer" index="1">86.400</elem>
                                    </objects>
                                    <helloWorld ref="2"/>
                                    <date class="java.util.Date">1463079386982</date>
                                    <aNullObject null="true"/>
                                    <url class="java.net.URL">https://www.google.com</url>
                                </elem>
                                <elem class="TestObject" id="273">
                                    <justAnArray type="TestObject">
                                        <elem class="TestObject" id="271">
                                            <justAnArray type="TestObject"/>
                                            <listy class="java.util.ArrayList"/>
                                            <mappetyMap class="java.util.LinkedHashMap"/>
                                            <howMuchN>0</howMuchN>
                                            <isSuperCool>true</isSuperCool>
                                            <equity>1000000.0</equity>
                                            <primes type="int">
                                                <elem>2</elem>
                                                <elem>3</elem>
                                                <elem>5</elem>
                                                <elem>7</elem>
                                                <elem>11</elem>
                                                <elem>13</elem>
                                                <elem>17</elem>
                                                <elem>19</elem>
                                                <elem>23</elem>
                                                <elem>29</elem>
                                            </primes>
                                            <objects length="3" type="java.lang.Object">
                                                <elem class="java.lang.Integer" index="1">86.400</elem>
                                            </objects>
                                            <helloWorld ref="2"/>
                                            <date class="java.util.Date">1463079386982</date>
                                            <aNullObject null="true"/>
                                            <url class="java.net.URL">https://www.google.com</url>
                                        </elem>
                                    </justAnArray>
                                    <listy class="java.util.ArrayList">
                                        <elem ref="271"/>
                                    </listy>
                                    <mappetyMap class="java.util.LinkedHashMap">
                                        <entry>
                                            <key ref="4"/>
                                            <value ref="271"/>
                                        </entry>
                                    </mappetyMap>
                                    <howMuchN>1</howMuchN>
                                    <isSuperCool>true</isSuperCool>
                                    <equity>1000000.0</equity>
                                    <primes type="int">
                                        <elem>2</elem>
                                        <elem>3</elem>
                                        <elem>5</elem>
                                        <elem>7</elem>
                                        <elem>11</elem>
                                        <elem>13</elem>
                                        <elem>17</elem>
                                        <elem>19</elem>
                                        <elem>23</elem>
                                        <elem>29</elem>
                                    </primes>
                                    <objects length="3" type="java.lang.Object">
                                        <elem class="java.lang.Integer" index="1">86.400</elem>
                                    </objects>
                                    <helloWorld ref="2"/>
                                    <date class="java.util.Date">1463079386982</date>
                                    <aNullObject null="true"/>
                                    <url class="java.net.URL">https://www.google.com</url>
                                </elem>
                            </justAnArray>
                            <listy class="java.util.ArrayList">
                                <elem ref="272"/>
                                <elem ref="273"/>
                            </listy>
                            <mappetyMap class="java.util.LinkedHashMap">
                                <entry>
                                    <key ref="4"/>
                                    <value ref="272"/>
                                </entry>
                                <entry>
                                    <key ref="11"/>
                                    <value ref="273"/>
                                </entry>
                            </mappetyMap>
                            <howMuchN>2</howMuchN>
                            <isSuperCool>true</isSuperCool>
                            <equity>1000000.0</equity>
                            <primes type="int">
                                <elem>2</elem>
                                <elem>3</elem>
                                <elem>5</elem>
                                <elem>7</elem>
                                <elem>11</elem>
                                <elem>13</elem>
                                <elem>17</elem>
                                <elem>19</elem>
                                <elem>23</elem>
                                <elem>29</elem>
                            </primes>
                            <objects length="3" type="java.lang.Object">
                                <elem class="java.lang.Integer" index="1">86.400</elem>
                            </objects>
                            <helloWorld ref="2"/>
                            <date class="java.util.Date">1463079386981</date>
                            <aNullObject null="true"/>
                            <url class="java.net.URL">https://www.google.com</url>
                        </elem>
                    </justAnArray>
                    <listy class="java.util.ArrayList">
                        <elem ref="274"/>
                        <elem ref="275"/>
                        <elem ref="276"/>
                    </listy>
                    <mappetyMap class="java.util.LinkedHashMap">
                        <entry>
                            <key ref="4"/>
                            <value ref="274"/>
                        </entry>
                        <entry>
                            <key ref="11"/>
                            <value ref="275"/>
                        </entry>
                        <entry>
                            <key ref="34"/>
                            <value ref="276"/>
                        </entry>
                    </mappetyMap>
                    <howMuchN>3</howMuchN>
                    <isSuperCool>true</isSuperCool>
                    <equity>1000000.0</equity>
                    <primes type="int">
                        <elem>2</elem>
                        <elem>3</elem>
                        <elem>5</elem>
                        <elem>7</elem>
                        <elem>11</elem>
                        <elem>13</elem>
                        <elem>17</elem>
                        <elem>19</elem>
                        <elem>23</elem>
                        <elem>29</elem>
                    </primes>
                    <objects length="3" type="java.lang.Object">
                        <elem class="java.lang.Integer" index="1">86.400</elem>
                    </objects>
                    <helloWorld ref="2"/>
                    <date class="java.util.Date">1463079386981</date>
                    <aNullObject null="true"/>
                    <url class="java.net.URL">https://www.google.com</url>
                </elem>
                <elem class="TestObject" id="323">
                    <justAnArray type="TestObject">
                        <elem class="TestObject" id="289">
                            <justAnArray type="TestObject">
                                <elem class="TestObject" id="279">
                                    <justAnArray type="TestObject">
                                        <elem class="TestObject" id="277">
                                            <justAnArray type="TestObject"/>
                                            <listy class="java.util.ArrayList"/>
                                            <mappetyMap class="java.util.LinkedHashMap"/>
                                            <howMuchN>0</howMuchN>
                                            <isSuperCool>true</isSuperCool>
                                            <equity>1000000.0</equity>
                                            <primes type="int">
                                                <elem>2</elem>
                                                <elem>3</elem>
                                                <elem>5</elem>
                                                <elem>7</elem>
                                                <elem>11</elem>
                                                <elem>13</elem>
                                                <elem>17</elem>
                                                <elem>19</elem>
                                                <elem>23</elem>
                                                <elem>29</elem>
                                            </primes>
                                            <objects length="3" type="java.lang.Object">
                                                <elem class="java.lang.Integer" index="1">86.400</elem>
                                            </objects>
                                            <helloWorld ref="2"/>
                                            <date class="java.util.Date">1463079386983</date>
                                            <aNullObject null="true"/>
                                            <url class="java.net.URL">https://www.google.com</url>
                                        </elem>
                                    </justAnArray>
                                    <listy class="java.util.ArrayList">
                                        <elem ref="277"/>
                                    </listy>
                                    <mappetyMap class="java.util.LinkedHashMap">
                                        <entry>
                                            <key ref="4"/>
                                            <value ref="277"/>
                                        </entry>
                                    </mappetyMap>
                                    <howMuchN>1</howMuchN>
                                    <isSuperCool>true</isSuperCool>
                                    <equity>1000000.0</equity>
                                    <primes type="int">
                                        <elem>2</elem>
                                        <elem>3</elem>
                                        <elem>5</elem>
                                        <elem>7</elem>
                                        <elem>11</elem>
                                        <elem>13</elem>
                                        <elem>17</elem>
                                        <elem>19</elem>
                                        <elem>23</elem>
                                        <elem>29</elem>
                                    </primes>
                                    <objects length="3" type="java.lang.Object">
                                        <elem class="java.lang.Integer" index="1">86.400</elem>
                                    </objects>
                                    <helloWorld ref="2"/>
                                    <date class="java.util.Date">1463079386983</date>
                                    <aNullObject null="true"/>
                                    <url class="java.net.URL">https://www.google.com</url>
                                </elem>
                                <elem class="TestObject" id="280">
                                    <justAnArray type="TestObject">
                                        <elem class="TestObject" id="278">
                                            <justAnArray type="TestObject"/>
                                            <listy class="java.util.ArrayList"/>
                                            <mappetyMap class="java.util.LinkedHashMap"/>
                                            <howMuchN>0</howMuchN>
                                            <isSuperCool>true</isSuperCool>
                                            <equity>1000000.0</equity>
                                            <primes type="int">
                                                <elem>2</elem>
                                                <elem>3</elem>
                                                <elem>5</elem>
                                                <elem>7</elem>
                                                <elem>11</elem>
                                                <elem>13</elem>
                                                <elem>17</elem>
                                                <elem>19</elem>
                                                <elem>23</elem>
                                                <elem>29</elem>
                                            </primes>
                                            <objects length="3" type="java.lang.Object">
                                                <elem class="java.lang.Integer" index="1">86.400</elem>
                                            </objects>
                                            <helloWorld ref="2"/>
                                            <date class="java.util.Date">1463079386983</date>
                                            <aNullObject null="true"/>
                                            <url class="java.net.URL">https://www.google.com</url>
                                        </elem>
                                    </justAnArray>
                                    <listy class="java.util.ArrayList">
                                        <elem ref="278"/>
                                    </listy>
                                    <mappetyMap class="java.util.LinkedHashMap">
                                        <entry>
                                            <key ref="4"/>
                                            <value ref="278"/>
                                        </entry>
                                    </mappetyMap>
                                    <howMuchN>1</howMuchN>
                                    <isSuperCool>true</isSuperCool>
                                    <equity>1000000.0</equity>
                                    <primes type="int">
                                        <elem>2</elem>
                                        <elem>3</elem>
                                        <elem>5</elem>
                                        <elem>7</elem>
                                        <elem>11</elem>
                                        <elem>13</elem>
                                        <elem>17</elem>
                                        <elem>19</elem>
                                        <elem>23</elem>
                                        <elem>29</elem>
                                    </primes>
                                    <objects length="3" type="java.lang.Object">
                                        <elem class="java.lang.Integer" index="1">86.400</elem>
                                    </objects>
                                    <helloWorld ref="2"/>
                                    <date class="java.util.Date">1463079386983</date>
                                    <aNullObject null="true"/>
                                    <url class="java.net.URL">https://www.google.com</url>
                                </elem>
                            </justAnArray>
                            <listy class="java.util.ArrayList">
                                <elem ref="279"/>
                                <elem ref="280"/>
                            </listy>
                            <mappetyMap class="java.util.LinkedHashMap">
                                <entry>
                                    <key ref="4"/>
                                    <value ref="279"/>
                                </entry>
                                <entry>
                                    <key ref="11"/>
                                    <value ref="280"/>
                                </entry>
                            </mappetyMap>
                            <howMuchN>2</howMuchN>
                            <isSuperCool>true</isSuperCool>
                            <equity>1000000.0</equity>
                            <primes type="int">
                                <elem>2</elem>
                                <elem>3</elem>
                                <elem>5</elem>
                                <elem>7</elem>
                                <elem>11</elem>
                                <elem>13</elem>
                                <elem>17</elem>
                                <elem>19</elem>
                                <elem>23</elem>
                                <elem>29</elem>
                            </primes>
                            <objects length="3" type="java.lang.Object">
                                <elem class="java.lang.Integer" index="1">86.400</elem>
                            </objects>
                            <helloWorld ref="2"/>
                            <date class="java.util.Date">1463079386983</date>
                            <aNullObject null="true"/>
                            <url class="java.net.URL">https://www.google.com</url>
                        </elem>
                        <elem class="TestObject" id="290">
                            <justAnArray type="TestObject">
                                <elem class="TestObject" id="283">
                                    <justAnArray type="TestObject">
                                        <elem class="TestObject" id="281">
                                            <justAnArray type="TestObject"/>
                                            <listy class="java.util.ArrayList"/>
                                            <mappetyMap class="java.util.LinkedHashMap"/>
                                            <howMuchN>0</howMuchN>
                                            <isSuperCool>true</isSuperCool>
                                            <equity>1000000.0</equity>
                                            <primes type="int">
                                                <elem>2</elem>
                                                <elem>3</elem>
                                                <elem>5</elem>
                                                <elem>7</elem>
                                                <elem>11</elem>
                                                <elem>13</elem>
                                                <elem>17</elem>
                                                <elem>19</elem>
                                                <elem>23</elem>
                                                <elem>29</elem>
                                            </primes>
                                            <objects length="3" type="java.lang.Object">
                                                <elem class="java.lang.Integer" index="1">86.400</elem>
                                            </objects>
                                            <helloWorld ref="2"/>
                                            <date class="java.util.Date">1463079386983</date>
                                            <aNullObject null="true"/>
                                            <url class="java.net.URL">https://www.google.com</url>
                                        </elem>
                                    </justAnArray>
                                    <listy class="java.util.ArrayList">
                                        <elem ref="281"/>
                                    </listy>
                                    <mappetyMap class="java.util.LinkedHashMap">
                                        <entry>
                                            <key ref="4"/>
                                            <value ref="281"/>
                                        </entry>
                                    </mappetyMap>
                                    <howMuchN>1</howMuchN>
                                    <isSuperCool>true</isSuperCool>
                                    <equity>1000000.0</equity>
                                    <primes type="int">
                                        <elem>2</elem>
                                        <elem>3</elem>
                                        <elem>5</elem>
                                        <elem>7</elem>
                                        <elem>11</elem>
                                        <elem>13</elem>
                                        <elem>17</elem>
                                        <elem>19</elem>
                                        <elem>23</elem>
                                        <elem>29</elem>
                                    </primes>
                                    <objects length="3" type="java.lang.Object">
                                        <elem class="java.lang.Integer" index="1">86.400</elem>
                                    </objects>
                                    <helloWorld ref="2"/>
                                    <date class="java.util.Date">1463079386983</date>
                                    <aNullObject null="true"/>
                                    <url class="java.net.URL">https://www.google.com</url>
                                </elem>
                                <elem class="TestObject" id="284">
                                    <justAnArray type="TestObject">
                                        <elem class="TestObject" id="282">
                                            <justAnArray type="TestObject"/>
                                            <listy class="java.util.ArrayList"/>
                                            <mappetyMap class="java.util.LinkedHashMap"/>
                                            <howMuchN>0</howMuchN>
                                            <isSuperCool>true</isSuperCool>
                                            <equity>1000000.0</equity>
                                            <primes type="int">
                                                <elem>2</elem>
                                                <elem>3</elem>
                                                <elem>5</elem>
                                                <elem>7</elem>
                                                <elem>11</elem>
                                                <elem>13</elem>
                                                <elem>17</elem>
                                                <elem>19</elem>
                                                <elem>23</elem>
                                                <elem>29</elem>
                                            </primes>
                                            <objects length="3" type="java.lang.Object">
                                                <elem class="java.lang.Integer" index="1">86.400</elem>
                                            </objects>
                                            <helloWorld ref="2"/>
                                            <date class="java.util.Date">1463079386983</date>
                                            <aNullObject null="true"/>
                                            <url class="java.net.URL">https://www.google.com</url>
                                        </elem>
                                    </justAnArray>
                                    <listy class="java.util.ArrayList">
                                        <elem ref="282"/>
                                    </listy>
                                    <mappetyMap class="java.util.LinkedHashMap">
                                        <entry>
                                            <key ref="4"/>
                                            <value ref="282"/>
                                        </entry>
                                    </mappetyMap>
                                    <howMuchN>1</howMuchN>
                                    <isSuperCool>true</isSuperCool>
                                    <equity>1000000.0</equity>
                                    <primes type="int">
                                        <elem>2</elem>
                                        <elem>3</elem>
                                        <elem>5</elem>
                                        <elem>7</elem>
                                        <elem>11</elem>
                                        <elem>13</elem>
                                        <elem>17</elem>
                                        <elem>19</elem>
                                        <elem>23</elem>
                                        <elem>29</elem>
                                    </primes>
                                    <objects length="3" type="java.lang.Object">
                                        <elem class="java.lang.Integer" index="1">86.400</elem>
                                    </objects>
                                    <helloWorld ref="2"/>
                                    <date class="java.util.Date">1463079386983</date>
                                    <aNullObject null="true"/>
                                    <url class="java.net.URL">https://www.google.com</url>
                                </elem>
                            </justAnArray>
                            <listy class="java.util.ArrayList">
                                <elem ref="283"/>
                                <elem ref="284"/>
                            </listy>
                            <mappetyMap class="java.util.LinkedHashMap">
                                <entry>
                                    <key ref="4"/>
                                    <value ref="283"/>
                                </entry>
                                <entry>
                                    <key ref="11"/>
                                    <value ref="284"/>
                                </entry>
                            </mappetyMap>
                            <howMuchN>2</howMuchN>
                            <isSuperCool>true</isSuperCool>
                            <equity>1000000.0</equity>
                            <primes type="int">
                                <elem>2</elem>
                                <elem>3</elem>
                                <elem>5</elem>
                                <elem>7</elem>
                                <elem>11</elem>
                                <elem>13</elem>
                                <elem>17</elem>
                                <elem>19</elem>
                                <elem>23</elem>
                                <elem>29</elem>
                            </primes>
                            <objects length="3" type="java.lang.Object">
                                <elem class="java.lang.Integer" index="1">86.400</elem>
                            </objects>
                            <helloWorld ref="2"/>
                            <date class="java.util.Date">1463079386983</date>
                            <aNullObject null="true"/>
                            <url class="java.net.URL">https://www.google.com</url>
                        </elem>
                        <elem class="TestObject" id="291">
                            <justAnArray type="TestObject">
                                <elem class="TestObject" id="287">
                                    <justAnArray type="TestObject">
                                        <elem class="TestObject" id="285">
                                            <justAnArray type="TestObject"/>
                                            <listy class="java.util.ArrayList"/>
                                            <mappetyMap class="java.util.LinkedHashMap"/>
                                            <howMuchN>0</howMuchN>
                                            <isSuperCool>true</isSuperCool>
                                            <equity>1000000.0</equity>
                                            <primes type="int">
                                                <elem>2</elem>
                                                <elem>3</elem>
                                                <elem>5</elem>
                                                <elem>7</elem>
                                                <elem>11</elem>
                                                <elem>13</elem>
                                                <elem>17</elem>
                                                <elem>19</elem>
                                                <elem>23</elem>
                                                <elem>29</elem>
                                            </primes>
                                            <objects length="3" type="java.lang.Object">
                                                <elem class="java.lang.Integer" index="1">86.400</elem>
                                            </objects>
                                            <helloWorld ref="2"/>
                                            <date class="java.util.Date">1463079386983</date>
                                            <aNullObject null="true"/>
                                            <url class="java.net.URL">https://www.google.com</url>
                                        </elem>
                                    </justAnArray>
                                    <listy class="java.util.ArrayList">
                                        <elem ref="285"/>
                                    </listy>
                                    <mappetyMap class="java.util.LinkedHashMap">
                                        <entry>
                                            <key ref="4"/>
                                            <value ref="285"/>
                                        </entry>
                                    </mappetyMap>
                                    <howMuchN>1</howMuchN>
                                    <isSuperCool>true</isSuperCool>
                                    <equity>1000000.0</equity>
                                    <primes type="int">
                                        <elem>2</elem>
                                        <elem>3</elem>
                                        <elem>5</elem>
                                        <elem>7</elem>
                                        <elem>11</elem>
                                        <elem>13</elem>
                                        <elem>17</elem>
                                        <elem>19</elem>
                                        <elem>23</elem>
                                        <elem>29</elem>
                                    </primes>
                                    <objects length="3" type="java.lang.Object">
                                        <elem class="java.lang.Integer" index="1">86.400</elem>
                                    </objects>
                                    <helloWorld ref="2"/>
                                    <date class="java.util.Date">1463079386983</date>
                                    <aNullObject null="true"/>
                                    <url class="java.net.URL">https://www.google.com</url>
                                </elem>
                                <elem class="TestObject" id="288">
                                    <justAnArray type="TestObject">
                                        <elem class="TestObject" id="286">
                                            <justAnArray type="TestObject"/>
                                            <listy class="java.util.ArrayList"/>
                                            <mappetyMap class="java.util.LinkedHashMap"/>
                                            <howMuchN>0</howMuchN>
                                            <isSuperCool>true</isSuperCool>
                                            <equity>1000000.0</equity>
                                            <primes type="int">
                                                <elem>2</elem>
                                                <elem>3</elem>
                                                <elem>5</elem>
                                                <elem>7</elem>
                                                <elem>11</elem>
                                                <elem>13</elem>
                                                <elem>17</elem>
                                                <elem>19</elem>
                                                <elem>23</elem>
                                                <elem>29</elem>
                                            </primes>
                                            <objects length="3" type="java.lang.Object">
                                                <elem class="java.lang.Integer" index="1">86.400</elem>
                                            </objects>
                                            <helloWorld ref="2"/>
                                            <date class="java.util.Date">1463079386983</date>
                                            <aNullObject null="true"/>
                                            <url class="java.net.URL">https://www.google.com</url>
                                        </elem>
                                    </justAnArray>
                                    <listy class="java.util.ArrayList">
                                        <elem ref="286"/>
                                    </listy>
                                    <mappetyMap class="java.util.LinkedHashMap">
                                        <entry>
                                            <key ref="4"/>
                                            <value ref="286"/>
                                        </entry>
                                    </mappetyMap>
                                    <howMuchN>1</howMuchN>
                                    <isSuperCool>true</isSuperCool>
                                    <equity>1000000.0</equity>
                                    <primes type="int">
                                        <elem>2</elem>
                                        <elem>3</elem>
                                        <elem>5</elem>
                                        <elem>7</elem>
                                        <elem>11</elem>
                                        <elem>13</elem>
                                        <elem>17</elem>
                                        <elem>19</elem>
                                        <elem>23</elem>
                                        <elem>29</elem>
                                    </primes>
                                    <objects length="3" type="java.lang.Object">
                                        <elem class="java.lang.Integer" index="1">86.400</elem>
                                    </objects>
                                    <helloWorld ref="2"/>
                                    <date class="java.util.Date">1463079386983</date>
                                    <aNullObject null="true"/>
                                    <url class="java.net.URL">https://www.google.com</url>
                                </elem>
                            </justAnArray>
                            <listy class="java.util.ArrayList">
                                <elem ref="287"/>
                                <elem ref="288"/>
                            </listy>
                            <mappetyMap class="java.util.LinkedHashMap">
                                <entry>
                                    <key ref="4"/>
                                    <value ref="287"/>
                                </entry>
                                <entry>
                                    <key ref="11"/>
                                    <value ref="288"/>
                                </entry>
                            </mappetyMap>
                            <howMuchN>2</howMuchN>
                            <isSuperCool>true</isSuperCool>
                            <equity>1000000.0</equity>
                            <primes type="int">
                                <elem>2</elem>
                                <elem>3</elem>
                                <elem>5</elem>
                                <elem>7</elem>
                                <elem>11</elem>
                                <elem>13</elem>
                                <elem>17</elem>
                                <elem>19</elem>
                                <elem>23</elem>
                                <elem>29</elem>
                            </primes>
                            <objects length="3" type="java.lang.Object">
                                <elem class="java.lang.Integer" index="1">86.400</elem>
                            </objects>
                            <helloWorld ref="2"/>
                            <date class="java.util.Date">1463079386983</date>
                            <aNullObject null="true"/>
                            <url class="java.net.URL">https://www.google.com</url>
                        </elem>
                    </justAnArray>
                    <listy class="java.util.ArrayList">
                        <elem ref="289"/>
                        <elem ref="290"/>
                        <elem ref="291"/>
                    </listy>
                    <mappetyMap class="java.util.LinkedHashMap">
                        <entry>
                            <key ref="4"/>
                            <value ref="289"/>
                        </entry>
                        <entry>
                            <key ref="11"/>
                            <value ref="290"/>
                        </entry>
                        <entry>
                            <key ref="34"/>
                            <value ref="291"/>
                        </entry>
                    </mappetyMap>
                    <howMuchN>3</howMuchN>
                    <isSuperCool>true</isSuperCool>
                    <equity>1000000.0</equity>
                    <primes type="int">
                        <elem>2</elem>
                        <elem>3</elem>
                        <elem>5</elem>
                        <elem>7</elem>
                        <elem>11</elem>
                        <elem>13</elem>
                        <elem>17</elem>
                        <elem>19</elem>
                        <elem>23</elem>
                        <elem>29</elem>
                    </primes>
                    <objects length="3" type="java.lang.Object">
                        <elem class="java.lang.Integer" index="1">86.400</elem>
                    </objects>
                    <helloWorld ref="2"/>
                    <date class="java.util.Date">1463079386983</date>
                    <aNullObject null="true"/>
                    <url class="java.net.URL">https://www.google.com</url>
                </elem>
                <elem class="TestObject" id="324">
                    <justAnArray type="TestObject">
                        <elem class="TestObject" id="304">
                            <justAnArray type="TestObject">
                                <elem class="TestObject" id="294">
                                    <justAnArray type="TestObject">
                                        <elem class="TestObject" id="292">
                                            <justAnArray type="TestObject"/>
                                            <listy class="java.util.ArrayList"/>
                                            <mappetyMap class="java.util.LinkedHashMap"/>
                                            <howMuchN>0</howMuchN>
                                            <isSuperCool>true</isSuperCool>
                                            <equity>1000000.0</equity>
                                            <primes type="int">
                                                <elem>2</elem>
                                                <elem>3</elem>
                                                <elem>5</elem>
                                                <elem>7</elem>
                                                <elem>11</elem>
                                                <elem>13</elem>
                                                <elem>17</elem>
                                                <elem>19</elem>
                                                <elem>23</elem>
                                                <elem>29</elem>
                                            </primes>
                                            <objects length="3" type="java.lang.Object">
                                                <elem class="java.lang.Integer" index="1">86.400</elem>
                                            </objects>
                                            <helloWorld ref="2"/>
                                            <date class="java.util.Date">1463079386983</date>
                                            <aNullObject null="true"/>
                                            <url class="java.net.URL">https://www.google.com</url>
                                        </elem>
                                    </justAnArray>
                                    <listy class="java.util.ArrayList">
                                        <elem ref="292"/>
                                    </listy>
                                    <mappetyMap class="java.util.LinkedHashMap">
                                        <entry>
                                            <key ref="4"/>
                                            <value ref="292"/>
                                        </entry>
                                    </mappetyMap>
                                    <howMuchN>1</howMuchN>
                                    <isSuperCool>true</isSuperCool>
                                    <equity>1000000.0</equity>
                                    <primes type="int">
                                        <elem>2</elem>
                                        <elem>3</elem>
                                        <elem>5</elem>
                                        <elem>7</elem>
                                        <elem>11</elem>
                                        <elem>13</elem>
                                        <elem>17</elem>
                                        <elem>19</elem>
                                        <elem>23</elem>
                                        <elem>29</elem>
                                    </primes>
                                    <objects length="3" type="java.lang.Object">
                                        <elem class="java.lang.Integer" index="1">86.400</elem>
                                    </objects>
                                    <helloWorld ref="2"/>
                                    <date class="java.util.Date">1463079386983</date>
                                    <aNullObject null="true"/>
                                    <url class="java.net.URL">https://www.google.com</url>
                                </elem>
                                <elem class="TestObject" id="295">
                                    <justAnArray type="TestObject">
                                        <elem class="TestObject" id="293">
                                            <justAnArray type="TestObject"/>
                                            <listy class="java.util.ArrayList"/>
                                            <mappetyMap class="java.util.LinkedHashMap"/>
                                            <howMuchN>0</howMuchN>
                                            <isSuperCool>true</isSuperCool>
                                            <equity>1000000.0</equity>
                                            <primes type="int">
                                                <elem>2</elem>
                                                <elem>3</elem>
                                                <elem>5</elem>
                                                <elem>7</elem>
                                                <elem>11</elem>
                                                <elem>13</elem>
                                                <elem>17</elem>
                                                <elem>19</elem>
                                                <elem>23</elem>
                                                <elem>29</elem>
                                            </primes>
                                            <objects length="3" type="java.lang.Object">
                                                <elem class="java.lang.Integer" index="1">86.400</elem>
                                            </objects>
                                            <helloWorld ref="2"/>
                                            <date class="java.util.Date">1463079386983</date>
                                            <aNullObject null="true"/>
                                            <url class="java.net.URL">https://www.google.com</url>
                                        </elem>
                                    </justAnArray>
                                    <listy class="java.util.ArrayList">
                                        <elem ref="293"/>
                                    </listy>
                                    <mappetyMap class="java.util.LinkedHashMap">
                                        <entry>
                                            <key ref="4"/>
                                            <value ref="293"/>
                                        </entry>
                                    </mappetyMap>
                                    <howMuchN>1</howMuchN>
                                    <isSuperCool>true</isSuperCool>
                                    <equity>1000000.0</equity>
                                    <primes type="int">
                                        <elem>2</elem>
                                        <elem>3</elem>
                                        <elem>5</elem>
                                        <elem>7</elem>
                                        <elem>11</elem>
                                        <elem>13</elem>
                                        <elem>17</elem>
                                        <elem>19</elem>
                                        <elem>23</elem>
                                        <elem>29</elem>
                                    </primes>
                                    <objects length="3" type="java.lang.Object">
                                        <elem class="java.lang.Integer" index="1">86.400</elem>
                                    </objects>
                                    <helloWorld ref="2"/>
                                    <date class="java.util.Date">1463079386983</date>
                                    <aNullObject null="true"/>
                                    <url class="java.net.URL">https://www.google.com</url>
                                </elem>
                            </justAnArray>
                            <listy class="java.util.ArrayList">
                                <elem ref="294"/>
                                <elem ref="295"/>
                            </listy>
                            <mappetyMap class="java.util.LinkedHashMap">
                                <entry>
                                    <key ref="4"/>
                                    <value ref="294"/>
                                </entry>
                                <entry>
                                    <key ref="11"/>
                                    <value ref="295"/>
                                </entry>
                            </mappetyMap>
                            <howMuchN>2</howMuchN>
                            <isSuperCool>true</isSuperCool>
                            <equity>1000000.0</equity>
                            <primes type="int">
                                <elem>2</elem>
                                <elem>3</elem>
                                <elem>5</elem>
                                <elem>7</elem>
                                <elem>11</elem>
                                <elem>13</elem>
                                <elem>17</elem>
                                <elem>19</elem>
                                <elem>23</elem>
                                <elem>29</elem>
                            </primes>
                            <objects length="3" type="java.lang.Object">
                                <elem class="java.lang.Integer" index="1">86.400</elem>
                            </objects>
                            <helloWorld ref="2"/>
                            <date class="java.util.Date">1463079386983</date>
                            <aNullObject null="true"/>
                            <url class="java.net.URL">https://www.google.com</url>
                        </elem>
                        <elem class="TestObject" id="305">
                            <justAnArray type="TestObject">
                                <elem class="TestObject" id="298">
                                    <justAnArray type="TestObject">
                                        <elem class="TestObject" id="296">
                                            <justAnArray type="TestObject"/>
                                            <listy class="java.util.ArrayList"/>
                                            <mappetyMap class="java.util.LinkedHashMap"/>
                                            <howMuchN>0</howMuchN>
                                            <isSuperCool>true</isSuperCool>
                                            <equity>1000000.0</equity>
                                            <primes type="int">
                                                <elem>2</elem>
                                                <elem>3</elem>
                                                <elem>5</elem>
                                                <elem>7</elem>
                                                <elem>11</elem>
                                                <elem>13</elem>
                                                <elem>17</elem>
                                                <elem>19</elem>
                                                <elem>23</elem>
                                                <elem>29</elem>
                                            </primes>
                                            <objects length="3" type="java.lang.Object">
                                                <elem class="java.lang.Integer" index="1">86.400</elem>
                                            </objects>
                                            <helloWorld ref="2"/>
                                            <date class="java.util.Date">1463079386983</date>
                                            <aNullObject null="true"/>
                                            <url class="java.net.URL">https://www.google.com</url>
                                        </elem>
                                    </justAnArray>
                                    <listy class="java.util.ArrayList">
                                        <elem ref="296"/>
                                    </listy>
                                    <mappetyMap class="java.util.LinkedHashMap">
                                        <entry>
                                            <key ref="4"/>
                                            <value ref="296"/>
                                        </entry>
                                    </mappetyMap>
                                    <howMuchN>1</howMuchN>
                                    <isSuperCool>true</isSuperCool>
                                    <equity>1000000.0</equity>
                                    <primes type="int">
                                        <elem>2</elem>
                                        <elem>3</elem>
                                        <elem>5</elem>
                                        <elem>7</elem>
                                        <elem>11</elem>
                                        <elem>13</elem>
                                        <elem>17</elem>
                                        <elem>19</elem>
                                        <elem>23</elem>
                                        <elem>29</elem>
                                    </primes>
                                    <objects length="3" type="java.lang.Object">
                                        <elem class="java.lang.Integer" index="1">86.400</elem>
                                    </objects>
                                    <helloWorld ref="2"/>
                                    <date class="java.util.Date">1463079386983</date>
                                    <aNullObject null="true"/>
                                    <url class="java.net.URL">https://www.google.com</url>
                                </elem>
                                <elem class="TestObject" id="299">
                                    <justAnArray type="TestObject">
                                        <elem class="TestObject" id="297">
                                            <justAnArray type="TestObject"/>
                                            <listy class="java.util.ArrayList"/>
                                            <mappetyMap class="java.util.LinkedHashMap"/>
                                            <howMuchN>0</howMuchN>
                                            <isSuperCool>true</isSuperCool>
                                            <equity>1000000.0</equity>
                                            <primes type="int">
                                                <elem>2</elem>
                                                <elem>3</elem>
                                                <elem>5</elem>
                                                <elem>7</elem>
                                                <elem>11</elem>
                                                <elem>13</elem>
                                                <elem>17</elem>
                                                <elem>19</elem>
                                                <elem>23</elem>
                                                <elem>29</elem>
                                            </primes>
                                            <objects length="3" type="java.lang.Object">
                                                <elem class="java.lang.Integer" index="1">86.400</elem>
                                            </objects>
                                            <helloWorld ref="2"/>
                                            <date class="java.util.Date">1463079386983</date>
                                            <aNullObject null="true"/>
                                            <url class="java.net.URL">https://www.google.com</url>
                                        </elem>
                                    </justAnArray>
                                    <listy class="java.util.ArrayList">
                                        <elem ref="297"/>
                                    </listy>
                                    <mappetyMap class="java.util.LinkedHashMap">
                                        <entry>
                                            <key ref="4"/>
                                            <value ref="297"/>
                                        </entry>
                                    </mappetyMap>
                                    <howMuchN>1</howMuchN>
                                    <isSuperCool>true</isSuperCool>
                                    <equity>1000000.0</equity>
                                    <primes type="int">
                                        <elem>2</elem>
                                        <elem>3</elem>
                                        <elem>5</elem>
                                        <elem>7</elem>
                                        <elem>11</elem>
                                        <elem>13</elem>
                                        <elem>17</elem>
                                        <elem>19</elem>
                                        <elem>23</elem>
                                        <elem>29</elem>
                                    </primes>
                                    <objects length="3" type="java.lang.Object">
                                        <elem class="java.lang.Integer" index="1">86.400</elem>
                                    </objects>
                                    <helloWorld ref="2"/>
                                    <date class="java.util.Date">1463079386983</date>
                                    <aNullObject null="true"/>
                                    <url class="java.net.URL">https://www.google.com</url>
                                </elem>
                            </justAnArray>
                            <listy class="java.util.ArrayList">
                                <elem ref="298"/>
                                <elem ref="299"/>
                            </listy>
                            <mappetyMap class="java.util.LinkedHashMap">
                                <entry>
                                    <key ref="4"/>
                                    <value ref="298"/>
                                </entry>
                                <entry>
                                    <key ref="11"/>
                                    <value ref="299"/>
                                </entry>
                            </mappetyMap>
                            <howMuchN>2</howMuchN>
                            <isSuperCool>true</isSuperCool>
                            <equity>1000000.0</equity>
                            <primes type="int">
                                <elem>2</elem>
                                <elem>3</elem>
                                <elem>5</elem>
                                <elem>7</elem>
                                <elem>11</elem>
                                <elem>13</elem>
                                <elem>17</elem>
                                <elem>19</elem>
                                <elem>23</elem>
                                <elem>29</elem>
                            </primes>
                            <objects length="3" type="java.lang.Object">
                                <elem class="java.lang.Integer" index="1">86.400</elem>
                            </objects>
                            <helloWorld ref="2"/>
                            <date class="java.util.Date">1463079386983</date>
                            <aNullObject null="true"/>
                            <url class="java.net.URL">https://www.google.com</url>
                        </elem>
                        <elem class="TestObject" id="306">
                            <justAnArray type="TestObject">
                                <elem class="TestObject" id="302">
                                    <justAnArray type="TestObject">
                                        <elem class="TestObject" id="300">
                                            <justAnArray type="TestObject"/>
                                            <listy class="java.util.ArrayList"/>
                                            <mappetyMap class="java.util.LinkedHashMap"/>
                                            <howMuchN>0</howMuchN>
                                            <isSuperCool>true</isSuperCool>
                                            <equity>1000000.0</equity>
                                            <primes type="int">
                                                <elem>2</elem>
                                                <elem>3</elem>
                                                <elem>5</elem>
                                                <elem>7</elem>
                                                <elem>11</elem>
                                                <elem>13</elem>
                                                <elem>17</elem>
                                                <elem>19</elem>
                                                <elem>23</elem>
                                                <elem>29</elem>
                                            </primes>
                                            <objects length="3" type="java.lang.Object">
                                                <elem class="java.lang.Integer" index="1">86.400</elem>
                                            </objects>
                                            <helloWorld ref="2"/>
                                            <date class="java.util.Date">1463079386983</date>
                                            <aNullObject null="true"/>
                                            <url class="java.net.URL">https://www.google.com</url>
                                        </elem>
                                    </justAnArray>
                                    <listy class="java.util.ArrayList">
                                        <elem ref="300"/>
                                    </listy>
                                    <mappetyMap class="java.util.LinkedHashMap">
                                        <entry>
                                            <key ref="4"/>
                                            <value ref="300"/>
                                        </entry>
                                    </mappetyMap>
                                    <howMuchN>1</howMuchN>
                                    <isSuperCool>true</isSuperCool>
                                    <equity>1000000.0</equity>
                                    <primes type="int">
                                        <elem>2</elem>
                                        <elem>3</elem>
                                        <elem>5</elem>
                                        <elem>7</elem>
                                        <elem>11</elem>
                                        <elem>13</elem>
                                        <elem>17</elem>
                                        <elem>19</elem>
                                        <elem>23</elem>
                                        <elem>29</elem>
                                    </primes>
                                    <objects length="3" type="java.lang.Object">
                                        <elem class="java.lang.Integer" index="1">86.400</elem>
                                    </objects>
                                    <helloWorld ref="2"/>
                                    <date class="java.util.Date">1463079386983</date>
                                    <aNullObject null="true"/>
                                    <url class="java.net.URL">https://www.google.com</url>
                                </elem>
                                <elem class="TestObject" id="303">
                                    <justAnArray type="TestObject">
                                        <elem class="TestObject" id="301">
                                            <justAnArray type="TestObject"/>
                                            <listy class="java.util.ArrayList"/>
                                            <mappetyMap class="java.util.LinkedHashMap"/>
                                            <howMuchN>0</howMuchN>
                                            <isSuperCool>true</isSuperCool>
                                            <equity>1000000.0</equity>
                                            <primes type="int">
                                                <elem>2</elem>
                                                <elem>3</elem>
                                                <elem>5</elem>
                                                <elem>7</elem>
                                                <elem>11</elem>
                                                <elem>13</elem>
                                                <elem>17</elem>
                                                <elem>19</elem>
                                                <elem>23</elem>
                                                <elem>29</elem>
                                            </primes>
                                            <objects length="3" type="java.lang.Object">
                                                <elem class="java.lang.Integer" index="1">86.400</elem>
                                            </objects>
                                            <helloWorld ref="2"/>
                                            <date class="java.util.Date">1463079386983</date>
                                            <aNullObject null="true"/>
                                            <url class="java.net.URL">https://www.google.com</url>
                                        </elem>
                                    </justAnArray>
                                    <listy class="java.util.ArrayList">
                                        <elem ref="301"/>
                                    </listy>
                                    <mappetyMap class="java.util.LinkedHashMap">
                                        <entry>
                                            <key ref="4"/>
                                            <value ref="301"/>
                                        </entry>
                                    </mappetyMap>
                                    <howMuchN>1</howMuchN>
                                    <isSuperCool>true</isSuperCool>
                                    <equity>1000000.0</equity>
                                    <primes type="int">
                                        <elem>2</elem>
                                        <elem>3</elem>
                                        <elem>5</elem>
                                        <elem>7</elem>
                                        <elem>11</elem>
                                        <elem>13</elem>
                                        <elem>17</elem>
                                        <elem>19</elem>
                                        <elem>23</elem>
                                        <elem>29</elem>
                                    </primes>
                                    <objects length="3" type="java.lang.Object">
                                        <elem class="java.lang.Integer" index="1">86.400</elem>
                                    </objects>
                                    <helloWorld ref="2"/>
                                    <date class="java.util.Date">1463079386983</date>
                                    <aNullObject null="true"/>
                                    <url class="java.net.URL">https://www.google.com</url>
                                </elem>
                            </justAnArray>
                            <listy class="java.util.ArrayList">
                                <elem ref="302"/>
                                <elem ref="303"/>
                            </listy>
                            <mappetyMap class="java.util.LinkedHashMap">
                                <entry>
                                    <key ref="4"/>
                                    <value ref="302"/>
                                </entry>
                                <entry>
                                    <key ref="11"/>
                                    <value ref="303"/>
                                </entry>
                            </mappetyMap>
                            <howMuchN>2</howMuchN>
                            <isSuperCool>true</isSuperCool>
                            <equity>1000000.0</equity>
                            <primes type="int">
                                <elem>2</elem>
                                <elem>3</elem>
                                <elem>5</elem>
                                <elem>7</elem>
                                <elem>11</elem>
                                <elem>13</elem>
                                <elem>17</elem>
                                <elem>19</elem>
                                <elem>23</elem>
                                <elem>29</elem>
                            </primes>
                            <objects length="3" type="java.lang.Object">
                                <elem class="java.lang.Integer" index="1">86.400</elem>
                            </objects>
                            <helloWorld ref="2"/>
                            <date class="java.util.Date">1463079386983</date>
                            <aNullObject null="true"/>
                            <url class="java.net.URL">https://www.google.com</url>
                        </elem>
                    </justAnArray>
                    <listy class="java.util.ArrayList">
                        <elem ref="304"/>
                        <elem ref="305"/>
                        <elem ref="306"/>
                    </listy>
                    <mappetyMap class="java.util.LinkedHashMap">
                        <entry>
                            <key ref="4"/>
                            <value ref="304"/>
                        </entry>
                        <entry>
                            <key ref="11"/>
                            <value ref="305"/>
                        </entry>
                        <entry>
                            <key ref="34"/>
                            <value ref="306"/>
                        </entry>
                    </mappetyMap>
                    <howMuchN>3</howMuchN>
                    <isSuperCool>true</isSuperCool>
                    <equity>1000000.0</equity>
                    <primes type="int">
                        <elem>2</elem>
                        <elem>3</elem>
                        <elem>5</elem>
                        <elem>7</elem>
                        <elem>11</elem>
                        <elem>13</elem>
                        <elem>17</elem>
                        <elem>19</elem>
                        <elem>23</elem>
                        <elem>29</elem>
                    </primes>
                    <objects length="3" type="java.lang.Object">
                        <elem class="java.lang.Integer" index="1">86.400</elem>
                    </objects>
                    <helloWorld ref="2"/>
                    <date class="java.util.Date">1463079386983</date>
                    <aNullObject null="true"/>
                    <url class="java.net.URL">https://www.google.com</url>
                </elem>
                <elem class="TestObject" id="325">
                    <justAnArray type="TestObject">
                        <elem class="TestObject" id="319">
                            <justAnArray type="TestObject">
                                <elem class="TestObject" id="309">
                                    <justAnArray type="TestObject">
                                        <elem class="TestObject" id="307">
                                            <justAnArray type="TestObject"/>
                                            <listy class="java.util.ArrayList"/>
                                            <mappetyMap class="java.util.LinkedHashMap"/>
                                            <howMuchN>0</howMuchN>
                                            <isSuperCool>true</isSuperCool>
                                            <equity>1000000.0</equity>
                                            <primes type="int">
                                                <elem>2</elem>
                                                <elem>3</elem>
                                                <elem>5</elem>
                                                <elem>7</elem>
                                                <elem>11</elem>
                                                <elem>13</elem>
                                                <elem>17</elem>
                                                <elem>19</elem>
                                                <elem>23</elem>
                                                <elem>29</elem>
                                            </primes>
                                            <objects length="3" type="java.lang.Object">
                                                <elem class="java.lang.Integer" index="1">86.400</elem>
                                            </objects>
                                            <helloWorld ref="2"/>
                                            <date class="java.util.Date">1463079386983</date>
                                            <aNullObject null="true"/>
                                            <url class="java.net.URL">https://www.google.com</url>
                                        </elem>
                                    </justAnArray>
                                    <listy class="java.util.ArrayList">
                                        <elem ref="307"/>
                                    </listy>
                                    <mappetyMap class="java.util.LinkedHashMap">
                                        <entry>
                                            <key ref="4"/>
                                            <value ref="307"/>
                                        </entry>
                                    </mappetyMap>
                                    <howMuchN>1</howMuchN>
                                    <isSuperCool>true</isSuperCool>
                                    <equity>1000000.0</equity>
                                    <primes type="int">
                                        <elem>2</elem>
                                        <elem>3</elem>
                                        <elem>5</elem>
                                        <elem>7</elem>
                                        <elem>11</elem>
                                        <elem>13</elem>
                                        <elem>17</elem>
                                        <elem>19</elem>
                                        <elem>23</elem>
                                        <elem>29</elem>
                                    </primes>
                                    <objects length="3" type="java.lang.Object">
                                        <elem class="java.lang.Integer" index="1">86.400</elem>
                                    </objects>
                                    <helloWorld ref="2"/>
                                    <date class="java.util.Date">1463079386983</date>
                                    <aNullObject null="true"/>
                                    <url class="java.net.URL">https://www.google.com</url>
                                </elem>
                                <elem class="TestObject" id="310">
                                    <justAnArray type="TestObject">
                                        <elem class="TestObject" id="308">
                                            <justAnArray type="TestObject"/>
                                            <listy class="java.util.ArrayList"/>
                                            <mappetyMap class="java.util.LinkedHashMap"/>
                                            <howMuchN>0</howMuchN>
                                            <isSuperCool>true</isSuperCool>
                                            <equity>1000000.0</equity>
                                            <primes type="int">
                                                <elem>2</elem>
                                                <elem>3</elem>
                                                <elem>5</elem>
                                                <elem>7</elem>
                                                <elem>11</elem>
                                                <elem>13</elem>
                                                <elem>17</elem>
                                                <elem>19</elem>
                                                <elem>23</elem>
                                                <elem>29</elem>
                                            </primes>
                                            <objects length="3" type="java.lang.Object">
                                                <elem class="java.lang.Integer" index="1">86.400</elem>
                                            </objects>
                                            <helloWorld ref="2"/>
                                            <date class="java.util.Date">1463079386983</date>
                                            <aNullObject null="true"/>
                                            <url class="java.net.URL">https://www.google.com</url>
                                        </elem>
                                    </justAnArray>
                                    <listy class="java.util.ArrayList">
                                        <elem ref="308"/>
                                    </listy>
                                    <mappetyMap class="java.util.LinkedHashMap">
                                        <entry>
                                            <key ref="4"/>
                                            <value ref="308"/>
                                        </entry>
                                    </mappetyMap>
                                    <howMuchN>1</howMuchN>
                                    <isSuperCool>true</isSuperCool>
                                    <equity>1000000.0</equity>
                                    <primes type="int">
                                        <elem>2</elem>
                                        <elem>3</elem>
                                        <elem>5</elem>
                                        <elem>7</elem>
                                        <elem>11</elem>
                                        <elem>13</elem>
                                        <elem>17</elem>
                                        <elem>19</elem>
                                        <elem>23</elem>
                                        <elem>29</elem>
                                    </primes>
                                    <objects length="3" type="java.lang.Object">
                                        <elem class="java.lang.Integer" index="1">86.400</elem>
                                    </objects>
                                    <helloWorld ref="2"/>
                                    <date class="java.util.Date">1463079386983</date>
                                    <aNullObject null="true"/>
                                    <url class="java.net.URL">https://www.google.com</url>
                                </elem>
                            </justAnArray>
                            <listy class="java.util.ArrayList">
                                <elem ref="309"/>
                                <elem ref="310"/>
                            </listy>
                            <mappetyMap class="java.util.LinkedHashMap">
                                <entry>
                                    <key ref="4"/>
                                    <value ref="309"/>
                                </entry>
                                <entry>
                                    <key ref="11"/>
                                    <value ref="310"/>
                                </entry>
                            </mappetyMap>
                            <howMuchN>2</howMuchN>
                            <isSuperCool>true</isSuperCool>
                            <equity>1000000.0</equity>
                            <primes type="int">
                                <elem>2</elem>
                                <elem>3</elem>
                                <elem>5</elem>
                                <elem>7</elem>
                                <elem>11</elem>
                                <elem>13</elem>
                                <elem>17</elem>
                                <elem>19</elem>
                                <elem>23</elem>
                                <elem>29</elem>
                            </primes>
                            <objects length="3" type="java.lang.Object">
                                <elem class="java.lang.Integer" index="1">86.400</elem>
                            </objects>
                            <helloWorld ref="2"/>
                            <date class="java.util.Date">1463079386983</date>
                            <aNullObject null="true"/>
                            <url class="java.net.URL">https://www.google.com</url>
                        </elem>
                        <elem class="TestObject" id="320">
                            <justAnArray type="TestObject">
                                <elem class="TestObject" id="313">
                                    <justAnArray type="TestObject">
                                        <elem class="TestObject" id="311">
                                            <justAnArray type="TestObject"/>
                                            <listy class="java.util.ArrayList"/>
                                            <mappetyMap class="java.util.LinkedHashMap"/>
                                            <howMuchN>0</howMuchN>
                                            <isSuperCool>true</isSuperCool>
                                            <equity>1000000.0</equity>
                                            <primes type="int">
                                                <elem>2</elem>
                                                <elem>3</elem>
                                                <elem>5</elem>
                                                <elem>7</elem>
                                                <elem>11</elem>
                                                <elem>13</elem>
                                                <elem>17</elem>
                                                <elem>19</elem>
                                                <elem>23</elem>
                                                <elem>29</elem>
                                            </primes>
                                            <objects length="3" type="java.lang.Object">
                                                <elem class="java.lang.Integer" index="1">86.400</elem>
                                            </objects>
                                            <helloWorld ref="2"/>
                                            <date class="java.util.Date">1463079386983</date>
                                            <aNullObject null="true"/>
                                            <url class="java.net.URL">https://www.google.com</url>
                                        </elem>
                                    </justAnArray>
                                    <listy class="java.util.ArrayList">
                                        <elem ref="311"/>
                                    </listy>
                                    <mappetyMap class="java.util.LinkedHashMap">
                                        <entry>
                                            <key ref="4"/>
                                            <value ref="311"/>
                                        </entry>
                                    </mappetyMap>
                                    <howMuchN>1</howMuchN>
                                    <isSuperCool>true</isSuperCool>
                                    <equity>1000000.0</equity>
                                    <primes type="int">
                                        <elem>2</elem>
                                        <elem>3</elem>
                                        <elem>5</elem>
                                        <elem>7</elem>
                                        <elem>11</elem>
                                        <elem>13</elem>
                                        <elem>17</elem>
                                        <elem>19</elem>
                                        <elem>23</elem>
                                        <elem>29</elem>
                                    </primes>
                                    <objects length="3" type="java.lang.Object">
                                        <elem class="java.lang.Integer" index="1">86.400</elem>
                                    </objects>
                                    <helloWorld ref="2"/>
                                    <date class="java.util.Date">1463079386983</date>
                                    <aNullObject null="true"/>
                                    <url class="java.net.URL">https://www.google.com</url>
                                </elem>
                                <elem class="TestObject" id="314">
                                    <justAnArray type="TestObject">
                                        <elem class="TestObject" id="312">
                                            <justAnArray type="TestObject"/>
                                            <listy class="java.util.ArrayList"/>
                                            <mappetyMap class="java.util.LinkedHashMap"/>
                                            <howMuchN>0</howMuchN>
                                            <isSuperCool>true</isSuperCool>
                                            <equity>1000000.0</equity>
                                            <primes type="int">
                                                <elem>2</elem>
                                                <elem>3</elem>
                                                <elem>5</elem>
                                                <elem>7</elem>
                                                <elem>11</elem>
                                                <elem>13</elem>
                                                <elem>17</elem>
                                                <elem>19</elem>
                                                <elem>23</elem>
                                                <elem>29</elem>
                                            </primes>
                                            <objects length="3" type="java.lang.Object">
                                                <elem class="java.lang.Integer" index="1">86.400</elem>
                                            </objects>
                                            <helloWorld ref="2"/>
                                            <date class="java.util.Date">1463079386983</date>
                                            <aNullObject null="true"/>
                                            <url class="java.net.URL">https://www.google.com</url>
                                        </elem>
                                    </justAnArray>
                                    <listy class="java.util.ArrayList">
                                        <elem ref="312"/>
                                    </listy>
                                    <mappetyMap class="java.util.LinkedHashMap">
                                        <entry>
                                            <key ref="4"/>
                                            <value ref="312"/>
                                        </entry>
                                    </mappetyMap>
                                    <howMuchN>1</howMuchN>
                                    <isSuperCool>true</isSuperCool>
                                    <equity>1000000.0</equity>
                                    <primes type="int">
                                        <elem>2</elem>
                                        <elem>3</elem>
                                        <elem>5</elem>
                                        <elem>7</elem>
                                        <elem>11</elem>
                                        <elem>13</elem>
                                        <elem>17</elem>
                                        <elem>19</elem>
                                        <elem>23</elem>
                                        <elem>29</elem>
                                    </primes>
                                    <objects length="3" type="java.lang.Object">
                                        <elem class="java.lang.Integer" index="1">86.400</elem>
                                    </objects>
                                    <helloWorld ref="2"/>
                                    <date class="java.util.Date">1463079386983</date>
                                    <aNullObject null="true"/>
                                    <url class="java.net.URL">https://www.google.com</url>
                                </elem>
                            </justAnArray>
                            <listy class="java.util.ArrayList">
                                <elem ref="313"/>
                                <elem ref="314"/>
                            </listy>
                            <mappetyMap class="java.util.LinkedHashMap">
                                <entry>
                                    <key ref="4"/>
                                    <value ref="313"/>
                                </entry>
                                <entry>
                                    <key ref="11"/>
                                    <value ref="314"/>
                                </entry>
                            </mappetyMap>
                            <howMuchN>2</howMuchN>
                            <isSuperCool>true</isSuperCool>
                            <equity>1000000.0</equity>
                            <primes type="int">
                                <elem>2</elem>
                                <elem>3</elem>
                                <elem>5</elem>
                                <elem>7</elem>
                                <elem>11</elem>
                                <elem>13</elem>
                                <elem>17</elem>
                                <elem>19</elem>
                                <elem>23</elem>
                                <elem>29</elem>
                            </primes>
                            <objects length="3" type="java.lang.Object">
                                <elem class="java.lang.Integer" index="1">86.400</elem>
                            </objects>
                            <helloWorld ref="2"/>
                            <date class="java.util.Date">1463079386983</date>
                            <aNullObject null="true"/>
                            <url class="java.net.URL">https://www.google.com</url>
                        </elem>
                        <elem class="TestObject" id="321">
                            <justAnArray type="TestObject">
                                <elem class="TestObject" id="317">
                                    <justAnArray type="TestObject">
                                        <elem class="TestObject" id="315">
                                            <justAnArray type="TestObject"/>
                                            <listy class="java.util.ArrayList"/>
                                            <mappetyMap class="java.util.LinkedHashMap"/>
                                            <howMuchN>0</howMuchN>
                                            <isSuperCool>true</isSuperCool>
                                            <equity>1000000.0</equity>
                                            <primes type="int">
                                                <elem>2</elem>
                                                <elem>3</elem>
                                                <elem>5</elem>
                                                <elem>7</elem>
                                                <elem>11</elem>
                                                <elem>13</elem>
                                                <elem>17</elem>
                                                <elem>19</elem>
                                                <elem>23</elem>
                                                <elem>29</elem>
                                            </primes>
                                            <objects length="3" type="java.lang.Object">
                                                <elem class="java.lang.Integer" index="1">86.400</elem>
                                            </objects>
                                            <helloWorld ref="2"/>
                                            <date class="java.util.Date">1463079386983</date>
                                            <aNullObject null="true"/>
                                            <url class="java.net.URL">https://www.google.com</url>
                                        </elem>
                                    </justAnArray>
                                    <listy class="java.util.ArrayList">
                                        <elem ref="315"/>
                                    </listy>
                                    <mappetyMap class="java.util.LinkedHashMap">
                                        <entry>
                                            <key ref="4"/>
                                            <value ref="315"/>
                                        </entry>
                                    </mappetyMap>
                                    <howMuchN>1</howMuchN>
                                    <isSuperCool>true</isSuperCool>
                                    <equity>1000000.0</equity>
                                    <primes type="int">
                                        <elem>2</elem>
                                        <elem>3</elem>
                                        <elem>5</elem>
                                        <elem>7</elem>
                                        <elem>11</elem>
                                        <elem>13</elem>
                                        <elem>17</elem>
                                        <elem>19</elem>
                                        <elem>23</elem>
                                        <elem>29</elem>
                                    </primes>
                                    <objects length="3" type="java.lang.Object">
                                        <elem class="java.lang.Integer" index="1">86.400</elem>
                                    </objects>
                                    <helloWorld ref="2"/>
                                    <date class="java.util.Date">1463079386983</date>
                                    <aNullObject null="true"/>
                                    <url class="java.net.URL">https://www.google.com</url>
                                </elem>
                                <elem class="TestObject" id="318">
                                    <justAnArray type="TestObject">
                                        <elem class="TestObject" id="316">
                                            <justAnArray type="TestObject"/>
                                            <listy class="java.util.ArrayList"/>
                                            <mappetyMap class="java.util.LinkedHashMap"/>
                                            <howMuchN>0</howMuchN>
                                            <isSuperCool>true</isSuperCool>
                                            <equity>1000000.0</equity>
                                            <primes type="int">
                                                <elem>2</elem>
                                                <elem>3</elem>
                                                <elem>5</elem>
                                                <elem>7</elem>
                                                <elem>11</elem>
                                                <elem>13</elem>
                                                <elem>17</elem>
                                                <elem>19</elem>
                                                <elem>23</elem>
                                                <elem>29</elem>
                                            </primes>
                                            <objects length="3" type="java.lang.Object">
                                                <elem class="java.lang.Integer" index="1">86.400</elem>
                                            </objects>
                                            <helloWorld ref="2"/>
                                            <date class="java.util.Date">1463079386983</date>
                                            <aNullObject null="true"/>
                                            <url class="java.net.URL">https://www.google.com</url>
                                        </elem>
                                    </justAnArray>
                                    <listy class="java.util.ArrayList">
                                        <elem ref="316"/>
                                    </listy>
                                    <mappetyMap class="java.util.LinkedHashMap">
                                        <entry>
                                            <key ref="4"/>
                                            <value ref="316"/>
                                        </entry>
                                    </mappetyMap>
                                    <howMuchN>1</howMuchN>
                                    <isSuperCool>true</isSuperCool>
                                    <equity>1000000.0</equity>
                                    <primes type="int">
                                        <elem>2</elem>
                                        <elem>3</elem>
                                        <elem>5</elem>
                                        <elem>7</elem>
                                        <elem>11</elem>
                                        <elem>13</elem>
                                        <elem>17</elem>
                                        <elem>19</elem>
                                        <elem>23</elem>
                                        <elem>29</elem>
                                    </primes>
                                    <objects length="3" type="java.lang.Object">
                                        <elem class="java.lang.Integer" index="1">86.400</elem>
                                    </objects>
                                    <helloWorld ref="2"/>
                                    <date class="java.util.Date">1463079386983</date>
                                    <aNullObject null="true"/>
                                    <url class="java.net.URL">https://www.google.com</url>
                                </elem>
                            </justAnArray>
                            <listy class="java.util.ArrayList">
                                <elem ref="317"/>
                                <elem ref="318"/>
                            </listy>
                            <mappetyMap class="java.util.LinkedHashMap">
                                <entry>
                                    <key ref="4"/>
                                    <value ref="317"/>
                                </entry>
                                <entry>
                                    <key ref="11"/>
                                    <value ref="318"/>
                                </entry>
                            </mappetyMap>
                            <howMuchN>2</howMuchN>
                            <isSuperCool>true</isSuperCool>
                            <equity>1000000.0</equity>
                            <primes type="int">
                                <elem>2</elem>
                                <elem>3</elem>
                                <elem>5</elem>
                                <elem>7</elem>
                                <elem>11</elem>
                                <elem>13</elem>
                                <elem>17</elem>
                                <elem>19</elem>
                                <elem>23</elem>
                                <elem>29</elem>
                            </primes>
                            <objects length="3" type="java.lang.Object">
                                <elem class="java.lang.Integer" index="1">86.400</elem>
                            </objects>
                            <helloWorld ref="2"/>
                            <date class="java.util.Date">1463079386983</date>
                            <aNullObject null="true"/>
                            <url class="java.net.URL">https://www.google.com</url>
                        </elem>
                    </justAnArray>
                    <listy class="java.util.ArrayList">
                        <elem ref="319"/>
                        <elem ref="320"/>
                        <elem ref="321"/>
                    </listy>
                    <mappetyMap class="java.util.LinkedHashMap">
                        <entry>
                            <key ref="4"/>
                            <value ref="319"/>
                        </entry>
                        <entry>
                            <key ref="11"/>
                            <value ref="320"/>
                        </entry>
                        <entry>
                            <key ref="34"/>
                            <value ref="321"/>
                        </entry>
                    </mappetyMap>
                    <howMuchN>3</howMuchN>
                    <isSuperCool>true</isSuperCool>
                    <equity>1000000.0</equity>
                    <primes type="int">
                        <elem>2</elem>
                        <elem>3</elem>
                        <elem>5</elem>
                        <elem>7</elem>
                        <elem>11</elem>
                        <elem>13</elem>
                        <elem>17</elem>
                        <elem>19</elem>
                        <elem>23</elem>
                        <elem>29</elem>
                    </primes>
                    <objects length="3" type="java.lang.Object">
                        <elem class="java.lang.Integer" index="1">86.400</elem>
                    </objects>
                    <helloWorld ref="2"/>
                    <date class="java.util.Date">1463079386983</date>
                    <aNullObject null="true"/>
                    <url class="java.net.URL">https://www.google.com</url>
                </elem>
            </justAnArray>
            <listy class="java.util.ArrayList">
                <elem ref="322"/>
                <elem ref="323"/>
                <elem ref="324"/>
                <elem ref="325"/>
            </listy>
            <mappetyMap class="java.util.LinkedHashMap">
                <entry>
                    <key ref="4"/>
                    <value ref="322"/>
                </entry>
                <entry>
                    <key ref="11"/>
                    <value ref="323"/>
                </entry>
                <entry>
                    <key ref="34"/>
                    <value ref="324"/>
                </entry>
                <entry>
                    <key ref="133"/>
                    <value ref="325"/>
                </entry>
            </mappetyMap>
            <howMuchN>4</howMuchN>
            <isSuperCool>true</isSuperCool>
            <equity>1000000.0</equity>
            <primes type="int">
                <elem>2</elem>
                <elem>3</elem>
                <elem>5</elem>
                <elem>7</elem>
                <elem>11</elem>
                <elem>13</elem>
                <elem>17</elem>
                <elem>19</elem>
                <elem>23</elem>
                <elem>29</elem>
            </primes>
            <objects length="3" type="java.lang.Object">
                <elem class="java.lang.Integer" index="1">86.400</elem>
            </objects>
            <helloWorld ref="2"/>
            <date class="java.util.Date">1463079386981</date>
            <aNullObject null="true"/>
            <url class="java.net.URL">https://www.google.com</url>
        </elem>
    </justAnArray>
    <listy class="java.util.ArrayList">
        <elem ref="326"/>
        <elem ref="327"/>
        <elem ref="328"/>
        <elem ref="329"/>
        <elem ref="330"/>
    </listy>
    <mappetyMap class="java.util.LinkedHashMap">
        <entry>
            <key ref="4"/>
            <value ref="326"/>
        </entry>
        <entry>
            <key ref="11"/>
            <value ref="327"/>
        </entry>
        <entry>
            <key ref="34"/>
            <value ref="328"/>
        </entry>
        <entry>
            <key ref="133"/>
            <value ref="329"/>
        </entry>
        <entry>
            <key class="java.lang.Integer">4</key>
            <value ref="330"/>
        </entry>
    </mappetyMap>
    <howMuchN>5</howMuchN>
    <isSuperCool>true</isSuperCool>
    <equity>1000000.0</equity>
    <primes type="int">
        <elem>2</elem>
        <elem>3</elem>
        <elem>5</elem>
        <elem>7</elem>
        <elem>11</elem>
        <elem>13</elem>
        <elem>17</elem>
        <elem>19</elem>
        <elem>23</elem>
        <elem>29</elem>
    </primes>
    <objects length="3" type="java.lang.Object">
        <elem class="java.lang.Integer" index="1">86.400</elem>
    </objects>
    <helloWorld ref="2"/>
    <date class="java.util.Date">1463079386974</date>
    <aNullObject null="true"/>
    <url class="java.net.URL">https://www.google.com</url>
</rootObject>
]]></system-out>
  <system-err><![CDATA[]]></system-err>
</testsuite>
